#
# There is insufficient memory for the Java Runtime Environment to continue.
# Native memory allocation (malloc) failed to allocate 32744 bytes for ChunkPool::allocate
# Possible reasons:
#   The system is out of physical RAM or swap space
#   In 32 bit mode, the process size limit was hit
# Possible solutions:
#   Reduce memory load on the system
#   Increase physical memory or swap space
#   Check if swap backing store is full
#   Use 64 bit Java on a 64 bit OS
#   Decrease Java heap size (-Xmx/-Xms)
#   Decrease number of Java threads
#   Decrease Java thread stack sizes (-Xss)
#   Set larger code cache with -XX:ReservedCodeCacheSize=
# This output file may be truncated or incomplete.
#
#  Out of Memory Error (allocation.cpp:273), pid=5980, tid=3984
#
# JRE version: Java(TM) SE Runtime Environment (8.0_77-b03) (build 1.8.0_77-b03)
# Java VM: Java HotSpot(TM) 64-Bit Server VM (25.77-b03 mixed mode windows-amd64 compressed oops)
# Failed to write core dump. Minidumps are not enabled by default on client versions of Windows
#

---------------  T H R E A D  ---------------

Current thread (0x000000001529a800):  JavaThread "C2 CompilerThread1" daemon [_thread_in_native, id=3984, stack(0x0000000016980000,0x0000000016a80000)]

Stack: [0x0000000016980000,0x0000000016a80000]
[error occurred during error reporting (printing stack bounds), id 0xc0000005]

Native frames: (J=compiled Java code, j=interpreted, Vv=VM code, C=native code)


Current CompileTask:
C2:    235   13       4       java.lang.String::charAt (29 bytes)


---------------  P R O C E S S  ---------------

Java Threads: ( => current thread )
  0x0000000016ad1000 JavaThread "Service Thread" daemon [_thread_new, id=4488, stack(0x0000000000000000,0x0000000000000000)]
  0x0000000016ac6000 JavaThread "C1 CompilerThread2" daemon [_thread_blocked, id=6848, stack(0x0000000016e80000,0x0000000016f80000)]
=>0x000000001529a800 JavaThread "C2 CompilerThread1" daemon [_thread_in_native, id=3984, stack(0x0000000016980000,0x0000000016a80000)]
  0x0000000015297800 JavaThread "C2 CompilerThread0" daemon [_thread_in_native, id=2324, stack(0x0000000016880000,0x0000000016980000)]
  0x0000000015295800 JavaThread "Attach Listener" daemon [_thread_blocked, id=8000, stack(0x0000000016780000,0x0000000016880000)]
  0x0000000015294800 JavaThread "Signal Dispatcher" daemon [_thread_blocked, id=1896, stack(0x0000000016680000,0x0000000016780000)]
  0x000000001523a000 JavaThread "Finalizer" daemon [_thread_blocked, id=6416, stack(0x00000000164a0000,0x00000000165a0000)]
  0x0000000002b6f000 JavaThread "Reference Handler" daemon [_thread_blocked, id=4344, stack(0x00000000163a0000,0x00000000164a0000)]
  0x0000000002a81000 JavaThread "main" [_thread_in_native, id=5664, stack(0x00000000028d0000,0x00000000029d0000)]

Other Threads:
  0x0000000015217800 VMThread [stack: 0x00000000162a0000,0x00000000163a0000] [id=6668]

VM state:not at safepoint (normal execution)

VM Mutex/Monitor currently owned by a thread: None

Heap:
 PSYoungGen      total 18432K, used 952K [0x00000000eab00000, 0x00000000ebf80000, 0x0000000100000000)
  eden space 15872K, 6% used [0x00000000eab00000,0x00000000eabee180,0x00000000eba80000)
  from space 2560K, 0% used [0x00000000ebd00000,0x00000000ebd00000,0x00000000ebf80000)
  to   space 2560K, 0% used [0x00000000eba80000,0x00000000eba80000,0x00000000ebd00000)
 ParOldGen       total 42496K, used 0K [0x00000000c0000000, 0x00000000c2980000, 0x00000000eab00000)
  object space 42496K, 0% used [0x00000000c0000000,0x00000000c0000000,0x00000000c2980000)
 Metaspace       used 2356K, capacity 4480K, committed 4480K, reserved 1056768K
  class space    used 258K, capacity 384K, committed 384K, reserved 1048576K

Card table byte_map: [0x0000000011f40000,0x0000000012150000] byte_map_base: 0x0000000011940000

Marking Bits: (ParMarkBitMap*) 0x00000000572e0600
 Begin Bits: [0x00000000126b0000, 0x00000000136b0000)
 End Bits:   [0x00000000136b0000, 0x00000000146b0000)

Polling page: 0x0000000001030000

CodeCache: size=245760Kb used=1084Kb max_used=1089Kb free=244675Kb
 bounds [0x0000000002b80000, 0x0000000002df0000, 0x0000000011b80000]
 total_blobs=240 nmethods=18 adapters=137
 compilation: enabled

Compilation events (10 events):
Event: 0.227 Thread 0x0000000016ac6000    7       3       java.lang.CharacterDataLatin1::getProperties (11 bytes)
Event: 0.227 Thread 0x0000000016ac6000 nmethod 7 0x0000000002c8ad10 code [0x0000000002c8ae60, 0x0000000002c8aff0]
Event: 0.228 Thread 0x0000000016ac6000    8       3       java.lang.String::indexOf (70 bytes)
Event: 0.228 Thread 0x0000000016ac6000 nmethod 8 0x0000000002c8b490 code [0x0000000002c8b620, 0x0000000002c8b9a8]
Event: 0.228 Thread 0x0000000016ac6000    9       3       java.lang.String::<init> (82 bytes)
Event: 0.229 Thread 0x0000000016ac6000 nmethod 9 0x0000000002c8bb10 code [0x0000000002c8bce0, 0x0000000002c8c1d8]
Event: 0.229 Thread 0x0000000016ac6000   10       3       java.util.Arrays::copyOfRange (63 bytes)
Event: 0.230 Thread 0x0000000015297800   12       4       java.util.TreeMap::parentOf (13 bytes)
Event: 0.230 Thread 0x000000001529a800   13       4       java.lang.String::charAt (29 bytes)
Event: 0.230 Thread 0x0000000016ac6000 nmethod 10 0x0000000002c8c450 code [0x0000000002c8c660, 0x0000000002c8d198]

GC Heap History (0 events):
No events

Deoptimization events (0 events):
No events

Internal exceptions (2 events):
Event: 0.053 Thread 0x0000000002a81000 Exception <a 'java/lang/NoSuchMethodError': Method sun.misc.Unsafe.defineClass(Ljava/lang/String;[BII)Ljava/lang/Class; name or signature does not match> (0x00000000eab07cc0) thrown at [D:\re\workspace\8-2-build-windows-amd64-cygwin\jdk8u77\6540\hotspot\sråù@õ&F´?
Event: 0.053 Thread 0x0000000002a81000 Exception <a 'java/lang/NoSuchMethodError': Method sun.misc.Unsafe.prefetchRead(Ljava/lang/Object;J)V name or signature does not match> (0x00000000eab07fa8) thrown at [D:\re\workspace\8-2-build-windows-amd64-cygwin\jdk8u77\6540\hotspot\src\share\vm\prims\j

Events (10 events):
Event: 0.229 loading class java/util/HashMap$EntrySet
Event: 0.229 loading class java/util/HashMap$EntrySet done
Event: 0.229 loading class java/lang/ProcessEnvironment$CheckedEntrySet$1
Event: 0.229 loading class java/lang/ProcessEnvironment$CheckedEntrySet$1 done
Event: 0.229 loading class java/util/HashMap$EntryIterator
Event: 0.229 loading class java/util/HashMap$HashIterator
Event: 0.229 loading class java/util/HashMap$HashIterator done
Event: 0.229 loading class java/util/HashMap$EntryIterator done
Event: 0.229 loading class java/lang/ProcessEnvironment$CheckedEntry
Event: 0.229 loading class java/lang/ProcessEnvironment$CheckedEntry done


Dynamic libraries:
0x00007ff7d6820000 - 0x00007ff7d6857000 	C:\Program Files\Java\jdk1.8.0_74\bin\java.exe
0x00007ffb34760000 - 0x00007ffb34921000 	C:\Windows\SYSTEM32\ntdll.dll
0x00007ffb320f0000 - 0x00007ffb3219d000 	C:\Windows\system32\KERNEL32.DLL
0x00007ffb311d0000 - 0x00007ffb313b8000 	C:\Windows\system32\KERNELBASE.dll
0x00007ffb31e60000 - 0x00007ffb31f07000 	C:\Windows\system32\ADVAPI32.dll
0x00007ffb31fe0000 - 0x00007ffb3207d000 	C:\Windows\system32\msvcrt.dll
0x00007ffb33e20000 - 0x00007ffb33e7b000 	C:\Windows\system32\sechost.dll
0x00007ffb321b0000 - 0x00007ffb322cc000 	C:\Windows\system32\RPCRT4.dll
0x00007ffb34010000 - 0x00007ffb34166000 	C:\Windows\system32\USER32.dll
0x00007ffb33e80000 - 0x00007ffb34006000 	C:\Windows\system32\GDI32.dll
0x00007ffb24020000 - 0x00007ffb24294000 	C:\Windows\WinSxS\amd64_microsoft.windows.common-controls_6595b64144ccf1df_6.0.10586.589_none_a2ddb3caa539acce\COMCTL32.dll
0x00007ffb322f0000 - 0x00007ffb3256d000 	C:\Windows\system32\combase.dll
0x00007ffb30e80000 - 0x00007ffb30eea000 	C:\Windows\system32\bcryptPrimitives.dll
0x00007ffb34650000 - 0x00007ffb3468b000 	C:\Windows\system32\IMM32.DLL
0x0000000056650000 - 0x0000000056722000 	C:\Program Files\Java\jdk1.8.0_74\jre\bin\msvcr100.dll
0x0000000056ad0000 - 0x0000000057360000 	C:\Program Files\Java\jdk1.8.0_74\jre\bin\server\jvm.dll
0x00007ffb31f10000 - 0x00007ffb31f18000 	C:\Windows\system32\PSAPI.DLL
0x00007ffb284e0000 - 0x00007ffb284e9000 	C:\Windows\SYSTEM32\WSOCK32.dll
0x00007ffb32080000 - 0x00007ffb320eb000 	C:\Windows\system32\WS2_32.dll
0x00007ffb287a0000 - 0x00007ffb287aa000 	C:\Windows\SYSTEM32\VERSION.dll
0x00007ffb2f0c0000 - 0x00007ffb2f0e3000 	C:\Windows\SYSTEM32\WINMM.dll
0x00007ffb2f060000 - 0x00007ffb2f08c000 	C:\Windows\SYSTEM32\WINMMBASE.dll
0x00007ffb30e10000 - 0x00007ffb30e53000 	C:\Windows\system32\cfgmgr32.dll
0x0000000056ac0000 - 0x0000000056acf000 	C:\Program Files\Java\jdk1.8.0_74\jre\bin\verify.dll
0x0000000056a90000 - 0x0000000056ab9000 	C:\Program Files\Java\jdk1.8.0_74\jre\bin\java.dll
0x0000000056a70000 - 0x0000000056a86000 	C:\Program Files\Java\jdk1.8.0_74\jre\bin\zip.dll
0x00007ffb32580000 - 0x00007ffb33adc000 	C:\Windows\system32\SHELL32.dll
0x00007ffb31510000 - 0x00007ffb31b55000 	C:\Windows\system32\windows.storage.dll
0x00007ffb31f20000 - 0x00007ffb31f72000 	C:\Windows\system32\shlwapi.dll
0x00007ffb30e00000 - 0x00007ffb30e0f000 	C:\Windows\system32\kernel.appcore.dll
0x00007ffb313c0000 - 0x00007ffb31475000 	C:\Windows\system32\shcore.dll
0x00007ffb30db0000 - 0x00007ffb30dfb000 	C:\Windows\system32\powrprof.dll
0x00007ffb30d80000 - 0x00007ffb30d94000 	C:\Windows\system32\profapi.dll

VM Arguments:
jvm_args: -Djava.awt.headless=true -Xmx1024M -Dfile.encoding=windows-1256 -Duser.country=US -Duser.language=en -Duser.variant 
java_command: com.android.dx.command.Main --dex --force-jumbo --num-threads=4 --output F:\FCI_3rd\AndroidProjects\LocateMe1.0\app\build\intermediates\pre-dexed\debug\com.google.android.gms-play-services-vision-9.2.1_e5463119304d5297408e2e4869a4862318b05385.jar F:\FCI_3rd\AndroidProjects\LocateMe1.0\app\build\intermediates\exploded-aar\com.google.android.gms\play-services-vision\9.2.1\jars\classes.jar
java_class_path (initial): E:\3LI\Android\sdk\build-tools\24.0.1\lib\dx.jar
Launcher Type: SUN_STANDARD

Environment Variables:
JAVA_HOME=C:\Program Files\Java\jdk1.8.0_74\jre
PATH=C:\ProgramData\Oracle\Java\javapath;C:\Windows\system32;C:\Windows;C:\Windows\System32\Wbem;C:\Windows\System32\WindowsPowerShell\v1.0\;C:\TDM-GCC-64\bin;E:\3LI\Microchip\bin;C:\Program Files (x86)\GtkSharp\2.12\bin;C:\Program Files\Microsoft SQL Server\110\Tools\Binn\;C:\AppServ\Apache2.2\bin;C:\AppServ\php6;C:\AppServ\MySQL\bin
USERNAME=E610
OS=Windows_NT
PROCESSOR_IDENTIFIER=Intel64 Family 6 Model 37 Stepping 5, GenuineIntel



---------------  S Y S T E M  ---------------

OS: Windows 10.0 , 64 bit Build 10586 (10.0.10586.589)

CPU:total 4 (2 cores per cpu, 2 threads per core) family 6 model 37 stepping 5, cmov, cx8, fxsr, mmx, sse, sse2, sse3, ssse3, sse4.1, sse4.2, popcnt, aes, clmul, ht, tsc, tscinvbit

Memory: 4k page, physical 3980672k(993536k free), swap 4284664k(1692k free)

vm_info: Java HotSpot(TM) 64-Bit Server VM (25.77-b03) for windows-amd64 JRE (1.8.0_77-b03), built on Mar 20 2016 22:01:33 by "java_re" with MS VC++ 10.0 (VS2010)

time: Sun Jan 01 16:44:37 2017
elapsed time: 0 seconds (0d 0h 0m 0s)

