#
# There is insufficient memory for the Java Runtime Environment to continue.
# Native memory allocation (malloc) failed to allocate 1121296 bytes for Chunk::new
# Possible reasons:
#   The system is out of physical RAM or swap space
#   In 32 bit mode, the process size limit was hit
# Possible solutions:
#   Reduce memory load on the system
#   Increase physical memory or swap space
#   Check if swap backing store is full
#   Use 64 bit Java on a 64 bit OS
#   Decrease Java heap size (-Xmx/-Xms)
#   Decrease number of Java threads
#   Decrease Java thread stack sizes (-Xss)
#   Set larger code cache with -XX:ReservedCodeCacheSize=
# This output file may be truncated or incomplete.
#
#  Out of Memory Error (allocation.cpp:390), pid=2620, tid=2808
#
# JRE version: Java(TM) SE Runtime Environment (8.0_77-b03) (build 1.8.0_77-b03)
# Java VM: Java HotSpot(TM) 64-Bit Server VM (25.77-b03 mixed mode windows-amd64 compressed oops)
# Failed to write core dump. Minidumps are not enabled by default on client versions of Windows
#

---------------  T H R E A D  ---------------

Current thread (0x000000001548a800):  JavaThread "C2 CompilerThread1" daemon [_thread_in_native, id=2808, stack(0x0000000016ba0000,0x0000000016ca0000)]

Stack: [0x0000000016ba0000,0x0000000016ca0000]
[error occurred during error reporting (printing stack bounds), id 0xc0000005]

Native frames: (J=compiled Java code, j=interpreted, Vv=VM code, C=native code)


Current CompileTask:
C2:   5251 1350   !   4       com.android.dx.cf.code.BytecodeArray::parseInstruction (2764 bytes)


---------------  P R O C E S S  ---------------

Java Threads: ( => current thread )
  0x0000000016efd800 JavaThread "pool-1-thread-4" [_thread_blocked, id=8812, stack(0x00000000177a0000,0x00000000178a0000)]
  0x0000000016efc800 JavaThread "pool-1-thread-3" [_thread_blocked, id=7296, stack(0x00000000176a0000,0x00000000177a0000)]
  0x0000000016e29000 JavaThread "pool-1-thread-2" [_thread_blocked, id=7032, stack(0x00000000175a0000,0x00000000176a0000)]
  0x0000000016e28000 JavaThread "pool-2-thread-1" [_thread_blocked, id=5268, stack(0x00000000174a0000,0x00000000175a0000)]
  0x0000000016e21800 JavaThread "pool-1-thread-1" [_thread_in_vm, id=4576, stack(0x00000000173a0000,0x00000000174a0000)]
  0x0000000016cf5800 JavaThread "Service Thread" daemon [_thread_blocked, id=6120, stack(0x00000000171a0000,0x00000000172a0000)]
  0x0000000016ce6800 JavaThread "C1 CompilerThread2" daemon [_thread_blocked, id=4888, stack(0x00000000170a0000,0x00000000171a0000)]
=>0x000000001548a800 JavaThread "C2 CompilerThread1" daemon [_thread_in_native, id=2808, stack(0x0000000016ba0000,0x0000000016ca0000)]
  0x0000000015487800 JavaThread "C2 CompilerThread0" daemon [_thread_in_native, id=2420, stack(0x0000000016aa0000,0x0000000016ba0000)]
  0x0000000015485800 JavaThread "Attach Listener" daemon [_thread_blocked, id=7660, stack(0x00000000169a0000,0x0000000016aa0000)]
  0x0000000015484800 JavaThread "Signal Dispatcher" daemon [_thread_blocked, id=1000, stack(0x00000000168a0000,0x00000000169a0000)]
  0x000000001542a800 JavaThread "Finalizer" daemon [_thread_blocked, id=6900, stack(0x00000000166c0000,0x00000000167c0000)]
  0x0000000002d5f000 JavaThread "Reference Handler" daemon [_thread_blocked, id=5484, stack(0x00000000165c0000,0x00000000166c0000)]
  0x0000000002c4d800 JavaThread "main" [_thread_blocked, id=5172, stack(0x0000000002aa0000,0x0000000002ba0000)]

Other Threads:
  0x0000000015408000 VMThread [stack: 0x00000000164c0000,0x00000000165c0000] [id=2456]
  0x0000000016cf3800 WatcherThread [stack: 0x00000000172a0000,0x00000000173a0000] [id=4324]

VM state:not at safepoint (normal execution)

VM Mutex/Monitor currently owned by a thread: None

Heap:
 PSYoungGen      total 34304K, used 19550K [0x00000000eab00000, 0x00000000ecf00000, 0x0000000100000000)
  eden space 31744K, 53% used [0x00000000eab00000,0x00000000ebb9f938,0x00000000eca00000)
  from space 2560K, 98% used [0x00000000ecc80000,0x00000000ecef8028,0x00000000ecf00000)
  to   space 2560K, 0% used [0x00000000eca00000,0x00000000eca00000,0x00000000ecc80000)
 ParOldGen       total 42496K, used 3938K [0x00000000c0000000, 0x00000000c2980000, 0x00000000eab00000)
  object space 42496K, 9% used [0x00000000c0000000,0x00000000c03d8b68,0x00000000c2980000)
 Metaspace       used 6123K, capacity 6966K, committed 7040K, reserved 1058816K
  class space    used 603K, capacity 622K, committed 640K, reserved 1048576K

Card table byte_map: [0x0000000012130000,0x0000000012340000] byte_map_base: 0x0000000011b30000

Marking Bits: (ParMarkBitMap*) 0x00000000572e0600
 Begin Bits: [0x00000000128a0000, 0x00000000138a0000)
 End Bits:   [0x00000000138a0000, 0x00000000148a0000)

Polling page: 0x0000000000f00000

CodeCache: size=245760Kb used=5806Kb max_used=5806Kb free=239953Kb
 bounds [0x0000000002d70000, 0x0000000003330000, 0x0000000011d70000]
 total_blobs=1678 nmethods=1411 adapters=181
 compilation: enabled

Compilation events (10 events):
Event: 5.073 Thread 0x0000000016ce6800 1426       3       com.android.dx.ssa.back.FirstFitLocalCombiningAllocator::handleCheckCastResults (413 bytes)
Event: 5.080 Thread 0x0000000016ce6800 nmethod 1426 0x0000000003317250 code [0x0000000003317820, 0x000000000331b6f8]
Event: 5.080 Thread 0x0000000016ce6800 1429       3       com.android.dx.ssa.SsaRenamer::<init> (100 bytes)
Event: 5.081 Thread 0x0000000016ce6800 nmethod 1429 0x000000000331e350 code [0x000000000331e540, 0x000000000331f048]
Event: 5.081 Thread 0x0000000016ce6800 1427       3       java.util.BitSet::trimToSize (32 bytes)
Event: 5.082 Thread 0x0000000016ce6800 nmethod 1427 0x000000000331f4d0 code [0x000000000331f660, 0x000000000331fa98]
Event: 5.082 Thread 0x0000000016ce6800 1430       1       com.android.dx.cf.direct.DirectClassFile$DcfTypeList::size (5 bytes)
Event: 5.082 Thread 0x0000000016ce6800 nmethod 1430 0x00000000032d8a10 code [0x00000000032d8b60, 0x00000000032d8c70]
Event: 5.083 Thread 0x0000000016ce6800 1431   !   3       java.util.zip.ZipFile$ZipFileInflaterInputStream::close (67 bytes)
Event: 5.084 Thread 0x0000000016ce6800 nmethod 1431 0x000000000331fc50 code [0x000000000331fe20, 0x0000000003320618]

GC Heap History (4 events):
Event: 2.102 GC heap before
{Heap before GC invocations=1 (full 0):
 PSYoungGen      total 18432K, used 15872K [0x00000000eab00000, 0x00000000ebf80000, 0x0000000100000000)
  eden space 15872K, 100% used [0x00000000eab00000,0x00000000eba80000,0x00000000eba80000)
  from space 2560K, 0% used [0x00000000ebd00000,0x00000000ebd00000,0x00000000ebf80000)
  to   space 2560K, 0% used [0x00000000eba80000,0x00000000eba80000,0x00000000ebd00000)
 ParOldGen       total 42496K, used 0K [0x00000000c0000000, 0x00000000c2980000, 0x00000000eab00000)
  object space 42496K, 0% used [0x00000000c0000000,0x00000000c0000000,0x00000000c2980000)
 Metaspace       used 5813K, capacity 6710K, committed 6784K, reserved 1058816K
  class space    used 601K, capacity 622K, committed 640K, reserved 1048576K
Event: 2.281 GC heap after
Heap after GC invocations=1 (full 0):
 PSYoungGen      total 18432K, used 2535K [0x00000000eab00000, 0x00000000ecf00000, 0x0000000100000000)
  eden space 15872K, 0% used [0x00000000eab00000,0x00000000eab00000,0x00000000eba80000)
  from space 2560K, 99% used [0x00000000eba80000,0x00000000ebcf9ca8,0x00000000ebd00000)
  to   space 2560K, 0% used [0x00000000ecc80000,0x00000000ecc80000,0x00000000ecf00000)
 ParOldGen       total 42496K, used 1838K [0x00000000c0000000, 0x00000000c2980000, 0x00000000eab00000)
  object space 42496K, 4% used [0x00000000c0000000,0x00000000c01cbac8,0x00000000c2980000)
 Metaspace       used 5813K, capacity 6710K, committed 6784K, reserved 1058816K
  class space    used 601K, capacity 622K, committed 640K, reserved 1048576K
}
Event: 3.494 GC heap before
{Heap before GC invocations=2 (full 0):
 PSYoungGen      total 18432K, used 18407K [0x00000000eab00000, 0x00000000ecf00000, 0x0000000100000000)
  eden space 15872K, 100% used [0x00000000eab00000,0x00000000eba80000,0x00000000eba80000)
  from space 2560K, 99% used [0x00000000eba80000,0x00000000ebcf9ca8,0x00000000ebd00000)
  to   space 2560K, 0% used [0x00000000ecc80000,0x00000000ecc80000,0x00000000ecf00000)
 ParOldGen       total 42496K, used 1838K [0x00000000c0000000, 0x00000000c2980000, 0x00000000eab00000)
  object space 42496K, 4% used [0x00000000c0000000,0x00000000c01cbac8,0x00000000c2980000)
 Metaspace       used 6048K, capacity 6902K, committed 7040K, reserved 1058816K
  class space    used 603K, capacity 622K, committed 640K, reserved 1048576K
Event: 3.571 GC heap after
Heap after GC invocations=2 (full 0):
 PSYoungGen      total 34304K, used 2528K [0x00000000eab00000, 0x00000000ecf00000, 0x0000000100000000)
  eden space 31744K, 0% used [0x00000000eab00000,0x00000000eab00000,0x00000000eca00000)
  from space 2560K, 98% used [0x00000000ecc80000,0x00000000ecef8028,0x00000000ecf00000)
  to   space 2560K, 0% used [0x00000000eca00000,0x00000000eca00000,0x00000000ecc80000)
 ParOldGen       total 42496K, used 3938K [0x00000000c0000000, 0x00000000c2980000, 0x00000000eab00000)
  object space 42496K, 9% used [0x00000000c0000000,0x00000000c03d8b68,0x00000000c2980000)
 Metaspace       used 6048K, capacity 6902K, committed 7040K, reserved 1058816K
  class space    used 603K, capacity 622K, committed 640K, reserved 1048576K
}

Deoptimization events (10 events):
Event: 3.326 Thread 0x0000000002c4d800 Uncommon trap: reason=class_check action=maybe_recompile pc=0x00000000030eb480 method=java.util.HashMap.putVal(ILjava/lang/Object;Ljava/lang/Object;ZZ)Ljava/lang/Object; @ 203
Event: 3.773 Thread 0x0000000016efd800 Uncommon trap: reason=bimorphic action=maybe_recompile pc=0x0000000002fbdb88 method=java.util.HashMap.getNode(ILjava/lang/Object;)Ljava/util/HashMap$Node; @ 126
Event: 3.790 Thread 0x0000000016efc800 Uncommon trap: reason=unstable_if action=reinterpret pc=0x00000000030eb43c method=java.util.HashMap.putVal(ILjava/lang/Object;Ljava/lang/Object;ZZ)Ljava/lang/Object; @ 94
Event: 3.790 Thread 0x0000000016efc800 Uncommon trap: reason=bimorphic action=maybe_recompile pc=0x0000000002fbdb88 method=java.util.HashMap.getNode(ILjava/lang/Object;)Ljava/util/HashMap$Node; @ 126
Event: 3.798 Thread 0x0000000016efc800 Uncommon trap: reason=bimorphic action=maybe_recompile pc=0x0000000002f86474 method=java.util.HashMap.getNode(ILjava/lang/Object;)Ljava/util/HashMap$Node; @ 126
Event: 5.052 Thread 0x0000000016efd800 Uncommon trap: reason=class_check action=maybe_recompile pc=0x00000000032e7e48 method=com.android.dx.ssa.SCCP.simulateBranch(Lcom/android/dx/ssa/SsaInsn;)V @ 145
Event: 5.052 Thread 0x0000000016efd800 Uncommon trap: reason=bimorphic action=maybe_recompile pc=0x00000000032dd9d4 method=com.android.dx.ssa.SCCP.setLatticeValueTo(IILcom/android/dx/rop/cst/Constant;)Z @ 43
Event: 5.052 Thread 0x0000000016efd800 Uncommon trap: reason=bimorphic action=maybe_recompile pc=0x00000000032dd9d4 method=com.android.dx.ssa.SCCP.setLatticeValueTo(IILcom/android/dx/rop/cst/Constant;)Z @ 43
Event: 5.052 Thread 0x0000000016efd800 Uncommon trap: reason=bimorphic action=maybe_recompile pc=0x00000000032dd9d4 method=com.android.dx.ssa.SCCP.setLatticeValueTo(IILcom/android/dx/rop/cst/Constant;)Z @ 43
Event: 5.052 Thread 0x0000000016efd800 Uncommon trap: reason=bimorphic action=maybe_recompile pc=0x00000000032dd9d4 method=com.android.dx.ssa.SCCP.setLatticeValueTo(IILcom/android/dx/rop/cst/Constant;)Z @ 43

Internal exceptions (3 events):
Event: 0.053 Thread 0x0000000002c4d800 Exception <a 'java/lang/NoSuchMethodError': Method sun.misc.Unsafe.defineClass(Ljava/lang/String;[BII)Ljava/lang/Class; name or signature does not match> (0x00000000eab07cc0) thrown at [D:\re\workspace\8-2-build-windows-amd64-cygwin\jdk8u77\6540\hotspot\srPøøËö«?
Event: 0.053 Thread 0x0000000002c4d800 Exception <a 'java/lang/NoSuchMethodError': Method sun.misc.Unsafe.prefetchRead(Ljava/lang/Object;J)V name or signature does not match> (0x00000000eab07fa8) thrown at [D:\re\workspace\8-2-build-windows-amd64-cygwin\jdk8u77\6540\hotspot\src\share\vm\prims\j‚æ™‘Bý?
Event: 1.829 Thread 0x0000000016e29000 Implicit null exception at 0x0000000002fff762 to 0x0000000002fff852

Events (10 events):
Event: 5.052 Thread 0x0000000016efd800 DEOPT PACKING pc=0x00000000032dd9d4 sp=0x000000001789e6d0
Event: 5.052 Thread 0x0000000016efd800 DEOPT UNPACKING pc=0x0000000002db582a sp=0x000000001789e648 mode 2
Event: 5.052 Thread 0x0000000016efd800 Uncommon trap: trap_request=0xffffffc6 fr.pc=0x00000000032dd9d4
Event: 5.052 Thread 0x0000000016efd800 DEOPT PACKING pc=0x00000000032dd9d4 sp=0x000000001789e6d0
Event: 5.052 Thread 0x0000000016efd800 DEOPT UNPACKING pc=0x0000000002db582a sp=0x000000001789e648 mode 2
Event: 5.052 Thread 0x0000000016efd800 Uncommon trap: trap_request=0xffffffc6 fr.pc=0x00000000032dd9d4
Event: 5.052 Thread 0x0000000016efd800 DEOPT PACKING pc=0x00000000032dd9d4 sp=0x000000001789e6d0
Event: 5.052 Thread 0x0000000016efd800 DEOPT UNPACKING pc=0x0000000002db582a sp=0x000000001789e648 mode 2
Event: 5.063 Thread 0x0000000016efd800 DEOPT PACKING pc=0x0000000003101e01 sp=0x000000001789e650
Event: 5.063 Thread 0x0000000016efd800 DEOPT UNPACKING pc=0x0000000002db747f sp=0x000000001789e418 mode 0


Dynamic libraries:
0x00007ff7d6820000 - 0x00007ff7d6857000 	C:\Program Files\Java\jdk1.8.0_74\bin\java.exe
0x00007ffb34760000 - 0x00007ffb34921000 	C:\Windows\SYSTEM32\ntdll.dll
0x00007ffb320f0000 - 0x00007ffb3219d000 	C:\Windows\system32\KERNEL32.DLL
0x00007ffb311d0000 - 0x00007ffb313b8000 	C:\Windows\system32\KERNELBASE.dll
0x00007ffb31e60000 - 0x00007ffb31f07000 	C:\Windows\system32\ADVAPI32.dll
0x00007ffb31fe0000 - 0x00007ffb3207d000 	C:\Windows\system32\msvcrt.dll
0x00007ffb33e20000 - 0x00007ffb33e7b000 	C:\Windows\system32\sechost.dll
0x00007ffb321b0000 - 0x00007ffb322cc000 	C:\Windows\system32\RPCRT4.dll
0x00007ffb34010000 - 0x00007ffb34166000 	C:\Windows\system32\USER32.dll
0x00007ffb33e80000 - 0x00007ffb34006000 	C:\Windows\system32\GDI32.dll
0x00007ffb24020000 - 0x00007ffb24294000 	C:\Windows\WinSxS\amd64_microsoft.windows.common-controls_6595b64144ccf1df_6.0.10586.589_none_a2ddb3caa539acce\COMCTL32.dll
0x00007ffb322f0000 - 0x00007ffb3256d000 	C:\Windows\system32\combase.dll
0x00007ffb30e80000 - 0x00007ffb30eea000 	C:\Windows\system32\bcryptPrimitives.dll
0x00007ffb34650000 - 0x00007ffb3468b000 	C:\Windows\system32\IMM32.DLL
0x0000000056650000 - 0x0000000056722000 	C:\Program Files\Java\jdk1.8.0_74\jre\bin\msvcr100.dll
0x0000000056ad0000 - 0x0000000057360000 	C:\Program Files\Java\jdk1.8.0_74\jre\bin\server\jvm.dll
0x00007ffb31f10000 - 0x00007ffb31f18000 	C:\Windows\system32\PSAPI.DLL
0x00007ffb284e0000 - 0x00007ffb284e9000 	C:\Windows\SYSTEM32\WSOCK32.dll
0x00007ffb32080000 - 0x00007ffb320eb000 	C:\Windows\system32\WS2_32.dll
0x00007ffb2f0c0000 - 0x00007ffb2f0e3000 	C:\Windows\SYSTEM32\WINMM.dll
0x00007ffb287a0000 - 0x00007ffb287aa000 	C:\Windows\SYSTEM32\VERSION.dll
0x00007ffb2f060000 - 0x00007ffb2f08c000 	C:\Windows\SYSTEM32\WINMMBASE.dll
0x00007ffb30e10000 - 0x00007ffb30e53000 	C:\Windows\system32\cfgmgr32.dll
0x0000000056ac0000 - 0x0000000056acf000 	C:\Program Files\Java\jdk1.8.0_74\jre\bin\verify.dll
0x0000000056a90000 - 0x0000000056ab9000 	C:\Program Files\Java\jdk1.8.0_74\jre\bin\java.dll
0x0000000056a70000 - 0x0000000056a86000 	C:\Program Files\Java\jdk1.8.0_74\jre\bin\zip.dll
0x00007ffb32580000 - 0x00007ffb33adc000 	C:\Windows\system32\SHELL32.dll
0x00007ffb31510000 - 0x00007ffb31b55000 	C:\Windows\system32\windows.storage.dll
0x00007ffb31f20000 - 0x00007ffb31f72000 	C:\Windows\system32\shlwapi.dll
0x00007ffb30e00000 - 0x00007ffb30e0f000 	C:\Windows\system32\kernel.appcore.dll
0x00007ffb313c0000 - 0x00007ffb31475000 	C:\Windows\system32\shcore.dll
0x00007ffb30db0000 - 0x00007ffb30dfb000 	C:\Windows\system32\powrprof.dll
0x00007ffb30d80000 - 0x00007ffb30d94000 	C:\Windows\system32\profapi.dll

VM Arguments:
jvm_args: -Djava.awt.headless=true -Xmx1024M -Dfile.encoding=windows-1256 -Duser.country=US -Duser.language=en -Duser.variant 
java_command: com.android.dx.command.Main --dex --force-jumbo --num-threads=4 --output F:\FCI_3rd\AndroidProjects\LocateMe1.0\app\build\intermediates\pre-dexed\debug\com.google.firebase-firebase-storage-9.2.1_4863ef6958fd33021034642df528f3b7a75fbd2c.jar F:\FCI_3rd\AndroidProjects\LocateMe1.0\app\build\intermediates\exploded-aar\com.google.firebase\firebase-storage\9.2.1\jars\classes.jar
java_class_path (initial): E:\3LI\Android\sdk\build-tools\24.0.1\lib\dx.jar
Launcher Type: SUN_STANDARD

Environment Variables:
JAVA_HOME=C:\Program Files\Java\jdk1.8.0_74\jre
PATH=C:\ProgramData\Oracle\Java\javapath;C:\Windows\system32;C:\Windows;C:\Windows\System32\Wbem;C:\Windows\System32\WindowsPowerShell\v1.0\;C:\TDM-GCC-64\bin;E:\3LI\Microchip\bin;C:\Program Files (x86)\GtkSharp\2.12\bin;C:\Program Files\Microsoft SQL Server\110\Tools\Binn\;C:\AppServ\Apache2.2\bin;C:\AppServ\php6;C:\AppServ\MySQL\bin
USERNAME=E610
OS=Windows_NT
PROCESSOR_IDENTIFIER=Intel64 Family 6 Model 37 Stepping 5, GenuineIntel



---------------  S Y S T E M  ---------------

OS: Windows 10.0 , 64 bit Build 10586 (10.0.10586.589)

CPU:total 4 (2 cores per cpu, 2 threads per core) family 6 model 37 stepping 5, cmov, cx8, fxsr, mmx, sse, sse2, sse3, ssse3, sse4.1, sse4.2, popcnt, aes, clmul, ht, tsc, tscinvbit

Memory: 4k page, physical 3980672k(861512k free), swap 4284664k(6772k free)

vm_info: Java HotSpot(TM) 64-Bit Server VM (25.77-b03) for windows-amd64 JRE (1.8.0_77-b03), built on Mar 20 2016 22:01:33 by "java_re" with MS VC++ 10.0 (VS2010)

time: Sun Jan 01 16:44:28 2017
elapsed time: 5 seconds (0d 0h 0m 5s)

