#
# There is insufficient memory for the Java Runtime Environment to continue.
# Native memory allocation (malloc) failed to allocate 32744 bytes for ChunkPool::allocate
# Possible reasons:
#   The system is out of physical RAM or swap space
#   In 32 bit mode, the process size limit was hit
# Possible solutions:
#   Reduce memory load on the system
#   Increase physical memory or swap space
#   Check if swap backing store is full
#   Use 64 bit Java on a 64 bit OS
#   Decrease Java heap size (-Xmx/-Xms)
#   Decrease number of Java threads
#   Decrease Java thread stack sizes (-Xss)
#   Set larger code cache with -XX:ReservedCodeCacheSize=
# This output file may be truncated or incomplete.
#
#  Out of Memory Error (allocation.cpp:273), pid=5632, tid=796
#
# JRE version: Java(TM) SE Runtime Environment (8.0_77-b03) (build 1.8.0_77-b03)
# Java VM: Java HotSpot(TM) 64-Bit Server VM (25.77-b03 mixed mode windows-amd64 compressed oops)
# Failed to write core dump. Minidumps are not enabled by default on client versions of Windows
#

---------------  T H R E A D  ---------------

Current thread (0x000000001670a000):  JavaThread "C2 CompilerThread1" daemon [_thread_in_native, id=796, stack(0x0000000016ad0000,0x0000000016bd0000)]

Stack: [0x0000000016ad0000,0x0000000016bd0000]
[error occurred during error reporting (printing stack bounds), id 0xc0000005]

Native frames: (J=compiled Java code, j=interpreted, Vv=VM code, C=native code)


Current CompileTask:
C2:    381   13       4       java.lang.String::charAt (29 bytes)


---------------  P R O C E S S  ---------------

Java Threads: ( => current thread )
  0x0000000016721000 JavaThread "Service Thread" daemon [_thread_new, id=8104, stack(0x0000000000000000,0x0000000000000000)]
  0x000000001671a000 JavaThread "C1 CompilerThread2" daemon [_thread_in_native, id=3924, stack(0x0000000016bd0000,0x0000000016cd0000)]
=>0x000000001670a000 JavaThread "C2 CompilerThread1" daemon [_thread_in_native, id=796, stack(0x0000000016ad0000,0x0000000016bd0000)]
  0x0000000014fd7800 JavaThread "C2 CompilerThread0" daemon [_thread_blocked, id=5384, stack(0x00000000165d0000,0x00000000166d0000)]
  0x0000000014fd5800 JavaThread "Attach Listener" daemon [_thread_blocked, id=5128, stack(0x00000000164d0000,0x00000000165d0000)]
  0x0000000014f86800 JavaThread "Signal Dispatcher" daemon [_thread_blocked, id=5976, stack(0x00000000163d0000,0x00000000164d0000)]
  0x0000000014f7a000 JavaThread "Finalizer" daemon [_thread_blocked, id=8488, stack(0x00000000161f0000,0x00000000162f0000)]
  0x00000000028af000 JavaThread "Reference Handler" daemon [_thread_blocked, id=5428, stack(0x00000000160f0000,0x00000000161f0000)]
  0x00000000027c1000 JavaThread "main" [_thread_in_native, id=1300, stack(0x00000000025c0000,0x00000000026c0000)]

Other Threads:
  0x0000000014f57800 VMThread [stack: 0x0000000015ff0000,0x00000000160f0000] [id=9028]

VM state:not at safepoint (normal execution)

VM Mutex/Monitor currently owned by a thread: None

Heap:
 PSYoungGen      total 18432K, used 952K [0x00000000eab00000, 0x00000000ebf80000, 0x0000000100000000)
  eden space 15872K, 6% used [0x00000000eab00000,0x00000000eabee180,0x00000000eba80000)
  from space 2560K, 0% used [0x00000000ebd00000,0x00000000ebd00000,0x00000000ebf80000)
  to   space 2560K, 0% used [0x00000000eba80000,0x00000000eba80000,0x00000000ebd00000)
 ParOldGen       total 42496K, used 0K [0x00000000c0000000, 0x00000000c2980000, 0x00000000eab00000)
  object space 42496K, 0% used [0x00000000c0000000,0x00000000c0000000,0x00000000c2980000)
 Metaspace       used 2356K, capacity 4480K, committed 4480K, reserved 1056768K
  class space    used 258K, capacity 384K, committed 384K, reserved 1048576K

Card table byte_map: [0x0000000011c80000,0x0000000011e90000] byte_map_base: 0x0000000011680000

Marking Bits: (ParMarkBitMap*) 0x00000000572e0600
 Begin Bits: [0x00000000123f0000, 0x00000000133f0000)
 End Bits:   [0x00000000133f0000, 0x00000000143f0000)

Polling page: 0x00000000007f0000

CodeCache: size=245760Kb used=1078Kb max_used=1089Kb free=244681Kb
 bounds [0x00000000028c0000, 0x0000000002b30000, 0x00000000118c0000]
 total_blobs=235 nmethods=13 adapters=137
 compilation: enabled

Compilation events (10 events):
Event: 0.374 Thread 0x000000001671a000    7       3       java.lang.CharacterDataLatin1::getProperties (11 bytes)
Event: 0.374 Thread 0x000000001671a000 nmethod 7 0x00000000029cad10 code [0x00000000029cae60, 0x00000000029caff0]
Event: 0.374 Thread 0x000000001671a000    8       3       java.lang.String::indexOf (70 bytes)
Event: 0.374 Thread 0x000000001671a000 nmethod 8 0x00000000029cb0d0 code [0x00000000029cb260, 0x00000000029cb5e8]
Event: 0.375 Thread 0x000000001671a000    9       3       java.lang.String::<init> (82 bytes)
Event: 0.375 Thread 0x000000001671a000 nmethod 9 0x00000000029cbb10 code [0x00000000029cbce0, 0x00000000029cc1d8]
Event: 0.375 Thread 0x000000001671a000   10       3       java.util.Arrays::copyOfRange (63 bytes)
Event: 0.376 Thread 0x000000001671a000 nmethod 10 0x00000000029cc450 code [0x00000000029cc660, 0x00000000029cd198]
Event: 0.376 Thread 0x0000000014fd7800   12       4       java.util.TreeMap::parentOf (13 bytes)
Event: 0.376 Thread 0x000000001670a000   13       4       java.lang.String::charAt (29 bytes)

GC Heap History (0 events):
No events

Deoptimization events (0 events):
No events

Internal exceptions (2 events):
Event: 0.147 Thread 0x00000000027c1000 Exception <a 'java/lang/NoSuchMethodError': Method sun.misc.Unsafe.defineClass(Ljava/lang/String;[BII)Ljava/lang/Class; name or signature does not match> (0x00000000eab07cc0) thrown at [D:\re\workspace\8-2-build-windows-amd64-cygwin\jdk8u77\6540\hotspot\sr *pãÄÄÂ?
Event: 0.147 Thread 0x00000000027c1000 Exception <a 'java/lang/NoSuchMethodError': Method sun.misc.Unsafe.prefetchRead(Ljava/lang/Object;J)V name or signature does not match> (0x00000000eab07fa8) thrown at [D:\re\workspace\8-2-build-windows-amd64-cygwin\jdk8u77\6540\hotspot\src\share\vm\prims\j

Events (10 events):
Event: 0.375 loading class java/util/HashMap$EntrySet
Event: 0.375 loading class java/util/HashMap$EntrySet done
Event: 0.376 loading class java/lang/ProcessEnvironment$CheckedEntrySet$1
Event: 0.376 loading class java/lang/ProcessEnvironment$CheckedEntrySet$1 done
Event: 0.376 loading class java/util/HashMap$EntryIterator
Event: 0.376 loading class java/util/HashMap$HashIterator
Event: 0.376 loading class java/util/HashMap$HashIterator done
Event: 0.376 loading class java/util/HashMap$EntryIterator done
Event: 0.376 loading class java/lang/ProcessEnvironment$CheckedEntry
Event: 0.376 loading class java/lang/ProcessEnvironment$CheckedEntry done


Dynamic libraries:
0x00007ff7d6820000 - 0x00007ff7d6857000 	C:\Program Files\Java\jdk1.8.0_74\bin\java.exe
0x00007ffb34760000 - 0x00007ffb34921000 	C:\Windows\SYSTEM32\ntdll.dll
0x00007ffb320f0000 - 0x00007ffb3219d000 	C:\Windows\system32\KERNEL32.DLL
0x00007ffb311d0000 - 0x00007ffb313b8000 	C:\Windows\system32\KERNELBASE.dll
0x00007ffb31e60000 - 0x00007ffb31f07000 	C:\Windows\system32\ADVAPI32.dll
0x00007ffb31fe0000 - 0x00007ffb3207d000 	C:\Windows\system32\msvcrt.dll
0x00007ffb33e20000 - 0x00007ffb33e7b000 	C:\Windows\system32\sechost.dll
0x00007ffb321b0000 - 0x00007ffb322cc000 	C:\Windows\system32\RPCRT4.dll
0x00007ffb34010000 - 0x00007ffb34166000 	C:\Windows\system32\USER32.dll
0x00007ffb33e80000 - 0x00007ffb34006000 	C:\Windows\system32\GDI32.dll
0x00007ffb24020000 - 0x00007ffb24294000 	C:\Windows\WinSxS\amd64_microsoft.windows.common-controls_6595b64144ccf1df_6.0.10586.589_none_a2ddb3caa539acce\COMCTL32.dll
0x00007ffb322f0000 - 0x00007ffb3256d000 	C:\Windows\system32\combase.dll
0x00007ffb30e80000 - 0x00007ffb30eea000 	C:\Windows\system32\bcryptPrimitives.dll
0x00007ffb34650000 - 0x00007ffb3468b000 	C:\Windows\system32\IMM32.DLL
0x0000000056650000 - 0x0000000056722000 	C:\Program Files\Java\jdk1.8.0_74\jre\bin\msvcr100.dll
0x0000000056ad0000 - 0x0000000057360000 	C:\Program Files\Java\jdk1.8.0_74\jre\bin\server\jvm.dll
0x00007ffb31f10000 - 0x00007ffb31f18000 	C:\Windows\system32\PSAPI.DLL
0x00007ffb284e0000 - 0x00007ffb284e9000 	C:\Windows\SYSTEM32\WSOCK32.dll
0x00007ffb32080000 - 0x00007ffb320eb000 	C:\Windows\system32\WS2_32.dll
0x00007ffb2f0c0000 - 0x00007ffb2f0e3000 	C:\Windows\SYSTEM32\WINMM.dll
0x00007ffb287a0000 - 0x00007ffb287aa000 	C:\Windows\SYSTEM32\VERSION.dll
0x00007ffb2f060000 - 0x00007ffb2f08c000 	C:\Windows\SYSTEM32\WINMMBASE.dll
0x00007ffb30e10000 - 0x00007ffb30e53000 	C:\Windows\system32\cfgmgr32.dll
0x0000000056ac0000 - 0x0000000056acf000 	C:\Program Files\Java\jdk1.8.0_74\jre\bin\verify.dll
0x0000000056a90000 - 0x0000000056ab9000 	C:\Program Files\Java\jdk1.8.0_74\jre\bin\java.dll
0x0000000056a70000 - 0x0000000056a86000 	C:\Program Files\Java\jdk1.8.0_74\jre\bin\zip.dll
0x00007ffb32580000 - 0x00007ffb33adc000 	C:\Windows\system32\SHELL32.dll
0x00007ffb31510000 - 0x00007ffb31b55000 	C:\Windows\system32\windows.storage.dll
0x00007ffb31f20000 - 0x00007ffb31f72000 	C:\Windows\system32\shlwapi.dll
0x00007ffb30e00000 - 0x00007ffb30e0f000 	C:\Windows\system32\kernel.appcore.dll
0x00007ffb313c0000 - 0x00007ffb31475000 	C:\Windows\system32\shcore.dll
0x00007ffb30db0000 - 0x00007ffb30dfb000 	C:\Windows\system32\powrprof.dll
0x00007ffb30d80000 - 0x00007ffb30d94000 	C:\Windows\system32\profapi.dll

VM Arguments:
jvm_args: -Djava.awt.headless=true -Xmx1024M -Dfile.encoding=windows-1256 -Duser.country=US -Duser.language=en -Duser.variant 
java_command: com.android.dx.command.Main --dex --force-jumbo --num-threads=4 --output F:\FCI_3rd\AndroidProjects\LocateMe1.0\app\build\intermediates\pre-dexed\debug\com.google.firebase-firebase-storage-common-9.2.1_977c61d8b7e40ba6981546268fb5e5edb0650618.jar F:\FCI_3rd\AndroidProjects\LocateMe1.0\app\build\intermediates\exploded-aar\com.google.firebase\firebase-storage-common\9.2.1\jars\classes.jar
java_class_path (initial): E:\3LI\Android\sdk\build-tools\24.0.1\lib\dx.jar
Launcher Type: SUN_STANDARD

Environment Variables:
JAVA_HOME=C:\Program Files\Java\jdk1.8.0_74\jre
PATH=C:\ProgramData\Oracle\Java\javapath;C:\Windows\system32;C:\Windows;C:\Windows\System32\Wbem;C:\Windows\System32\WindowsPowerShell\v1.0\;C:\TDM-GCC-64\bin;E:\3LI\Microchip\bin;C:\Program Files (x86)\GtkSharp\2.12\bin;C:\Program Files\Microsoft SQL Server\110\Tools\Binn\;C:\AppServ\Apache2.2\bin;C:\AppServ\php6;C:\AppServ\MySQL\bin
USERNAME=E610
OS=Windows_NT
PROCESSOR_IDENTIFIER=Intel64 Family 6 Model 37 Stepping 5, GenuineIntel



---------------  S Y S T E M  ---------------

OS: Windows 10.0 , 64 bit Build 10586 (10.0.10586.589)

CPU:total 4 (2 cores per cpu, 2 threads per core) family 6 model 37 stepping 5, cmov, cx8, fxsr, mmx, sse, sse2, sse3, ssse3, sse4.1, sse4.2, popcnt, aes, clmul, ht, tsc, tscinvbit

Memory: 4k page, physical 3980672k(981348k free), swap 4284664k(740k free)

vm_info: Java HotSpot(TM) 64-Bit Server VM (25.77-b03) for windows-amd64 JRE (1.8.0_77-b03), built on Mar 20 2016 22:01:33 by "java_re" with MS VC++ 10.0 (VS2010)

time: Sun Jan 01 16:44:37 2017
elapsed time: 0 seconds (0d 0h 0m 0s)

