#
# There is insufficient memory for the Java Runtime Environment to continue.
# Native memory allocation (malloc) failed to allocate 1298256 bytes for Chunk::new
# Possible reasons:
#   The system is out of physical RAM or swap space
#   In 32 bit mode, the process size limit was hit
# Possible solutions:
#   Reduce memory load on the system
#   Increase physical memory or swap space
#   Check if swap backing store is full
#   Use 64 bit Java on a 64 bit OS
#   Decrease Java heap size (-Xmx/-Xms)
#   Decrease number of Java threads
#   Decrease Java thread stack sizes (-Xss)
#   Set larger code cache with -XX:ReservedCodeCacheSize=
# This output file may be truncated or incomplete.
#
#  Out of Memory Error (allocation.cpp:390), pid=3720, tid=288
#
# JRE version: Java(TM) SE Runtime Environment (8.0_77-b03) (build 1.8.0_77-b03)
# Java VM: Java HotSpot(TM) 64-Bit Server VM (25.77-b03 mixed mode windows-amd64 compressed oops)
# Failed to write core dump. Minidumps are not enabled by default on client versions of Windows
#

---------------  T H R E A D  ---------------

Current thread (0x0000000016a75800):  JavaThread "C2 CompilerThread1" daemon [_thread_in_native, id=288, stack(0x0000000016e30000,0x0000000016f30000)]

Stack: [0x0000000016e30000,0x0000000016f30000]
[error occurred during error reporting (printing stack bounds), id 0xc0000005]

Native frames: (J=compiled Java code, j=interpreted, Vv=VM code, C=native code)


Current CompileTask:
C2:   1290 1021   !   4       com.android.dx.cf.code.BytecodeArray::parseInstruction (2764 bytes)


---------------  P R O C E S S  ---------------

Java Threads: ( => current thread )
  0x0000000016c1e000 JavaThread "pool-1-thread-4" [_thread_blocked, id=4492, stack(0x0000000017630000,0x0000000017730000)]
  0x0000000016cc5000 JavaThread "pool-1-thread-3" [_thread_blocked, id=4232, stack(0x0000000017530000,0x0000000017630000)]
  0x0000000016cc4800 JavaThread "pool-1-thread-2" [_thread_blocked, id=3844, stack(0x0000000017430000,0x0000000017530000)]
  0x0000000016c13800 JavaThread "pool-2-thread-1" [_thread_blocked, id=7832, stack(0x0000000017330000,0x0000000017430000)]
  0x0000000016c09000 JavaThread "pool-1-thread-1" [_thread_blocked, id=7744, stack(0x0000000017230000,0x0000000017330000)]
  0x0000000016a81000 JavaThread "Service Thread" daemon [_thread_blocked, id=3464, stack(0x0000000017030000,0x0000000017130000)]
  0x0000000016a7a000 JavaThread "C1 CompilerThread2" daemon [_thread_blocked, id=4984, stack(0x0000000016f30000,0x0000000017030000)]
=>0x0000000016a75800 JavaThread "C2 CompilerThread1" daemon [_thread_in_native, id=288, stack(0x0000000016e30000,0x0000000016f30000)]
  0x0000000015417800 JavaThread "C2 CompilerThread0" daemon [_thread_in_native, id=3892, stack(0x0000000016930000,0x0000000016a30000)]
  0x0000000015415800 JavaThread "Attach Listener" daemon [_thread_blocked, id=3076, stack(0x0000000016830000,0x0000000016930000)]
  0x0000000015414800 JavaThread "Signal Dispatcher" daemon [_thread_blocked, id=5876, stack(0x0000000016730000,0x0000000016830000)]
  0x0000000002cfa000 JavaThread "Finalizer" daemon [_thread_blocked, id=2308, stack(0x0000000016630000,0x0000000016730000)]
  0x0000000002cef000 JavaThread "Reference Handler" daemon [_thread_blocked, id=9208, stack(0x0000000016530000,0x0000000016630000)]
  0x0000000002c01000 JavaThread "main" [_thread_in_Java, id=7304, stack(0x0000000002a00000,0x0000000002b00000)]

Other Threads:
  0x0000000015398000 VMThread [stack: 0x0000000016430000,0x0000000016530000] [id=5404]
  0x0000000016ae4000 WatcherThread [stack: 0x0000000017130000,0x0000000017230000] [id=6800]

VM state:not at safepoint (normal execution)

VM Mutex/Monitor currently owned by a thread: None

Heap:
 PSYoungGen      total 18432K, used 9611K [0x00000000eab00000, 0x00000000ebf80000, 0x0000000100000000)
  eden space 15872K, 44% used [0x00000000eab00000,0x00000000eb1e92c0,0x00000000eba80000)
  from space 2560K, 99% used [0x00000000eba80000,0x00000000ebcf9c88,0x00000000ebd00000)
  to   space 2560K, 0% used [0x00000000ebd00000,0x00000000ebd00000,0x00000000ebf80000)
 ParOldGen       total 42496K, used 1662K [0x00000000c0000000, 0x00000000c2980000, 0x00000000eab00000)
  object space 42496K, 3% used [0x00000000c0000000,0x00000000c019f840,0x00000000c2980000)
 Metaspace       used 5919K, capacity 6776K, committed 7040K, reserved 1056768K
  class space    used 604K, capacity 624K, committed 640K, reserved 1048576K

Card table byte_map: [0x00000000120c0000,0x00000000122d0000] byte_map_base: 0x0000000011ac0000

Marking Bits: (ParMarkBitMap*) 0x00000000572e0600
 Begin Bits: [0x0000000012830000, 0x0000000013830000)
 End Bits:   [0x0000000013830000, 0x0000000014830000)

Polling page: 0x0000000000d90000

CodeCache: size=245760Kb used=3992Kb max_used=3992Kb free=241768Kb
 bounds [0x0000000002d00000, 0x00000000030f0000, 0x0000000011d00000]
 total_blobs=1313 nmethods=1043 adapters=184
 compilation: enabled

Compilation events (10 events):
Event: 1.270 Thread 0x0000000016a7a000 nmethod 1040 0x00000000030e2f50 code [0x00000000030e3140, 0x00000000030e3ac8]
Event: 1.270 Thread 0x0000000016a7a000 1041       3       com.android.dx.dex.code.RopTranslator$TranslationVisitor::visitThrowingCstInsn (225 bytes)
Event: 1.273 Thread 0x0000000016a7a000 nmethod 1041 0x00000000030e6650 code [0x00000000030e69e0, 0x00000000030e8c28]
Event: 1.273 Thread 0x0000000016a7a000 1042       3       com.android.dx.util.MutabilityControl::isImmutable (13 bytes)
Event: 1.273 Thread 0x0000000016a7a000 nmethod 1042 0x00000000030d7a90 code [0x00000000030d7be0, 0x00000000030d7d90]
Event: 1.275 Thread 0x0000000016a7a000 1043       3       com.android.dx.rop.code.RegisterSpecList::withFirst (64 bytes)
Event: 1.276 Thread 0x0000000016a7a000 nmethod 1043 0x00000000030e0c50 code [0x00000000030e0ee0, 0x00000000030e2268]
Event: 1.284 Thread 0x0000000015417800 1044       4       com.android.dx.rop.cst.CstBaseMethodRef::compareTo0 (29 bytes)
Event: 1.284 Thread 0x0000000016a7a000 1045       3       com.android.dx.dex.file.IdItem::<init> (24 bytes)
Event: 1.285 Thread 0x0000000016a7a000 nmethod 1045 0x00000000030e05d0 code [0x00000000030e0760, 0x00000000030e0ae8]

GC Heap History (2 events):
Event: 1.038 GC heap before
{Heap before GC invocations=1 (full 0):
 PSYoungGen      total 18432K, used 15872K [0x00000000eab00000, 0x00000000ebf80000, 0x0000000100000000)
  eden space 15872K, 100% used [0x00000000eab00000,0x00000000eba80000,0x00000000eba80000)
  from space 2560K, 0% used [0x00000000ebd00000,0x00000000ebd00000,0x00000000ebf80000)
  to   space 2560K, 0% used [0x00000000eba80000,0x00000000eba80000,0x00000000ebd00000)
 ParOldGen       total 42496K, used 0K [0x00000000c0000000, 0x00000000c2980000, 0x00000000eab00000)
  object space 42496K, 0% used [0x00000000c0000000,0x00000000c0000000,0x00000000c2980000)
 Metaspace       used 5854K, capacity 6712K, committed 6784K, reserved 1056768K
  class space    used 604K, capacity 624K, committed 640K, reserved 1048576K
Event: 1.054 GC heap after
Heap after GC invocations=1 (full 0):
 PSYoungGen      total 18432K, used 2535K [0x00000000eab00000, 0x00000000ebf80000, 0x0000000100000000)
  eden space 15872K, 0% used [0x00000000eab00000,0x00000000eab00000,0x00000000eba80000)
  from space 2560K, 99% used [0x00000000eba80000,0x00000000ebcf9c88,0x00000000ebd00000)
  to   space 2560K, 0% used [0x00000000ebd00000,0x00000000ebd00000,0x00000000ebf80000)
 ParOldGen       total 42496K, used 1662K [0x00000000c0000000, 0x00000000c2980000, 0x00000000eab00000)
  object space 42496K, 3% used [0x00000000c0000000,0x00000000c019f840,0x00000000c2980000)
 Metaspace       used 5854K, capacity 6712K, committed 6784K, reserved 1056768K
  class space    used 604K, capacity 624K, committed 640K, reserved 1048576K
}

Deoptimization events (2 events):
Event: 0.811 Thread 0x0000000016c1e000 Uncommon trap: reason=unstable_if action=reinterpret pc=0x0000000002f02454 method=java.util.HashMap.getNode(ILjava/lang/Object;)Ljava/util/HashMap$Node; @ 129
Event: 0.817 Thread 0x0000000016c09000 Uncommon trap: reason=unstable_if action=reinterpret pc=0x0000000002efad30 method=java.util.BitSet.nextSetBit(I)I @ 87

Internal exceptions (2 events):
Event: 0.077 Thread 0x0000000002c01000 Exception <a 'java/lang/NoSuchMethodError': Method sun.misc.Unsafe.defineClass(Ljava/lang/String;[BII)Ljava/lang/Class; name or signature does not match> (0x00000000eab07cc0) thrown at [D:\re\workspace\8-2-build-windows-amd64-cygwin\jdk8u77\6540\hotspot\srÁƒŒ€IÖ³?
Event: 0.077 Thread 0x0000000002c01000 Exception <a 'java/lang/NoSuchMethodError': Method sun.misc.Unsafe.prefetchRead(Ljava/lang/Object;J)V name or signature does not match> (0x00000000eab07fa8) thrown at [D:\re\workspace\8-2-build-windows-amd64-cygwin\jdk8u77\6540\hotspot\src\share\vm\prims\j

Events (10 events):
Event: 0.930 loading class com/android/dx/cf/code/Ropper$ExceptionHandlerSetup
Event: 0.930 loading class com/android/dx/cf/code/Ropper$ExceptionHandlerSetup done
Event: 0.932 loading class java/util/HashMap$Values
Event: 0.932 loading class java/util/HashMap$Values done
Event: 0.932 loading class java/util/HashMap$ValueIterator
Event: 0.932 loading class java/util/HashMap$ValueIterator done
Event: 0.960 Executing VM operation: ForceSafepoint
Event: 0.964 Executing VM operation: ForceSafepoint done
Event: 1.036 Executing VM operation: ParallelGCFailedAllocation
Event: 1.054 Executing VM operation: ParallelGCFailedAllocation done


Dynamic libraries:
0x00007ff7d6820000 - 0x00007ff7d6857000 	C:\Program Files\Java\jdk1.8.0_74\bin\java.exe
0x00007ffb34760000 - 0x00007ffb34921000 	C:\Windows\SYSTEM32\ntdll.dll
0x00007ffb320f0000 - 0x00007ffb3219d000 	C:\Windows\system32\KERNEL32.DLL
0x00007ffb311d0000 - 0x00007ffb313b8000 	C:\Windows\system32\KERNELBASE.dll
0x00007ffb31e60000 - 0x00007ffb31f07000 	C:\Windows\system32\ADVAPI32.dll
0x00007ffb31fe0000 - 0x00007ffb3207d000 	C:\Windows\system32\msvcrt.dll
0x00007ffb33e20000 - 0x00007ffb33e7b000 	C:\Windows\system32\sechost.dll
0x00007ffb321b0000 - 0x00007ffb322cc000 	C:\Windows\system32\RPCRT4.dll
0x00007ffb34010000 - 0x00007ffb34166000 	C:\Windows\system32\USER32.dll
0x00007ffb33e80000 - 0x00007ffb34006000 	C:\Windows\system32\GDI32.dll
0x00007ffb24020000 - 0x00007ffb24294000 	C:\Windows\WinSxS\amd64_microsoft.windows.common-controls_6595b64144ccf1df_6.0.10586.589_none_a2ddb3caa539acce\COMCTL32.dll
0x00007ffb322f0000 - 0x00007ffb3256d000 	C:\Windows\system32\combase.dll
0x00007ffb30e80000 - 0x00007ffb30eea000 	C:\Windows\system32\bcryptPrimitives.dll
0x00007ffb34650000 - 0x00007ffb3468b000 	C:\Windows\system32\IMM32.DLL
0x0000000056650000 - 0x0000000056722000 	C:\Program Files\Java\jdk1.8.0_74\jre\bin\msvcr100.dll
0x0000000056ad0000 - 0x0000000057360000 	C:\Program Files\Java\jdk1.8.0_74\jre\bin\server\jvm.dll
0x00007ffb31f10000 - 0x00007ffb31f18000 	C:\Windows\system32\PSAPI.DLL
0x00007ffb284e0000 - 0x00007ffb284e9000 	C:\Windows\SYSTEM32\WSOCK32.dll
0x00007ffb32080000 - 0x00007ffb320eb000 	C:\Windows\system32\WS2_32.dll
0x00007ffb2f0c0000 - 0x00007ffb2f0e3000 	C:\Windows\SYSTEM32\WINMM.dll
0x00007ffb287a0000 - 0x00007ffb287aa000 	C:\Windows\SYSTEM32\VERSION.dll
0x00007ffb2f060000 - 0x00007ffb2f08c000 	C:\Windows\SYSTEM32\WINMMBASE.dll
0x00007ffb30e10000 - 0x00007ffb30e53000 	C:\Windows\system32\cfgmgr32.dll
0x0000000056ac0000 - 0x0000000056acf000 	C:\Program Files\Java\jdk1.8.0_74\jre\bin\verify.dll
0x0000000056a90000 - 0x0000000056ab9000 	C:\Program Files\Java\jdk1.8.0_74\jre\bin\java.dll
0x0000000056a70000 - 0x0000000056a86000 	C:\Program Files\Java\jdk1.8.0_74\jre\bin\zip.dll
0x00007ffb32580000 - 0x00007ffb33adc000 	C:\Windows\system32\SHELL32.dll
0x00007ffb31510000 - 0x00007ffb31b55000 	C:\Windows\system32\windows.storage.dll
0x00007ffb31f20000 - 0x00007ffb31f72000 	C:\Windows\system32\shlwapi.dll
0x00007ffb30e00000 - 0x00007ffb30e0f000 	C:\Windows\system32\kernel.appcore.dll
0x00007ffb313c0000 - 0x00007ffb31475000 	C:\Windows\system32\shcore.dll
0x00007ffb30db0000 - 0x00007ffb30dfb000 	C:\Windows\system32\powrprof.dll
0x00007ffb30d80000 - 0x00007ffb30d94000 	C:\Windows\system32\profapi.dll

VM Arguments:
jvm_args: -Djava.awt.headless=true -Xmx1024M -Dfile.encoding=windows-1256 -Duser.country=US -Duser.language=en -Duser.variant 
java_command: com.android.dx.command.Main --dex --force-jumbo --num-threads=4 --output F:\FCI_3rd\AndroidProjects\LocateMe1.0\app\build\intermediates\pre-dexed\debug\com.google.android.gms-play-services-auth-base-9.2.1_acb19706c1fbb4e788fde6db332bf6c209c9c7dd.jar F:\FCI_3rd\AndroidProjects\LocateMe1.0\app\build\intermediates\exploded-aar\com.google.android.gms\play-services-auth-base\9.2.1\jars\classes.jar
java_class_path (initial): E:\3LI\Android\sdk\build-tools\24.0.1\lib\dx.jar
Launcher Type: SUN_STANDARD

Environment Variables:
JAVA_HOME=C:\Program Files\Java\jdk1.8.0_74\jre
PATH=C:\ProgramData\Oracle\Java\javapath;C:\Windows\system32;C:\Windows;C:\Windows\System32\Wbem;C:\Windows\System32\WindowsPowerShell\v1.0\;C:\TDM-GCC-64\bin;E:\3LI\Microchip\bin;C:\Program Files (x86)\GtkSharp\2.12\bin;C:\Program Files\Microsoft SQL Server\110\Tools\Binn\;C:\AppServ\Apache2.2\bin;C:\AppServ\php6;C:\AppServ\MySQL\bin
USERNAME=E610
OS=Windows_NT
PROCESSOR_IDENTIFIER=Intel64 Family 6 Model 37 Stepping 5, GenuineIntel



---------------  S Y S T E M  ---------------

OS: Windows 10.0 , 64 bit Build 10586 (10.0.10586.589)

CPU:total 4 (2 cores per cpu, 2 threads per core) family 6 model 37 stepping 5, cmov, cx8, fxsr, mmx, sse, sse2, sse3, ssse3, sse4.1, sse4.2, popcnt, aes, clmul, ht, tsc, tscinvbit

Memory: 4k page, physical 3980672k(952444k free), swap 4284664k(5312k free)

vm_info: Java HotSpot(TM) 64-Bit Server VM (25.77-b03) for windows-amd64 JRE (1.8.0_77-b03), built on Mar 20 2016 22:01:33 by "java_re" with MS VC++ 10.0 (VS2010)

time: Sun Jan 01 16:44:30 2017
elapsed time: 1 seconds (0d 0h 0m 1s)

