#
# There is insufficient memory for the Java Runtime Environment to continue.
# Native memory allocation (malloc) failed to allocate 1427936 bytes for Chunk::new
# Possible reasons:
#   The system is out of physical RAM or swap space
#   In 32 bit mode, the process size limit was hit
# Possible solutions:
#   Reduce memory load on the system
#   Increase physical memory or swap space
#   Check if swap backing store is full
#   Use 64 bit Java on a 64 bit OS
#   Decrease Java heap size (-Xmx/-Xms)
#   Decrease number of Java threads
#   Decrease Java thread stack sizes (-Xss)
#   Set larger code cache with -XX:ReservedCodeCacheSize=
# This output file may be truncated or incomplete.
#
#  Out of Memory Error (allocation.cpp:390), pid=6832, tid=2656
#
# JRE version: Java(TM) SE Runtime Environment (8.0_77-b03) (build 1.8.0_77-b03)
# Java VM: Java HotSpot(TM) 64-Bit Server VM (25.77-b03 mixed mode windows-amd64 compressed oops)
# Failed to write core dump. Minidumps are not enabled by default on client versions of Windows
#

---------------  T H R E A D  ---------------

Current thread (0x0000000014cad000):  JavaThread "C2 CompilerThread1" daemon [_thread_in_native, id=2656, stack(0x00000000163c0000,0x00000000164c0000)]

Stack: [0x00000000163c0000,0x00000000164c0000]
[error occurred during error reporting (printing stack bounds), id 0xc0000005]

Native frames: (J=compiled Java code, j=interpreted, Vv=VM code, C=native code)


Current CompileTask:
C2:   7070 1796       4       com.android.dx.dex.code.RopToDop::dopFor (792 bytes)


---------------  P R O C E S S  ---------------

Java Threads: ( => current thread )
  0x000000001651a000 JavaThread "Service Thread" daemon [_thread_blocked, id=3156, stack(0x00000000169c0000,0x0000000016ac0000)]
  0x000000001650b000 JavaThread "C1 CompilerThread2" daemon [_thread_blocked, id=8776, stack(0x00000000168c0000,0x00000000169c0000)]
=>0x0000000014cad000 JavaThread "C2 CompilerThread1" daemon [_thread_in_native, id=2656, stack(0x00000000163c0000,0x00000000164c0000)]
  0x0000000014caa000 JavaThread "C2 CompilerThread0" daemon [_thread_in_native, id=7756, stack(0x00000000162c0000,0x00000000163c0000)]
  0x0000000014ca8800 JavaThread "Attach Listener" daemon [_thread_blocked, id=3020, stack(0x00000000161c0000,0x00000000162c0000)]
  0x0000000014ca7800 JavaThread "Signal Dispatcher" daemon [_thread_blocked, id=7000, stack(0x00000000160c0000,0x00000000161c0000)]
  0x0000000014c4a800 JavaThread "Finalizer" daemon [_thread_blocked, id=2788, stack(0x0000000015ec0000,0x0000000015fc0000)]
  0x0000000014c29000 JavaThread "Reference Handler" daemon [_thread_blocked, id=7060, stack(0x0000000015dc0000,0x0000000015ec0000)]
  0x0000000002491000 JavaThread "main" [_thread_in_Java, id=4644, stack(0x0000000002390000,0x0000000002490000)]

Other Threads:
  0x0000000014c27800 VMThread [stack: 0x0000000015cc0000,0x0000000015dc0000] [id=956]
  0x0000000016570800 WatcherThread [stack: 0x0000000016ac0000,0x0000000016bc0000] [id=7132]

VM state:not at safepoint (normal execution)

VM Mutex/Monitor currently owned by a thread: None

Heap:
 PSYoungGen      total 89088K, used 35577K [0x00000000eab00000, 0x00000000f1e80000, 0x0000000100000000)
  eden space 70144K, 25% used [0x00000000eab00000,0x00000000ebc2e7e0,0x00000000eef80000)
  from space 18944K, 94% used [0x00000000f0480000,0x00000000f1610010,0x00000000f1700000)
  to   space 21504K, 0% used [0x00000000eef80000,0x00000000eef80000,0x00000000f0480000)
 ParOldGen       total 74240K, used 36366K [0x00000000c0000000, 0x00000000c4880000, 0x00000000eab00000)
  object space 74240K, 48% used [0x00000000c0000000,0x00000000c2383b50,0x00000000c4880000)
 Metaspace       used 6833K, capacity 7448K, committed 7680K, reserved 1056768K
  class space    used 641K, capacity 656K, committed 768K, reserved 1048576K

Card table byte_map: [0x0000000011950000,0x0000000011b60000] byte_map_base: 0x0000000011350000

Marking Bits: (ParMarkBitMap*) 0x00000000572e0600
 Begin Bits: [0x00000000120c0000, 0x00000000130c0000)
 End Bits:   [0x00000000130c0000, 0x00000000140c0000)

Polling page: 0x0000000000ae0000

CodeCache: size=245760Kb used=8734Kb max_used=8734Kb free=237025Kb
 bounds [0x0000000002590000, 0x0000000002e20000, 0x0000000011590000]
 total_blobs=2541 nmethods=2273 adapters=181
 compilation: enabled

Compilation events (10 events):
Event: 7.029 Thread 0x000000001650b000 nmethod 2323 0x0000000002e1c790 code [0x0000000002e1c920, 0x0000000002e1cc68]
Event: 7.029 Thread 0x000000001650b000 2322       2       com.android.dx.dex.code.CatchHandlerList::compareTo (9 bytes)
Event: 7.029 Thread 0x000000001650b000 nmethod 2322 0x0000000002e1cf90 code [0x0000000002e1d100, 0x0000000002e1d2a8]
Event: 7.030 Thread 0x000000001650b000 2324       2       com.android.dx.dex.code.CatchTable::get (9 bytes)
Event: 7.030 Thread 0x000000001650b000 nmethod 2324 0x0000000002e1d350 code [0x0000000002e1d4c0, 0x0000000002e1d668]
Event: 7.052 Thread 0x000000001650b000 2325       1       com.android.dx.dex.code.form.Form20t::codeSize (2 bytes)
Event: 7.052 Thread 0x000000001650b000 nmethod 2325 0x0000000002e1d710 code [0x0000000002e1d860, 0x0000000002e1d970]
Event: 7.053 Thread 0x000000001650b000 2326       2       com.android.dx.dex.code.form.Form20t::branchFits (22 bytes)
Event: 7.053 Thread 0x000000001650b000 nmethod 2326 0x0000000002e1d9d0 code [0x0000000002e1db60, 0x0000000002e1de58]
Event: 7.067 Thread 0x000000001650b000 2327       2       com.android.dx.dex.code.form.Form23x::isCompatible (68 bytes)

GC Heap History (10 events):
Event: 3.488 GC heap before
{Heap before GC invocations=7 (full 0):
 PSYoungGen      total 70144K, used 69712K [0x00000000eab00000, 0x00000000efa00000, 0x0000000100000000)
  eden space 62464K, 100% used [0x00000000eab00000,0x00000000ee800000,0x00000000ee800000)
  from space 7680K, 94% used [0x00000000ef080000,0x00000000ef794028,0x00000000ef800000)
  to   space 8704K, 0% used [0x00000000ee800000,0x00000000ee800000,0x00000000ef080000)
 ParOldGen       total 42496K, used 11764K [0x00000000c0000000, 0x00000000c2980000, 0x00000000eab00000)
  object space 42496K, 27% used [0x00000000c0000000,0x00000000c0b7d080,0x00000000c2980000)
 Metaspace       used 6460K, capacity 7192K, committed 7424K, reserved 1056768K
  class space    used 624K, capacity 656K, committed 768K, reserved 1048576K
Event: 3.538 GC heap after
Heap after GC invocations=7 (full 0):
 PSYoungGen      total 71168K, used 8695K [0x00000000eab00000, 0x00000000efa00000, 0x0000000100000000)
  eden space 62464K, 0% used [0x00000000eab00000,0x00000000eab00000,0x00000000ee800000)
  from space 8704K, 99% used [0x00000000ee800000,0x00000000ef07ddf8,0x00000000ef080000)
  to   space 7680K, 0% used [0x00000000ef080000,0x00000000ef080000,0x00000000ef800000)
 ParOldGen       total 42496K, used 23229K [0x00000000c0000000, 0x00000000c2980000, 0x00000000eab00000)
  object space 42496K, 54% used [0x00000000c0000000,0x00000000c16af5c0,0x00000000c2980000)
 Metaspace       used 6460K, capacity 7192K, committed 7424K, reserved 1056768K
  class space    used 624K, capacity 656K, committed 768K, reserved 1048576K
}
Event: 4.374 GC heap before
{Heap before GC invocations=8 (full 0):
 PSYoungGen      total 71168K, used 71159K [0x00000000eab00000, 0x00000000efa00000, 0x0000000100000000)
  eden space 62464K, 100% used [0x00000000eab00000,0x00000000ee800000,0x00000000ee800000)
  from space 8704K, 99% used [0x00000000ee800000,0x00000000ef07ddf8,0x00000000ef080000)
  to   space 7680K, 0% used [0x00000000ef080000,0x00000000ef080000,0x00000000ef800000)
 ParOldGen       total 42496K, used 23229K [0x00000000c0000000, 0x00000000c2980000, 0x00000000eab00000)
  object space 42496K, 54% used [0x00000000c0000000,0x00000000c16af5c0,0x00000000c2980000)
 Metaspace       used 6512K, capacity 7192K, committed 7424K, reserved 1056768K
  class space    used 625K, capacity 656K, committed 768K, reserved 1048576K
Event: 4.439 GC heap after
Heap after GC invocations=8 (full 0):
 PSYoungGen      total 70144K, used 7670K [0x00000000eab00000, 0x00000000efa00000, 0x0000000100000000)
  eden space 62464K, 0% used [0x00000000eab00000,0x00000000eab00000,0x00000000ee800000)
  from space 7680K, 99% used [0x00000000ef080000,0x00000000ef7fd870,0x00000000ef800000)
  to   space 8704K, 0% used [0x00000000ee800000,0x00000000ee800000,0x00000000ef080000)
 ParOldGen       total 42496K, used 34416K [0x00000000c0000000, 0x00000000c2980000, 0x00000000eab00000)
  object space 42496K, 80% used [0x00000000c0000000,0x00000000c219c140,0x00000000c2980000)
 Metaspace       used 6512K, capacity 7192K, committed 7424K, reserved 1056768K
  class space    used 625K, capacity 656K, committed 768K, reserved 1048576K
}
Event: 4.439 GC heap before
{Heap before GC invocations=9 (full 1):
 PSYoungGen      total 70144K, used 7670K [0x00000000eab00000, 0x00000000efa00000, 0x0000000100000000)
  eden space 62464K, 0% used [0x00000000eab00000,0x00000000eab00000,0x00000000ee800000)
  from space 7680K, 99% used [0x00000000ef080000,0x00000000ef7fd870,0x00000000ef800000)
  to   space 8704K, 0% used [0x00000000ee800000,0x00000000ee800000,0x00000000ef080000)
 ParOldGen       total 42496K, used 34416K [0x00000000c0000000, 0x00000000c2980000, 0x00000000eab00000)
  object space 42496K, 80% used [0x00000000c0000000,0x00000000c219c140,0x00000000c2980000)
 Metaspace       used 6512K, capacity 7192K, committed 7424K, reserved 1056768K
  class space    used 625K, capacity 656K, committed 768K, reserved 1048576K
Event: 5.330 GC heap after
Heap after GC invocations=9 (full 1):
 PSYoungGen      total 70144K, used 0K [0x00000000eab00000, 0x00000000efa00000, 0x0000000100000000)
  eden space 62464K, 0% used [0x00000000eab00000,0x00000000eab00000,0x00000000ee800000)
  from space 7680K, 0% used [0x00000000ef080000,0x00000000ef080000,0x00000000ef800000)
  to   space 8704K, 0% used [0x00000000ee800000,0x00000000ee800000,0x00000000ef080000)
 ParOldGen       total 74240K, used 35082K [0x00000000c0000000, 0x00000000c4880000, 0x00000000eab00000)
  object space 74240K, 47% used [0x00000000c0000000,0x00000000c2242a48,0x00000000c4880000)
 Metaspace       used 6512K, capacity 7192K, committed 7424K, reserved 1056768K
  class space    used 625K, capacity 656K, committed 768K, reserved 1048576K
}
Event: 5.937 GC heap before
{Heap before GC invocations=10 (full 1):
 PSYoungGen      total 70144K, used 62464K [0x00000000eab00000, 0x00000000efa00000, 0x0000000100000000)
  eden space 62464K, 100% used [0x00000000eab00000,0x00000000ee800000,0x00000000ee800000)
  from space 7680K, 0% used [0x00000000ef080000,0x00000000ef080000,0x00000000ef800000)
  to   space 8704K, 0% used [0x00000000ee800000,0x00000000ee800000,0x00000000ef080000)
 ParOldGen       total 74240K, used 35082K [0x00000000c0000000, 0x00000000c4880000, 0x00000000eab00000)
  object space 74240K, 47% used [0x00000000c0000000,0x00000000c2242a48,0x00000000c4880000)
 Metaspace       used 6539K, capacity 7192K, committed 7424K, reserved 1056768K
  class space    used 625K, capacity 656K, committed 768K, reserved 1048576K
Event: 5.968 GC heap after
Heap after GC invocations=10 (full 1):
 PSYoungGen      total 71168K, used 8672K [0x00000000eab00000, 0x00000000f1700000, 0x0000000100000000)
  eden space 62464K, 0% used [0x00000000eab00000,0x00000000eab00000,0x00000000ee800000)
  from space 8704K, 99% used [0x00000000ee800000,0x00000000ef078010,0x00000000ef080000)
  to   space 18944K, 0% used [0x00000000f0480000,0x00000000f0480000,0x00000000f1700000)
 ParOldGen       total 74240K, used 36358K [0x00000000c0000000, 0x00000000c4880000, 0x00000000eab00000)
  object space 74240K, 48% used [0x00000000c0000000,0x00000000c2381b50,0x00000000c4880000)
 Metaspace       used 6539K, capacity 7192K, committed 7424K, reserved 1056768K
  class space    used 625K, capacity 656K, committed 768K, reserved 1048576K
}
Event: 6.322 GC heap before
{Heap before GC invocations=11 (full 1):
 PSYoungGen      total 71168K, used 71136K [0x00000000eab00000, 0x00000000f1700000, 0x0000000100000000)
  eden space 62464K, 100% used [0x00000000eab00000,0x00000000ee800000,0x00000000ee800000)
  from space 8704K, 99% used [0x00000000ee800000,0x00000000ef078010,0x00000000ef080000)
  to   space 18944K, 0% used [0x00000000f0480000,0x00000000f0480000,0x00000000f1700000)
 ParOldGen       total 74240K, used 36358K [0x00000000c0000000, 0x00000000c4880000, 0x00000000eab00000)
  object space 74240K, 48% used [0x00000000c0000000,0x00000000c2381b50,0x00000000c4880000)
 Metaspace       used 6552K, capacity 7256K, committed 7424K, reserved 1056768K
  class space    used 625K, capacity 656K, committed 768K, reserved 1048576K
Event: 6.388 GC heap after
Heap after GC invocations=11 (full 1):
 PSYoungGen      total 89088K, used 17984K [0x00000000eab00000, 0x00000000f1e80000, 0x0000000100000000)
  eden space 70144K, 0% used [0x00000000eab00000,0x00000000eab00000,0x00000000eef80000)
  from space 18944K, 94% used [0x00000000f0480000,0x00000000f1610010,0x00000000f1700000)
  to   space 21504K, 0% used [0x00000000eef80000,0x00000000eef80000,0x00000000f0480000)
 ParOldGen       total 74240K, used 36366K [0x00000000c0000000, 0x00000000c4880000, 0x00000000eab00000)
  object space 74240K, 48% used [0x00000000c0000000,0x00000000c2383b50,0x00000000c4880000)
 Metaspace       used 6552K, capacity 7256K, committed 7424K, reserved 1056768K
  class space    used 625K, capacity 656K, committed 768K, reserved 1048576K
}

Deoptimization events (10 events):
Event: 4.010 Thread 0x0000000002491000 Uncommon trap: reason=unloaded action=reinterpret pc=0x0000000002c20d0c method=com.android.dx.cf.cst.ConstantPoolParser.parse0(ILjava/util/BitSet;)Lcom/android/dx/rop/cst/Constant; @ 220
Event: 6.290 Thread 0x000000001670e800 Uncommon trap: reason=bimorphic action=maybe_recompile pc=0x0000000002caadc0 method=com.android.dx.cf.code.RopperMachine.run(Lcom/android/dx/cf/code/Frame;II)V @ 988
Event: 6.445 Thread 0x0000000002491000 Uncommon trap: reason=class_check action=maybe_recompile pc=0x0000000002934cc8 method=java.util.Arrays.hashCode([Ljava/lang/Object;)I @ 43
Event: 6.445 Thread 0x0000000002491000 Uncommon trap: reason=class_check action=maybe_recompile pc=0x0000000002934cc8 method=java.util.Arrays.hashCode([Ljava/lang/Object;)I @ 43
Event: 6.445 Thread 0x0000000002491000 Uncommon trap: reason=class_check action=maybe_recompile pc=0x0000000002934cc8 method=java.util.Arrays.hashCode([Ljava/lang/Object;)I @ 43
Event: 6.446 Thread 0x0000000002491000 Uncommon trap: reason=class_check action=maybe_recompile pc=0x0000000002934cc8 method=java.util.Arrays.hashCode([Ljava/lang/Object;)I @ 43
Event: 6.500 Thread 0x0000000002491000 Uncommon trap: reason=class_check action=maybe_recompile pc=0x0000000002994284 method=java.util.HashMap.putVal(ILjava/lang/Object;Ljava/lang/Object;ZZ)Ljava/lang/Object; @ 203
Event: 6.513 Thread 0x0000000002491000 Uncommon trap: reason=class_check action=maybe_recompile pc=0x0000000002994284 method=java.util.HashMap.putVal(ILjava/lang/Object;Ljava/lang/Object;ZZ)Ljava/lang/Object; @ 203
Event: 6.513 Thread 0x0000000002491000 Uncommon trap: reason=class_check action=maybe_recompile pc=0x0000000002994284 method=java.util.HashMap.putVal(ILjava/lang/Object;Ljava/lang/Object;ZZ)Ljava/lang/Object; @ 203
Event: 6.515 Thread 0x0000000002491000 Uncommon trap: reason=class_check action=maybe_recompile pc=0x0000000002994284 method=java.util.HashMap.putVal(ILjava/lang/Object;Ljava/lang/Object;ZZ)Ljava/lang/Object; @ 203

Internal exceptions (6 events):
Event: 0.056 Thread 0x0000000002491000 Exception <a 'java/lang/NoSuchMethodError': Method sun.misc.Unsafe.defineClass(Ljava/lang/String;[BII)Ljava/lang/Class; name or signature does not match> (0x00000000eab07cc0) thrown at [D:\re\workspace\8-2-build-windows-amd64-cygwin\jdk8u77\6540\hotspot\srÖÉœ‚¬?
Event: 0.056 Thread 0x0000000002491000 Exception <a 'java/lang/NoSuchMethodError': Method sun.misc.Unsafe.prefetchRead(Ljava/lang/Object;J)V name or signature does not match> (0x00000000eab07fa8) thrown at [D:\re\workspace\8-2-build-windows-amd64-cygwin\jdk8u77\6540\hotspot\src\share\vm\prims\j‘z¯9é`þ?
Event: 1.899 Thread 0x0000000016722000 Implicit null exception at 0x0000000002846722 to 0x0000000002846812
Event: 3.395 Thread 0x0000000002491000 Exception <a 'java/lang/ArrayIndexOutOfBoundsException': 18> (0x00000000edbdeda8) thrown at [D:\re\workspace\8-2-build-windows-amd64-cygwin\jdk8u77\6540\hotspot\src\share\vm\interpreter\interpreterRuntime.cpp, line 366]
Event: 3.395 Thread 0x0000000002491000 Exception <a 'java/lang/ArrayIndexOutOfBoundsException': 145> (0x00000000edbe0928) thrown at [D:\re\workspace\8-2-build-windows-amd64-cygwin\jdk8u77\6540\hotspot\src\share\vm\interpreter\interpreterRuntime.cpp, line 366]
Event: 3.396 Thread 0x0000000002491000 Exception <a 'java/lang/ArrayIndexOutOfBoundsException'> (0x00000000edbe1c10) thrown at [D:\re\workspace\8-2-build-windows-amd64-cygwin\jdk8u77\6540\hotspot\src\share\vm\runtime\sharedRuntime.cpp, line 605]

Events (10 events):
Event: 6.932 Thread 0x0000000002491000 DEOPT PACKING pc=0x0000000002dbdd19 sp=0x000000000248ed20
Event: 6.932 Thread 0x0000000002491000 DEOPT UNPACKING pc=0x00000000025d747f sp=0x000000000248eae8 mode 0
Event: 6.935 Thread 0x0000000002491000 DEOPT PACKING pc=0x0000000002dbf337 sp=0x000000000248ed60
Event: 6.935 Thread 0x0000000002491000 DEOPT UNPACKING pc=0x00000000025d747f sp=0x000000000248eb28 mode 0
Event: 6.937 Thread 0x0000000002491000 DEOPT PACKING pc=0x0000000002dc0910 sp=0x000000000248edf0
Event: 6.937 Thread 0x0000000002491000 DEOPT UNPACKING pc=0x00000000025d747f sp=0x000000000248eb50 mode 0
Event: 6.939 Thread 0x0000000002491000 DEOPT PACKING pc=0x0000000002dc1551 sp=0x000000000248ed50
Event: 6.939 Thread 0x0000000002491000 DEOPT UNPACKING pc=0x00000000025d747f sp=0x000000000248ead8 mode 0
Event: 6.945 Thread 0x0000000002491000 DEOPT PACKING pc=0x0000000002db7378 sp=0x000000000248ee50
Event: 6.945 Thread 0x0000000002491000 DEOPT UNPACKING pc=0x00000000025d747f sp=0x000000000248ebb0 mode 0


Dynamic libraries:
0x00007ff7d6820000 - 0x00007ff7d6857000 	C:\Program Files\Java\jdk1.8.0_74\bin\java.exe
0x00007ffb34760000 - 0x00007ffb34921000 	C:\Windows\SYSTEM32\ntdll.dll
0x00007ffb320f0000 - 0x00007ffb3219d000 	C:\Windows\system32\KERNEL32.DLL
0x00007ffb311d0000 - 0x00007ffb313b8000 	C:\Windows\system32\KERNELBASE.dll
0x00007ffb31e60000 - 0x00007ffb31f07000 	C:\Windows\system32\ADVAPI32.dll
0x00007ffb31fe0000 - 0x00007ffb3207d000 	C:\Windows\system32\msvcrt.dll
0x00007ffb33e20000 - 0x00007ffb33e7b000 	C:\Windows\system32\sechost.dll
0x00007ffb321b0000 - 0x00007ffb322cc000 	C:\Windows\system32\RPCRT4.dll
0x00007ffb34010000 - 0x00007ffb34166000 	C:\Windows\system32\USER32.dll
0x00007ffb33e80000 - 0x00007ffb34006000 	C:\Windows\system32\GDI32.dll
0x00007ffb24020000 - 0x00007ffb24294000 	C:\Windows\WinSxS\amd64_microsoft.windows.common-controls_6595b64144ccf1df_6.0.10586.589_none_a2ddb3caa539acce\COMCTL32.dll
0x00007ffb322f0000 - 0x00007ffb3256d000 	C:\Windows\system32\combase.dll
0x00007ffb30e80000 - 0x00007ffb30eea000 	C:\Windows\system32\bcryptPrimitives.dll
0x00007ffb34650000 - 0x00007ffb3468b000 	C:\Windows\system32\IMM32.DLL
0x0000000056650000 - 0x0000000056722000 	C:\Program Files\Java\jdk1.8.0_74\jre\bin\msvcr100.dll
0x0000000056ad0000 - 0x0000000057360000 	C:\Program Files\Java\jdk1.8.0_74\jre\bin\server\jvm.dll
0x00007ffb31f10000 - 0x00007ffb31f18000 	C:\Windows\system32\PSAPI.DLL
0x00007ffb284e0000 - 0x00007ffb284e9000 	C:\Windows\SYSTEM32\WSOCK32.dll
0x00007ffb32080000 - 0x00007ffb320eb000 	C:\Windows\system32\WS2_32.dll
0x00007ffb2f0c0000 - 0x00007ffb2f0e3000 	C:\Windows\SYSTEM32\WINMM.dll
0x00007ffb287a0000 - 0x00007ffb287aa000 	C:\Windows\SYSTEM32\VERSION.dll
0x00007ffb2f060000 - 0x00007ffb2f08c000 	C:\Windows\SYSTEM32\WINMMBASE.dll
0x00007ffb30e10000 - 0x00007ffb30e53000 	C:\Windows\system32\cfgmgr32.dll
0x0000000056ac0000 - 0x0000000056acf000 	C:\Program Files\Java\jdk1.8.0_74\jre\bin\verify.dll
0x0000000056a90000 - 0x0000000056ab9000 	C:\Program Files\Java\jdk1.8.0_74\jre\bin\java.dll
0x0000000056a70000 - 0x0000000056a86000 	C:\Program Files\Java\jdk1.8.0_74\jre\bin\zip.dll
0x00007ffb32580000 - 0x00007ffb33adc000 	C:\Windows\system32\SHELL32.dll
0x00007ffb31510000 - 0x00007ffb31b55000 	C:\Windows\system32\windows.storage.dll
0x00007ffb31f20000 - 0x00007ffb31f72000 	C:\Windows\system32\shlwapi.dll
0x00007ffb30e00000 - 0x00007ffb30e0f000 	C:\Windows\system32\kernel.appcore.dll
0x00007ffb313c0000 - 0x00007ffb31475000 	C:\Windows\system32\shcore.dll
0x00007ffb30db0000 - 0x00007ffb30dfb000 	C:\Windows\system32\powrprof.dll
0x00007ffb30d80000 - 0x00007ffb30d94000 	C:\Windows\system32\profapi.dll

VM Arguments:
jvm_args: -Djava.awt.headless=true -Xmx1024M -Dfile.encoding=windows-1256 -Duser.country=US -Duser.language=en -Duser.variant 
java_command: com.android.dx.command.Main --dex --force-jumbo --num-threads=4 --output F:\FCI_3rd\AndroidProjects\LocateMe1.0\app\build\intermediates\pre-dexed\debug\com.google.android.gms-play-services-basement-9.2.1_1fc46fcf205e3f124747c060e0964affe370212a.jar F:\FCI_3rd\AndroidProjects\LocateMe1.0\app\build\intermediates\exploded-aar\com.google.android.gms\play-services-basement\9.2.1\jars\classes.jar
java_class_path (initial): E:\3LI\Android\sdk\build-tools\24.0.1\lib\dx.jar
Launcher Type: SUN_STANDARD

Environment Variables:
JAVA_HOME=C:\Program Files\Java\jdk1.8.0_74\jre
PATH=C:\ProgramData\Oracle\Java\javapath;C:\Windows\system32;C:\Windows;C:\Windows\System32\Wbem;C:\Windows\System32\WindowsPowerShell\v1.0\;C:\TDM-GCC-64\bin;E:\3LI\Microchip\bin;C:\Program Files (x86)\GtkSharp\2.12\bin;C:\Program Files\Microsoft SQL Server\110\Tools\Binn\;C:\AppServ\Apache2.2\bin;C:\AppServ\php6;C:\AppServ\MySQL\bin
USERNAME=E610
OS=Windows_NT
PROCESSOR_IDENTIFIER=Intel64 Family 6 Model 37 Stepping 5, GenuineIntel



---------------  S Y S T E M  ---------------

OS: Windows 10.0 , 64 bit Build 10586 (10.0.10586.589)

CPU:total 4 (2 cores per cpu, 2 threads per core) family 6 model 37 stepping 5, cmov, cx8, fxsr, mmx, sse, sse2, sse3, ssse3, sse4.1, sse4.2, popcnt, aes, clmul, ht, tsc, tscinvbit

Memory: 4k page, physical 3980672k(832952k free), swap 4284664k(5308k free)

vm_info: Java HotSpot(TM) 64-Bit Server VM (25.77-b03) for windows-amd64 JRE (1.8.0_77-b03), built on Mar 20 2016 22:01:33 by "java_re" with MS VC++ 10.0 (VS2010)

time: Sun Jan 01 16:44:36 2017
elapsed time: 7 seconds (0d 0h 0m 7s)

