#
# There is insufficient memory for the Java Runtime Environment to continue.
# Native memory allocation (malloc) failed to allocate 172112 bytes for Chunk::new
# Possible reasons:
#   The system is out of physical RAM or swap space
#   In 32 bit mode, the process size limit was hit
# Possible solutions:
#   Reduce memory load on the system
#   Increase physical memory or swap space
#   Check if swap backing store is full
#   Use 64 bit Java on a 64 bit OS
#   Decrease Java heap size (-Xmx/-Xms)
#   Decrease number of Java threads
#   Decrease Java thread stack sizes (-Xss)
#   Set larger code cache with -XX:ReservedCodeCacheSize=
# This output file may be truncated or incomplete.
#
#  Out of Memory Error (allocation.cpp:390), pid=9000, tid=1884
#
# JRE version: Java(TM) SE Runtime Environment (8.0_77-b03) (build 1.8.0_77-b03)
# Java VM: Java HotSpot(TM) 64-Bit Server VM (25.77-b03 mixed mode windows-amd64 compressed oops)
# Failed to write core dump. Minidumps are not enabled by default on client versions of Windows
#

---------------  T H R E A D  ---------------

Current thread (0x0000000015767800):  JavaThread "C2 CompilerThread0" daemon [_thread_in_native, id=1884, stack(0x0000000016c70000,0x0000000016d70000)]

Stack: [0x0000000016c70000,0x0000000016d70000]
[error occurred during error reporting (printing stack bounds), id 0xc0000005]

Native frames: (J=compiled Java code, j=interpreted, Vv=VM code, C=native code)


Current CompileTask:
C2:   4609 1398       4       com.android.dx.ssa.SCCP::simulatePhi (169 bytes)


---------------  P R O C E S S  ---------------

Java Threads: ( => current thread )
  0x000000001718b000 JavaThread "pool-1-thread-4" [_thread_blocked, id=4132, stack(0x0000000017970000,0x0000000017a70000)]
  0x0000000017184000 JavaThread "pool-1-thread-3" [_thread_in_vm, id=7828, stack(0x0000000017870000,0x0000000017970000)]
  0x000000001717e800 JavaThread "pool-1-thread-2" [_thread_blocked, id=5340, stack(0x0000000017770000,0x0000000017870000)]
  0x000000001717e000 JavaThread "pool-2-thread-1" [_thread_blocked, id=4820, stack(0x0000000017670000,0x0000000017770000)]
  0x00000000171cc000 JavaThread "pool-1-thread-1" [_thread_blocked, id=7872, stack(0x0000000017570000,0x0000000017670000)]
  0x0000000016ec9000 JavaThread "Service Thread" daemon [_thread_blocked, id=2908, stack(0x0000000017370000,0x0000000017470000)]
  0x0000000016ec2000 JavaThread "C1 CompilerThread2" daemon [_thread_blocked, id=6604, stack(0x0000000017270000,0x0000000017370000)]
  0x000000001576a800 JavaThread "C2 CompilerThread1" daemon [_thread_in_native, id=6800, stack(0x0000000016d70000,0x0000000016e70000)]
=>0x0000000015767800 JavaThread "C2 CompilerThread0" daemon [_thread_in_native, id=1884, stack(0x0000000016c70000,0x0000000016d70000)]
  0x0000000015765800 JavaThread "Attach Listener" daemon [_thread_blocked, id=8820, stack(0x0000000016b70000,0x0000000016c70000)]
  0x0000000015764800 JavaThread "Signal Dispatcher" daemon [_thread_blocked, id=9124, stack(0x0000000016a70000,0x0000000016b70000)]
  0x000000001570a800 JavaThread "Finalizer" daemon [_thread_blocked, id=9180, stack(0x0000000016970000,0x0000000016a70000)]
  0x000000000303f000 JavaThread "Reference Handler" daemon [_thread_blocked, id=9172, stack(0x0000000016870000,0x0000000016970000)]
  0x0000000002f4d800 JavaThread "main" [_thread_blocked, id=8228, stack(0x0000000002b50000,0x0000000002c50000)]

Other Threads:
  0x00000000156e8000 VMThread [stack: 0x0000000016770000,0x0000000016870000] [id=7608]
  0x0000000016f0b800 WatcherThread [stack: 0x0000000017470000,0x0000000017570000] [id=696]

VM state:not at safepoint (normal execution)

VM Mutex/Monitor currently owned by a thread: None

Heap:
 PSYoungGen      total 18432K, used 5455K [0x00000000eab00000, 0x00000000ecf00000, 0x0000000100000000)
  eden space 15872K, 18% used [0x00000000eab00000,0x00000000eaddbd78,0x00000000eba80000)
  from space 2560K, 98% used [0x00000000eba80000,0x00000000ebcf8028,0x00000000ebd00000)
  to   space 2560K, 0% used [0x00000000ecc80000,0x00000000ecc80000,0x00000000ecf00000)
 ParOldGen       total 42496K, used 4246K [0x00000000c0000000, 0x00000000c2980000, 0x00000000eab00000)
  object space 42496K, 9% used [0x00000000c0000000,0x00000000c0425b20,0x00000000c2980000)
 Metaspace       used 6170K, capacity 7030K, committed 7296K, reserved 1056768K
  class space    used 604K, capacity 622K, committed 640K, reserved 1048576K

Card table byte_map: [0x0000000012410000,0x0000000012620000] byte_map_base: 0x0000000011e10000

Marking Bits: (ParMarkBitMap*) 0x0000000074b10600
 Begin Bits: [0x0000000012b80000, 0x0000000013b80000)
 End Bits:   [0x0000000013b80000, 0x0000000014b80000)

Polling page: 0x0000000001590000

CodeCache: size=245760Kb used=5690Kb max_used=5719Kb free=240069Kb
 bounds [0x0000000003050000, 0x00000000035f0000, 0x0000000012050000]
 total_blobs=1667 nmethods=1400 adapters=181
 compilation: enabled

Compilation events (10 events):
Event: 4.416 Thread 0x000000001576a800 nmethod 1386 0x00000000035de010 code [0x00000000035de660, 0x00000000035e4b10]
Event: 4.417 Thread 0x000000001576a800 1399       4       com.android.dx.ssa.DeadCodeRemover::pruneDeadInstructions (246 bytes)
Event: 4.435 Thread 0x000000001576a800 nmethod 1399 0x00000000035cee10 code [0x00000000035cefa0, 0x00000000035cf5b8]
Event: 4.435 Thread 0x000000001576a800 1400       4       java.util.ArrayList::fastRemove (57 bytes)
Event: 4.438 Thread 0x000000001576a800 nmethod 1400 0x00000000035ba9d0 code [0x00000000035bab20, 0x00000000035bac58]
Event: 4.438 Thread 0x000000001576a800 1401       4       java.util.ArrayList::remove (77 bytes)
Event: 4.447 Thread 0x000000001576a800 nmethod 1401 0x00000000035ce750 code [0x00000000035ce8a0, 0x00000000035cec38]
Event: 4.447 Thread 0x000000001576a800 1402       4       com.android.dx.ssa.LiteralOpUpgrader$1::visitNonMoveInsn (203 bytes)
Event: 4.594 Thread 0x0000000016ec2000 1407       3       java.util.RegularEnumSet::remove (74 bytes)
Event: 4.594 Thread 0x0000000016ec2000 nmethod 1407 0x00000000035c0e50 code [0x00000000035c0fe0, 0x00000000035c1588]

GC Heap History (6 events):
Event: 2.736 GC heap before
{Heap before GC invocations=1 (full 0):
 PSYoungGen      total 18432K, used 15662K [0x00000000eab00000, 0x00000000ebf80000, 0x0000000100000000)
  eden space 15872K, 98% used [0x00000000eab00000,0x00000000eba4ba40,0x00000000eba80000)
  from space 2560K, 0% used [0x00000000ebd00000,0x00000000ebd00000,0x00000000ebf80000)
  to   space 2560K, 0% used [0x00000000eba80000,0x00000000eba80000,0x00000000ebd00000)
 ParOldGen       total 42496K, used 0K [0x00000000c0000000, 0x00000000c2980000, 0x00000000eab00000)
  object space 42496K, 0% used [0x00000000c0000000,0x00000000c0000000,0x00000000c2980000)
 Metaspace       used 5257K, capacity 6224K, committed 6528K, reserved 1056768K
  class space    used 577K, capacity 584K, committed 640K, reserved 1048576K
Event: 2.747 GC heap after
Heap after GC invocations=1 (full 0):
 PSYoungGen      total 18432K, used 2533K [0x00000000eab00000, 0x00000000ebf80000, 0x0000000100000000)
  eden space 15872K, 0% used [0x00000000eab00000,0x00000000eab00000,0x00000000eba80000)
  from space 2560K, 98% used [0x00000000eba80000,0x00000000ebcf9530,0x00000000ebd00000)
  to   space 2560K, 0% used [0x00000000ebd00000,0x00000000ebd00000,0x00000000ebf80000)
 ParOldGen       total 42496K, used 262K [0x00000000c0000000, 0x00000000c2980000, 0x00000000eab00000)
  object space 42496K, 0% used [0x00000000c0000000,0x00000000c0041bf8,0x00000000c2980000)
 Metaspace       used 5257K, capacity 6224K, committed 6528K, reserved 1056768K
  class space    used 577K, capacity 584K, committed 640K, reserved 1048576K
}
Event: 3.376 GC heap before
{Heap before GC invocations=2 (full 0):
 PSYoungGen      total 18432K, used 18405K [0x00000000eab00000, 0x00000000ebf80000, 0x0000000100000000)
  eden space 15872K, 100% used [0x00000000eab00000,0x00000000eba80000,0x00000000eba80000)
  from space 2560K, 98% used [0x00000000eba80000,0x00000000ebcf9530,0x00000000ebd00000)
  to   space 2560K, 0% used [0x00000000ebd00000,0x00000000ebd00000,0x00000000ebf80000)
 ParOldGen       total 42496K, used 262K [0x00000000c0000000, 0x00000000c2980000, 0x00000000eab00000)
  object space 42496K, 0% used [0x00000000c0000000,0x00000000c0041bf8,0x00000000c2980000)
 Metaspace       used 6002K, capacity 6838K, committed 7040K, reserved 1056768K
  class space    used 604K, capacity 622K, committed 640K, reserved 1048576K
Event: 3.384 GC heap after
Heap after GC invocations=2 (full 0):
 PSYoungGen      total 18432K, used 2551K [0x00000000eab00000, 0x00000000ebf80000, 0x0000000100000000)
  eden space 15872K, 0% used [0x00000000eab00000,0x00000000eab00000,0x00000000eba80000)
  from space 2560K, 99% used [0x00000000ebd00000,0x00000000ebf7dc78,0x00000000ebf80000)
  to   space 2560K, 0% used [0x00000000eba80000,0x00000000eba80000,0x00000000ebd00000)
 ParOldGen       total 42496K, used 1628K [0x00000000c0000000, 0x00000000c2980000, 0x00000000eab00000)
  object space 42496K, 3% used [0x00000000c0000000,0x00000000c0197320,0x00000000c2980000)
 Metaspace       used 6002K, capacity 6838K, committed 7040K, reserved 1056768K
  class space    used 604K, capacity 622K, committed 640K, reserved 1048576K
}
Event: 3.703 GC heap before
{Heap before GC invocations=3 (full 0):
 PSYoungGen      total 18432K, used 18423K [0x00000000eab00000, 0x00000000ebf80000, 0x0000000100000000)
  eden space 15872K, 100% used [0x00000000eab00000,0x00000000eba80000,0x00000000eba80000)
  from space 2560K, 99% used [0x00000000ebd00000,0x00000000ebf7dc78,0x00000000ebf80000)
  to   space 2560K, 0% used [0x00000000eba80000,0x00000000eba80000,0x00000000ebd00000)
 ParOldGen       total 42496K, used 1628K [0x00000000c0000000, 0x00000000c2980000, 0x00000000eab00000)
  object space 42496K, 3% used [0x00000000c0000000,0x00000000c0197320,0x00000000c2980000)
 Metaspace       used 6158K, capacity 7030K, committed 7296K, reserved 1056768K
  class space    used 604K, capacity 622K, committed 640K, reserved 1048576K
Event: 3.842 GC heap after
Heap after GC invocations=3 (full 0):
 PSYoungGen      total 18432K, used 2528K [0x00000000eab00000, 0x00000000ecf00000, 0x0000000100000000)
  eden space 15872K, 0% used [0x00000000eab00000,0x00000000eab00000,0x00000000eba80000)
  from space 2560K, 98% used [0x00000000eba80000,0x00000000ebcf8028,0x00000000ebd00000)
  to   space 2560K, 0% used [0x00000000ecc80000,0x00000000ecc80000,0x00000000ecf00000)
 ParOldGen       total 42496K, used 4246K [0x00000000c0000000, 0x00000000c2980000, 0x00000000eab00000)
  object space 42496K, 9% used [0x00000000c0000000,0x00000000c0425b20,0x00000000c2980000)
 Metaspace       used 6158K, capacity 7030K, committed 7296K, reserved 1056768K
  class space    used 604K, capacity 622K, committed 640K, reserved 1048576K
}

Deoptimization events (6 events):
Event: 2.855 Thread 0x000000001718b000 Uncommon trap: reason=unstable_if action=reinterpret pc=0x000000000327bab0 method=java.util.BitSet.nextSetBit(I)I @ 87
Event: 2.895 Thread 0x000000001718b000 Uncommon trap: reason=unstable_if action=reinterpret pc=0x000000000329f2f4 method=java.util.BitSet.ensureCapacity(I)V @ 6
Event: 3.560 Thread 0x000000001718b000 Uncommon trap: reason=null_check action=make_not_entrant pc=0x000000000332b5a0 method=com.android.dx.rop.type.Type.equals(Ljava/lang/Object;)Z @ 8
Event: 3.640 Thread 0x0000000002f4d800 Uncommon trap: reason=unstable_if action=reinterpret pc=0x00000000034ae0f4 method=java.util.HashMap.putVal(ILjava/lang/Object;Ljava/lang/Object;ZZ)Ljava/lang/Object; @ 162
Event: 3.641 Thread 0x0000000002f4d800 Uncommon trap: reason=unstable_if action=reinterpret pc=0x0000000003291064 method=java.util.HashMap.getNode(ILjava/lang/Object;)Ljava/util/HashMap$Node; @ 84
Event: 3.641 Thread 0x0000000002f4d800 Uncommon trap: reason=unstable_if action=reinterpret pc=0x00000000032744e4 method=java.util.HashMap.getNode(ILjava/lang/Object;)Ljava/util/HashMap$Node; @ 84

Internal exceptions (3 events):
Event: 1.733 Thread 0x0000000002f4d800 Exception <a 'java/lang/NoSuchMethodError': Method sun.misc.Unsafe.defineClass(Ljava/lang/String;[BII)Ljava/lang/Class; name or signature does not match> (0x00000000eab07cc0) thrown at [D:\re\workspace\8-2-build-windows-amd64-cygwin\jdk8u77\6540\hotspot\sr#zûQ»û?
Event: 1.733 Thread 0x0000000002f4d800 Exception <a 'java/lang/NoSuchMethodError': Method sun.misc.Unsafe.prefetchRead(Ljava/lang/Object;J)V name or signature does not match> (0x00000000eab07fa8) thrown at [D:\re\workspace\8-2-build-windows-amd64-cygwin\jdk8u77\6540\hotspot\src\share\vm\prims\jït.qz@
Event: 3.560 Thread 0x000000001718b000 Implicit null exception at 0x000000000332b4a2 to 0x000000000332b592

Events (10 events):
Event: 3.640 Thread 0x0000000002f4d800 DEOPT PACKING pc=0x00000000034ae0f4 sp=0x0000000002c4e2e0
Event: 3.640 Thread 0x0000000002f4d800 DEOPT UNPACKING pc=0x000000000309582a sp=0x0000000002c4e268 mode 2
Event: 3.641 Thread 0x0000000002f4d800 Uncommon trap: trap_request=0xffffff65 fr.pc=0x0000000003291064
Event: 3.641 Thread 0x0000000002f4d800 DEOPT PACKING pc=0x0000000003291064 sp=0x0000000002c4e010
Event: 3.641 Thread 0x0000000002f4d800 DEOPT UNPACKING pc=0x000000000309582a sp=0x0000000002c4df40 mode 2
Event: 3.641 Thread 0x0000000002f4d800 Uncommon trap: trap_request=0xffffff65 fr.pc=0x00000000032744e4
Event: 3.641 Thread 0x0000000002f4d800 DEOPT PACKING pc=0x00000000032744e4 sp=0x0000000002c4dfa0
Event: 3.641 Thread 0x0000000002f4d800 DEOPT UNPACKING pc=0x000000000309582a sp=0x0000000002c4df40 mode 2
Event: 3.687 Executing VM operation: ParallelGCFailedAllocation
Event: 3.842 Executing VM operation: ParallelGCFailedAllocation done


Dynamic libraries:
0x00007ff6ed920000 - 0x00007ff6ed957000 	C:\Program Files\Java\jdk1.8.0_74\bin\java.exe
0x00007fff235f0000 - 0x00007fff237b1000 	C:\Windows\SYSTEM32\ntdll.dll
0x00007fff23540000 - 0x00007fff235ed000 	C:\Windows\system32\KERNEL32.DLL
0x00007fff20530000 - 0x00007fff20718000 	C:\Windows\system32\KERNELBASE.dll
0x00007fff21150000 - 0x00007fff211f7000 	C:\Windows\system32\ADVAPI32.dll
0x00007fff21850000 - 0x00007fff218ed000 	C:\Windows\system32\msvcrt.dll
0x00007fff23380000 - 0x00007fff233db000 	C:\Windows\system32\sechost.dll
0x00007fff23420000 - 0x00007fff2353c000 	C:\Windows\system32\RPCRT4.dll
0x00007fff23220000 - 0x00007fff23376000 	C:\Windows\system32\USER32.dll
0x00007fff20e80000 - 0x00007fff21006000 	C:\Windows\system32\GDI32.dll
0x00007fff12ef0000 - 0x00007fff13164000 	C:\Windows\WinSxS\amd64_microsoft.windows.common-controls_6595b64144ccf1df_6.0.10586.589_none_a2ddb3caa539acce\COMCTL32.dll
0x00007fff21a40000 - 0x00007fff21cbd000 	C:\Windows\system32\combase.dll
0x00007fff1fca0000 - 0x00007fff1fd0a000 	C:\Windows\system32\bcryptPrimitives.dll
0x00007fff233e0000 - 0x00007fff2341b000 	C:\Windows\system32\IMM32.DLL
0x0000000073e80000 - 0x0000000073f52000 	C:\Program Files\Java\jdk1.8.0_74\jre\bin\msvcr100.dll
0x0000000074300000 - 0x0000000074b90000 	C:\Program Files\Java\jdk1.8.0_74\jre\bin\server\jvm.dll
0x00007fff21070000 - 0x00007fff21078000 	C:\Windows\system32\PSAPI.DLL
0x00007fff19050000 - 0x00007fff19059000 	C:\Windows\SYSTEM32\WSOCK32.dll
0x00007fff20e00000 - 0x00007fff20e6b000 	C:\Windows\system32\WS2_32.dll
0x00007fff1e1d0000 - 0x00007fff1e1f3000 	C:\Windows\SYSTEM32\WINMM.dll
0x00007fff16c40000 - 0x00007fff16c4a000 	C:\Windows\SYSTEM32\VERSION.dll
0x00007fff1e1a0000 - 0x00007fff1e1cc000 	C:\Windows\SYSTEM32\WINMMBASE.dll
0x00007fff20780000 - 0x00007fff207c3000 	C:\Windows\system32\cfgmgr32.dll
0x00000000742f0000 - 0x00000000742ff000 	C:\Program Files\Java\jdk1.8.0_74\jre\bin\verify.dll
0x00000000742c0000 - 0x00000000742e9000 	C:\Program Files\Java\jdk1.8.0_74\jre\bin\java.dll
0x00000000742a0000 - 0x00000000742b6000 	C:\Program Files\Java\jdk1.8.0_74\jre\bin\zip.dll
0x00007fff21cc0000 - 0x00007fff2321c000 	C:\Windows\system32\SHELL32.dll
0x00007fff1fd10000 - 0x00007fff20355000 	C:\Windows\system32\windows.storage.dll
0x00007fff21010000 - 0x00007fff21062000 	C:\Windows\system32\shlwapi.dll
0x00007fff1fc30000 - 0x00007fff1fc3f000 	C:\Windows\system32\kernel.appcore.dll
0x00007fff207f0000 - 0x00007fff208a5000 	C:\Windows\system32\shcore.dll
0x00007fff1fc40000 - 0x00007fff1fc8b000 	C:\Windows\system32\powrprof.dll
0x00007fff1fc10000 - 0x00007fff1fc24000 	C:\Windows\system32\profapi.dll

VM Arguments:
jvm_args: -Djava.awt.headless=true -Xmx1024M -Dfile.encoding=windows-1256 -Duser.country=US -Duser.language=en -Duser.variant 
java_command: com.android.dx.command.Main --dex --force-jumbo --num-threads=4 --output F:\FCI_3rd\AndroidProjects\LocateMe1.0\app\build\intermediates\pre-dexed\debug\com.google.android.gms-play-services-basement-9.2.1_1fc46fcf205e3f124747c060e0964affe370212a.jar F:\FCI_3rd\AndroidProjects\LocateMe1.0\app\build\intermediates\exploded-aar\com.google.android.gms\play-services-basement\9.2.1\jars\classes.jar
java_class_path (initial): E:\3LI\Android\sdk\build-tools\24.0.1\lib\dx.jar
Launcher Type: SUN_STANDARD

Environment Variables:
JAVA_HOME=C:\Program Files\Java\jdk1.8.0_74\jre
PATH=C:\ProgramData\Oracle\Java\javapath;C:\Windows\system32;C:\Windows;C:\Windows\System32\Wbem;C:\Windows\System32\WindowsPowerShell\v1.0\;C:\TDM-GCC-64\bin;E:\3LI\Microchip\bin;C:\Program Files (x86)\GtkSharp\2.12\bin;C:\Program Files\Microsoft SQL Server\110\Tools\Binn\;C:\AppServ\Apache2.2\bin;C:\AppServ\php6;C:\AppServ\MySQL\bin
USERNAME=E610
OS=Windows_NT
PROCESSOR_IDENTIFIER=Intel64 Family 6 Model 37 Stepping 5, GenuineIntel



---------------  S Y S T E M  ---------------

OS: Windows 10.0 , 64 bit Build 10586 (10.0.10586.589)

CPU:total 4 (2 cores per cpu, 2 threads per core) family 6 model 37 stepping 5, cmov, cx8, fxsr, mmx, sse, sse2, sse3, ssse3, sse4.1, sse4.2, popcnt, aes, clmul, ht, tsc, tscinvbit

Memory: 4k page, physical 3980672k(560560k free), swap 4226176k(8532k free)

vm_info: Java HotSpot(TM) 64-Bit Server VM (25.77-b03) for windows-amd64 JRE (1.8.0_77-b03), built on Mar 20 2016 22:01:33 by "java_re" with MS VC++ 10.0 (VS2010)

time: Sun Jan 01 19:08:36 2017
elapsed time: 4 seconds (0d 0h 0m 4s)

