#
# There is insufficient memory for the Java Runtime Environment to continue.
# Native memory allocation (malloc) failed to allocate 32744 bytes for ChunkPool::allocate
# Possible reasons:
#   The system is out of physical RAM or swap space
#   In 32 bit mode, the process size limit was hit
# Possible solutions:
#   Reduce memory load on the system
#   Increase physical memory or swap space
#   Check if swap backing store is full
#   Use 64 bit Java on a 64 bit OS
#   Decrease Java heap size (-Xmx/-Xms)
#   Decrease number of Java threads
#   Decrease Java thread stack sizes (-Xss)
#   Set larger code cache with -XX:ReservedCodeCacheSize=
# This output file may be truncated or incomplete.
#
#  Out of Memory Error (allocation.cpp:273), pid=6860, tid=220
#
# JRE version: Java(TM) SE Runtime Environment (8.0_77-b03) (build 1.8.0_77-b03)
# Java VM: Java HotSpot(TM) 64-Bit Server VM (25.77-b03 mixed mode windows-amd64 compressed oops)
# Failed to write core dump. Minidumps are not enabled by default on client versions of Windows
#

---------------  T H R E A D  ---------------

Current thread (0x000000001557b800):  JavaThread "C2 CompilerThread1" daemon [_thread_in_native, id=220, stack(0x0000000016b80000,0x0000000016c80000)]

Stack: [0x0000000016b80000,0x0000000016c80000]
[error occurred during error reporting (printing stack bounds), id 0xc0000005]

Native frames: (J=compiled Java code, j=interpreted, Vv=VM code, C=native code)


Current CompileTask:
C2:   1165  623       4       com.android.dx.util.Bits::clear (21 bytes)


---------------  P R O C E S S  ---------------

Java Threads: ( => current thread )
  0x0000000016eba800 JavaThread "pool-1-thread-4" [_thread_in_Java, id=3540, stack(0x0000000017980000,0x0000000017a80000)]
  0x0000000016eb9000 JavaThread "pool-1-thread-3" [_thread_in_Java, id=1524, stack(0x0000000017880000,0x0000000017980000)]
  0x0000000016eb8800 JavaThread "pool-1-thread-2" [_thread_in_vm, id=1348, stack(0x0000000017780000,0x0000000017880000)]
  0x0000000016ead000 JavaThread "pool-2-thread-1" [_thread_blocked, id=3460, stack(0x0000000017680000,0x0000000017780000)]
  0x0000000016eac800 JavaThread "pool-1-thread-1" [_thread_in_Java, id=6264, stack(0x0000000017580000,0x0000000017680000)]
  0x0000000016d02000 JavaThread "Service Thread" daemon [_thread_blocked, id=8924, stack(0x0000000017180000,0x0000000017280000)]
  0x0000000016cc3000 JavaThread "C1 CompilerThread2" daemon [_thread_in_native, id=856, stack(0x0000000017080000,0x0000000017180000)]
=>0x000000001557b800 JavaThread "C2 CompilerThread1" daemon [_thread_in_native, id=220, stack(0x0000000016b80000,0x0000000016c80000)]
  0x0000000015578800 JavaThread "C2 CompilerThread0" daemon [_thread_in_native, id=6364, stack(0x0000000016a80000,0x0000000016b80000)]
  0x0000000015576800 JavaThread "Attach Listener" daemon [_thread_blocked, id=7932, stack(0x0000000016980000,0x0000000016a80000)]
  0x0000000015575800 JavaThread "Signal Dispatcher" daemon [_thread_blocked, id=4544, stack(0x0000000016880000,0x0000000016980000)]
  0x000000001551a800 JavaThread "Finalizer" daemon [_thread_blocked, id=2736, stack(0x0000000016780000,0x0000000016880000)]
  0x0000000002e4f000 JavaThread "Reference Handler" daemon [_thread_blocked, id=700, stack(0x0000000016680000,0x0000000016780000)]
  0x0000000002d61000 JavaThread "main" [_thread_in_Java, id=6880, stack(0x0000000002b70000,0x0000000002c70000)]

Other Threads:
  0x00000000154f8000 VMThread [stack: 0x0000000016580000,0x0000000016680000] [id=1536]
  0x0000000016d3c800 WatcherThread [stack: 0x0000000017280000,0x0000000017380000] [id=6092]

VM state:not at safepoint (normal execution)

VM Mutex/Monitor currently owned by a thread: None

Heap:
 PSYoungGen      total 18432K, used 11123K [0x00000000eab00000, 0x00000000ebf80000, 0x0000000100000000)
  eden space 15872K, 70% used [0x00000000eab00000,0x00000000eb5dcec0,0x00000000eba80000)
  from space 2560K, 0% used [0x00000000ebd00000,0x00000000ebd00000,0x00000000ebf80000)
  to   space 2560K, 0% used [0x00000000eba80000,0x00000000eba80000,0x00000000ebd00000)
 ParOldGen       total 42496K, used 0K [0x00000000c0000000, 0x00000000c2980000, 0x00000000eab00000)
  object space 42496K, 0% used [0x00000000c0000000,0x00000000c0000000,0x00000000c2980000)
 Metaspace       used 5561K, capacity 6516K, committed 6784K, reserved 1058816K
  class space    used 594K, capacity 620K, committed 640K, reserved 1048576K

Card table byte_map: [0x0000000012220000,0x0000000012430000] byte_map_base: 0x0000000011c20000

Marking Bits: (ParMarkBitMap*) 0x00000000572e0600
 Begin Bits: [0x0000000012990000, 0x0000000013990000)
 End Bits:   [0x0000000013990000, 0x0000000014990000)

Polling page: 0x0000000001210000

CodeCache: size=245760Kb used=2286Kb max_used=2297Kb free=243473Kb
 bounds [0x0000000002e60000, 0x00000000030d0000, 0x0000000011e60000]
 total_blobs=875 nmethods=608 adapters=181
 compilation: enabled

Compilation events (10 events):
Event: 1.148 Thread 0x0000000015578800 nmethod 610 0x0000000003099a90 code [0x0000000003099be0, 0x0000000003099cd8]
Event: 1.151 Thread 0x000000001557b800  617       4       java.lang.Long::bitCount (61 bytes)
Event: 1.152 Thread 0x0000000015578800  619       4       java.util.BitSet::set (58 bytes)
Event: 1.152 Thread 0x000000001557b800 nmethod 617 0x000000000308fad0 code [0x000000000308fc00, 0x000000000308fcb8]
Event: 1.154 Thread 0x000000001557b800  620       4       com.android.dx.ssa.NormalSsaInsn::isNormalMoveInsn (20 bytes)
Event: 1.154 Thread 0x0000000015578800 nmethod 619 0x00000000030996d0 code [0x0000000003099820, 0x0000000003099938]
Event: 1.155 Thread 0x000000001557b800 nmethod 620 0x0000000003063a90 code [0x0000000003063bc0, 0x0000000003063c58]
Event: 1.159 Thread 0x0000000015578800  622       4       com.android.dx.ssa.NormalSsaInsn::accept (25 bytes)
Event: 1.161 Thread 0x0000000015578800 nmethod 622 0x0000000003099290 code [0x00000000030993e0, 0x00000000030994e8]
Event: 1.162 Thread 0x000000001557b800  623       4       com.android.dx.util.Bits::clear (21 bytes)

GC Heap History (0 events):
No events

Deoptimization events (2 events):
Event: 1.118 Thread 0x0000000016eac800 Uncommon trap: reason=unstable_if action=reinterpret pc=0x0000000003061508 method=java.util.HashMap.getNode(ILjava/lang/Object;)Ljava/util/HashMap$Node; @ 129
Event: 1.151 Thread 0x0000000016eba800 Uncommon trap: reason=unstable_if action=reinterpret pc=0x000000000307a070 method=java.util.BitSet.nextSetBit(I)I @ 87

Internal exceptions (2 events):
Event: 0.377 Thread 0x0000000002d61000 Exception <a 'java/lang/NoSuchMethodError': Method sun.misc.Unsafe.defineClass(Ljava/lang/String;[BII)Ljava/lang/Class; name or signature does not match> (0x00000000eab07cc0) thrown at [D:\re\workspace\8-2-build-windows-amd64-cygwin\jdk8u77\6540\hotspot\sr“ç’∂)ÿ?
Event: 0.378 Thread 0x0000000002d61000 Exception <a 'java/lang/NoSuchMethodError': Method sun.misc.Unsafe.prefetchRead(Ljava/lang/Object;J)V name or signature does not match> (0x00000000eab07fa8) thrown at [D:\re\workspace\8-2-build-windows-amd64-cygwin\jdk8u77\6540\hotspot\src\share\vm\prims\j

Events (10 events):
Event: 1.109 loading class java/util/TreeMap$EntryIterator
Event: 1.109 loading class java/util/TreeMap$EntryIterator done
Event: 1.118 Thread 0x0000000016eac800 Uncommon trap: trap_request=0xffffff65 fr.pc=0x0000000003061508
Event: 1.118 Thread 0x0000000016eac800 DEOPT PACKING pc=0x0000000003061508 sp=0x000000001767eae0
Event: 1.118 Thread 0x0000000016eac800 DEOPT UNPACKING pc=0x0000000002ea582a sp=0x000000001767ea68 mode 2
Event: 1.151 Thread 0x0000000016eba800 Uncommon trap: trap_request=0xffffff65 fr.pc=0x000000000307a070
Event: 1.151 Thread 0x0000000016eba800 DEOPT PACKING pc=0x000000000307a070 sp=0x0000000017a7eb30
Event: 1.151 Thread 0x0000000016eba800 DEOPT UNPACKING pc=0x0000000002ea582a sp=0x0000000017a7eac8 mode 2
Event: 1.157 loading class com/android/dx/rop/code/RegOps
Event: 1.157 loading class com/android/dx/rop/code/RegOps done


Dynamic libraries:
0x00007ff7d6820000 - 0x00007ff7d6857000 	C:\Program Files\Java\jdk1.8.0_74\bin\java.exe
0x00007ffb34760000 - 0x00007ffb34921000 	C:\Windows\SYSTEM32\ntdll.dll
0x00007ffb320f0000 - 0x00007ffb3219d000 	C:\Windows\system32\KERNEL32.DLL
0x00007ffb311d0000 - 0x00007ffb313b8000 	C:\Windows\system32\KERNELBASE.dll
0x00007ffb31e60000 - 0x00007ffb31f07000 	C:\Windows\system32\ADVAPI32.dll
0x00007ffb31fe0000 - 0x00007ffb3207d000 	C:\Windows\system32\msvcrt.dll
0x00007ffb33e20000 - 0x00007ffb33e7b000 	C:\Windows\system32\sechost.dll
0x00007ffb321b0000 - 0x00007ffb322cc000 	C:\Windows\system32\RPCRT4.dll
0x00007ffb34010000 - 0x00007ffb34166000 	C:\Windows\system32\USER32.dll
0x00007ffb33e80000 - 0x00007ffb34006000 	C:\Windows\system32\GDI32.dll
0x00007ffb24020000 - 0x00007ffb24294000 	C:\Windows\WinSxS\amd64_microsoft.windows.common-controls_6595b64144ccf1df_6.0.10586.589_none_a2ddb3caa539acce\COMCTL32.dll
0x00007ffb322f0000 - 0x00007ffb3256d000 	C:\Windows\system32\combase.dll
0x00007ffb30e80000 - 0x00007ffb30eea000 	C:\Windows\system32\bcryptPrimitives.dll
0x00007ffb34650000 - 0x00007ffb3468b000 	C:\Windows\system32\IMM32.DLL
0x0000000056650000 - 0x0000000056722000 	C:\Program Files\Java\jdk1.8.0_74\jre\bin\msvcr100.dll
0x0000000056ad0000 - 0x0000000057360000 	C:\Program Files\Java\jdk1.8.0_74\jre\bin\server\jvm.dll
0x00007ffb31f10000 - 0x00007ffb31f18000 	C:\Windows\system32\PSAPI.DLL
0x00007ffb284e0000 - 0x00007ffb284e9000 	C:\Windows\SYSTEM32\WSOCK32.dll
0x00007ffb32080000 - 0x00007ffb320eb000 	C:\Windows\system32\WS2_32.dll
0x00007ffb2f0c0000 - 0x00007ffb2f0e3000 	C:\Windows\SYSTEM32\WINMM.dll
0x00007ffb287a0000 - 0x00007ffb287aa000 	C:\Windows\SYSTEM32\VERSION.dll
0x00007ffb2f060000 - 0x00007ffb2f08c000 	C:\Windows\SYSTEM32\WINMMBASE.dll
0x00007ffb30e10000 - 0x00007ffb30e53000 	C:\Windows\system32\cfgmgr32.dll
0x0000000056ac0000 - 0x0000000056acf000 	C:\Program Files\Java\jdk1.8.0_74\jre\bin\verify.dll
0x0000000056a90000 - 0x0000000056ab9000 	C:\Program Files\Java\jdk1.8.0_74\jre\bin\java.dll
0x0000000056a70000 - 0x0000000056a86000 	C:\Program Files\Java\jdk1.8.0_74\jre\bin\zip.dll
0x00007ffb32580000 - 0x00007ffb33adc000 	C:\Windows\system32\SHELL32.dll
0x00007ffb31510000 - 0x00007ffb31b55000 	C:\Windows\system32\windows.storage.dll
0x00007ffb31f20000 - 0x00007ffb31f72000 	C:\Windows\system32\shlwapi.dll
0x00007ffb30e00000 - 0x00007ffb30e0f000 	C:\Windows\system32\kernel.appcore.dll
0x00007ffb313c0000 - 0x00007ffb31475000 	C:\Windows\system32\shcore.dll
0x00007ffb30db0000 - 0x00007ffb30dfb000 	C:\Windows\system32\powrprof.dll
0x00007ffb30d80000 - 0x00007ffb30d94000 	C:\Windows\system32\profapi.dll

VM Arguments:
jvm_args: -Djava.awt.headless=true -Xmx1024M -Dfile.encoding=windows-1256 -Duser.country=US -Duser.language=en -Duser.variant 
java_command: com.android.dx.command.Main --dex --force-jumbo --num-threads=4 --output F:\FCI_3rd\AndroidProjects\LocateMe1.0\app\build\intermediates\pre-dexed\debug\com.google.android.gms-play-services-safetynet-9.2.1_51ddadf8b3a7f9933e7179938d1ea5172b60e2ef.jar F:\FCI_3rd\AndroidProjects\LocateMe1.0\app\build\intermediates\exploded-aar\com.google.android.gms\play-services-safetynet\9.2.1\jars\classes.jar
java_class_path (initial): E:\3LI\Android\sdk\build-tools\24.0.1\lib\dx.jar
Launcher Type: SUN_STANDARD

Environment Variables:
JAVA_HOME=C:\Program Files\Java\jdk1.8.0_74\jre
PATH=C:\ProgramData\Oracle\Java\javapath;C:\Windows\system32;C:\Windows;C:\Windows\System32\Wbem;C:\Windows\System32\WindowsPowerShell\v1.0\;C:\TDM-GCC-64\bin;E:\3LI\Microchip\bin;C:\Program Files (x86)\GtkSharp\2.12\bin;C:\Program Files\Microsoft SQL Server\110\Tools\Binn\;C:\AppServ\Apache2.2\bin;C:\AppServ\php6;C:\AppServ\MySQL\bin
USERNAME=E610
OS=Windows_NT
PROCESSOR_IDENTIFIER=Intel64 Family 6 Model 37 Stepping 5, GenuineIntel



---------------  S Y S T E M  ---------------

OS: Windows 10.0 , 64 bit Build 10586 (10.0.10586.589)

CPU:total 4 (2 cores per cpu, 2 threads per core) family 6 model 37 stepping 5, cmov, cx8, fxsr, mmx, sse, sse2, sse3, ssse3, sse4.1, sse4.2, popcnt, aes, clmul, ht, tsc, tscinvbit

Memory: 4k page, physical 3980672k(989632k free), swap 4284664k(4100k free)

vm_info: Java HotSpot(TM) 64-Bit Server VM (25.77-b03) for windows-amd64 JRE (1.8.0_77-b03), built on Mar 20 2016 22:01:33 by "java_re" with MS VC++ 10.0 (VS2010)

time: Sun Jan 01 16:44:37 2017
elapsed time: 1 seconds (0d 0h 0m 1s)

