#
# There is insufficient memory for the Java Runtime Environment to continue.
# Native memory allocation (malloc) failed to allocate 100208 bytes for Chunk::new
# Possible reasons:
#   The system is out of physical RAM or swap space
#   In 32 bit mode, the process size limit was hit
# Possible solutions:
#   Reduce memory load on the system
#   Increase physical memory or swap space
#   Check if swap backing store is full
#   Use 64 bit Java on a 64 bit OS
#   Decrease Java heap size (-Xmx/-Xms)
#   Decrease number of Java threads
#   Decrease Java thread stack sizes (-Xss)
#   Set larger code cache with -XX:ReservedCodeCacheSize=
# This output file may be truncated or incomplete.
#
#  Out of Memory Error (allocation.cpp:390), pid=5172, tid=9084
#
# JRE version: Java(TM) SE Runtime Environment (8.0_77-b03) (build 1.8.0_77-b03)
# Java VM: Java HotSpot(TM) 64-Bit Server VM (25.77-b03 mixed mode windows-amd64 compressed oops)
# Failed to write core dump. Minidumps are not enabled by default on client versions of Windows
#

---------------  T H R E A D  ---------------

Current thread (0x0000000016c25800):  JavaThread "C2 CompilerThread1" daemon [_thread_in_native, id=9084, stack(0x0000000016fe0000,0x00000000170e0000)]

Stack: [0x0000000016fe0000,0x00000000170e0000]
[error occurred during error reporting (printing stack bounds), id 0xc0000005]

Native frames: (J=compiled Java code, j=interpreted, Vv=VM code, C=native code)


Current CompileTask:
C2:   3488 1416       4       com.android.dx.ssa.back.LivenessAnalyzer::run (231 bytes)


---------------  P R O C E S S  ---------------

Java Threads: ( => current thread )
  0x0000000016ec1800 JavaThread "pool-1-thread-4" [_thread_in_Java, id=3528, stack(0x00000000177e0000,0x00000000178e0000)]
  0x0000000016ec0800 JavaThread "pool-1-thread-3" [_thread_in_Java, id=7948, stack(0x00000000176e0000,0x00000000177e0000)]
  0x0000000016ec0000 JavaThread "pool-1-thread-2" [_thread_in_Java, id=4228, stack(0x00000000175e0000,0x00000000176e0000)]
  0x0000000016e47800 JavaThread "pool-2-thread-1" [_thread_blocked, id=3780, stack(0x00000000174e0000,0x00000000175e0000)]
  0x0000000016e44800 JavaThread "pool-1-thread-1" [_thread_in_Java, id=4680, stack(0x00000000173e0000,0x00000000174e0000)]
  0x0000000016c31000 JavaThread "Service Thread" daemon [_thread_blocked, id=5528, stack(0x00000000171e0000,0x00000000172e0000)]
  0x0000000016c29800 JavaThread "C1 CompilerThread2" daemon [_thread_blocked, id=7388, stack(0x00000000170e0000,0x00000000171e0000)]
=>0x0000000016c25800 JavaThread "C2 CompilerThread1" daemon [_thread_in_native, id=9084, stack(0x0000000016fe0000,0x00000000170e0000)]
  0x00000000155c7800 JavaThread "C2 CompilerThread0" daemon [_thread_in_vm, id=8660, stack(0x0000000016ae0000,0x0000000016be0000)]
  0x00000000155c5800 JavaThread "Attach Listener" daemon [_thread_blocked, id=6596, stack(0x00000000169e0000,0x0000000016ae0000)]
  0x0000000015576800 JavaThread "Signal Dispatcher" daemon [_thread_blocked, id=8552, stack(0x00000000168e0000,0x00000000169e0000)]
  0x000000001556a000 JavaThread "Finalizer" daemon [_thread_blocked, id=3172, stack(0x00000000167e0000,0x00000000168e0000)]
  0x0000000002e9f000 JavaThread "Reference Handler" daemon [_thread_blocked, id=9068, stack(0x00000000166e0000,0x00000000167e0000)]
  0x0000000002db1000 JavaThread "main" [_thread_in_Java, id=584, stack(0x0000000002ac0000,0x0000000002bc0000)]

Other Threads:
  0x0000000015547800 VMThread [stack: 0x00000000165e0000,0x00000000166e0000] [id=3732]
  0x0000000016c94000 WatcherThread [stack: 0x00000000172e0000,0x00000000173e0000] [id=2172]

VM state:not at safepoint (normal execution)

VM Mutex/Monitor currently owned by a thread: None

Heap:
 PSYoungGen      total 18432K, used 16535K [0x00000000eab00000, 0x00000000ebf80000, 0x0000000100000000)
  eden space 15872K, 88% used [0x00000000eab00000,0x00000000eb8ade98,0x00000000eba80000)
  from space 2560K, 98% used [0x00000000eba80000,0x00000000ebcf8018,0x00000000ebd00000)
  to   space 2560K, 0% used [0x00000000ebd00000,0x00000000ebd00000,0x00000000ebf80000)
 ParOldGen       total 42496K, used 6906K [0x00000000c0000000, 0x00000000c2980000, 0x00000000eab00000)
  object space 42496K, 16% used [0x00000000c0000000,0x00000000c06bea40,0x00000000c2980000)
 Metaspace       used 6160K, capacity 7030K, committed 7296K, reserved 1056768K
  class space    used 604K, capacity 622K, committed 640K, reserved 1048576K

Card table byte_map: [0x0000000012270000,0x0000000012480000] byte_map_base: 0x0000000011c70000

Marking Bits: (ParMarkBitMap*) 0x00000000572e0600
 Begin Bits: [0x00000000129e0000, 0x00000000139e0000)
 End Bits:   [0x00000000139e0000, 0x00000000149e0000)

Polling page: 0x0000000001280000

CodeCache: size=245760Kb used=6131Kb max_used=6150Kb free=239628Kb
 bounds [0x0000000002eb0000, 0x00000000034c0000, 0x0000000011eb0000]
 total_blobs=1746 nmethods=1479 adapters=181
 compilation: enabled

Compilation events (10 events):
Event: 3.463 Thread 0x0000000016c29800 1489       2       com.android.dx.ssa.back.IdenticalBlockCombiner::replaceSucc (83 bytes)
Event: 3.464 Thread 0x0000000016c29800 nmethod 1489 0x00000000034aa5d0 code [0x00000000034aa780, 0x00000000034aaad8]
Event: 3.466 Thread 0x0000000016c29800 1490       2       com.android.dx.ssa.back.SsaToRop::moveParametersToHighRegisters (88 bytes)
Event: 3.467 Thread 0x0000000016c29800 nmethod 1490 0x00000000034aadd0 code [0x00000000034aaf60, 0x00000000034ab318]
Event: 3.468 Thread 0x0000000016c29800 1491       2       com.android.dx.ssa.SsaMethod::makeNewSsaReg (26 bytes)
Event: 3.469 Thread 0x0000000016c29800 nmethod 1491 0x00000000034ab590 code [0x00000000034ab6e0, 0x00000000034ab870]
Event: 3.478 Thread 0x0000000016c29800 1492       2       com.android.dx.dex.file.ClassDefItem::addVirtualMethod (9 bytes)
Event: 3.479 Thread 0x0000000016c29800 nmethod 1492 0x00000000034ab910 code [0x00000000034abaa0, 0x00000000034abdd8]
Event: 3.485 Thread 0x0000000016c29800 1494  s    2       com.android.dx.dex.file.FieldIdsSection::intern (55 bytes)
Event: 3.486 Thread 0x0000000016c29800 nmethod 1494 0x00000000034b0cd0 code [0x00000000034b0ea0, 0x00000000034b1508]

GC Heap History (6 events):
Event: 2.470 GC heap before
{Heap before GC invocations=1 (full 0):
 PSYoungGen      total 18432K, used 15872K [0x00000000eab00000, 0x00000000ebf80000, 0x0000000100000000)
  eden space 15872K, 100% used [0x00000000eab00000,0x00000000eba80000,0x00000000eba80000)
  from space 2560K, 0% used [0x00000000ebd00000,0x00000000ebd00000,0x00000000ebf80000)
  to   space 2560K, 0% used [0x00000000eba80000,0x00000000eba80000,0x00000000ebd00000)
 ParOldGen       total 42496K, used 0K [0x00000000c0000000, 0x00000000c2980000, 0x00000000eab00000)
  object space 42496K, 0% used [0x00000000c0000000,0x00000000c0000000,0x00000000c2980000)
 Metaspace       used 5794K, capacity 6708K, committed 6784K, reserved 1056768K
  class space    used 600K, capacity 620K, committed 640K, reserved 1048576K
Event: 2.481 GC heap after
Heap after GC invocations=1 (full 0):
 PSYoungGen      total 18432K, used 2535K [0x00000000eab00000, 0x00000000ebf80000, 0x0000000100000000)
  eden space 15872K, 0% used [0x00000000eab00000,0x00000000eab00000,0x00000000eba80000)
  from space 2560K, 99% used [0x00000000eba80000,0x00000000ebcf9c68,0x00000000ebd00000)
  to   space 2560K, 0% used [0x00000000ebd00000,0x00000000ebd00000,0x00000000ebf80000)
 ParOldGen       total 42496K, used 1639K [0x00000000c0000000, 0x00000000c2980000, 0x00000000eab00000)
  object space 42496K, 3% used [0x00000000c0000000,0x00000000c0199c38,0x00000000c2980000)
 Metaspace       used 5794K, capacity 6708K, committed 6784K, reserved 1056768K
  class space    used 600K, capacity 620K, committed 640K, reserved 1048576K
}
Event: 2.995 GC heap before
{Heap before GC invocations=2 (full 0):
 PSYoungGen      total 18432K, used 18407K [0x00000000eab00000, 0x00000000ebf80000, 0x0000000100000000)
  eden space 15872K, 100% used [0x00000000eab00000,0x00000000eba80000,0x00000000eba80000)
  from space 2560K, 99% used [0x00000000eba80000,0x00000000ebcf9c68,0x00000000ebd00000)
  to   space 2560K, 0% used [0x00000000ebd00000,0x00000000ebd00000,0x00000000ebf80000)
 ParOldGen       total 42496K, used 1639K [0x00000000c0000000, 0x00000000c2980000, 0x00000000eab00000)
  object space 42496K, 3% used [0x00000000c0000000,0x00000000c0199c38,0x00000000c2980000)
 Metaspace       used 6055K, capacity 6964K, committed 7040K, reserved 1056768K
  class space    used 601K, capacity 620K, committed 640K, reserved 1048576K
Event: 3.011 GC heap after
Heap after GC invocations=2 (full 0):
 PSYoungGen      total 18432K, used 2538K [0x00000000eab00000, 0x00000000ebf80000, 0x0000000100000000)
  eden space 15872K, 0% used [0x00000000eab00000,0x00000000eab00000,0x00000000eba80000)
  from space 2560K, 99% used [0x00000000ebd00000,0x00000000ebf7aac8,0x00000000ebf80000)
  to   space 2560K, 0% used [0x00000000eba80000,0x00000000eba80000,0x00000000ebd00000)
 ParOldGen       total 42496K, used 3978K [0x00000000c0000000, 0x00000000c2980000, 0x00000000eab00000)
  object space 42496K, 9% used [0x00000000c0000000,0x00000000c03e2b40,0x00000000c2980000)
 Metaspace       used 6055K, capacity 6964K, committed 7040K, reserved 1056768K
  class space    used 601K, capacity 620K, committed 640K, reserved 1048576K
}
Event: 3.345 GC heap before
{Heap before GC invocations=3 (full 0):
 PSYoungGen      total 18432K, used 18410K [0x00000000eab00000, 0x00000000ebf80000, 0x0000000100000000)
  eden space 15872K, 100% used [0x00000000eab00000,0x00000000eba80000,0x00000000eba80000)
  from space 2560K, 99% used [0x00000000ebd00000,0x00000000ebf7aac8,0x00000000ebf80000)
  to   space 2560K, 0% used [0x00000000eba80000,0x00000000eba80000,0x00000000ebd00000)
 ParOldGen       total 42496K, used 3978K [0x00000000c0000000, 0x00000000c2980000, 0x00000000eab00000)
  object space 42496K, 9% used [0x00000000c0000000,0x00000000c03e2b40,0x00000000c2980000)
 Metaspace       used 6145K, capacity 7030K, committed 7296K, reserved 1056768K
  class space    used 604K, capacity 622K, committed 640K, reserved 1048576K
Event: 3.366 GC heap after
Heap after GC invocations=3 (full 0):
 PSYoungGen      total 18432K, used 2528K [0x00000000eab00000, 0x00000000ebf80000, 0x0000000100000000)
  eden space 15872K, 0% used [0x00000000eab00000,0x00000000eab00000,0x00000000eba80000)
  from space 2560K, 98% used [0x00000000eba80000,0x00000000ebcf8018,0x00000000ebd00000)
  to   space 2560K, 0% used [0x00000000ebd00000,0x00000000ebd00000,0x00000000ebf80000)
 ParOldGen       total 42496K, used 6906K [0x00000000c0000000, 0x00000000c2980000, 0x00000000eab00000)
  object space 42496K, 16% used [0x00000000c0000000,0x00000000c06bea40,0x00000000c2980000)
 Metaspace       used 6145K, capacity 7030K, committed 7296K, reserved 1056768K
  class space    used 604K, capacity 622K, committed 640K, reserved 1048576K
}

Deoptimization events (10 events):
Event: 2.989 Thread 0x0000000016ec0800 Uncommon trap: reason=unstable_if action=reinterpret pc=0x0000000003275cb8 method=com.android.dx.cf.code.Ropper.labelToResultIndex(I)I @ 34
Event: 3.070 Thread 0x0000000002db1000 Uncommon trap: reason=unstable_if action=reinterpret pc=0x00000000030bfddc method=java.lang.String.<init>([CII)V @ 18
Event: 3.116 Thread 0x0000000016ec0000 Uncommon trap: reason=unstable_if action=reinterpret pc=0x000000000322891c method=com.android.dx.ssa.SsaMethod.updateOneDefinition(Lcom/android/dx/ssa/SsaInsn;Lcom/android/dx/rop/code/RegisterSpec;)V @ 4
Event: 3.379 Thread 0x0000000016e44800 Uncommon trap: reason=uninitialized action=reinterpret pc=0x0000000003400ad8 method=com.android.dx.cf.code.BytecodeArray.parseInstruction(ILcom/android/dx/cf/code/BytecodeArray$Visitor;)I @ 1031
Event: 3.383 Thread 0x0000000016e44800 Uncommon trap: reason=bimorphic action=maybe_recompile pc=0x0000000003312bac method=java.util.HashMap.getNode(ILjava/lang/Object;)Ljava/util/HashMap$Node; @ 126
Event: 3.383 Thread 0x0000000016e44800 Uncommon trap: reason=class_check action=maybe_recompile pc=0x0000000003425e18 method=java.util.HashMap.putVal(ILjava/lang/Object;Ljava/lang/Object;ZZ)Ljava/lang/Object; @ 203
Event: 3.384 Thread 0x0000000016e44800 Uncommon trap: reason=class_check action=maybe_recompile pc=0x0000000003425e18 method=java.util.HashMap.putVal(ILjava/lang/Object;Ljava/lang/Object;ZZ)Ljava/lang/Object; @ 203
Event: 3.384 Thread 0x0000000016e44800 Uncommon trap: reason=bimorphic action=maybe_recompile pc=0x0000000003320278 method=java.util.HashMap.getNode(ILjava/lang/Object;)Ljava/util/HashMap$Node; @ 126
Event: 3.384 Thread 0x0000000016e44800 Uncommon trap: reason=bimorphic action=maybe_recompile pc=0x0000000003320278 method=java.util.HashMap.getNode(ILjava/lang/Object;)Ljava/util/HashMap$Node; @ 126
Event: 3.384 Thread 0x0000000016e44800 Uncommon trap: reason=bimorphic action=maybe_recompile pc=0x0000000003320278 method=java.util.HashMap.getNode(ILjava/lang/Object;)Ljava/util/HashMap$Node; @ 126

Internal exceptions (2 events):
Event: 1.047 Thread 0x0000000002db1000 Exception <a 'java/lang/NoSuchMethodError': Method sun.misc.Unsafe.defineClass(Ljava/lang/String;[BII)Ljava/lang/Class; name or signature does not match> (0x00000000eab07cc0) thrown at [D:\re\workspace\8-2-build-windows-amd64-cygwin\jdk8u77\6540\hotspot\sr>ÑÙ æ¿ð?
Event: 1.047 Thread 0x0000000002db1000 Exception <a 'java/lang/NoSuchMethodError': Method sun.misc.Unsafe.prefetchRead(Ljava/lang/Object;J)V name or signature does not match> (0x00000000eab07fa8) thrown at [D:\re\workspace\8-2-build-windows-amd64-cygwin\jdk8u77\6540\hotspot\src\share\vm\prims\j

Events (10 events):
Event: 3.384 Thread 0x0000000016e44800 DEOPT PACKING pc=0x0000000003320278 sp=0x00000000174deb90
Event: 3.384 Thread 0x0000000016e44800 DEOPT UNPACKING pc=0x0000000002ef582a sp=0x00000000174deaa8 mode 2
Event: 3.384 Thread 0x0000000016e44800 Uncommon trap: trap_request=0xffffffc6 fr.pc=0x0000000003320278
Event: 3.384 Thread 0x0000000016e44800 DEOPT PACKING pc=0x0000000003320278 sp=0x00000000174deb90
Event: 3.384 Thread 0x0000000016e44800 DEOPT UNPACKING pc=0x0000000002ef582a sp=0x00000000174deaa8 mode 2
Event: 3.384 Thread 0x0000000016e44800 Uncommon trap: trap_request=0xffffffc6 fr.pc=0x0000000003320278
Event: 3.384 Thread 0x0000000016e44800 DEOPT PACKING pc=0x0000000003320278 sp=0x00000000174deb90
Event: 3.384 Thread 0x0000000016e44800 DEOPT UNPACKING pc=0x0000000002ef582a sp=0x00000000174deaa8 mode 2
Event: 3.428 Thread 0x0000000016ec0000 DEOPT PACKING pc=0x0000000003244ffa sp=0x00000000176de7c0
Event: 3.428 Thread 0x0000000016ec0000 DEOPT UNPACKING pc=0x0000000002ef747f sp=0x00000000176de528 mode 0


Dynamic libraries:
0x00007ff7d6820000 - 0x00007ff7d6857000 	C:\Program Files\Java\jdk1.8.0_74\bin\java.exe
0x00007ffb34760000 - 0x00007ffb34921000 	C:\Windows\SYSTEM32\ntdll.dll
0x00007ffb320f0000 - 0x00007ffb3219d000 	C:\Windows\system32\KERNEL32.DLL
0x00007ffb311d0000 - 0x00007ffb313b8000 	C:\Windows\system32\KERNELBASE.dll
0x00007ffb31e60000 - 0x00007ffb31f07000 	C:\Windows\system32\ADVAPI32.dll
0x00007ffb31fe0000 - 0x00007ffb3207d000 	C:\Windows\system32\msvcrt.dll
0x00007ffb33e20000 - 0x00007ffb33e7b000 	C:\Windows\system32\sechost.dll
0x00007ffb321b0000 - 0x00007ffb322cc000 	C:\Windows\system32\RPCRT4.dll
0x00007ffb34010000 - 0x00007ffb34166000 	C:\Windows\system32\USER32.dll
0x00007ffb33e80000 - 0x00007ffb34006000 	C:\Windows\system32\GDI32.dll
0x00007ffb24020000 - 0x00007ffb24294000 	C:\Windows\WinSxS\amd64_microsoft.windows.common-controls_6595b64144ccf1df_6.0.10586.589_none_a2ddb3caa539acce\COMCTL32.dll
0x00007ffb322f0000 - 0x00007ffb3256d000 	C:\Windows\system32\combase.dll
0x00007ffb30e80000 - 0x00007ffb30eea000 	C:\Windows\system32\bcryptPrimitives.dll
0x00007ffb34650000 - 0x00007ffb3468b000 	C:\Windows\system32\IMM32.DLL
0x0000000056650000 - 0x0000000056722000 	C:\Program Files\Java\jdk1.8.0_74\jre\bin\msvcr100.dll
0x0000000056ad0000 - 0x0000000057360000 	C:\Program Files\Java\jdk1.8.0_74\jre\bin\server\jvm.dll
0x00007ffb31f10000 - 0x00007ffb31f18000 	C:\Windows\system32\PSAPI.DLL
0x00007ffb284e0000 - 0x00007ffb284e9000 	C:\Windows\SYSTEM32\WSOCK32.dll
0x00007ffb32080000 - 0x00007ffb320eb000 	C:\Windows\system32\WS2_32.dll
0x00007ffb2f0c0000 - 0x00007ffb2f0e3000 	C:\Windows\SYSTEM32\WINMM.dll
0x00007ffb287a0000 - 0x00007ffb287aa000 	C:\Windows\SYSTEM32\VERSION.dll
0x00007ffb2f060000 - 0x00007ffb2f08c000 	C:\Windows\SYSTEM32\WINMMBASE.dll
0x00007ffb30e10000 - 0x00007ffb30e53000 	C:\Windows\system32\cfgmgr32.dll
0x0000000056ac0000 - 0x0000000056acf000 	C:\Program Files\Java\jdk1.8.0_74\jre\bin\verify.dll
0x0000000056a90000 - 0x0000000056ab9000 	C:\Program Files\Java\jdk1.8.0_74\jre\bin\java.dll
0x0000000056a70000 - 0x0000000056a86000 	C:\Program Files\Java\jdk1.8.0_74\jre\bin\zip.dll
0x00007ffb32580000 - 0x00007ffb33adc000 	C:\Windows\system32\SHELL32.dll
0x00007ffb31510000 - 0x00007ffb31b55000 	C:\Windows\system32\windows.storage.dll
0x00007ffb31f20000 - 0x00007ffb31f72000 	C:\Windows\system32\shlwapi.dll
0x00007ffb30e00000 - 0x00007ffb30e0f000 	C:\Windows\system32\kernel.appcore.dll
0x00007ffb313c0000 - 0x00007ffb31475000 	C:\Windows\system32\shcore.dll
0x00007ffb30db0000 - 0x00007ffb30dfb000 	C:\Windows\system32\powrprof.dll
0x00007ffb30d80000 - 0x00007ffb30d94000 	C:\Windows\system32\profapi.dll

VM Arguments:
jvm_args: -Djava.awt.headless=true -Xmx1024M -Dfile.encoding=windows-1256 -Duser.country=US -Duser.language=en -Duser.variant 
java_command: com.android.dx.command.Main --dex --force-jumbo --num-threads=4 --output F:\FCI_3rd\AndroidProjects\LocateMe1.0\app\build\intermediates\pre-dexed\debug\com.google.android.gms-play-services-places-9.2.1_10771f6be69b3bf3e1f5c255192cba04c3d22778.jar F:\FCI_3rd\AndroidProjects\LocateMe1.0\app\build\intermediates\exploded-aar\com.google.android.gms\play-services-places\9.2.1\jars\classes.jar
java_class_path (initial): E:\3LI\Android\sdk\build-tools\24.0.1\lib\dx.jar
Launcher Type: SUN_STANDARD

Environment Variables:
JAVA_HOME=C:\Program Files\Java\jdk1.8.0_74\jre
PATH=C:\ProgramData\Oracle\Java\javapath;C:\Windows\system32;C:\Windows;C:\Windows\System32\Wbem;C:\Windows\System32\WindowsPowerShell\v1.0\;C:\TDM-GCC-64\bin;E:\3LI\Microchip\bin;C:\Program Files (x86)\GtkSharp\2.12\bin;C:\Program Files\Microsoft SQL Server\110\Tools\Binn\;C:\AppServ\Apache2.2\bin;C:\AppServ\php6;C:\AppServ\MySQL\bin
USERNAME=E610
OS=Windows_NT
PROCESSOR_IDENTIFIER=Intel64 Family 6 Model 37 Stepping 5, GenuineIntel



---------------  S Y S T E M  ---------------

OS: Windows 10.0 , 64 bit Build 10586 (10.0.10586.589)

CPU:total 4 (2 cores per cpu, 2 threads per core) family 6 model 37 stepping 5, cmov, cx8, fxsr, mmx, sse, sse2, sse3, ssse3, sse4.1, sse4.2, popcnt, aes, clmul, ht, tsc, tscinvbit

Memory: 4k page, physical 3980672k(556540k free), swap 4284856k(4576k free)

vm_info: Java HotSpot(TM) 64-Bit Server VM (25.77-b03) for windows-amd64 JRE (1.8.0_77-b03), built on Mar 20 2016 22:01:33 by "java_re" with MS VC++ 10.0 (VS2010)

time: Sun Jan 01 16:31:13 2017
elapsed time: 3 seconds (0d 0h 0m 3s)

