#
# There is insufficient memory for the Java Runtime Environment to continue.
# Native memory allocation (malloc) failed to allocate 1717936 bytes for Chunk::new
# Possible reasons:
#   The system is out of physical RAM or swap space
#   In 32 bit mode, the process size limit was hit
# Possible solutions:
#   Reduce memory load on the system
#   Increase physical memory or swap space
#   Check if swap backing store is full
#   Use 64 bit Java on a 64 bit OS
#   Decrease Java heap size (-Xmx/-Xms)
#   Decrease number of Java threads
#   Decrease Java thread stack sizes (-Xss)
#   Set larger code cache with -XX:ReservedCodeCacheSize=
# This output file may be truncated or incomplete.
#
#  Out of Memory Error (allocation.cpp:390), pid=6232, tid=6020
#
# JRE version: Java(TM) SE Runtime Environment (8.0_77-b03) (build 1.8.0_77-b03)
# Java VM: Java HotSpot(TM) 64-Bit Server VM (25.77-b03 mixed mode windows-amd64 compressed oops)
# Failed to write core dump. Minidumps are not enabled by default on client versions of Windows
#

---------------  T H R E A D  ---------------

Current thread (0x0000000014e87800):  JavaThread "C2 CompilerThread0" daemon [_thread_in_native, id=6020, stack(0x0000000016490000,0x0000000016590000)]

Stack: [0x0000000016490000,0x0000000016590000]
[error occurred during error reporting (printing stack bounds), id 0xc0000005]

Native frames: (J=compiled Java code, j=interpreted, Vv=VM code, C=native code)


Current CompileTask:
C2:   5253 1478   !   4       com.android.dx.cf.code.BytecodeArray::parseInstruction (2764 bytes)


---------------  P R O C E S S  ---------------

Java Threads: ( => current thread )
  0x0000000016907800 JavaThread "pool-1-thread-4" [_thread_in_Java, id=4408, stack(0x0000000017190000,0x0000000017290000)]
  0x0000000016906800 JavaThread "pool-1-thread-3" [_thread_in_vm, id=3932, stack(0x0000000017090000,0x0000000017190000)]
  0x0000000016902800 JavaThread "pool-1-thread-2" [_thread_in_Java, id=4512, stack(0x0000000016f90000,0x0000000017090000)]
  0x0000000016901800 JavaThread "pool-2-thread-1" [_thread_blocked, id=5308, stack(0x0000000016e90000,0x0000000016f90000)]
  0x00000000168fd000 JavaThread "pool-1-thread-1" [_thread_in_Java, id=5544, stack(0x0000000016d90000,0x0000000016e90000)]
  0x00000000166e8800 JavaThread "Service Thread" daemon [_thread_blocked, id=7580, stack(0x0000000016b90000,0x0000000016c90000)]
  0x00000000166d9800 JavaThread "C1 CompilerThread2" daemon [_thread_blocked, id=5024, stack(0x0000000016a90000,0x0000000016b90000)]
  0x0000000014e8a800 JavaThread "C2 CompilerThread1" daemon [_thread_in_native, id=1228, stack(0x0000000016590000,0x0000000016690000)]
=>0x0000000014e87800 JavaThread "C2 CompilerThread0" daemon [_thread_in_native, id=6020, stack(0x0000000016490000,0x0000000016590000)]
  0x0000000014e85800 JavaThread "Attach Listener" daemon [_thread_blocked, id=5572, stack(0x0000000016390000,0x0000000016490000)]
  0x0000000014e84800 JavaThread "Signal Dispatcher" daemon [_thread_blocked, id=6016, stack(0x0000000016290000,0x0000000016390000)]
  0x0000000014e2a800 JavaThread "Finalizer" daemon [_thread_blocked, id=8556, stack(0x00000000160b0000,0x00000000161b0000)]
  0x000000000275f000 JavaThread "Reference Handler" daemon [_thread_blocked, id=508, stack(0x0000000015fb0000,0x00000000160b0000)]
  0x000000000256d800 JavaThread "main" [_thread_in_vm, id=2072, stack(0x0000000002570000,0x0000000002670000)]

Other Threads:
  0x0000000014e07800 VMThread [stack: 0x0000000015eb0000,0x0000000015fb0000] [id=4124]
  0x0000000016745000 WatcherThread [stack: 0x0000000016c90000,0x0000000016d90000] [id=8084]

VM state:not at safepoint (normal execution)

VM Mutex/Monitor currently owned by a thread: None

Heap:
 PSYoungGen      total 34304K, used 23592K [0x00000000eab00000, 0x00000000ed280000, 0x0000000100000000)
  eden space 31744K, 66% used [0x00000000eab00000,0x00000000ebf923c8,0x00000000eca00000)
  from space 2560K, 98% used [0x00000000eca00000,0x00000000ecc78028,0x00000000ecc80000)
  to   space 2560K, 0% used [0x00000000ed000000,0x00000000ed000000,0x00000000ed280000)
 ParOldGen       total 25600K, used 6261K [0x00000000c0000000, 0x00000000c1900000, 0x00000000eab00000)
  object space 25600K, 24% used [0x00000000c0000000,0x00000000c061d7f0,0x00000000c1900000)
 Metaspace       used 6180K, capacity 7030K, committed 7296K, reserved 1056768K
  class space    used 603K, capacity 622K, committed 640K, reserved 1048576K

Card table byte_map: [0x0000000011b30000,0x0000000011d40000] byte_map_base: 0x0000000011530000

Marking Bits: (ParMarkBitMap*) 0x00000000572e0600
 Begin Bits: [0x00000000122a0000, 0x00000000132a0000)
 End Bits:   [0x00000000132a0000, 0x00000000142a0000)

Polling page: 0x0000000000c30000

CodeCache: size=245760Kb used=6245Kb max_used=6257Kb free=239514Kb
 bounds [0x0000000002770000, 0x0000000002da0000, 0x0000000011770000]
 total_blobs=1732 nmethods=1465 adapters=181
 compilation: enabled

Compilation events (10 events):
Event: 5.111 Thread 0x0000000014e87800 1473       4       com.android.dx.rop.cst.CstLiteral32::equals (35 bytes)
Event: 5.112 Thread 0x0000000014e87800 nmethod 1473 0x0000000002d473d0 code [0x0000000002d47500, 0x0000000002d475d8]
Event: 5.113 Thread 0x0000000014e8a800 1474       4       com.android.dx.rop.code.PlainCstInsn::accept (8 bytes)
Event: 5.113 Thread 0x0000000014e8a800 nmethod 1474 0x0000000002cecb10 code [0x0000000002cecc40, 0x0000000002ceccb8]
Event: 5.114 Thread 0x0000000014e87800 1475       4       com.android.dx.util.IntList::mutableCopy (39 bytes)
Event: 5.126 Thread 0x0000000014e87800 nmethod 1475 0x0000000002d85890 code [0x0000000002d85a00, 0x0000000002d85fb8]
Event: 5.126 Thread 0x0000000014e8a800 1477   !   4       com.android.dx.cf.code.Ropper::processBlock (1101 bytes)
Event: 5.126 Thread 0x0000000014e87800 1476       4       com.android.dx.cf.code.ByteCatchList::toRopCatchList (57 bytes)
Event: 5.133 Thread 0x0000000014e87800 nmethod 1476 0x0000000002d727d0 code [0x0000000002d72940, 0x0000000002d72c18]
Event: 5.133 Thread 0x0000000014e87800 1478   !   4       com.android.dx.cf.code.BytecodeArray::parseInstruction (2764 bytes)

GC Heap History (8 events):
Event: 0.972 GC heap before
{Heap before GC invocations=1 (full 0):
 PSYoungGen      total 18432K, used 12770K [0x00000000eab00000, 0x00000000ebf80000, 0x0000000100000000)
  eden space 15872K, 80% used [0x00000000eab00000,0x00000000eb7788f8,0x00000000eba80000)
  from space 2560K, 0% used [0x00000000ebd00000,0x00000000ebd00000,0x00000000ebf80000)
  to   space 2560K, 0% used [0x00000000eba80000,0x00000000eba80000,0x00000000ebd00000)
 ParOldGen       total 42496K, used 0K [0x00000000c0000000, 0x00000000c2980000, 0x00000000eab00000)
  object space 42496K, 0% used [0x00000000c0000000,0x00000000c0000000,0x00000000c2980000)
 Metaspace       used 4323K, capacity 5360K, committed 5632K, reserved 1056768K
  class space    used 476K, capacity 488K, committed 512K, reserved 1048576K
Event: 1.018 GC heap after
Heap after GC invocations=1 (full 0):
 PSYoungGen      total 18432K, used 2016K [0x00000000eab00000, 0x00000000ecf00000, 0x0000000100000000)
  eden space 15872K, 0% used [0x00000000eab00000,0x00000000eab00000,0x00000000eba80000)
  from space 2560K, 78% used [0x00000000eba80000,0x00000000ebc78040,0x00000000ebd00000)
  to   space 2560K, 0% used [0x00000000ecc80000,0x00000000ecc80000,0x00000000ecf00000)
 ParOldGen       total 42496K, used 8K [0x00000000c0000000, 0x00000000c2980000, 0x00000000eab00000)
  object space 42496K, 0% used [0x00000000c0000000,0x00000000c0002000,0x00000000c2980000)
 Metaspace       used 4323K, capacity 5360K, committed 5632K, reserved 1056768K
  class space    used 476K, capacity 488K, committed 512K, reserved 1048576K
}
Event: 1.018 GC heap before
{Heap before GC invocations=2 (full 1):
 PSYoungGen      total 18432K, used 2016K [0x00000000eab00000, 0x00000000ecf00000, 0x0000000100000000)
  eden space 15872K, 0% used [0x00000000eab00000,0x00000000eab00000,0x00000000eba80000)
  from space 2560K, 78% used [0x00000000eba80000,0x00000000ebc78040,0x00000000ebd00000)
  to   space 2560K, 0% used [0x00000000ecc80000,0x00000000ecc80000,0x00000000ecf00000)
 ParOldGen       total 42496K, used 8K [0x00000000c0000000, 0x00000000c2980000, 0x00000000eab00000)
  object space 42496K, 0% used [0x00000000c0000000,0x00000000c0002000,0x00000000c2980000)
 Metaspace       used 4323K, capacity 5360K, committed 5632K, reserved 1056768K
  class space    used 476K, capacity 488K, committed 512K, reserved 1048576K
Event: 1.058 GC heap after
Heap after GC invocations=2 (full 1):
 PSYoungGen      total 18432K, used 0K [0x00000000eab00000, 0x00000000ecf00000, 0x0000000100000000)
  eden space 15872K, 0% used [0x00000000eab00000,0x00000000eab00000,0x00000000eba80000)
  from space 2560K, 0% used [0x00000000eba80000,0x00000000eba80000,0x00000000ebd00000)
  to   space 2560K, 0% used [0x00000000ecc80000,0x00000000ecc80000,0x00000000ecf00000)
 ParOldGen       total 25600K, used 1901K [0x00000000c0000000, 0x00000000c1900000, 0x00000000eab00000)
  object space 25600K, 7% used [0x00000000c0000000,0x00000000c01db4a0,0x00000000c1900000)
 Metaspace       used 4323K, capacity 5360K, committed 5632K, reserved 1056768K
  class space    used 476K, capacity 488K, committed 512K, reserved 1048576K
}
Event: 2.373 GC heap before
{Heap before GC invocations=3 (full 1):
 PSYoungGen      total 18432K, used 15872K [0x00000000eab00000, 0x00000000ecf00000, 0x0000000100000000)
  eden space 15872K, 100% used [0x00000000eab00000,0x00000000eba80000,0x00000000eba80000)
  from space 2560K, 0% used [0x00000000eba80000,0x00000000eba80000,0x00000000ebd00000)
  to   space 2560K, 0% used [0x00000000ecc80000,0x00000000ecc80000,0x00000000ecf00000)
 ParOldGen       total 25600K, used 1901K [0x00000000c0000000, 0x00000000c1900000, 0x00000000eab00000)
  object space 25600K, 7% used [0x00000000c0000000,0x00000000c01db4a0,0x00000000c1900000)
 Metaspace       used 5912K, capacity 6774K, committed 7040K, reserved 1056768K
  class space    used 600K, capacity 622K, committed 640K, reserved 1048576K
Event: 2.421 GC heap after
Heap after GC invocations=3 (full 1):
 PSYoungGen      total 26624K, used 2528K [0x00000000eab00000, 0x00000000ecf00000, 0x0000000100000000)
  eden space 24064K, 0% used [0x00000000eab00000,0x00000000eab00000,0x00000000ec280000)
  from space 2560K, 98% used [0x00000000ecc80000,0x00000000ecef8018,0x00000000ecf00000)
  to   space 2560K, 0% used [0x00000000eca00000,0x00000000eca00000,0x00000000ecc80000)
 ParOldGen       total 25600K, used 2604K [0x00000000c0000000, 0x00000000c1900000, 0x00000000eab00000)
  object space 25600K, 10% used [0x00000000c0000000,0x00000000c028b3b8,0x00000000c1900000)
 Metaspace       used 5912K, capacity 6774K, committed 7040K, reserved 1056768K
  class space    used 600K, capacity 622K, committed 640K, reserved 1048576K
}
Event: 3.545 GC heap before
{Heap before GC invocations=4 (full 1):
 PSYoungGen      total 26624K, used 26592K [0x00000000eab00000, 0x00000000ecf00000, 0x0000000100000000)
  eden space 24064K, 100% used [0x00000000eab00000,0x00000000ec280000,0x00000000ec280000)
  from space 2560K, 98% used [0x00000000ecc80000,0x00000000ecef8018,0x00000000ecf00000)
  to   space 2560K, 0% used [0x00000000eca00000,0x00000000eca00000,0x00000000ecc80000)
 ParOldGen       total 25600K, used 2604K [0x00000000c0000000, 0x00000000c1900000, 0x00000000eab00000)
  object space 25600K, 10% used [0x00000000c0000000,0x00000000c028b3b8,0x00000000c1900000)
 Metaspace       used 6126K, capacity 6966K, committed 7040K, reserved 1056768K
  class space    used 603K, capacity 622K, committed 640K, reserved 1048576K
Event: 3.563 GC heap after
Heap after GC invocations=4 (full 1):
 PSYoungGen      total 34304K, used 2528K [0x00000000eab00000, 0x00000000ed280000, 0x0000000100000000)
  eden space 31744K, 0% used [0x00000000eab00000,0x00000000eab00000,0x00000000eca00000)
  from space 2560K, 98% used [0x00000000eca00000,0x00000000ecc78028,0x00000000ecc80000)
  to   space 2560K, 0% used [0x00000000ed000000,0x00000000ed000000,0x00000000ed280000)
 ParOldGen       total 25600K, used 6261K [0x00000000c0000000, 0x00000000c1900000, 0x00000000eab00000)
  object space 25600K, 24% used [0x00000000c0000000,0x00000000c061d7f0,0x00000000c1900000)
 Metaspace       used 6126K, capacity 6966K, committed 7040K, reserved 1056768K
  class space    used 603K, capacity 622K, committed 640K, reserved 1048576K
}

Deoptimization events (10 events):
Event: 3.275 Thread 0x000000000256d800 Uncommon trap: reason=class_check action=maybe_recompile pc=0x0000000002b89ad0 method=java.util.HashMap.putVal(ILjava/lang/Object;Ljava/lang/Object;ZZ)Ljava/lang/Object; @ 203
Event: 3.275 Thread 0x000000000256d800 Uncommon trap: reason=bimorphic action=maybe_recompile pc=0x00000000029ded64 method=java.util.HashMap.getNode(ILjava/lang/Object;)Ljava/util/HashMap$Node; @ 126
Event: 3.275 Thread 0x000000000256d800 Uncommon trap: reason=class_check action=maybe_recompile pc=0x0000000002b89ad0 method=java.util.HashMap.putVal(ILjava/lang/Object;Ljava/lang/Object;ZZ)Ljava/lang/Object; @ 203
Event: 3.275 Thread 0x000000000256d800 Uncommon trap: reason=bimorphic action=maybe_recompile pc=0x00000000029ded64 method=java.util.HashMap.getNode(ILjava/lang/Object;)Ljava/util/HashMap$Node; @ 126
Event: 3.275 Thread 0x000000000256d800 Uncommon trap: reason=class_check action=maybe_recompile pc=0x0000000002b89ad0 method=java.util.HashMap.putVal(ILjava/lang/Object;Ljava/lang/Object;ZZ)Ljava/lang/Object; @ 203
Event: 3.276 Thread 0x000000000256d800 Uncommon trap: reason=bimorphic action=maybe_recompile pc=0x00000000029fc83c method=java.util.HashMap.getNode(ILjava/lang/Object;)Ljava/util/HashMap$Node; @ 126
Event: 3.276 Thread 0x000000000256d800 Uncommon trap: reason=bimorphic action=maybe_recompile pc=0x00000000029ded64 method=java.util.HashMap.getNode(ILjava/lang/Object;)Ljava/util/HashMap$Node; @ 126
Event: 4.324 Thread 0x0000000016906800 Uncommon trap: reason=unstable_if action=reinterpret pc=0x0000000002cf5700 method=com.android.dx.cf.code.ByteCatchList.listFor(I)Lcom/android/dx/cf/code/ByteCatchList; @ 47
Event: 4.382 Thread 0x000000000256d800 Uncommon trap: reason=class_check action=maybe_recompile pc=0x0000000002b8bb18 method=java.util.HashMap.putVal(ILjava/lang/Object;Ljava/lang/Object;ZZ)Ljava/lang/Object; @ 203
Event: 4.498 Thread 0x0000000016902800 Uncommon trap: reason=unstable_if action=reinterpret pc=0x0000000002ae969c method=com.android.dx.ssa.SsaMethod.updateOneDefinition(Lcom/android/dx/ssa/SsaInsn;Lcom/android/dx/rop/code/RegisterSpec;)V @ 4

Internal exceptions (3 events):
Event: 0.063 Thread 0x000000000256d800 Exception <a 'java/lang/NoSuchMethodError': Method sun.misc.Unsafe.defineClass(Ljava/lang/String;[BII)Ljava/lang/Class; name or signature does not match> (0x00000000eab07cc0) thrown at [D:\re\workspace\8-2-build-windows-amd64-cygwin\jdk8u77\6540\hotspot\sr¿ú×åø°?
Event: 0.063 Thread 0x000000000256d800 Exception <a 'java/lang/NoSuchMethodError': Method sun.misc.Unsafe.prefetchRead(Ljava/lang/Object;J)V name or signature does not match> (0x00000000eab07fa8) thrown at [D:\re\workspace\8-2-build-windows-amd64-cygwin\jdk8u77\6540\hotspot\src\share\vm\prims\jº¦vÅ´ÿ?
Event: 1.982 Thread 0x0000000016902800 Implicit null exception at 0x0000000002a7bfe2 to 0x0000000002a7c0d2

Events (10 events):
Event: 4.324 Thread 0x0000000016906800 DEOPT PACKING pc=0x0000000002cf5700 sp=0x000000001718e820
Event: 4.324 Thread 0x0000000016906800 DEOPT UNPACKING pc=0x00000000027b582a sp=0x000000001718e690 mode 2
Event: 4.360 Thread 0x0000000016906800 DEOPT PACKING pc=0x0000000002b11493 sp=0x000000001718e6f0
Event: 4.360 Thread 0x0000000016906800 DEOPT UNPACKING pc=0x00000000027b747f sp=0x000000001718e4b8 mode 0
Event: 4.382 Thread 0x000000000256d800 Uncommon trap: trap_request=0xffffffde fr.pc=0x0000000002b8bb18
Event: 4.382 Thread 0x000000000256d800 DEOPT PACKING pc=0x0000000002b8bb18 sp=0x000000000266e640
Event: 4.382 Thread 0x000000000256d800 DEOPT UNPACKING pc=0x00000000027b582a sp=0x000000000266e568 mode 2
Event: 4.498 Thread 0x0000000016902800 Uncommon trap: trap_request=0xffffff65 fr.pc=0x0000000002ae969c
Event: 4.498 Thread 0x0000000016902800 DEOPT PACKING pc=0x0000000002ae969c sp=0x000000001708e5e0
Event: 4.498 Thread 0x0000000016902800 DEOPT UNPACKING pc=0x00000000027b582a sp=0x000000001708e588 mode 2


Dynamic libraries:
0x00007ff7d6820000 - 0x00007ff7d6857000 	C:\Program Files\Java\jdk1.8.0_74\bin\java.exe
0x00007ffb34760000 - 0x00007ffb34921000 	C:\Windows\SYSTEM32\ntdll.dll
0x00007ffb320f0000 - 0x00007ffb3219d000 	C:\Windows\system32\KERNEL32.DLL
0x00007ffb311d0000 - 0x00007ffb313b8000 	C:\Windows\system32\KERNELBASE.dll
0x00007ffb31e60000 - 0x00007ffb31f07000 	C:\Windows\system32\ADVAPI32.dll
0x00007ffb31fe0000 - 0x00007ffb3207d000 	C:\Windows\system32\msvcrt.dll
0x00007ffb33e20000 - 0x00007ffb33e7b000 	C:\Windows\system32\sechost.dll
0x00007ffb321b0000 - 0x00007ffb322cc000 	C:\Windows\system32\RPCRT4.dll
0x00007ffb34010000 - 0x00007ffb34166000 	C:\Windows\system32\USER32.dll
0x00007ffb33e80000 - 0x00007ffb34006000 	C:\Windows\system32\GDI32.dll
0x00007ffb24020000 - 0x00007ffb24294000 	C:\Windows\WinSxS\amd64_microsoft.windows.common-controls_6595b64144ccf1df_6.0.10586.589_none_a2ddb3caa539acce\COMCTL32.dll
0x00007ffb322f0000 - 0x00007ffb3256d000 	C:\Windows\system32\combase.dll
0x00007ffb30e80000 - 0x00007ffb30eea000 	C:\Windows\system32\bcryptPrimitives.dll
0x00007ffb34650000 - 0x00007ffb3468b000 	C:\Windows\system32\IMM32.DLL
0x0000000056650000 - 0x0000000056722000 	C:\Program Files\Java\jdk1.8.0_74\jre\bin\msvcr100.dll
0x0000000056ad0000 - 0x0000000057360000 	C:\Program Files\Java\jdk1.8.0_74\jre\bin\server\jvm.dll
0x00007ffb31f10000 - 0x00007ffb31f18000 	C:\Windows\system32\PSAPI.DLL
0x00007ffb284e0000 - 0x00007ffb284e9000 	C:\Windows\SYSTEM32\WSOCK32.dll
0x00007ffb2f0c0000 - 0x00007ffb2f0e3000 	C:\Windows\SYSTEM32\WINMM.dll
0x00007ffb287a0000 - 0x00007ffb287aa000 	C:\Windows\SYSTEM32\VERSION.dll
0x00007ffb32080000 - 0x00007ffb320eb000 	C:\Windows\system32\WS2_32.dll
0x0000000000c00000 - 0x0000000000c2c000 	C:\Windows\SYSTEM32\WINMMBASE.dll
0x00007ffb30e10000 - 0x00007ffb30e53000 	C:\Windows\system32\cfgmgr32.dll
0x0000000056ac0000 - 0x0000000056acf000 	C:\Program Files\Java\jdk1.8.0_74\jre\bin\verify.dll
0x0000000056a90000 - 0x0000000056ab9000 	C:\Program Files\Java\jdk1.8.0_74\jre\bin\java.dll
0x0000000056a70000 - 0x0000000056a86000 	C:\Program Files\Java\jdk1.8.0_74\jre\bin\zip.dll
0x00007ffb32580000 - 0x00007ffb33adc000 	C:\Windows\system32\SHELL32.dll
0x00007ffb31510000 - 0x00007ffb31b55000 	C:\Windows\system32\windows.storage.dll
0x00007ffb31f20000 - 0x00007ffb31f72000 	C:\Windows\system32\shlwapi.dll
0x00007ffb30e00000 - 0x00007ffb30e0f000 	C:\Windows\system32\kernel.appcore.dll
0x00007ffb313c0000 - 0x00007ffb31475000 	C:\Windows\system32\shcore.dll
0x00007ffb30db0000 - 0x00007ffb30dfb000 	C:\Windows\system32\powrprof.dll
0x00007ffb30d80000 - 0x00007ffb30d94000 	C:\Windows\system32\profapi.dll

VM Arguments:
jvm_args: -Djava.awt.headless=true -Xmx1024M -Dfile.encoding=windows-1256 -Duser.country=US -Duser.language=en -Duser.variant 
java_command: com.android.dx.command.Main --dex --force-jumbo --num-threads=4 --output F:\FCI_3rd\AndroidProjects\LocateMe1.0\app\build\intermediates\pre-dexed\debug\com.google.android.gms-play-services-ads-9.2.1_e3454566d1485c18495a78adc66a376e807bc4f2.jar F:\FCI_3rd\AndroidProjects\LocateMe1.0\app\build\intermediates\exploded-aar\com.google.android.gms\play-services-ads\9.2.1\jars\classes.jar
java_class_path (initial): E:\3LI\Android\sdk\build-tools\24.0.1\lib\dx.jar
Launcher Type: SUN_STANDARD

Environment Variables:
JAVA_HOME=C:\Program Files\Java\jdk1.8.0_74\jre
PATH=C:\ProgramData\Oracle\Java\javapath;C:\Windows\system32;C:\Windows;C:\Windows\System32\Wbem;C:\Windows\System32\WindowsPowerShell\v1.0\;C:\TDM-GCC-64\bin;E:\3LI\Microchip\bin;C:\Program Files (x86)\GtkSharp\2.12\bin;C:\Program Files\Microsoft SQL Server\110\Tools\Binn\;C:\AppServ\Apache2.2\bin;C:\AppServ\php6;C:\AppServ\MySQL\bin
USERNAME=E610
OS=Windows_NT
PROCESSOR_IDENTIFIER=Intel64 Family 6 Model 37 Stepping 5, GenuineIntel



---------------  S Y S T E M  ---------------

OS: Windows 10.0 , 64 bit Build 10586 (10.0.10586.589)

CPU:total 4 (2 cores per cpu, 2 threads per core) family 6 model 37 stepping 5, cmov, cx8, fxsr, mmx, sse, sse2, sse3, ssse3, sse4.1, sse4.2, popcnt, aes, clmul, ht, tsc, tscinvbit

Memory: 4k page, physical 3980672k(861504k free), swap 4284664k(6772k free)

vm_info: Java HotSpot(TM) 64-Bit Server VM (25.77-b03) for windows-amd64 JRE (1.8.0_77-b03), built on Mar 20 2016 22:01:33 by "java_re" with MS VC++ 10.0 (VS2010)

time: Sun Jan 01 16:44:28 2017
elapsed time: 5 seconds (0d 0h 0m 5s)

