#
# There is insufficient memory for the Java Runtime Environment to continue.
# Native memory allocation (malloc) failed to allocate 439856 bytes for Chunk::new
# Possible reasons:
#   The system is out of physical RAM or swap space
#   In 32 bit mode, the process size limit was hit
# Possible solutions:
#   Reduce memory load on the system
#   Increase physical memory or swap space
#   Check if swap backing store is full
#   Use 64 bit Java on a 64 bit OS
#   Decrease Java heap size (-Xmx/-Xms)
#   Decrease number of Java threads
#   Decrease Java thread stack sizes (-Xss)
#   Set larger code cache with -XX:ReservedCodeCacheSize=
# This output file may be truncated or incomplete.
#
#  Out of Memory Error (allocation.cpp:390), pid=8444, tid=8764
#
# JRE version: Java(TM) SE Runtime Environment (8.0_77-b03) (build 1.8.0_77-b03)
# Java VM: Java HotSpot(TM) 64-Bit Server VM (25.77-b03 mixed mode windows-amd64 compressed oops)
# Failed to write core dump. Minidumps are not enabled by default on client versions of Windows
#

---------------  T H R E A D  ---------------

Current thread (0x000000001631a000):  JavaThread "C2 CompilerThread1" daemon [_thread_in_native, id=8764, stack(0x00000000166e0000,0x00000000167e0000)]

Stack: [0x00000000166e0000,0x00000000167e0000]
[error occurred during error reporting (printing stack bounds), id 0xc0000005]

Native frames: (J=compiled Java code, j=interpreted, Vv=VM code, C=native code)


Current CompileTask:
C2:   3652 1095       4       com.android.dx.ssa.SCCP::simulatePhi (169 bytes)


---------------  P R O C E S S  ---------------

Java Threads: ( => current thread )
  0x000000001655e800 JavaThread "pool-1-thread-4" [_thread_blocked, id=8884, stack(0x0000000016ee0000,0x0000000016fe0000)]
  0x000000001655d800 JavaThread "pool-1-thread-3" [_thread_blocked, id=8760, stack(0x0000000016de0000,0x0000000016ee0000)]
  0x0000000016559800 JavaThread "pool-1-thread-2" [_thread_in_Java, id=8248, stack(0x0000000016ce0000,0x0000000016de0000)]
  0x0000000016559000 JavaThread "pool-2-thread-1" [_thread_blocked, id=8272, stack(0x0000000016be0000,0x0000000016ce0000)]
  0x0000000016556000 JavaThread "pool-1-thread-1" [_thread_blocked, id=8892, stack(0x0000000016ae0000,0x0000000016be0000)]
  0x0000000016331000 JavaThread "Service Thread" daemon [_thread_blocked, id=8792, stack(0x00000000168e0000,0x00000000169e0000)]
  0x0000000016329800 JavaThread "C1 CompilerThread2" daemon [_thread_in_native, id=8888, stack(0x00000000167e0000,0x00000000168e0000)]
=>0x000000001631a000 JavaThread "C2 CompilerThread1" daemon [_thread_in_native, id=8764, stack(0x00000000166e0000,0x00000000167e0000)]
  0x0000000014bc7800 JavaThread "C2 CompilerThread0" daemon [_thread_blocked, id=4348, stack(0x00000000161e0000,0x00000000162e0000)]
  0x0000000014bc5800 JavaThread "Attach Listener" daemon [_thread_blocked, id=8924, stack(0x00000000160e0000,0x00000000161e0000)]
  0x0000000014bc4800 JavaThread "Signal Dispatcher" daemon [_thread_blocked, id=5132, stack(0x0000000015fe0000,0x00000000160e0000)]
  0x0000000014b6a000 JavaThread "Finalizer" daemon [_thread_blocked, id=8780, stack(0x0000000015dd0000,0x0000000015ed0000)]
  0x000000000246f000 JavaThread "Reference Handler" daemon [_thread_blocked, id=8564, stack(0x0000000015cd0000,0x0000000015dd0000)]
  0x0000000002381000 JavaThread "main" [_thread_in_vm, id=8632, stack(0x0000000002140000,0x0000000002240000)]

Other Threads:
  0x0000000014b47800 VMThread [stack: 0x0000000015bd0000,0x0000000015cd0000] [id=8724]
  0x0000000016393800 WatcherThread [stack: 0x00000000169e0000,0x0000000016ae0000] [id=8408]

VM state:not at safepoint (normal execution)

VM Mutex/Monitor currently owned by a thread: None

Heap:
 PSYoungGen      total 18432K, used 14456K [0x00000000eab00000, 0x00000000ecf00000, 0x0000000100000000)
  eden space 15872K, 75% used [0x00000000eab00000,0x00000000eb6a1440,0x00000000eba80000)
  from space 2560K, 99% used [0x00000000eba80000,0x00000000ebcfcc60,0x00000000ebd00000)
  to   space 2560K, 0% used [0x00000000ecc80000,0x00000000ecc80000,0x00000000ecf00000)
 ParOldGen       total 42496K, used 572K [0x00000000c0000000, 0x00000000c2980000, 0x00000000eab00000)
  object space 42496K, 1% used [0x00000000c0000000,0x00000000c008f3a8,0x00000000c2980000)
 Metaspace       used 5919K, capacity 6774K, committed 7040K, reserved 1056768K
  class space    used 599K, capacity 622K, committed 640K, reserved 1048576K

Card table byte_map: [0x0000000011850000,0x0000000011a60000] byte_map_base: 0x0000000011250000

Marking Bits: (ParMarkBitMap*) 0x0000000074b10600
 Begin Bits: [0x0000000011fc0000, 0x0000000012fc0000)
 End Bits:   [0x0000000012fc0000, 0x0000000013fc0000)

Polling page: 0x0000000002240000

CodeCache: size=245760Kb used=4201Kb max_used=4206Kb free=241559Kb
 bounds [0x0000000002490000, 0x00000000028b0000, 0x0000000011490000]
 total_blobs=1367 nmethods=1100 adapters=181
 compilation: enabled

Compilation events (10 events):
Event: 3.638 Thread 0x0000000016329800 1111       3       com.android.dx.ssa.DeadCodeRemover::run (194 bytes)
Event: 3.640 Thread 0x0000000016329800 nmethod 1111 0x00000000028a7e10 code [0x00000000028a8140, 0x00000000028a9a08]
Event: 3.641 Thread 0x0000000014bc7800 1112       4       java.util.ArrayList::remove (77 bytes)
Event: 3.642 Thread 0x0000000016329800 1113       3       java.util.TreeMap::values (27 bytes)
Event: 3.642 Thread 0x0000000016329800 nmethod 1113 0x00000000028a69d0 code [0x00000000028a6b40, 0x00000000028a6e90]
Event: 3.643 Thread 0x0000000016329800 1114       3       java.util.TreeMap$Values::iterator (19 bytes)
Event: 3.643 Thread 0x0000000016329800 nmethod 1114 0x00000000028aa810 code [0x00000000028aa9a0, 0x00000000028aaeb0]
Event: 3.647 Thread 0x0000000016329800 1115       3       com.android.dx.rop.type.StdTypeList::getType (6 bytes)
Event: 3.648 Thread 0x0000000016329800 nmethod 1115 0x00000000028a6390 code [0x00000000028a6500, 0x00000000028a68c8]
Event: 3.648 Thread 0x0000000016329800 1116       3       com.android.dx.util.LabeledList::getMaxLabel (47 bytes)

GC Heap History (2 events):
Event: 2.482 GC heap before
{Heap before GC invocations=1 (full 0):
 PSYoungGen      total 18432K, used 15872K [0x00000000eab00000, 0x00000000ebf80000, 0x0000000100000000)
  eden space 15872K, 100% used [0x00000000eab00000,0x00000000eba80000,0x00000000eba80000)
  from space 2560K, 0% used [0x00000000ebd00000,0x00000000ebd00000,0x00000000ebf80000)
  to   space 2560K, 0% used [0x00000000eba80000,0x00000000eba80000,0x00000000ebd00000)
 ParOldGen       total 42496K, used 0K [0x00000000c0000000, 0x00000000c2980000, 0x00000000eab00000)
  object space 42496K, 0% used [0x00000000c0000000,0x00000000c0000000,0x00000000c2980000)
 Metaspace       used 5298K, capacity 6226K, committed 6528K, reserved 1056768K
  class space    used 579K, capacity 586K, committed 640K, reserved 1048576K
Event: 2.600 GC heap after
Heap after GC invocations=1 (full 0):
 PSYoungGen      total 18432K, used 2547K [0x00000000eab00000, 0x00000000ecf00000, 0x0000000100000000)
  eden space 15872K, 0% used [0x00000000eab00000,0x00000000eab00000,0x00000000eba80000)
  from space 2560K, 99% used [0x00000000eba80000,0x00000000ebcfcc60,0x00000000ebd00000)
  to   space 2560K, 0% used [0x00000000ecc80000,0x00000000ecc80000,0x00000000ecf00000)
 ParOldGen       total 42496K, used 572K [0x00000000c0000000, 0x00000000c2980000, 0x00000000eab00000)
  object space 42496K, 1% used [0x00000000c0000000,0x00000000c008f3a8,0x00000000c2980000)
 Metaspace       used 5298K, capacity 6226K, committed 6528K, reserved 1056768K
  class space    used 579K, capacity 586K, committed 640K, reserved 1048576K
}

Deoptimization events (1 events):
Event: 2.632 Thread 0x000000001655d800 Uncommon trap: reason=unstable_if action=reinterpret pc=0x00000000026b9a80 method=java.util.HashMap.getNode(ILjava/lang/Object;)Ljava/util/HashMap$Node; @ 62

Internal exceptions (2 events):
Event: 0.122 Thread 0x0000000002381000 Exception <a 'java/lang/NoSuchMethodError': Method sun.misc.Unsafe.defineClass(Ljava/lang/String;[BII)Ljava/lang/Class; name or signature does not match> (0x00000000eab07cc0) thrown at [D:\re\workspace\8-2-build-windows-amd64-cygwin\jdk8u77\6540\hotspot\srºû¦%’D¿?
Event: 0.122 Thread 0x0000000002381000 Exception <a 'java/lang/NoSuchMethodError': Method sun.misc.Unsafe.prefetchRead(Ljava/lang/Object;J)V name or signature does not match> (0x00000000eab07fa8) thrown at [D:\re\workspace\8-2-build-windows-amd64-cygwin\jdk8u77\6540\hotspot\src\share\vm\prims\j

Events (10 events):
Event: 2.676 loading class com/android/dx/dex/file/FieldAnnotationStruct
Event: 2.676 loading class com/android/dx/dex/file/FieldAnnotationStruct done
Event: 2.841 loading class java/util/ArrayList$1
Event: 2.841 loading class java/util/ArrayList$1 done
Event: 2.844 loading class com/android/dx/rop/code/LocalItem
Event: 2.844 loading class com/android/dx/rop/code/LocalItem done
Event: 2.879 loading class com/android/dx/cf/code/BytecodeArray$ConstantParserVisitor
Event: 2.879 loading class com/android/dx/cf/code/BytecodeArray$ConstantParserVisitor done
Event: 2.989 Executing VM operation: ForceSafepoint
Event: 3.082 Executing VM operation: ForceSafepoint done


Dynamic libraries:
0x00007ff6ed920000 - 0x00007ff6ed957000 	C:\Program Files\Java\jdk1.8.0_74\bin\java.exe
0x00007fff235f0000 - 0x00007fff237b1000 	C:\Windows\SYSTEM32\ntdll.dll
0x00007fff23540000 - 0x00007fff235ed000 	C:\Windows\system32\KERNEL32.DLL
0x00007fff20530000 - 0x00007fff20718000 	C:\Windows\system32\KERNELBASE.dll
0x00007fff21150000 - 0x00007fff211f7000 	C:\Windows\system32\ADVAPI32.dll
0x00007fff21850000 - 0x00007fff218ed000 	C:\Windows\system32\msvcrt.dll
0x00007fff23380000 - 0x00007fff233db000 	C:\Windows\system32\sechost.dll
0x00007fff23420000 - 0x00007fff2353c000 	C:\Windows\system32\RPCRT4.dll
0x00007fff23220000 - 0x00007fff23376000 	C:\Windows\system32\USER32.dll
0x00007fff20e80000 - 0x00007fff21006000 	C:\Windows\system32\GDI32.dll
0x00007fff12ef0000 - 0x00007fff13164000 	C:\Windows\WinSxS\amd64_microsoft.windows.common-controls_6595b64144ccf1df_6.0.10586.589_none_a2ddb3caa539acce\COMCTL32.dll
0x00007fff21a40000 - 0x00007fff21cbd000 	C:\Windows\system32\combase.dll
0x00007fff1fca0000 - 0x00007fff1fd0a000 	C:\Windows\system32\bcryptPrimitives.dll
0x00007fff233e0000 - 0x00007fff2341b000 	C:\Windows\system32\IMM32.DLL
0x0000000073e80000 - 0x0000000073f52000 	C:\Program Files\Java\jdk1.8.0_74\jre\bin\msvcr100.dll
0x0000000074300000 - 0x0000000074b90000 	C:\Program Files\Java\jdk1.8.0_74\jre\bin\server\jvm.dll
0x00007fff21070000 - 0x00007fff21078000 	C:\Windows\system32\PSAPI.DLL
0x00007fff19050000 - 0x00007fff19059000 	C:\Windows\SYSTEM32\WSOCK32.dll
0x00007fff20e00000 - 0x00007fff20e6b000 	C:\Windows\system32\WS2_32.dll
0x00007fff1e1d0000 - 0x00007fff1e1f3000 	C:\Windows\SYSTEM32\WINMM.dll
0x00007fff16c40000 - 0x00007fff16c4a000 	C:\Windows\SYSTEM32\VERSION.dll
0x00007fff1e1a0000 - 0x00007fff1e1cc000 	C:\Windows\SYSTEM32\WINMMBASE.dll
0x00007fff20780000 - 0x00007fff207c3000 	C:\Windows\system32\cfgmgr32.dll
0x00000000742f0000 - 0x00000000742ff000 	C:\Program Files\Java\jdk1.8.0_74\jre\bin\verify.dll
0x00000000742c0000 - 0x00000000742e9000 	C:\Program Files\Java\jdk1.8.0_74\jre\bin\java.dll
0x00000000742a0000 - 0x00000000742b6000 	C:\Program Files\Java\jdk1.8.0_74\jre\bin\zip.dll
0x00007fff21cc0000 - 0x00007fff2321c000 	C:\Windows\system32\SHELL32.dll
0x00007fff1fd10000 - 0x00007fff20355000 	C:\Windows\system32\windows.storage.dll
0x00007fff21010000 - 0x00007fff21062000 	C:\Windows\system32\shlwapi.dll
0x00007fff1fc30000 - 0x00007fff1fc3f000 	C:\Windows\system32\kernel.appcore.dll
0x00007fff207f0000 - 0x00007fff208a5000 	C:\Windows\system32\shcore.dll
0x00007fff1fc40000 - 0x00007fff1fc8b000 	C:\Windows\system32\powrprof.dll
0x00007fff1fc10000 - 0x00007fff1fc24000 	C:\Windows\system32\profapi.dll

VM Arguments:
jvm_args: -Djava.awt.headless=true -Xmx1024M -Dfile.encoding=windows-1256 -Duser.country=US -Duser.language=en -Duser.variant 
java_command: com.android.dx.command.Main --dex --force-jumbo --num-threads=4 --output F:\FCI_3rd\AndroidProjects\LocateMe1.0\app\build\intermediates\pre-dexed\debug\com.google.android.gms-play-services-ads-9.2.1_e3454566d1485c18495a78adc66a376e807bc4f2.jar F:\FCI_3rd\AndroidProjects\LocateMe1.0\app\build\intermediates\exploded-aar\com.google.android.gms\play-services-ads\9.2.1\jars\classes.jar
java_class_path (initial): E:\3LI\Android\sdk\build-tools\24.0.1\lib\dx.jar
Launcher Type: SUN_STANDARD

Environment Variables:
JAVA_HOME=C:\Program Files\Java\jdk1.8.0_74\jre
PATH=C:\ProgramData\Oracle\Java\javapath;C:\Windows\system32;C:\Windows;C:\Windows\System32\Wbem;C:\Windows\System32\WindowsPowerShell\v1.0\;C:\TDM-GCC-64\bin;E:\3LI\Microchip\bin;C:\Program Files (x86)\GtkSharp\2.12\bin;C:\Program Files\Microsoft SQL Server\110\Tools\Binn\;C:\AppServ\Apache2.2\bin;C:\AppServ\php6;C:\AppServ\MySQL\bin
USERNAME=E610
OS=Windows_NT
PROCESSOR_IDENTIFIER=Intel64 Family 6 Model 37 Stepping 5, GenuineIntel



---------------  S Y S T E M  ---------------

OS: Windows 10.0 , 64 bit Build 10586 (10.0.10586.589)

CPU:total 4 (2 cores per cpu, 2 threads per core) family 6 model 37 stepping 5, cmov, cx8, fxsr, mmx, sse, sse2, sse3, ssse3, sse4.1, sse4.2, popcnt, aes, clmul, ht, tsc, tscinvbit

Memory: 4k page, physical 3980672k(400972k free), swap 4226176k(412k free)

vm_info: Java HotSpot(TM) 64-Bit Server VM (25.77-b03) for windows-amd64 JRE (1.8.0_77-b03), built on Mar 20 2016 22:01:33 by "java_re" with MS VC++ 10.0 (VS2010)

time: Sun Jan 01 19:04:22 2017
elapsed time: 3 seconds (0d 0h 0m 3s)

