#
# There is insufficient memory for the Java Runtime Environment to continue.
# Native memory allocation (malloc) failed to allocate 32744 bytes for ChunkPool::allocate
# Possible reasons:
#   The system is out of physical RAM or swap space
#   In 32 bit mode, the process size limit was hit
# Possible solutions:
#   Reduce memory load on the system
#   Increase physical memory or swap space
#   Check if swap backing store is full
#   Use 64 bit Java on a 64 bit OS
#   Decrease Java heap size (-Xmx/-Xms)
#   Decrease number of Java threads
#   Decrease Java thread stack sizes (-Xss)
#   Set larger code cache with -XX:ReservedCodeCacheSize=
# This output file may be truncated or incomplete.
#
#  Out of Memory Error (allocation.cpp:273), pid=1624, tid=4256
#
# JRE version: Java(TM) SE Runtime Environment (8.0_77-b03) (build 1.8.0_77-b03)
# Java VM: Java HotSpot(TM) 64-Bit Server VM (25.77-b03 mixed mode windows-amd64 compressed oops)
# Failed to write core dump. Minidumps are not enabled by default on client versions of Windows
#

---------------  T H R E A D  ---------------

Current thread (0x00000000153ad000):  JavaThread "C2 CompilerThread0" daemon [_thread_in_vm, id=4256, stack(0x00000000169a0000,0x0000000016aa0000)]

Stack: [0x00000000169a0000,0x0000000016aa0000]
[error occurred during error reporting (printing stack bounds), id 0xc0000005]

Native frames: (J=compiled Java code, j=interpreted, Vv=VM code, C=native code)


Current CompileTask:
C2:   1723  490       4       java.util.ArrayList$Itr::next (66 bytes)


---------------  P R O C E S S  ---------------

Java Threads: ( => current thread )
  0x0000000016e46800 JavaThread "pool-1-thread-4" [_thread_in_Java, id=6992, stack(0x00000000176a0000,0x00000000177a0000)]
  0x0000000016e46000 JavaThread "pool-1-thread-3" [_thread_blocked, id=8048, stack(0x00000000175a0000,0x00000000176a0000)]
  0x0000000016e42000 JavaThread "pool-1-thread-2" [_thread_blocked, id=6284, stack(0x00000000174a0000,0x00000000175a0000)]
  0x0000000016e3f800 JavaThread "pool-2-thread-1" [_thread_blocked, id=2376, stack(0x00000000173a0000,0x00000000174a0000)]
  0x0000000016e3c800 JavaThread "pool-1-thread-1" [_thread_blocked, id=4720, stack(0x00000000172a0000,0x00000000173a0000)]
  0x00000000153be800 JavaThread "Service Thread" daemon [_thread_blocked, id=2500, stack(0x00000000170a0000,0x00000000171a0000)]
  0x00000000153ba000 JavaThread "C1 CompilerThread2" daemon [_thread_in_native, id=7552, stack(0x0000000016fa0000,0x00000000170a0000)]
  0x00000000153b0800 JavaThread "C2 CompilerThread1" daemon [_thread_in_native, id=224, stack(0x0000000016aa0000,0x0000000016ba0000)]
=>0x00000000153ad000 JavaThread "C2 CompilerThread0" daemon [_thread_in_vm, id=4256, stack(0x00000000169a0000,0x0000000016aa0000)]
  0x00000000153ab800 JavaThread "Attach Listener" daemon [_thread_blocked, id=6092, stack(0x00000000168a0000,0x00000000169a0000)]
  0x00000000153aa800 JavaThread "Signal Dispatcher" daemon [_thread_blocked, id=8176, stack(0x00000000167a0000,0x00000000168a0000)]
  0x000000001534a000 JavaThread "Finalizer" daemon [_thread_blocked, id=5668, stack(0x00000000165c0000,0x00000000166c0000)]
  0x0000000002c7f000 JavaThread "Reference Handler" daemon [_thread_blocked, id=5096, stack(0x00000000164c0000,0x00000000165c0000)]
  0x0000000002b91000 JavaThread "main" [_thread_in_vm, id=5124, stack(0x0000000002a90000,0x0000000002b90000)]

Other Threads:
  0x0000000015327800 VMThread [stack: 0x00000000163c0000,0x00000000164c0000] [id=4532]
  0x0000000016c0a800 WatcherThread [stack: 0x00000000171a0000,0x00000000172a0000] [id=1124]

VM state:not at safepoint (normal execution)

VM Mutex/Monitor currently owned by a thread:  ([mutex/lock_event])
[0x0000000002a8d820] MethodData_lock - owner thread: 0x0000000002b91000

Heap:
 PSYoungGen      total 18432K, used 12375K [0x00000000eab00000, 0x00000000ebf80000, 0x0000000100000000)
  eden space 15872K, 77% used [0x00000000eab00000,0x00000000eb715e20,0x00000000eba80000)
  from space 2560K, 0% used [0x00000000ebd00000,0x00000000ebd00000,0x00000000ebf80000)
  to   space 2560K, 0% used [0x00000000eba80000,0x00000000eba80000,0x00000000ebd00000)
 ParOldGen       total 42496K, used 0K [0x00000000c0000000, 0x00000000c2980000, 0x00000000eab00000)
  object space 42496K, 0% used [0x00000000c0000000,0x00000000c0000000,0x00000000c2980000)
 Metaspace       used 5514K, capacity 6452K, committed 6528K, reserved 1056768K
  class space    used 591K, capacity 620K, committed 640K, reserved 1048576K

Card table byte_map: [0x0000000012050000,0x0000000012260000] byte_map_base: 0x0000000011a50000

Marking Bits: (ParMarkBitMap*) 0x00000000572e0600
 Begin Bits: [0x00000000127c0000, 0x00000000137c0000)
 End Bits:   [0x00000000137c0000, 0x00000000147c0000)

Polling page: 0x00000000029e0000

CodeCache: size=245760Kb used=2060Kb max_used=2071Kb free=243700Kb
 bounds [0x0000000002c90000, 0x0000000002f00000, 0x0000000011c90000]
 total_blobs=724 nmethods=457 adapters=181
 compilation: enabled

Compilation events (10 events):
Event: 1.702 Thread 0x00000000153ba000 nmethod 453 0x0000000002e92e50 code [0x0000000002e92fa0, 0x0000000002e930b0]
Event: 1.702 Thread 0x00000000153ba000  464   !   3       com.android.dx.cf.code.BytecodeArray::parseInstruction (2764 bytes)
Event: 1.703 Thread 0x00000000153b0800  476       4       java.util.BitSet::checkInvariants (111 bytes)
Event: 1.703 Thread 0x00000000153b0800 nmethod 476 0x0000000002e95d10 code [0x0000000002e95e40, 0x0000000002e95e98]
Event: 1.706 Thread 0x00000000153ad000  483       4       com.android.dx.rop.type.Type::getCategory (36 bytes)
Event: 1.706 Thread 0x00000000153b0800  484       4       java.util.ArrayList$Itr::hasNext (20 bytes)
Event: 1.706 Thread 0x00000000153ad000 nmethod 483 0x0000000002e95b10 code [0x0000000002e95c40, 0x0000000002e95cb8]
Event: 1.707 Thread 0x00000000153b0800 nmethod 484 0x0000000002e958d0 code [0x0000000002e95a00, 0x0000000002e95a78]
Event: 1.721 Thread 0x00000000153ad000  490       4       java.util.ArrayList$Itr::next (66 bytes)
Event: 1.721 Thread 0x00000000153b0800  487       4       com.android.dx.util.MutabilityControl::throwIfImmutable (18 bytes)

GC Heap History (0 events):
No events

Deoptimization events (0 events):
No events

Internal exceptions (2 events):
Event: 0.061 Thread 0x0000000002b91000 Exception <a 'java/lang/NoSuchMethodError': Method sun.misc.Unsafe.defineClass(Ljava/lang/String;[BII)Ljava/lang/Class; name or signature does not match> (0x00000000eab07cc0) thrown at [D:\re\workspace\8-2-build-windows-amd64-cygwin\jdk8u77\6540\hotspot\sr™T·v‰¯?
Event: 0.062 Thread 0x0000000002b91000 Exception <a 'java/lang/NoSuchMethodError': Method sun.misc.Unsafe.prefetchRead(Ljava/lang/Object;J)V name or signature does not match> (0x00000000eab07fa8) thrown at [D:\re\workspace\8-2-build-windows-amd64-cygwin\jdk8u77\6540\hotspot\src\share\vm\prims\j

Events (10 events):
Event: 1.692 loading class com/android/dx/dex/file/DebugInfoItem
Event: 1.692 loading class com/android/dx/dex/file/DebugInfoItem done
Event: 1.696 loading class com/android/dx/cf/code/SwitchList
Event: 1.696 loading class com/android/dx/cf/code/SwitchList done
Event: 1.697 loading class com/android/dx/cf/code/Ropper$ExceptionHandlerSetup
Event: 1.697 loading class com/android/dx/cf/code/Ropper$ExceptionHandlerSetup done
Event: 1.699 loading class java/util/HashMap$Values
Event: 1.699 loading class java/util/HashMap$Values done
Event: 1.699 loading class java/util/HashMap$ValueIterator
Event: 1.700 loading class java/util/HashMap$ValueIterator done


Dynamic libraries:
0x00007ff7d6820000 - 0x00007ff7d6857000 	C:\Program Files\Java\jdk1.8.0_74\bin\java.exe
0x00007ffb34760000 - 0x00007ffb34921000 	C:\Windows\SYSTEM32\ntdll.dll
0x00007ffb320f0000 - 0x00007ffb3219d000 	C:\Windows\system32\KERNEL32.DLL
0x00007ffb311d0000 - 0x00007ffb313b8000 	C:\Windows\system32\KERNELBASE.dll
0x00007ffb31e60000 - 0x00007ffb31f07000 	C:\Windows\system32\ADVAPI32.dll
0x00007ffb31fe0000 - 0x00007ffb3207d000 	C:\Windows\system32\msvcrt.dll
0x00007ffb33e20000 - 0x00007ffb33e7b000 	C:\Windows\system32\sechost.dll
0x00007ffb321b0000 - 0x00007ffb322cc000 	C:\Windows\system32\RPCRT4.dll
0x00007ffb34010000 - 0x00007ffb34166000 	C:\Windows\system32\USER32.dll
0x00007ffb33e80000 - 0x00007ffb34006000 	C:\Windows\system32\GDI32.dll
0x00007ffb24020000 - 0x00007ffb24294000 	C:\Windows\WinSxS\amd64_microsoft.windows.common-controls_6595b64144ccf1df_6.0.10586.589_none_a2ddb3caa539acce\COMCTL32.dll
0x00007ffb322f0000 - 0x00007ffb3256d000 	C:\Windows\system32\combase.dll
0x00007ffb30e80000 - 0x00007ffb30eea000 	C:\Windows\system32\bcryptPrimitives.dll
0x00007ffb34650000 - 0x00007ffb3468b000 	C:\Windows\system32\IMM32.DLL
0x0000000056650000 - 0x0000000056722000 	C:\Program Files\Java\jdk1.8.0_74\jre\bin\msvcr100.dll
0x0000000056ad0000 - 0x0000000057360000 	C:\Program Files\Java\jdk1.8.0_74\jre\bin\server\jvm.dll
0x00007ffb31f10000 - 0x00007ffb31f18000 	C:\Windows\system32\PSAPI.DLL
0x00007ffb284e0000 - 0x00007ffb284e9000 	C:\Windows\SYSTEM32\WSOCK32.dll
0x00007ffb32080000 - 0x00007ffb320eb000 	C:\Windows\system32\WS2_32.dll
0x00007ffb2f0c0000 - 0x00007ffb2f0e3000 	C:\Windows\SYSTEM32\WINMM.dll
0x00007ffb287a0000 - 0x00007ffb287aa000 	C:\Windows\SYSTEM32\VERSION.dll
0x00007ffb2f060000 - 0x00007ffb2f08c000 	C:\Windows\SYSTEM32\WINMMBASE.dll
0x00007ffb30e10000 - 0x00007ffb30e53000 	C:\Windows\system32\cfgmgr32.dll
0x0000000056ac0000 - 0x0000000056acf000 	C:\Program Files\Java\jdk1.8.0_74\jre\bin\verify.dll
0x0000000056a90000 - 0x0000000056ab9000 	C:\Program Files\Java\jdk1.8.0_74\jre\bin\java.dll
0x0000000056a70000 - 0x0000000056a86000 	C:\Program Files\Java\jdk1.8.0_74\jre\bin\zip.dll
0x00007ffb32580000 - 0x00007ffb33adc000 	C:\Windows\system32\SHELL32.dll
0x00007ffb31510000 - 0x00007ffb31b55000 	C:\Windows\system32\windows.storage.dll
0x00007ffb31f20000 - 0x00007ffb31f72000 	C:\Windows\system32\shlwapi.dll
0x00007ffb30e00000 - 0x00007ffb30e0f000 	C:\Windows\system32\kernel.appcore.dll
0x00007ffb313c0000 - 0x00007ffb31475000 	C:\Windows\system32\shcore.dll
0x00007ffb30db0000 - 0x00007ffb30dfb000 	C:\Windows\system32\powrprof.dll
0x00007ffb30d80000 - 0x00007ffb30d94000 	C:\Windows\system32\profapi.dll

VM Arguments:
jvm_args: -Djava.awt.headless=true -Xmx1024M -Dfile.encoding=windows-1256 -Duser.country=US -Duser.language=en -Duser.variant 
java_command: com.android.dx.command.Main --dex --force-jumbo --num-threads=4 --output F:\FCI_3rd\AndroidProjects\LocateMe1.0\app\build\intermediates\pre-dexed\debug\com.google.android.gms-play-services-wallet-9.2.1_13d300329c2ed61b427938e58fd91c2b2e93d57c.jar F:\FCI_3rd\AndroidProjects\LocateMe1.0\app\build\intermediates\exploded-aar\com.google.android.gms\play-services-wallet\9.2.1\jars\classes.jar
java_class_path (initial): E:\3LI\Android\sdk\build-tools\24.0.1\lib\dx.jar
Launcher Type: SUN_STANDARD

Environment Variables:
JAVA_HOME=C:\Program Files\Java\jdk1.8.0_74\jre
PATH=C:\ProgramData\Oracle\Java\javapath;C:\Windows\system32;C:\Windows;C:\Windows\System32\Wbem;C:\Windows\System32\WindowsPowerShell\v1.0\;C:\TDM-GCC-64\bin;E:\3LI\Microchip\bin;C:\Program Files (x86)\GtkSharp\2.12\bin;C:\Program Files\Microsoft SQL Server\110\Tools\Binn\;C:\AppServ\Apache2.2\bin;C:\AppServ\php6;C:\AppServ\MySQL\bin
USERNAME=E610
OS=Windows_NT
PROCESSOR_IDENTIFIER=Intel64 Family 6 Model 37 Stepping 5, GenuineIntel



---------------  S Y S T E M  ---------------

OS: Windows 10.0 , 64 bit Build 10586 (10.0.10586.589)

CPU:total 4 (2 cores per cpu, 2 threads per core) family 6 model 37 stepping 5, cmov, cx8, fxsr, mmx, sse, sse2, sse3, ssse3, sse4.1, sse4.2, popcnt, aes, clmul, ht, tsc, tscinvbit

Memory: 4k page, physical 3980672k(541332k free), swap 4284856k(1328k free)

vm_info: Java HotSpot(TM) 64-Bit Server VM (25.77-b03) for windows-amd64 JRE (1.8.0_77-b03), built on Mar 20 2016 22:01:33 by "java_re" with MS VC++ 10.0 (VS2010)

time: Sun Jan 01 16:30:59 2017
elapsed time: 1 seconds (0d 0h 0m 1s)

