#
# There is insufficient memory for the Java Runtime Environment to continue.
# Native memory allocation (malloc) failed to allocate 348816 bytes for Chunk::new
# Possible reasons:
#   The system is out of physical RAM or swap space
#   In 32 bit mode, the process size limit was hit
# Possible solutions:
#   Reduce memory load on the system
#   Increase physical memory or swap space
#   Check if swap backing store is full
#   Use 64 bit Java on a 64 bit OS
#   Decrease Java heap size (-Xmx/-Xms)
#   Decrease number of Java threads
#   Decrease Java thread stack sizes (-Xss)
#   Set larger code cache with -XX:ReservedCodeCacheSize=
# This output file may be truncated or incomplete.
#
#  Out of Memory Error (allocation.cpp:390), pid=5424, tid=7780
#
# JRE version: Java(TM) SE Runtime Environment (8.0_77-b03) (build 1.8.0_77-b03)
# Java VM: Java HotSpot(TM) 64-Bit Server VM (25.77-b03 mixed mode windows-amd64 compressed oops)
# Failed to write core dump. Minidumps are not enabled by default on client versions of Windows
#

---------------  T H R E A D  ---------------

Current thread (0x0000000015047800):  JavaThread "C2 CompilerThread0" daemon [_thread_in_native, id=7780, stack(0x0000000016560000,0x0000000016660000)]

Stack: [0x0000000016560000,0x0000000016660000]
[error occurred during error reporting (printing stack bounds), id 0xc0000005]

Native frames: (J=compiled Java code, j=interpreted, Vv=VM code, C=native code)


Current CompileTask:
C2:  28567 2292       4       com.android.dx.cf.code.Simulator$SimVisitor::visitNoArgs (2136 bytes)


---------------  P R O C E S S  ---------------

Java Threads: ( => current thread )
  0x00000000169f8800 JavaThread "pool-1-thread-4" [_thread_in_Java, id=8056, stack(0x0000000017260000,0x0000000017360000)]
  0x00000000169f1000 JavaThread "pool-1-thread-3" [_thread_in_Java, id=6356, stack(0x0000000017160000,0x0000000017260000)]
  0x00000000169e7000 JavaThread "pool-1-thread-2" [_thread_blocked, id=7568, stack(0x0000000017060000,0x0000000017160000)]
  0x00000000169e6000 JavaThread "pool-2-thread-1" [_thread_blocked, id=6736, stack(0x0000000016f60000,0x0000000017060000)]
  0x00000000169e3800 JavaThread "pool-1-thread-1" [_thread_in_Java, id=3900, stack(0x0000000016e60000,0x0000000016f60000)]
  0x00000000167ad800 JavaThread "Service Thread" daemon [_thread_blocked, id=8436, stack(0x0000000016c60000,0x0000000016d60000)]
  0x00000000167a6000 JavaThread "C1 CompilerThread2" daemon [_thread_blocked, id=6936, stack(0x0000000016b60000,0x0000000016c60000)]
  0x000000001504a800 JavaThread "C2 CompilerThread1" daemon [_thread_in_native, id=6296, stack(0x0000000016660000,0x0000000016760000)]
=>0x0000000015047800 JavaThread "C2 CompilerThread0" daemon [_thread_in_native, id=7780, stack(0x0000000016560000,0x0000000016660000)]
  0x0000000015045800 JavaThread "Attach Listener" daemon [_thread_blocked, id=8724, stack(0x0000000016460000,0x0000000016560000)]
  0x0000000015044800 JavaThread "Signal Dispatcher" daemon [_thread_blocked, id=6752, stack(0x0000000016360000,0x0000000016460000)]
  0x0000000014fea000 JavaThread "Finalizer" daemon [_thread_blocked, id=7972, stack(0x0000000016260000,0x0000000016360000)]
  0x000000000291f000 JavaThread "Reference Handler" daemon [_thread_blocked, id=5556, stack(0x0000000016160000,0x0000000016260000)]
  0x00000000005dd800 JavaThread "main" [_thread_in_vm, id=6368, stack(0x0000000002730000,0x0000000002830000)]

Other Threads:
  0x0000000014fc7800 VMThread [stack: 0x0000000016060000,0x0000000016160000] [id=6008]
  0x00000000167fb000 WatcherThread [stack: 0x0000000016d60000,0x0000000016e60000] [id=5836]

VM state:not at safepoint (normal execution)

VM Mutex/Monitor currently owned by a thread: None

Heap:
 PSYoungGen      total 179712K, used 56925K [0x00000000eab00000, 0x00000000f9a80000, 0x0000000100000000)
  eden space 129536K, 9% used [0x00000000eab00000,0x00000000eb773518,0x00000000f2980000)
  from space 50176K, 88% used [0x00000000f6380000,0x00000000f8ea3fe0,0x00000000f9480000)
  to   space 57856K, 0% used [0x00000000f2980000,0x00000000f2980000,0x00000000f6200000)
 ParOldGen       total 344064K, used 189419K [0x00000000c0000000, 0x00000000d5000000, 0x00000000eab00000)
  object space 344064K, 55% used [0x00000000c0000000,0x00000000cb8fad50,0x00000000d5000000)
 Metaspace       used 6533K, capacity 7256K, committed 7424K, reserved 1056768K
  class space    used 625K, capacity 656K, committed 768K, reserved 1048576K

Card table byte_map: [0x0000000011cf0000,0x0000000011f00000] byte_map_base: 0x00000000116f0000

Marking Bits: (ParMarkBitMap*) 0x00000000572e0600
 Begin Bits: [0x0000000012460000, 0x0000000013460000)
 End Bits:   [0x0000000013460000, 0x0000000014460000)

Polling page: 0x0000000000a30000

CodeCache: size=245760Kb used=10061Kb max_used=10080Kb free=235698Kb
 bounds [0x0000000002930000, 0x0000000003320000, 0x0000000011930000]
 total_blobs=2379 nmethods=2111 adapters=181
 compilation: enabled

Compilation events (10 events):
Event: 28.129 Thread 0x00000000167a6000 nmethod 2272 0x00000000032fcfd0 code [0x00000000032fd1c0, 0x00000000032fd988]
Event: 28.129 Thread 0x00000000167a6000 2273       3       com.android.dx.rop.cst.CstArray$List::<init> (6 bytes)
Event: 28.129 Thread 0x00000000167a6000 nmethod 2273 0x00000000032c6510 code [0x00000000032c6680, 0x00000000032c6808]
Event: 28.131 Thread 0x0000000015047800 2292       4       com.android.dx.cf.code.Simulator$SimVisitor::visitNoArgs (2136 bytes)
Event: 28.452 Thread 0x000000001504a800 nmethod 2285% 0x0000000003303cd0 code [0x00000000033040a0, 0x0000000003307230]
Event: 28.453 Thread 0x000000001504a800 2300 %     4       com.android.dx.cf.code.BytecodeArray::processWorkSet @ 14 (50 bytes)
Event: 28.459 Thread 0x000000001504a800 nmethod 2300% 0x0000000003300790 code [0x0000000003300900, 0x0000000003300bc8]
Event: 28.460 Thread 0x000000001504a800 2301   !   4       com.android.dx.rop.type.Type::intern (319 bytes)
Event: 28.543 Thread 0x000000001504a800 nmethod 2301 0x000000000330fd50 code [0x0000000003310000, 0x0000000003311f80]
Event: 28.543 Thread 0x000000001504a800 2293       4       com.android.dx.cf.code.BaseMachine::popArgs (137 bytes)

GC Heap History (10 events):
Event: 13.157 GC heap before
{Heap before GC invocations=9 (full 2):
 PSYoungGen      total 131584K, used 118784K [0x00000000eab00000, 0x00000000f5000000, 0x0000000100000000)
  eden space 118784K, 100% used [0x00000000eab00000,0x00000000f1f00000,0x00000000f1f00000)
  from space 12800K, 0% used [0x00000000f3380000,0x00000000f3380000,0x00000000f4000000)
  to   space 20992K, 58% used [0x00000000f1f00000,0x00000000f2af9f08,0x00000000f3380000)
 ParOldGen       total 124416K, used 82995K [0x00000000c0000000, 0x00000000c7980000, 0x00000000eab00000)
  object space 124416K, 66% used [0x00000000c0000000,0x00000000c510cdd0,0x00000000c7980000)
 Metaspace       used 6495K, capacity 7192K, committed 7424K, reserved 1056768K
  class space    used 624K, capacity 656K, committed 768K, reserved 1048576K
Event: 14.639 GC heap after
Heap after GC invocations=9 (full 2):
 PSYoungGen      total 131584K, used 27984K [0x00000000eab00000, 0x00000000f5000000, 0x0000000100000000)
  eden space 118784K, 23% used [0x00000000eab00000,0x00000000ec654140,0x00000000f1f00000)
  from space 12800K, 0% used [0x00000000f3380000,0x00000000f3380000,0x00000000f4000000)
  to   space 20992K, 0% used [0x00000000f1f00000,0x00000000f1f00000,0x00000000f3380000)
 ParOldGen       total 189440K, used 124290K [0x00000000c0000000, 0x00000000cb900000, 0x00000000eab00000)
  object space 189440K, 65% used [0x00000000c0000000,0x00000000c7960990,0x00000000cb900000)
 Metaspace       used 6495K, capacity 7192K, committed 7424K, reserved 1056768K
  class space    used 624K, capacity 656K, committed 768K, reserved 1048576K
}
Event: 15.681 GC heap before
{Heap before GC invocations=10 (full 2):
 PSYoungGen      total 131584K, used 118784K [0x00000000eab00000, 0x00000000f5000000, 0x0000000100000000)
  eden space 118784K, 100% used [0x00000000eab00000,0x00000000f1f00000,0x00000000f1f00000)
  from space 12800K, 0% used [0x00000000f3380000,0x00000000f3380000,0x00000000f4000000)
  to   space 20992K, 0% used [0x00000000f1f00000,0x00000000f1f00000,0x00000000f3380000)
 ParOldGen       total 189440K, used 124290K [0x00000000c0000000, 0x00000000cb900000, 0x00000000eab00000)
  object space 189440K, 65% used [0x00000000c0000000,0x00000000c7960990,0x00000000cb900000)
 Metaspace       used 6500K, capacity 7192K, committed 7424K, reserved 1056768K
  class space    used 624K, capacity 656K, committed 768K, reserved 1048576K
Event: 15.978 GC heap after
Heap after GC invocations=10 (full 2):
 PSYoungGen      total 139776K, used 20962K [0x00000000eab00000, 0x00000000f9480000, 0x0000000100000000)
  eden space 118784K, 0% used [0x00000000eab00000,0x00000000eab00000,0x00000000f1f00000)
  from space 20992K, 99% used [0x00000000f1f00000,0x00000000f3378980,0x00000000f3380000)
  to   space 50176K, 0% used [0x00000000f6380000,0x00000000f6380000,0x00000000f9480000)
 ParOldGen       total 189440K, used 174163K [0x00000000c0000000, 0x00000000cb900000, 0x00000000eab00000)
  object space 189440K, 91% used [0x00000000c0000000,0x00000000caa14f10,0x00000000cb900000)
 Metaspace       used 6500K, capacity 7192K, committed 7424K, reserved 1056768K
  class space    used 624K, capacity 656K, committed 768K, reserved 1048576K
}
Event: 15.978 GC heap before
{Heap before GC invocations=11 (full 3):
 PSYoungGen      total 139776K, used 20962K [0x00000000eab00000, 0x00000000f9480000, 0x0000000100000000)
  eden space 118784K, 0% used [0x00000000eab00000,0x00000000eab00000,0x00000000f1f00000)
  from space 20992K, 99% used [0x00000000f1f00000,0x00000000f3378980,0x00000000f3380000)
  to   space 50176K, 0% used [0x00000000f6380000,0x00000000f6380000,0x00000000f9480000)
 ParOldGen       total 189440K, used 174163K [0x00000000c0000000, 0x00000000cb900000, 0x00000000eab00000)
  object space 189440K, 91% used [0x00000000c0000000,0x00000000caa14f10,0x00000000cb900000)
 Metaspace       used 6500K, capacity 7192K, committed 7424K, reserved 1056768K
  class space    used 624K, capacity 656K, committed 768K, reserved 1048576K
Event: 16.712 GC heap after
Heap after GC invocations=11 (full 3):
 PSYoungGen      total 139776K, used 989K [0x00000000eab00000, 0x00000000f9480000, 0x0000000100000000)
  eden space 118784K, 0% used [0x00000000eab00000,0x00000000eab00000,0x00000000f1f00000)
  from space 20992K, 4% used [0x00000000f1f00000,0x00000000f1ff74f0,0x00000000f3380000)
  to   space 50176K, 0% used [0x00000000f6380000,0x00000000f6380000,0x00000000f9480000)
 ParOldGen       total 189440K, used 189263K [0x00000000c0000000, 0x00000000cb900000, 0x00000000eab00000)
  object space 189440K, 99% used [0x00000000c0000000,0x00000000cb8d3ef8,0x00000000cb900000)
 Metaspace       used 6500K, capacity 7192K, committed 7424K, reserved 1056768K
  class space    used 624K, capacity 656K, committed 768K, reserved 1048576K
}
Event: 18.136 GC heap before
{Heap before GC invocations=12 (full 4):
 PSYoungGen      total 139776K, used 119773K [0x00000000eab00000, 0x00000000f9480000, 0x0000000100000000)
  eden space 118784K, 100% used [0x00000000eab00000,0x00000000f1f00000,0x00000000f1f00000)
  from space 20992K, 4% used [0x00000000f1f00000,0x00000000f1ff74f0,0x00000000f3380000)
  to   space 50176K, 0% used [0x00000000f6380000,0x00000000f6380000,0x00000000f9480000)
 ParOldGen       total 189440K, used 189263K [0x00000000c0000000, 0x00000000cb900000, 0x00000000eab00000)
  object space 189440K, 99% used [0x00000000c0000000,0x00000000cb8d3ef8,0x00000000cb900000)
 Metaspace       used 6510K, capacity 7192K, committed 7424K, reserved 1056768K
  class space    used 625K, capacity 656K, committed 768K, reserved 1048576K
Event: 22.047 GC heap after
Heap after GC invocations=12 (full 4):
 PSYoungGen      total 139776K, used 14395K [0x00000000eab00000, 0x00000000f9480000, 0x0000000100000000)
  eden space 118784K, 12% used [0x00000000eab00000,0x00000000eb90efd8,0x00000000f1f00000)
  from space 20992K, 0% used [0x00000000f1f00000,0x00000000f1f00000,0x00000000f3380000)
  to   space 50176K, 0% used [0x00000000f6380000,0x00000000f6380000,0x00000000f9480000)
 ParOldGen       total 344064K, used 189411K [0x00000000c0000000, 0x00000000d5000000, 0x00000000eab00000)
  object space 344064K, 55% used [0x00000000c0000000,0x00000000cb8f8d50,0x00000000d5000000)
 Metaspace       used 6510K, capacity 7192K, committed 7424K, reserved 1056768K
  class space    used 625K, capacity 656K, committed 768K, reserved 1048576K
}
Event: 26.722 GC heap before
{Heap before GC invocations=13 (full 4):
 PSYoungGen      total 139776K, used 118784K [0x00000000eab00000, 0x00000000f9480000, 0x0000000100000000)
  eden space 118784K, 100% used [0x00000000eab00000,0x00000000f1f00000,0x00000000f1f00000)
  from space 20992K, 0% used [0x00000000f1f00000,0x00000000f1f00000,0x00000000f3380000)
  to   space 50176K, 0% used [0x00000000f6380000,0x00000000f6380000,0x00000000f9480000)
 ParOldGen       total 344064K, used 189411K [0x00000000c0000000, 0x00000000d5000000, 0x00000000eab00000)
  object space 344064K, 55% used [0x00000000c0000000,0x00000000cb8f8d50,0x00000000d5000000)
 Metaspace       used 6532K, capacity 7192K, committed 7424K, reserved 1056768K
  class space    used 625K, capacity 656K, committed 768K, reserved 1048576K
Event: 27.733 GC heap after
Heap after GC invocations=13 (full 4):
 PSYoungGen      total 179712K, used 44175K [0x00000000eab00000, 0x00000000f9a80000, 0x0000000100000000)
  eden space 129536K, 0% used [0x00000000eab00000,0x00000000eab00000,0x00000000f2980000)
  from space 50176K, 88% used [0x00000000f6380000,0x00000000f8ea3fe0,0x00000000f9480000)
  to   space 57856K, 0% used [0x00000000f2980000,0x00000000f2980000,0x00000000f6200000)
 ParOldGen       total 344064K, used 189419K [0x00000000c0000000, 0x00000000d5000000, 0x00000000eab00000)
  object space 344064K, 55% used [0x00000000c0000000,0x00000000cb8fad50,0x00000000d5000000)
 Metaspace       used 6532K, capacity 7192K, committed 7424K, reserved 1056768K
  class space    used 625K, capacity 656K, committed 768K, reserved 1048576K
}

Deoptimization events (10 events):
Event: 17.960 Thread 0x00000000005dd800 Uncommon trap: reason=unstable_if action=reinterpret pc=0x000000000309d298 method=com.android.dx.cf.code.Merger.mergeStack(Lcom/android/dx/cf/code/ExecutionStack;Lcom/android/dx/cf/code/ExecutionStack;)Lcom/android/dx/cf/code/ExecutionStack; @ 2
Event: 17.961 Thread 0x00000000005dd800 Uncommon trap: reason=unstable_if action=reinterpret pc=0x0000000003077884 method=com.android.dx.cf.code.Merger.mergeStack(Lcom/android/dx/cf/code/ExecutionStack;Lcom/android/dx/cf/code/ExecutionStack;)Lcom/android/dx/cf/code/ExecutionStack; @ 2
Event: 24.053 Thread 0x00000000169e3800 Uncommon trap: reason=class_check action=maybe_recompile pc=0x0000000003219f38 method=com.android.dx.ssa.back.InterferenceGraph.mergeInterferenceSet(ILcom/android/dx/util/IntSet;)V @ 20
Event: 24.673 Thread 0x00000000169e3800 Uncommon trap: reason=class_check action=maybe_recompile pc=0x0000000003219f38 method=com.android.dx.ssa.back.InterferenceGraph.mergeInterferenceSet(ILcom/android/dx/util/IntSet;)V @ 20
Event: 24.673 Thread 0x00000000169e3800 Uncommon trap: reason=class_check action=maybe_recompile pc=0x000000000321b328 method=com.android.dx.util.BitIntSet.merge(Lcom/android/dx/util/IntSet;)V @ 1
Event: 24.673 Thread 0x00000000169e3800 Uncommon trap: reason=class_check action=maybe_recompile pc=0x0000000003219f38 method=com.android.dx.ssa.back.InterferenceGraph.mergeInterferenceSet(ILcom/android/dx/util/IntSet;)V @ 20
Event: 24.673 Thread 0x00000000169e3800 Uncommon trap: reason=class_check action=maybe_recompile pc=0x000000000321b328 method=com.android.dx.util.BitIntSet.merge(Lcom/android/dx/util/IntSet;)V @ 1
Event: 24.683 Thread 0x00000000169e3800 Uncommon trap: reason=class_check action=maybe_recompile pc=0x0000000003219f38 method=com.android.dx.ssa.back.InterferenceGraph.mergeInterferenceSet(ILcom/android/dx/util/IntSet;)V @ 20
Event: 24.683 Thread 0x00000000169e3800 Uncommon trap: reason=class_check action=maybe_recompile pc=0x000000000321b328 method=com.android.dx.util.BitIntSet.merge(Lcom/android/dx/util/IntSet;)V @ 1
Event: 24.683 Thread 0x00000000169e3800 Uncommon trap: reason=class_check action=maybe_recompile pc=0x000000000321b328 method=com.android.dx.util.BitIntSet.merge(Lcom/android/dx/util/IntSet;)V @ 1

Internal exceptions (5 events):
Event: 0.156 Thread 0x00000000005dd800 Exception <a 'java/lang/NoSuchMethodError': Method sun.misc.Unsafe.defineClass(Ljava/lang/String;[BII)Ljava/lang/Class; name or signature does not match> (0x00000000eab07cc0) thrown at [D:\re\workspace\8-2-build-windows-amd64-cygwin\jdk8u77\6540\hotspot\srcèè!∑ƒ?
Event: 0.156 Thread 0x00000000005dd800 Exception <a 'java/lang/NoSuchMethodError': Method sun.misc.Unsafe.prefetchRead(Ljava/lang/Object;J)V name or signature does not match> (0x00000000eab07fa8) thrown at [D:\re\workspace\8-2-build-windows-amd64-cygwin\jdk8u77\6540\hotspot\src\share\vm\prims\j¶E‰Ω@ç@
Event: 4.888 Thread 0x00000000169e3800 Exception <a 'java/lang/ArrayIndexOutOfBoundsException': 18> (0x00000000ee30bd38) thrown at [D:\re\workspace\8-2-build-windows-amd64-cygwin\jdk8u77\6540\hotspot\src\share\vm\interpreter\interpreterRuntime.cpp, line 366]
Event: 4.891 Thread 0x00000000169e3800 Exception <a 'java/lang/ArrayIndexOutOfBoundsException'> (0x00000000ee30d8b8) thrown at [D:\re\workspace\8-2-build-windows-amd64-cygwin\jdk8u77\6540\hotspot\src\share\vm\runtime\sharedRuntime.cpp, line 605]
Event: 4.892 Thread 0x00000000169e3800 Exception <a 'java/lang/ArrayIndexOutOfBoundsException'> (0x00000000ee30eba0) thrown at [D:\re\workspace\8-2-build-windows-amd64-cygwin\jdk8u77\6540\hotspot\src\share\vm\runtime\sharedRuntime.cpp, line 605]

Events (10 events):
Event: 26.716 Executing VM operation: ParallelGCFailedAllocation
Event: 27.733 Executing VM operation: ParallelGCFailedAllocation done
Event: 27.769 Thread 0x00000000169e7000 DEOPT PACKING pc=0x00000000031c2a8b sp=0x000000001715e960
Event: 27.769 Thread 0x00000000169e7000 DEOPT UNPACKING pc=0x000000000297747f sp=0x000000001715e890 mode 0
Event: 27.822 Thread 0x00000000005dd800 DEOPT PACKING pc=0x0000000002e4ec21 sp=0x000000000282e720
Event: 27.822 Thread 0x00000000005dd800 DEOPT UNPACKING pc=0x000000000297747f sp=0x000000000282e4b0 mode 0
Event: 28.280 Thread 0x00000000169e3800 DEOPT PACKING pc=0x0000000002e5c093 sp=0x0000000016f5eb30
Event: 28.280 Thread 0x00000000169e3800 DEOPT UNPACKING pc=0x000000000297747f sp=0x0000000016f5e8f8 mode 0
Event: 28.283 Thread 0x00000000169e3800 DEOPT PACKING pc=0x0000000002e159c7 sp=0x0000000016f5ec30
Event: 28.283 Thread 0x00000000169e3800 DEOPT UNPACKING pc=0x000000000297747f sp=0x0000000016f5e988 mode 0


Dynamic libraries:
0x00007ff7d6820000 - 0x00007ff7d6857000 	C:\Program Files\Java\jdk1.8.0_74\bin\java.exe
0x00007ffb34760000 - 0x00007ffb34921000 	C:\Windows\SYSTEM32\ntdll.dll
0x00007ffb320f0000 - 0x00007ffb3219d000 	C:\Windows\system32\KERNEL32.DLL
0x00007ffb311d0000 - 0x00007ffb313b8000 	C:\Windows\system32\KERNELBASE.dll
0x00007ffb31e60000 - 0x00007ffb31f07000 	C:\Windows\system32\ADVAPI32.dll
0x00007ffb31fe0000 - 0x00007ffb3207d000 	C:\Windows\system32\msvcrt.dll
0x00007ffb33e20000 - 0x00007ffb33e7b000 	C:\Windows\system32\sechost.dll
0x00007ffb321b0000 - 0x00007ffb322cc000 	C:\Windows\system32\RPCRT4.dll
0x00007ffb34010000 - 0x00007ffb34166000 	C:\Windows\system32\USER32.dll
0x00007ffb33e80000 - 0x00007ffb34006000 	C:\Windows\system32\GDI32.dll
0x00007ffb24020000 - 0x00007ffb24294000 	C:\Windows\WinSxS\amd64_microsoft.windows.common-controls_6595b64144ccf1df_6.0.10586.589_none_a2ddb3caa539acce\COMCTL32.dll
0x00007ffb322f0000 - 0x00007ffb3256d000 	C:\Windows\system32\combase.dll
0x00007ffb30e80000 - 0x00007ffb30eea000 	C:\Windows\system32\bcryptPrimitives.dll
0x00007ffb34650000 - 0x00007ffb3468b000 	C:\Windows\system32\IMM32.DLL
0x0000000056650000 - 0x0000000056722000 	C:\Program Files\Java\jdk1.8.0_74\jre\bin\msvcr100.dll
0x0000000056ad0000 - 0x0000000057360000 	C:\Program Files\Java\jdk1.8.0_74\jre\bin\server\jvm.dll
0x00007ffb31f10000 - 0x00007ffb31f18000 	C:\Windows\system32\PSAPI.DLL
0x00007ffb284e0000 - 0x00007ffb284e9000 	C:\Windows\SYSTEM32\WSOCK32.dll
0x00007ffb32080000 - 0x00007ffb320eb000 	C:\Windows\system32\WS2_32.dll
0x00007ffb2f0c0000 - 0x00007ffb2f0e3000 	C:\Windows\SYSTEM32\WINMM.dll
0x00007ffb287a0000 - 0x00007ffb287aa000 	C:\Windows\SYSTEM32\VERSION.dll
0x00000000009e0000 - 0x0000000000a0c000 	C:\Windows\SYSTEM32\WINMMBASE.dll
0x00007ffb30e10000 - 0x00007ffb30e53000 	C:\Windows\system32\cfgmgr32.dll
0x0000000056ac0000 - 0x0000000056acf000 	C:\Program Files\Java\jdk1.8.0_74\jre\bin\verify.dll
0x0000000056a90000 - 0x0000000056ab9000 	C:\Program Files\Java\jdk1.8.0_74\jre\bin\java.dll
0x0000000056a70000 - 0x0000000056a86000 	C:\Program Files\Java\jdk1.8.0_74\jre\bin\zip.dll
0x00007ffb32580000 - 0x00007ffb33adc000 	C:\Windows\system32\SHELL32.dll
0x00007ffb31510000 - 0x00007ffb31b55000 	C:\Windows\system32\windows.storage.dll
0x00007ffb31f20000 - 0x00007ffb31f72000 	C:\Windows\system32\shlwapi.dll
0x00007ffb30e00000 - 0x00007ffb30e0f000 	C:\Windows\system32\kernel.appcore.dll
0x00007ffb313c0000 - 0x00007ffb31475000 	C:\Windows\system32\shcore.dll
0x00007ffb30db0000 - 0x00007ffb30dfb000 	C:\Windows\system32\powrprof.dll
0x00007ffb30d80000 - 0x00007ffb30d94000 	C:\Windows\system32\profapi.dll

VM Arguments:
jvm_args: -Djava.awt.headless=true -Xmx1024M -Dfile.encoding=windows-1256 -Duser.country=US -Duser.language=en -Duser.variant 
java_command: com.android.dx.command.Main --dex --force-jumbo --num-threads=4 --output F:\FCI_3rd\AndroidProjects\LocateMe1.0\app\build\intermediates\pre-dexed\debug\com.google.android.gms-play-services-ads-9.2.1_e3454566d1485c18495a78adc66a376e807bc4f2.jar F:\FCI_3rd\AndroidProjects\LocateMe1.0\app\build\intermediates\exploded-aar\com.google.android.gms\play-services-ads\9.2.1\jars\classes.jar
java_class_path (initial): E:\3LI\Android\sdk\build-tools\24.0.1\lib\dx.jar
Launcher Type: SUN_STANDARD

Environment Variables:
JAVA_HOME=C:\Program Files\Java\jdk1.8.0_74\jre
PATH=C:\ProgramData\Oracle\Java\javapath;C:\Windows\system32;C:\Windows;C:\Windows\System32\Wbem;C:\Windows\System32\WindowsPowerShell\v1.0\;C:\TDM-GCC-64\bin;E:\3LI\Microchip\bin;C:\Program Files (x86)\GtkSharp\2.12\bin;C:\Program Files\Microsoft SQL Server\110\Tools\Binn\;C:\AppServ\Apache2.2\bin;C:\AppServ\php6;C:\AppServ\MySQL\bin
USERNAME=E610
OS=Windows_NT
PROCESSOR_IDENTIFIER=Intel64 Family 6 Model 37 Stepping 5, GenuineIntel



---------------  S Y S T E M  ---------------

OS: Windows 10.0 , 64 bit Build 10586 (10.0.10586.589)

CPU:total 4 (2 cores per cpu, 2 threads per core) family 6 model 37 stepping 5, cmov, cx8, fxsr, mmx, sse, sse2, sse3, ssse3, sse4.1, sse4.2, popcnt, aes, clmul, ht, tsc, tscinvbit

Memory: 4k page, physical 3980672k(681380k free), swap 4284664k(5496k free)

vm_info: Java HotSpot(TM) 64-Bit Server VM (25.77-b03) for windows-amd64 JRE (1.8.0_77-b03), built on Mar 20 2016 22:01:33 by "java_re" with MS VC++ 10.0 (VS2010)

time: Sun Jan 01 16:49:11 2017
elapsed time: 28 seconds (0d 0h 0m 28s)

