#
# There is insufficient memory for the Java Runtime Environment to continue.
# Native memory allocation (malloc) failed to allocate 149312 bytes for Chunk::new
# Possible reasons:
#   The system is out of physical RAM or swap space
#   In 32 bit mode, the process size limit was hit
# Possible solutions:
#   Reduce memory load on the system
#   Increase physical memory or swap space
#   Check if swap backing store is full
#   Use 64 bit Java on a 64 bit OS
#   Decrease Java heap size (-Xmx/-Xms)
#   Decrease number of Java threads
#   Decrease Java thread stack sizes (-Xss)
#   Set larger code cache with -XX:ReservedCodeCacheSize=
# This output file may be truncated or incomplete.
#
#  Out of Memory Error (allocation.cpp:390), pid=2112, tid=6232
#
# JRE version: Java(TM) SE Runtime Environment (8.0_77-b03) (build 1.8.0_77-b03)
# Java VM: Java HotSpot(TM) 64-Bit Server VM (25.77-b03 mixed mode windows-amd64 compressed oops)
# Failed to write core dump. Minidumps are not enabled by default on client versions of Windows
#

---------------  T H R E A D  ---------------

Current thread (0x00000000153da800):  JavaThread "C2 CompilerThread1" daemon [_thread_in_native, id=6232, stack(0x0000000016ae0000,0x0000000016be0000)]

Stack: [0x0000000016ae0000,0x0000000016be0000]
[error occurred during error reporting (printing stack bounds), id 0xc0000005]

Native frames: (J=compiled Java code, j=interpreted, Vv=VM code, C=native code)


Current CompileTask:
C2:   3877 1656       4       com.android.dx.ssa.LocalVariableExtractor::processBlock (383 bytes)


---------------  P R O C E S S  ---------------

Java Threads: ( => current thread )
  0x0000000016ea4800 JavaThread "pool-1-thread-4" [_thread_in_vm, id=5728, stack(0x00000000176e0000,0x00000000177e0000)]
  0x0000000016ea3800 JavaThread "pool-1-thread-3" [_thread_in_vm, id=3784, stack(0x00000000175e0000,0x00000000176e0000)]
  0x0000000016ea3000 JavaThread "pool-1-thread-2" [_thread_in_Java, id=4432, stack(0x00000000174e0000,0x00000000175e0000)]
  0x0000000016ea2000 JavaThread "pool-2-thread-1" [_thread_blocked, id=5644, stack(0x00000000173e0000,0x00000000174e0000)]
  0x0000000016e9f800 JavaThread "pool-1-thread-1" [_thread_in_Java, id=7260, stack(0x00000000172e0000,0x00000000173e0000)]
  0x0000000016c49800 JavaThread "Service Thread" daemon [_thread_blocked, id=5324, stack(0x00000000170e0000,0x00000000171e0000)]
  0x0000000016c1e800 JavaThread "C1 CompilerThread2" daemon [_thread_blocked, id=7972, stack(0x0000000016fe0000,0x00000000170e0000)]
=>0x00000000153da800 JavaThread "C2 CompilerThread1" daemon [_thread_in_native, id=6232, stack(0x0000000016ae0000,0x0000000016be0000)]
  0x00000000153d7800 JavaThread "C2 CompilerThread0" daemon [_thread_in_native, id=3504, stack(0x00000000169e0000,0x0000000016ae0000)]
  0x00000000153d5800 JavaThread "Attach Listener" daemon [_thread_blocked, id=5980, stack(0x00000000168e0000,0x00000000169e0000)]
  0x00000000153d4800 JavaThread "Signal Dispatcher" daemon [_thread_blocked, id=4552, stack(0x00000000167e0000,0x00000000168e0000)]
  0x0000000002cb4800 JavaThread "Finalizer" daemon [_thread_blocked, id=8384, stack(0x0000000016600000,0x0000000016700000)]
  0x0000000002caf000 JavaThread "Reference Handler" daemon [_thread_blocked, id=2596, stack(0x0000000016500000,0x0000000016600000)]
  0x0000000002bc1000 JavaThread "main" [_thread_blocked, id=668, stack(0x0000000002a50000,0x0000000002b50000)]

Other Threads:
  0x0000000015358000 VMThread [stack: 0x0000000016400000,0x0000000016500000] [id=3708]
  0x0000000016c94000 WatcherThread [stack: 0x00000000171e0000,0x00000000172e0000] [id=8364]

VM state:not at safepoint (normal execution)

VM Mutex/Monitor currently owned by a thread: None

Heap:
 PSYoungGen      total 34304K, used 26889K [0x00000000eab00000, 0x00000000ecf00000, 0x0000000100000000)
  eden space 31744K, 76% used [0x00000000eab00000,0x00000000ec2c3e78,0x00000000eca00000)
  from space 2560K, 99% used [0x00000000eca00000,0x00000000ecc7e788,0x00000000ecc80000)
  to   space 2560K, 0% used [0x00000000ecc80000,0x00000000ecc80000,0x00000000ecf00000)
 ParOldGen       total 42496K, used 12554K [0x00000000c0000000, 0x00000000c2980000, 0x00000000eab00000)
  object space 42496K, 29% used [0x00000000c0000000,0x00000000c0c428d8,0x00000000c2980000)
 Metaspace       used 6339K, capacity 7158K, committed 7296K, reserved 1056768K
  class space    used 609K, capacity 622K, committed 640K, reserved 1048576K

Card table byte_map: [0x0000000012080000,0x0000000012290000] byte_map_base: 0x0000000011a80000

Marking Bits: (ParMarkBitMap*) 0x00000000572e0600
 Begin Bits: [0x00000000127f0000, 0x00000000137f0000)
 End Bits:   [0x00000000137f0000, 0x00000000147f0000)

Polling page: 0x0000000000bc0000

CodeCache: size=245760Kb used=6824Kb max_used=6836Kb free=238935Kb
 bounds [0x0000000002cc0000, 0x0000000003380000, 0x0000000011cc0000]
 total_blobs=1938 nmethods=1670 adapters=182
 compilation: enabled

Compilation events (10 events):
Event: 3.811 Thread 0x00000000153d7800 nmethod 1667 0x0000000003354c90 code [0x0000000003354e80, 0x0000000003355b68]
Event: 3.811 Thread 0x00000000153d7800 1690       4       java.util.TreeMap::getEntry (84 bytes)
Event: 3.829 Thread 0x00000000153d7800 nmethod 1690 0x0000000003371150 code [0x00000000033712c0, 0x0000000003371998]
Event: 3.829 Thread 0x00000000153d7800 1636   !   4       java.util.BitSet::clone (49 bytes)
Event: 3.832 Thread 0x00000000153d7800 nmethod 1636 0x000000000336f310 code [0x000000000336f480, 0x000000000336f6a8]
Event: 3.832 Thread 0x00000000153d7800 1652       4       com.android.dx.rop.code.ThrowingCstInsn::withNewRegisters (25 bytes)
Event: 3.835 Thread 0x00000000153d7800 nmethod 1652 0x0000000003370b10 code [0x0000000003370c60, 0x0000000003370e98]
Event: 3.835 Thread 0x00000000153d7800 1378       4       com.android.dx.ssa.MoveParamCombiner$1::visitNonMoveInsn (213 bytes)
Event: 3.838 Thread 0x00000000153d7800 nmethod 1378 0x00000000033704d0 code [0x0000000003370620, 0x00000000033707b8]
Event: 3.838 Thread 0x00000000153d7800 1559       4       com.android.dx.ssa.back.FirstFitLocalCombiningAllocator$1::processInsn (169 bytes)

GC Heap History (10 events):
Event: 1.944 GC heap before
{Heap before GC invocations=1 (full 0):
 PSYoungGen      total 18432K, used 15872K [0x00000000eab00000, 0x00000000ebf80000, 0x0000000100000000)
  eden space 15872K, 100% used [0x00000000eab00000,0x00000000eba80000,0x00000000eba80000)
  from space 2560K, 0% used [0x00000000ebd00000,0x00000000ebd00000,0x00000000ebf80000)
  to   space 2560K, 0% used [0x00000000eba80000,0x00000000eba80000,0x00000000ebd00000)
 ParOldGen       total 42496K, used 0K [0x00000000c0000000, 0x00000000c2980000, 0x00000000eab00000)
  object space 42496K, 0% used [0x00000000c0000000,0x00000000c0000000,0x00000000c2980000)
 Metaspace       used 5571K, capacity 6516K, committed 6784K, reserved 1056768K
  class space    used 603K, capacity 620K, committed 640K, reserved 1048576K
Event: 1.952 GC heap after
Heap after GC invocations=1 (full 0):
 PSYoungGen      total 18432K, used 2555K [0x00000000eab00000, 0x00000000ebf80000, 0x0000000100000000)
  eden space 15872K, 0% used [0x00000000eab00000,0x00000000eab00000,0x00000000eba80000)
  from space 2560K, 99% used [0x00000000eba80000,0x00000000ebcfed40,0x00000000ebd00000)
  to   space 2560K, 0% used [0x00000000ebd00000,0x00000000ebd00000,0x00000000ebf80000)
 ParOldGen       total 42496K, used 904K [0x00000000c0000000, 0x00000000c2980000, 0x00000000eab00000)
  object space 42496K, 2% used [0x00000000c0000000,0x00000000c00e2108,0x00000000c2980000)
 Metaspace       used 5571K, capacity 6516K, committed 6784K, reserved 1056768K
  class space    used 603K, capacity 620K, committed 640K, reserved 1048576K
}
Event: 2.393 GC heap before
{Heap before GC invocations=2 (full 0):
 PSYoungGen      total 18432K, used 18427K [0x00000000eab00000, 0x00000000ebf80000, 0x0000000100000000)
  eden space 15872K, 100% used [0x00000000eab00000,0x00000000eba80000,0x00000000eba80000)
  from space 2560K, 99% used [0x00000000eba80000,0x00000000ebcfed40,0x00000000ebd00000)
  to   space 2560K, 0% used [0x00000000ebd00000,0x00000000ebd00000,0x00000000ebf80000)
 ParOldGen       total 42496K, used 904K [0x00000000c0000000, 0x00000000c2980000, 0x00000000eab00000)
  object space 42496K, 2% used [0x00000000c0000000,0x00000000c00e2108,0x00000000c2980000)
 Metaspace       used 6016K, capacity 6902K, committed 7040K, reserved 1056768K
  class space    used 608K, capacity 622K, committed 640K, reserved 1048576K
Event: 2.405 GC heap after
Heap after GC invocations=2 (full 0):
 PSYoungGen      total 18432K, used 2545K [0x00000000eab00000, 0x00000000ecf00000, 0x0000000100000000)
  eden space 15872K, 0% used [0x00000000eab00000,0x00000000eab00000,0x00000000eba80000)
  from space 2560K, 99% used [0x00000000ebd00000,0x00000000ebf7c778,0x00000000ebf80000)
  to   space 2560K, 0% used [0x00000000eba80000,0x00000000eba80000,0x00000000ebd00000)
 ParOldGen       total 42496K, used 2767K [0x00000000c0000000, 0x00000000c2980000, 0x00000000eab00000)
  object space 42496K, 6% used [0x00000000c0000000,0x00000000c02b3dc8,0x00000000c2980000)
 Metaspace       used 6016K, capacity 6902K, committed 7040K, reserved 1056768K
  class space    used 608K, capacity 622K, committed 640K, reserved 1048576K
}
Event: 2.736 GC heap before
{Heap before GC invocations=3 (full 0):
 PSYoungGen      total 18432K, used 18417K [0x00000000eab00000, 0x00000000ecf00000, 0x0000000100000000)
  eden space 15872K, 100% used [0x00000000eab00000,0x00000000eba80000,0x00000000eba80000)
  from space 2560K, 99% used [0x00000000ebd00000,0x00000000ebf7c778,0x00000000ebf80000)
  to   space 2560K, 0% used [0x00000000eba80000,0x00000000eba80000,0x00000000ebd00000)
 ParOldGen       total 42496K, used 2767K [0x00000000c0000000, 0x00000000c2980000, 0x00000000eab00000)
  object space 42496K, 6% used [0x00000000c0000000,0x00000000c02b3dc8,0x00000000c2980000)
 Metaspace       used 6133K, capacity 6966K, committed 7040K, reserved 1056768K
  class space    used 608K, capacity 622K, committed 640K, reserved 1048576K
Event: 2.750 GC heap after
Heap after GC invocations=3 (full 0):
 PSYoungGen      total 18432K, used 2553K [0x00000000eab00000, 0x00000000ecf00000, 0x0000000100000000)
  eden space 15872K, 0% used [0x00000000eab00000,0x00000000eab00000,0x00000000eba80000)
  from space 2560K, 99% used [0x00000000eba80000,0x00000000ebcfe580,0x00000000ebd00000)
  to   space 2560K, 0% used [0x00000000ecc80000,0x00000000ecc80000,0x00000000ecf00000)
 ParOldGen       total 42496K, used 5161K [0x00000000c0000000, 0x00000000c2980000, 0x00000000eab00000)
  object space 42496K, 12% used [0x00000000c0000000,0x00000000c050a570,0x00000000c2980000)
 Metaspace       used 6133K, capacity 6966K, committed 7040K, reserved 1056768K
  class space    used 608K, capacity 622K, committed 640K, reserved 1048576K
}
Event: 3.104 GC heap before
{Heap before GC invocations=4 (full 0):
 PSYoungGen      total 18432K, used 18425K [0x00000000eab00000, 0x00000000ecf00000, 0x0000000100000000)
  eden space 15872K, 100% used [0x00000000eab00000,0x00000000eba80000,0x00000000eba80000)
  from space 2560K, 99% used [0x00000000eba80000,0x00000000ebcfe580,0x00000000ebd00000)
  to   space 2560K, 0% used [0x00000000ecc80000,0x00000000ecc80000,0x00000000ecf00000)
 ParOldGen       total 42496K, used 5161K [0x00000000c0000000, 0x00000000c2980000, 0x00000000eab00000)
  object space 42496K, 12% used [0x00000000c0000000,0x00000000c050a570,0x00000000c2980000)
 Metaspace       used 6252K, capacity 7094K, committed 7296K, reserved 1056768K
  class space    used 608K, capacity 622K, committed 640K, reserved 1048576K
Event: 3.121 GC heap after
Heap after GC invocations=4 (full 0):
 PSYoungGen      total 34304K, used 2539K [0x00000000eab00000, 0x00000000ecf00000, 0x0000000100000000)
  eden space 31744K, 0% used [0x00000000eab00000,0x00000000eab00000,0x00000000eca00000)
  from space 2560K, 99% used [0x00000000ecc80000,0x00000000ecefacc0,0x00000000ecf00000)
  to   space 2560K, 0% used [0x00000000eca00000,0x00000000eca00000,0x00000000ecc80000)
 ParOldGen       total 42496K, used 7580K [0x00000000c0000000, 0x00000000c2980000, 0x00000000eab00000)
  object space 42496K, 17% used [0x00000000c0000000,0x00000000c0767070,0x00000000c2980000)
 Metaspace       used 6252K, capacity 7094K, committed 7296K, reserved 1056768K
  class space    used 608K, capacity 622K, committed 640K, reserved 1048576K
}
Event: 3.543 GC heap before
{Heap before GC invocations=5 (full 0):
 PSYoungGen      total 34304K, used 34283K [0x00000000eab00000, 0x00000000ecf00000, 0x0000000100000000)
  eden space 31744K, 100% used [0x00000000eab00000,0x00000000eca00000,0x00000000eca00000)
  from space 2560K, 99% used [0x00000000ecc80000,0x00000000ecefacc0,0x00000000ecf00000)
  to   space 2560K, 0% used [0x00000000eca00000,0x00000000eca00000,0x00000000ecc80000)
 ParOldGen       total 42496K, used 7580K [0x00000000c0000000, 0x00000000c2980000, 0x00000000eab00000)
  object space 42496K, 17% used [0x00000000c0000000,0x00000000c0767070,0x00000000c2980000)
 Metaspace       used 6323K, capacity 7158K, committed 7296K, reserved 1056768K
  class space    used 608K, capacity 622K, committed 640K, reserved 1048576K
Event: 3.576 GC heap after
Heap after GC invocations=5 (full 0):
 PSYoungGen      total 34304K, used 2553K [0x00000000eab00000, 0x00000000ecf00000, 0x0000000100000000)
  eden space 31744K, 0% used [0x00000000eab00000,0x00000000eab00000,0x00000000eca00000)
  from space 2560K, 99% used [0x00000000eca00000,0x00000000ecc7e788,0x00000000ecc80000)
  to   space 2560K, 0% used [0x00000000ecc80000,0x00000000ecc80000,0x00000000ecf00000)
 ParOldGen       total 42496K, used 12554K [0x00000000c0000000, 0x00000000c2980000, 0x00000000eab00000)
  object space 42496K, 29% used [0x00000000c0000000,0x00000000c0c428d8,0x00000000c2980000)
 Metaspace       used 6323K, capacity 7158K, committed 7296K, reserved 1056768K
  class space    used 608K, capacity 622K, committed 640K, reserved 1048576K
}

Deoptimization events (10 events):
Event: 3.272 Thread 0x0000000016ea3800 Uncommon trap: reason=bimorphic action=maybe_recompile pc=0x0000000003182bf4 method=java.util.HashMap.putVal(ILjava/lang/Object;Ljava/lang/Object;ZZ)Ljava/lang/Object; @ 203
Event: 3.341 Thread 0x0000000016ea3000 Uncommon trap: reason=class_check action=maybe_recompile pc=0x00000000032e1778 method=com.android.dx.rop.code.RegisterSpec.withSimpleType()Lcom/android/dx/rop/code/RegisterSpec; @ 21
Event: 3.343 Thread 0x0000000016ea3000 Uncommon trap: reason=class_check action=maybe_recompile pc=0x00000000032e1778 method=com.android.dx.rop.code.RegisterSpec.withSimpleType()Lcom/android/dx/rop/code/RegisterSpec; @ 21
Event: 3.369 Thread 0x0000000002bc1000 Uncommon trap: reason=unstable_if action=reinterpret pc=0x0000000002ebb75c method=java.lang.String.<init>([CII)V @ 18
Event: 3.455 Thread 0x0000000016ea3000 Uncommon trap: reason=class_check action=maybe_recompile pc=0x00000000032e1778 method=com.android.dx.rop.code.RegisterSpec.withSimpleType()Lcom/android/dx/rop/code/RegisterSpec; @ 21
Event: 3.459 Thread 0x0000000016ea3000 Uncommon trap: reason=class_check action=maybe_recompile pc=0x00000000032e1778 method=com.android.dx.rop.code.RegisterSpec.withSimpleType()Lcom/android/dx/rop/code/RegisterSpec; @ 21
Event: 3.471 Thread 0x0000000002bc1000 Uncommon trap: reason=unstable_if action=reinterpret pc=0x00000000031cdb38 method=com.android.dx.ssa.SCCP.simulateStmt(Lcom/android/dx/ssa/SsaInsn;)V @ 53
Event: 3.484 Thread 0x0000000002bc1000 Uncommon trap: reason=unstable_if action=reinterpret pc=0x00000000030ff93c method=com.android.dx.util.IntList.binarysearch(I)I @ 105
Event: 3.775 Thread 0x0000000016ea3800 Uncommon trap: reason=unstable_if action=reinterpret pc=0x000000000334e080 method=com.android.dx.ssa.LiteralOpUpgrader$1.visitNonMoveInsn(Lcom/android/dx/ssa/NormalSsaInsn;)V @ 55
Event: 3.776 Thread 0x0000000016ea3800 Uncommon trap: reason=unstable_if action=reinterpret pc=0x0000000003050a9c method=com.android.dx.ssa.SsaMethod.updateOneDefinition(Lcom/android/dx/ssa/SsaInsn;Lcom/android/dx/rop/code/RegisterSpec;)V @ 4

Internal exceptions (4 events):
Event: 0.075 Thread 0x0000000002bc1000 Exception <a 'java/lang/NoSuchMethodError': Method sun.misc.Unsafe.defineClass(Ljava/lang/String;[BII)Ljava/lang/Class; name or signature does not match> (0x00000000eab07cc0) thrown at [D:\re\workspace\8-2-build-windows-amd64-cygwin\jdk8u77\6540\hotspot\srtžÖòµ³?
Event: 0.075 Thread 0x0000000002bc1000 Exception <a 'java/lang/NoSuchMethodError': Method sun.misc.Unsafe.prefetchRead(Ljava/lang/Object;J)V name or signature does not match> (0x00000000eab07fa8) thrown at [D:\re\workspace\8-2-build-windows-amd64-cygwin\jdk8u77\6540\hotspot\src\share\vm\prims\jvËé²)ü?
Event: 1.760 Thread 0x0000000016ea3800 Exception <a 'java/lang/StackOverflowError'> (0x00000000eb595188) thrown at [D:\re\workspace\8-2-build-windows-amd64-cygwin\jdk8u77\6540\hotspot\src\share\vm\interpreter\interpreterRuntime.cpp, line 323]
Event: 1.760 Thread 0x0000000016ea3800 Exception <a 'java/lang/StackOverflowError'> (0x00000000eb595188) thrown at [D:\re\workspace\8-2-build-windows-amd64-cygwin\jdk8u77\6540\hotspot\src\share\vm\prims\jvm.cpp, line 1390]

Events (10 events):
Event: 3.601 Thread 0x0000000002bc1000 DEOPT PACKING pc=0x00000000033176a1 sp=0x0000000002b4e520
Event: 3.601 Thread 0x0000000002bc1000 DEOPT UNPACKING pc=0x0000000002d0747f sp=0x0000000002b4e2e0 mode 0
Event: 3.775 Thread 0x0000000016ea3800 Uncommon trap: trap_request=0xffffff65 fr.pc=0x000000000334e080
Event: 3.775 Thread 0x0000000016ea3800 DEOPT PACKING pc=0x000000000334e080 sp=0x00000000176ded50
Event: 3.775 Thread 0x0000000016ea3800 DEOPT UNPACKING pc=0x0000000002d0582a sp=0x00000000176ded30 mode 2
Event: 3.775 loading class com/android/dx/rop/code/RegOps
Event: 3.775 loading class com/android/dx/rop/code/RegOps done
Event: 3.776 Thread 0x0000000016ea3800 Uncommon trap: trap_request=0xffffff65 fr.pc=0x0000000003050a9c
Event: 3.776 Thread 0x0000000016ea3800 DEOPT PACKING pc=0x0000000003050a9c sp=0x00000000176deb90
Event: 3.776 Thread 0x0000000016ea3800 DEOPT UNPACKING pc=0x0000000002d0582a sp=0x00000000176deb38 mode 2


Dynamic libraries:
0x00007ff7d6820000 - 0x00007ff7d6857000 	C:\Program Files\Java\jdk1.8.0_74\bin\java.exe
0x00007ffb34760000 - 0x00007ffb34921000 	C:\Windows\SYSTEM32\ntdll.dll
0x00007ffb320f0000 - 0x00007ffb3219d000 	C:\Windows\system32\KERNEL32.DLL
0x00007ffb311d0000 - 0x00007ffb313b8000 	C:\Windows\system32\KERNELBASE.dll
0x00007ffb31e60000 - 0x00007ffb31f07000 	C:\Windows\system32\ADVAPI32.dll
0x00007ffb31fe0000 - 0x00007ffb3207d000 	C:\Windows\system32\msvcrt.dll
0x00007ffb33e20000 - 0x00007ffb33e7b000 	C:\Windows\system32\sechost.dll
0x00007ffb321b0000 - 0x00007ffb322cc000 	C:\Windows\system32\RPCRT4.dll
0x00007ffb34010000 - 0x00007ffb34166000 	C:\Windows\system32\USER32.dll
0x00007ffb33e80000 - 0x00007ffb34006000 	C:\Windows\system32\GDI32.dll
0x00007ffb24020000 - 0x00007ffb24294000 	C:\Windows\WinSxS\amd64_microsoft.windows.common-controls_6595b64144ccf1df_6.0.10586.589_none_a2ddb3caa539acce\COMCTL32.dll
0x00007ffb322f0000 - 0x00007ffb3256d000 	C:\Windows\system32\combase.dll
0x00007ffb30e80000 - 0x00007ffb30eea000 	C:\Windows\system32\bcryptPrimitives.dll
0x00007ffb34650000 - 0x00007ffb3468b000 	C:\Windows\system32\IMM32.DLL
0x0000000056650000 - 0x0000000056722000 	C:\Program Files\Java\jdk1.8.0_74\jre\bin\msvcr100.dll
0x0000000056ad0000 - 0x0000000057360000 	C:\Program Files\Java\jdk1.8.0_74\jre\bin\server\jvm.dll
0x00007ffb31f10000 - 0x00007ffb31f18000 	C:\Windows\system32\PSAPI.DLL
0x00007ffb284e0000 - 0x00007ffb284e9000 	C:\Windows\SYSTEM32\WSOCK32.dll
0x00007ffb32080000 - 0x00007ffb320eb000 	C:\Windows\system32\WS2_32.dll
0x00007ffb2f0c0000 - 0x00007ffb2f0e3000 	C:\Windows\SYSTEM32\WINMM.dll
0x00007ffb287a0000 - 0x00007ffb287aa000 	C:\Windows\SYSTEM32\VERSION.dll
0x00007ffb2f060000 - 0x00007ffb2f08c000 	C:\Windows\SYSTEM32\WINMMBASE.dll
0x00007ffb30e10000 - 0x00007ffb30e53000 	C:\Windows\system32\cfgmgr32.dll
0x0000000056ac0000 - 0x0000000056acf000 	C:\Program Files\Java\jdk1.8.0_74\jre\bin\verify.dll
0x0000000056a90000 - 0x0000000056ab9000 	C:\Program Files\Java\jdk1.8.0_74\jre\bin\java.dll
0x0000000056a70000 - 0x0000000056a86000 	C:\Program Files\Java\jdk1.8.0_74\jre\bin\zip.dll
0x00007ffb32580000 - 0x00007ffb33adc000 	C:\Windows\system32\SHELL32.dll
0x00007ffb31510000 - 0x00007ffb31b55000 	C:\Windows\system32\windows.storage.dll
0x00007ffb31f20000 - 0x00007ffb31f72000 	C:\Windows\system32\shlwapi.dll
0x00007ffb30e00000 - 0x00007ffb30e0f000 	C:\Windows\system32\kernel.appcore.dll
0x00007ffb313c0000 - 0x00007ffb31475000 	C:\Windows\system32\shcore.dll
0x00007ffb30db0000 - 0x00007ffb30dfb000 	C:\Windows\system32\powrprof.dll
0x00007ffb30d80000 - 0x00007ffb30d94000 	C:\Windows\system32\profapi.dll

VM Arguments:
jvm_args: -Djava.awt.headless=true -Xmx1024M -Dfile.encoding=windows-1256 -Duser.country=US -Duser.language=en -Duser.variant 
java_command: com.android.dx.command.Main --dex --force-jumbo --num-threads=4 --output F:\FCI_3rd\AndroidProjects\LocateMe1.0\app\build\intermediates\pre-dexed\debug\com.android.support-appcompat-v7-24.1.1_109bb7659d771073d887cae9f44fb4f76c55b2b0.jar F:\FCI_3rd\AndroidProjects\LocateMe1.0\app\build\intermediates\exploded-aar\com.android.support\appcompat-v7\24.1.1\jars\classes.jar
java_class_path (initial): E:\3LI\Android\sdk\build-tools\24.0.1\lib\dx.jar
Launcher Type: SUN_STANDARD

Environment Variables:
JAVA_HOME=C:\Program Files\Java\jdk1.8.0_74\jre
PATH=C:\ProgramData\Oracle\Java\javapath;C:\Windows\system32;C:\Windows;C:\Windows\System32\Wbem;C:\Windows\System32\WindowsPowerShell\v1.0\;C:\TDM-GCC-64\bin;E:\3LI\Microchip\bin;C:\Program Files (x86)\GtkSharp\2.12\bin;C:\Program Files\Microsoft SQL Server\110\Tools\Binn\;C:\AppServ\Apache2.2\bin;C:\AppServ\php6;C:\AppServ\MySQL\bin
USERNAME=E610
OS=Windows_NT
PROCESSOR_IDENTIFIER=Intel64 Family 6 Model 37 Stepping 5, GenuineIntel



---------------  S Y S T E M  ---------------

OS: Windows 10.0 , 64 bit Build 10586 (10.0.10586.589)

CPU:total 4 (2 cores per cpu, 2 threads per core) family 6 model 37 stepping 5, cmov, cx8, fxsr, mmx, sse, sse2, sse3, ssse3, sse4.1, sse4.2, popcnt, aes, clmul, ht, tsc, tscinvbit

Memory: 4k page, physical 3980672k(561376k free), swap 4284856k(5232k free)

vm_info: Java HotSpot(TM) 64-Bit Server VM (25.77-b03) for windows-amd64 JRE (1.8.0_77-b03), built on Mar 20 2016 22:01:33 by "java_re" with MS VC++ 10.0 (VS2010)

time: Sun Jan 01 16:31:01 2017
elapsed time: 3 seconds (0d 0h 0m 3s)

