#
# There is insufficient memory for the Java Runtime Environment to continue.
# Native memory allocation (malloc) failed to allocate 1014176 bytes for Chunk::new
# Possible reasons:
#   The system is out of physical RAM or swap space
#   In 32 bit mode, the process size limit was hit
# Possible solutions:
#   Reduce memory load on the system
#   Increase physical memory or swap space
#   Check if swap backing store is full
#   Use 64 bit Java on a 64 bit OS
#   Decrease Java heap size (-Xmx/-Xms)
#   Decrease number of Java threads
#   Decrease Java thread stack sizes (-Xss)
#   Set larger code cache with -XX:ReservedCodeCacheSize=
# This output file may be truncated or incomplete.
#
#  Out of Memory Error (allocation.cpp:390), pid=6584, tid=5452
#
# JRE version: Java(TM) SE Runtime Environment (8.0_77-b03) (build 1.8.0_77-b03)
# Java VM: Java HotSpot(TM) 64-Bit Server VM (25.77-b03 mixed mode windows-amd64 compressed oops)
# Failed to write core dump. Minidumps are not enabled by default on client versions of Windows
#

---------------  T H R E A D  ---------------

Current thread (0x000000001bb93800):  JavaThread "C2 CompilerThread0" daemon [_thread_in_native, id=5452, stack(0x000000001d1d0000,0x000000001d2d0000)]

Stack: [0x000000001d1d0000,0x000000001d2d0000]
[error occurred during error reporting (printing stack bounds), id 0xc0000005]

Native frames: (J=compiled Java code, j=interpreted, Vv=VM code, C=native code)


Current CompileTask:
C2:  21679 2678       4       com.android.dx.cf.code.Ropper::addSetupBlocks (535 bytes)


---------------  P R O C E S S  ---------------

Java Threads: ( => current thread )
  0x000000001d7be800 JavaThread "pool-2-thread-4" [_thread_in_Java, id=7288, stack(0x000000001f6a0000,0x000000001f7a0000)]
  0x000000001e0f7800 JavaThread "pool-2-thread-3" [_thread_in_Java, id=2456, stack(0x000000001f5a0000,0x000000001f6a0000)]
  0x000000001e0f7000 JavaThread "pool-2-thread-2" [_thread_in_Java, id=688, stack(0x000000001f4a0000,0x000000001f5a0000)]
  0x000000001e0f6000 JavaThread "pool-3-thread-1" [_thread_blocked, id=3144, stack(0x000000001f3a0000,0x000000001f4a0000)]
  0x000000001d783800 JavaThread "pool-2-thread-1" [_thread_in_Java, id=2340, stack(0x000000001f2a0000,0x000000001f3a0000)]
  0x000000001d548000 JavaThread "Service Thread" daemon [_thread_blocked, id=5148, stack(0x000000001d8d0000,0x000000001d9d0000)]
  0x000000001bb99800 JavaThread "C1 CompilerThread2" daemon [_thread_blocked, id=1976, stack(0x000000001d3d0000,0x000000001d4d0000)]
  0x000000001bb97000 JavaThread "C2 CompilerThread1" daemon [_thread_in_native, id=8244, stack(0x000000001d2d0000,0x000000001d3d0000)]
=>0x000000001bb93800 JavaThread "C2 CompilerThread0" daemon [_thread_in_native, id=5452, stack(0x000000001d1d0000,0x000000001d2d0000)]
  0x000000001bbe1800 JavaThread "Attach Listener" daemon [_thread_blocked, id=9052, stack(0x000000001d0d0000,0x000000001d1d0000)]
  0x000000001bbe0800 JavaThread "Signal Dispatcher" daemon [_thread_blocked, id=9112, stack(0x000000001cfd0000,0x000000001d0d0000)]
  0x000000001bb7a800 JavaThread "Finalizer" daemon [_thread_blocked, id=6884, stack(0x000000001cdf0000,0x000000001cef0000)]
  0x000000000245f000 JavaThread "Reference Handler" daemon [_thread_blocked, id=4756, stack(0x000000001ccf0000,0x000000001cdf0000)]
  0x0000000002371000 JavaThread "main" [_thread_in_Java, id=5724, stack(0x0000000002250000,0x0000000002350000)]

Other Threads:
  0x000000001bb58000 VMThread [stack: 0x000000001cbf0000,0x000000001ccf0000] [id=2400]
  0x000000001d585800 WatcherThread [stack: 0x000000001d9d0000,0x000000001dad0000] [id=3168]

VM state:not at safepoint (normal execution)

VM Mutex/Monitor currently owned by a thread: None

Heap:
 PSYoungGen      total 487424K, used 242002K [0x000000076ab00000, 0x0000000794980000, 0x00000007c0000000)
  eden space 351744K, 33% used [0x000000076ab00000,0x0000000771e4da88,0x0000000780280000)
  from space 135680K, 91% used [0x0000000789a00000,0x00000007913070d0,0x0000000791e80000)
  to   space 155136K, 0% used [0x0000000780280000,0x0000000780280000,0x0000000789a00000)
 ParOldGen       total 381440K, used 314006K [0x00000006c0000000, 0x00000006d7480000, 0x000000076ab00000)
  object space 381440K, 82% used [0x00000006c0000000,0x00000006d32a5ad8,0x00000006d7480000)
 Metaspace       used 6735K, capacity 7384K, committed 7680K, reserved 1056768K
  class space    used 631K, capacity 656K, committed 768K, reserved 1048576K

Card table byte_map: [0x0000000011830000,0x0000000012040000] byte_map_base: 0x000000000e230000

Marking Bits: (ParMarkBitMap*) 0x0000000074b10600
 Begin Bits: [0x00000000129a0000, 0x00000000169a0000)
 End Bits:   [0x00000000169a0000, 0x000000001a9a0000)

Polling page: 0x00000000021e0000

CodeCache: size=245760Kb used=10727Kb max_used=10868Kb free=235032Kb
 bounds [0x0000000002470000, 0x0000000002f60000, 0x0000000011470000]
 total_blobs=2547 nmethods=2278 adapters=182
 compilation: enabled

Compilation events (10 events):
Event: 21.569 Thread 0x000000001bb93800 nmethod 1951 0x000000000276c0d0 code [0x000000000276c240, 0x000000000276ca98]
Event: 21.569 Thread 0x000000001bb93800 2678       4       com.android.dx.cf.code.Ropper::addSetupBlocks (535 bytes)
Event: 21.588 Thread 0x000000001bb99800 2682       3       com.android.dx.cf.code.Simulator::access$200 (6 bytes)
Event: 21.589 Thread 0x000000001bb99800 nmethod 2682 0x00000000027d57d0 code [0x00000000027d5940, 0x00000000027d5aa8]
Event: 21.606 Thread 0x000000001bb99800 2684   !   3       com.android.dx.rop.code.PlainInsn::withSourceLiteral (216 bytes)
Event: 21.609 Thread 0x000000001bb99800 nmethod 2684 0x00000000027245d0 code [0x0000000002724900, 0x0000000002726bc8]
Event: 21.646 Thread 0x000000001bb97000 nmethod 2572 0x0000000002c802d0 code [0x0000000002c80500, 0x0000000002c81b98]
Event: 21.646 Thread 0x000000001bb97000 2683       4       com.android.dx.ssa.InterferenceRegisterMapper::areAnyPinned (81 bytes)
Event: 21.654 Thread 0x000000001bb97000 nmethod 2683 0x0000000002a7e650 code [0x0000000002a7e7a0, 0x0000000002a7ebf8]
Event: 21.655 Thread 0x000000001bb97000 2686       4       com.android.dx.command.dexer.Main::fixPath (56 bytes)

GC Heap History (10 events):
Event: 14.382 GC heap before
{Heap before GC invocations=20 (full 3):
 PSYoungGen      total 358400K, used 358390K [0x000000076ab00000, 0x0000000788e80000, 0x00000007c0000000)
  eden space 298496K, 100% used [0x000000076ab00000,0x000000077ce80000,0x000000077ce80000)
  from space 59904K, 99% used [0x0000000781e00000,0x000000078587db60,0x0000000785880000)
  to   space 81408K, 0% used [0x000000077ce80000,0x000000077ce80000,0x0000000781e00000)
 ParOldGen       total 247296K, used 181526K [0x00000006c0000000, 0x00000006cf180000, 0x000000076ab00000)
  object space 247296K, 73% used [0x00000006c0000000,0x00000006cb145b18,0x00000006cf180000)
 Metaspace       used 6720K, capacity 7320K, committed 7680K, reserved 1056768K
  class space    used 630K, capacity 656K, committed 768K, reserved 1048576K
Event: 14.563 GC heap after
Heap after GC invocations=20 (full 3):
 PSYoungGen      total 379904K, used 67731K [0x000000076ab00000, 0x000000078aa80000, 0x00000007c0000000)
  eden space 298496K, 0% used [0x000000076ab00000,0x000000076ab00000,0x000000077ce80000)
  from space 81408K, 83% used [0x000000077ce80000,0x00000007810a4fa8,0x0000000781e00000)
  to   space 90624K, 0% used [0x0000000785200000,0x0000000785200000,0x000000078aa80000)
 ParOldGen       total 247296K, used 221857K [0x00000006c0000000, 0x00000006cf180000, 0x000000076ab00000)
  object space 247296K, 89% used [0x00000006c0000000,0x00000006cd8a8580,0x00000006cf180000)
 Metaspace       used 6720K, capacity 7320K, committed 7680K, reserved 1056768K
  class space    used 630K, capacity 656K, committed 768K, reserved 1048576K
}
Event: 14.563 GC heap before
{Heap before GC invocations=21 (full 4):
 PSYoungGen      total 379904K, used 67731K [0x000000076ab00000, 0x000000078aa80000, 0x00000007c0000000)
  eden space 298496K, 0% used [0x000000076ab00000,0x000000076ab00000,0x000000077ce80000)
  from space 81408K, 83% used [0x000000077ce80000,0x00000007810a4fa8,0x0000000781e00000)
  to   space 90624K, 0% used [0x0000000785200000,0x0000000785200000,0x000000078aa80000)
 ParOldGen       total 247296K, used 221857K [0x00000006c0000000, 0x00000006cf180000, 0x000000076ab00000)
  object space 247296K, 89% used [0x00000006c0000000,0x00000006cd8a8580,0x00000006cf180000)
 Metaspace       used 6720K, capacity 7320K, committed 7680K, reserved 1056768K
  class space    used 630K, capacity 656K, committed 768K, reserved 1048576K
Event: 16.684 GC heap after
Heap after GC invocations=21 (full 4):
 PSYoungGen      total 379904K, used 40773K [0x000000076ab00000, 0x000000078aa80000, 0x00000007c0000000)
  eden space 298496K, 0% used [0x000000076ab00000,0x000000076ab00000,0x000000077ce80000)
  from space 81408K, 50% used [0x000000077ce80000,0x000000077f6514b0,0x0000000781e00000)
  to   space 90624K, 0% used [0x0000000785200000,0x0000000785200000,0x000000078aa80000)
 ParOldGen       total 381440K, used 247180K [0x00000006c0000000, 0x00000006d7480000, 0x000000076ab00000)
  object space 381440K, 64% used [0x00000006c0000000,0x00000006cf163090,0x00000006d7480000)
 Metaspace       used 6720K, capacity 7320K, committed 7680K, reserved 1056768K
  class space    used 630K, capacity 656K, committed 768K, reserved 1048576K
}
Event: 17.795 GC heap before
{Heap before GC invocations=22 (full 4):
 PSYoungGen      total 379904K, used 339269K [0x000000076ab00000, 0x000000078aa80000, 0x00000007c0000000)
  eden space 298496K, 100% used [0x000000076ab00000,0x000000077ce80000,0x000000077ce80000)
  from space 81408K, 50% used [0x000000077ce80000,0x000000077f6514b0,0x0000000781e00000)
  to   space 90624K, 0% used [0x0000000785200000,0x0000000785200000,0x000000078aa80000)
 ParOldGen       total 381440K, used 247180K [0x00000006c0000000, 0x00000006d7480000, 0x000000076ab00000)
  object space 381440K, 64% used [0x00000006c0000000,0x00000006cf163090,0x00000006d7480000)
 Metaspace       used 6721K, capacity 7320K, committed 7680K, reserved 1056768K
  class space    used 630K, capacity 656K, committed 768K, reserved 1048576K
Event: 18.035 GC heap after
Heap after GC invocations=22 (full 4):
 PSYoungGen      total 418816K, used 87075K [0x000000076ab00000, 0x000000078c000000, 0x00000007c0000000)
  eden space 328192K, 0% used [0x000000076ab00000,0x000000076ab00000,0x000000077eb80000)
  from space 90624K, 96% used [0x0000000785200000,0x000000078a708e10,0x000000078aa80000)
  to   space 104960K, 0% used [0x000000077eb80000,0x000000077eb80000,0x0000000785200000)
 ParOldGen       total 381440K, used 247188K [0x00000006c0000000, 0x00000006d7480000, 0x000000076ab00000)
  object space 381440K, 64% used [0x00000006c0000000,0x00000006cf165090,0x00000006d7480000)
 Metaspace       used 6721K, capacity 7320K, committed 7680K, reserved 1056768K
  class space    used 630K, capacity 656K, committed 768K, reserved 1048576K
}
Event: 19.650 GC heap before
{Heap before GC invocations=23 (full 4):
 PSYoungGen      total 418816K, used 415267K [0x000000076ab00000, 0x000000078c000000, 0x00000007c0000000)
  eden space 328192K, 100% used [0x000000076ab00000,0x000000077eb80000,0x000000077eb80000)
  from space 90624K, 96% used [0x0000000785200000,0x000000078a708e10,0x000000078aa80000)
  to   space 104960K, 0% used [0x000000077eb80000,0x000000077eb80000,0x0000000785200000)
 ParOldGen       total 381440K, used 247188K [0x00000006c0000000, 0x00000006d7480000, 0x000000076ab00000)
  object space 381440K, 64% used [0x00000006c0000000,0x00000006cf165090,0x00000006d7480000)
 Metaspace       used 6723K, capacity 7320K, committed 7680K, reserved 1056768K
  class space    used 630K, capacity 656K, committed 768K, reserved 1048576K
Event: 19.921 GC heap after
Heap after GC invocations=23 (full 4):
 PSYoungGen      total 433152K, used 104959K [0x000000076ab00000, 0x0000000791e80000, 0x00000007c0000000)
  eden space 328192K, 0% used [0x000000076ab00000,0x000000076ab00000,0x000000077eb80000)
  from space 104960K, 99% used [0x000000077eb80000,0x00000007851ffcb0,0x0000000785200000)
  to   space 135680K, 0% used [0x0000000789a00000,0x0000000789a00000,0x0000000791e80000)
 ParOldGen       total 381440K, used 282503K [0x00000006c0000000, 0x00000006d7480000, 0x000000076ab00000)
  object space 381440K, 74% used [0x00000006c0000000,0x00000006d13e1f50,0x00000006d7480000)
 Metaspace       used 6723K, capacity 7320K, committed 7680K, reserved 1056768K
  class space    used 630K, capacity 656K, committed 768K, reserved 1048576K
}
Event: 21.078 GC heap before
{Heap before GC invocations=24 (full 4):
 PSYoungGen      total 433152K, used 433151K [0x000000076ab00000, 0x0000000791e80000, 0x00000007c0000000)
  eden space 328192K, 100% used [0x000000076ab00000,0x000000077eb80000,0x000000077eb80000)
  from space 104960K, 99% used [0x000000077eb80000,0x00000007851ffcb0,0x0000000785200000)
  to   space 135680K, 0% used [0x0000000789a00000,0x0000000789a00000,0x0000000791e80000)
 ParOldGen       total 381440K, used 282503K [0x00000006c0000000, 0x00000006d7480000, 0x000000076ab00000)
  object space 381440K, 74% used [0x00000006c0000000,0x00000006d13e1f50,0x00000006d7480000)
 Metaspace       used 6733K, capacity 7384K, committed 7680K, reserved 1056768K
  class space    used 631K, capacity 656K, committed 768K, reserved 1048576K
Event: 21.378 GC heap after
Heap after GC invocations=24 (full 4):
 PSYoungGen      total 487424K, used 123932K [0x000000076ab00000, 0x0000000794980000, 0x00000007c0000000)
  eden space 351744K, 0% used [0x000000076ab00000,0x000000076ab00000,0x0000000780280000)
  from space 135680K, 91% used [0x0000000789a00000,0x00000007913070d0,0x0000000791e80000)
  to   space 155136K, 0% used [0x0000000780280000,0x0000000780280000,0x0000000789a00000)
 ParOldGen       total 381440K, used 314006K [0x00000006c0000000, 0x00000006d7480000, 0x000000076ab00000)
  object space 381440K, 82% used [0x00000006c0000000,0x00000006d32a5ad8,0x00000006d7480000)
 Metaspace       used 6733K, capacity 7384K, committed 7680K, reserved 1056768K
  class space    used 631K, capacity 656K, committed 768K, reserved 1048576K
}

Deoptimization events (10 events):
Event: 17.531 Thread 0x000000001d783800 Uncommon trap: reason=unstable_if action=reinterpret pc=0x0000000002e039b4 method=com.android.dx.ssa.PhiInsn.getSources()Lcom/android/dx/rop/code/RegisterSpecList; @ 19
Event: 19.555 Thread 0x000000001d783800 Uncommon trap: reason=unstable_if action=reinterpret pc=0x00000000026e77b8 method=java.util.HashMap$TreeNode.find(ILjava/lang/Object;Ljava/lang/Class;)Ljava/util/HashMap$TreeNode; @ 102
Event: 20.329 Thread 0x000000001e0f7800 Uncommon trap: reason=predicate action=maybe_recompile pc=0x0000000002e8fe80 method=com.android.dx.ssa.DomFront.run()[Lcom/android/dx/ssa/DomFront$DomInfo; @ 175
Event: 20.337 Thread 0x000000001e0f7800 Uncommon trap: reason=class_check action=maybe_recompile pc=0x0000000002e19bfc method=com.android.dx.ssa.DomFront.calcDomFronts()V @ 101
Event: 20.344 Thread 0x000000001e0f7800 Uncommon trap: reason=class_check action=maybe_recompile pc=0x0000000002e0b8fc method=com.android.dx.ssa.SsaConverter.placePhiFunctions(Lcom/android/dx/ssa/SsaMethod;Lcom/android/dx/ssa/LocalVariableInfo;I)V @ 257
Event: 20.345 Thread 0x000000001e0f7800 Uncommon trap: reason=class_check action=maybe_recompile pc=0x0000000002d16f70 method=com.android.dx.ssa.SsaConverter.placePhiFunctions(Lcom/android/dx/ssa/SsaMethod;Lcom/android/dx/ssa/LocalVariableInfo;I)V @ 266
Event: 20.346 Thread 0x000000001e0f7800 Uncommon trap: reason=class_check action=maybe_recompile pc=0x0000000002d16f70 method=com.android.dx.ssa.SsaConverter.placePhiFunctions(Lcom/android/dx/ssa/SsaMethod;Lcom/android/dx/ssa/LocalVariableInfo;I)V @ 266
Event: 20.346 Thread 0x000000001e0f7800 Uncommon trap: reason=class_check action=maybe_recompile pc=0x0000000002d16f70 method=com.android.dx.ssa.SsaConverter.placePhiFunctions(Lcom/android/dx/ssa/SsaMethod;Lcom/android/dx/ssa/LocalVariableInfo;I)V @ 266
Event: 21.002 Thread 0x000000001d783800 Uncommon trap: reason=speculate_class_check action=maybe_recompile pc=0x0000000002e11974 method=com.android.dx.rop.cst.TypedConstant.getBasicType()I @ 1
Event: 21.008 Thread 0x000000001d783800 Uncommon trap: reason=speculate_class_check action=maybe_recompile pc=0x0000000002e11974 method=com.android.dx.rop.cst.TypedConstant.getBasicType()I @ 1

Internal exceptions (9 events):
Event: 0.053 Thread 0x0000000002371000 Exception <a 'java/lang/NoSuchMethodError': Method sun.misc.Unsafe.defineClass(Ljava/lang/String;[BII)Ljava/lang/Class; name or signature does not match> (0x000000076ab07cc0) thrown at [D:\re\workspace\8-2-build-windows-amd64-cygwin\jdk8u77\6540\hotspot\srb¶»
Event: 0.053 Thread 0x0000000002371000 Exception <a 'java/lang/NoSuchMethodError': Method sun.misc.Unsafe.prefetchRead(Ljava/lang/Object;J)V name or signature does not match> (0x000000076ab07fa8) thrown at [D:\re\workspace\8-2-build-windows-amd64-cygwin\jdk8u77\6540\hotspot\src\share\vm\prims\jºT~ö?
Event: 1.406 Thread 0x000000001d783800 Implicit null exception at 0x0000000002797f39 to 0x0000000002799295
Event: 1.437 Thread 0x000000001d783800 Implicit null exception at 0x00000000027bf856 to 0x00000000027c17bd
Event: 2.008 Thread 0x000000001d783800 Exception <a 'java/lang/ArrayIndexOutOfBoundsException': 18> (0x000000076ad437c0) thrown at [D:\re\workspace\8-2-build-windows-amd64-cygwin\jdk8u77\6540\hotspot\src\share\vm\interpreter\interpreterRuntime.cpp, line 366]
Event: 2.008 Thread 0x000000001d783800 Exception <a 'java/lang/ArrayIndexOutOfBoundsException': 145> (0x000000076ad45340) thrown at [D:\re\workspace\8-2-build-windows-amd64-cygwin\jdk8u77\6540\hotspot\src\share\vm\interpreter\interpreterRuntime.cpp, line 366]
Event: 2.010 Thread 0x000000001d783800 Exception <a 'java/lang/ArrayIndexOutOfBoundsException'> (0x000000076ad46628) thrown at [D:\re\workspace\8-2-build-windows-amd64-cygwin\jdk8u77\6540\hotspot\src\share\vm\runtime\sharedRuntime.cpp, line 605]
Event: 8.880 Thread 0x0000000002371000 Implicit null exception at 0x00000000025dfbd4 to 0x00000000025e0549
Event: 10.806 Thread 0x000000001e0f7800 Implicit null exception at 0x0000000002b39096 to 0x0000000002b3b121

Events (10 events):
Event: 20.416 Thread 0x0000000002371000 DEOPT PACKING pc=0x0000000002b4a2c4 sp=0x000000000234e780
Event: 20.416 Thread 0x0000000002371000 DEOPT UNPACKING pc=0x00000000024b747f sp=0x000000000234e560 mode 0
Event: 21.002 Thread 0x000000001d783800 Uncommon trap: trap_request=0xffffff76 fr.pc=0x0000000002e11974
Event: 21.002 Thread 0x000000001d783800 DEOPT PACKING pc=0x0000000002e11974 sp=0x000000001f39ea30
Event: 21.002 Thread 0x000000001d783800 DEOPT UNPACKING pc=0x00000000024b582a sp=0x000000001f39e9a0 mode 2
Event: 21.008 Thread 0x000000001d783800 Uncommon trap: trap_request=0xffffff76 fr.pc=0x0000000002e11974
Event: 21.008 Thread 0x000000001d783800 DEOPT PACKING pc=0x0000000002e11974 sp=0x000000001f39ea30
Event: 21.008 Thread 0x000000001d783800 DEOPT UNPACKING pc=0x00000000024b582a sp=0x000000001f39e9a0 mode 2
Event: 21.078 Executing VM operation: ParallelGCFailedAllocation
Event: 21.378 Executing VM operation: ParallelGCFailedAllocation done


Dynamic libraries:
0x00007ff7d2d70000 - 0x00007ff7d2da7000 	C:\Program Files\Java\jdk1.8.0_74\bin\java.exe
0x00007fff235f0000 - 0x00007fff237b1000 	C:\Windows\SYSTEM32\ntdll.dll
0x00007fff23540000 - 0x00007fff235ed000 	C:\Windows\system32\KERNEL32.DLL
0x00007fff20530000 - 0x00007fff20718000 	C:\Windows\system32\KERNELBASE.dll
0x00007fff21150000 - 0x00007fff211f7000 	C:\Windows\system32\ADVAPI32.dll
0x00007fff21850000 - 0x00007fff218ed000 	C:\Windows\system32\msvcrt.dll
0x00007fff23380000 - 0x00007fff233db000 	C:\Windows\system32\sechost.dll
0x00007fff23420000 - 0x00007fff2353c000 	C:\Windows\system32\RPCRT4.dll
0x00007fff23220000 - 0x00007fff23376000 	C:\Windows\system32\USER32.dll
0x00007fff20e80000 - 0x00007fff21006000 	C:\Windows\system32\GDI32.dll
0x00007fff12ef0000 - 0x00007fff13164000 	C:\Windows\WinSxS\amd64_microsoft.windows.common-controls_6595b64144ccf1df_6.0.10586.589_none_a2ddb3caa539acce\COMCTL32.dll
0x00007fff21a40000 - 0x00007fff21cbd000 	C:\Windows\system32\combase.dll
0x00007fff1fca0000 - 0x00007fff1fd0a000 	C:\Windows\system32\bcryptPrimitives.dll
0x00007fff233e0000 - 0x00007fff2341b000 	C:\Windows\system32\IMM32.DLL
0x0000000073e80000 - 0x0000000073f52000 	C:\Program Files\Java\jdk1.8.0_74\jre\bin\msvcr100.dll
0x0000000074300000 - 0x0000000074b90000 	C:\Program Files\Java\jdk1.8.0_74\jre\bin\server\jvm.dll
0x00007fff21070000 - 0x00007fff21078000 	C:\Windows\system32\PSAPI.DLL
0x00007fff1ab40000 - 0x00007fff1ab49000 	C:\Windows\SYSTEM32\WSOCK32.dll
0x00007fff16c40000 - 0x00007fff16c4a000 	C:\Windows\SYSTEM32\VERSION.dll
0x00007fff1e1d0000 - 0x00007fff1e1f3000 	C:\Windows\SYSTEM32\WINMM.dll
0x00007fff20e00000 - 0x00007fff20e6b000 	C:\Windows\system32\WS2_32.dll
0x00007fff1e1a0000 - 0x00007fff1e1cc000 	C:\Windows\SYSTEM32\WINMMBASE.dll
0x00007fff20780000 - 0x00007fff207c3000 	C:\Windows\system32\cfgmgr32.dll
0x00000000742f0000 - 0x00000000742ff000 	C:\Program Files\Java\jdk1.8.0_74\jre\bin\verify.dll
0x00000000742c0000 - 0x00000000742e9000 	C:\Program Files\Java\jdk1.8.0_74\jre\bin\java.dll
0x00000000742a0000 - 0x00000000742b6000 	C:\Program Files\Java\jdk1.8.0_74\jre\bin\zip.dll
0x00007fff21cc0000 - 0x00007fff2321c000 	C:\Windows\system32\SHELL32.dll
0x00007fff1fd10000 - 0x00007fff20355000 	C:\Windows\system32\windows.storage.dll
0x00007fff21010000 - 0x00007fff21062000 	C:\Windows\system32\shlwapi.dll
0x00007fff1fc30000 - 0x00007fff1fc3f000 	C:\Windows\system32\kernel.appcore.dll
0x00007fff207f0000 - 0x00007fff208a5000 	C:\Windows\system32\shcore.dll
0x00007fff1fc40000 - 0x00007fff1fc8b000 	C:\Windows\system32\powrprof.dll
0x00007fff1fc10000 - 0x00007fff1fc24000 	C:\Windows\system32\profapi.dll

VM Arguments:
jvm_args: -Djava.awt.headless=true -Xmx4g -Dfile.encoding=windows-1256 -Duser.country=US -Duser.language=en -Duser.variant 
java_command: com.android.dx.command.Main --dex --num-threads=4 --multi-dex --main-dex-list F:\FCI_3rd\AndroidProjects\LocateMe1.0\app\build\intermediates\multi-dex\debug\maindexlist.txt --output F:\FCI_3rd\AndroidProjects\LocateMe1.0\app\build\intermediates\transforms\dex\debug\folders\1000\1f\main F:\FCI_3rd\AndroidProjects\LocateMe1.0\app\build\intermediates\transforms\jarMerging\debug\jars\1\1f\combined.jar
java_class_path (initial): E:\3LI\Android\sdk\build-tools\24.0.1\lib\dx.jar
Launcher Type: SUN_STANDARD

Environment Variables:
JAVA_HOME=C:\Program Files\Java\jdk1.8.0_74
PATH=C:\ProgramData\Oracle\Java\javapath;C:\Windows\system32;C:\Windows;C:\Windows\System32\Wbem;C:\Windows\System32\WindowsPowerShell\v1.0\;C:\TDM-GCC-64\bin;E:\3LI\Microchip\bin;C:\Program Files (x86)\GtkSharp\2.12\bin;C:\Program Files\Microsoft SQL Server\110\Tools\Binn\;C:\AppServ\Apache2.2\bin;C:\AppServ\php6;C:\AppServ\MySQL\bin
USERNAME=E610
OS=Windows_NT
PROCESSOR_IDENTIFIER=Intel64 Family 6 Model 37 Stepping 5, GenuineIntel



---------------  S Y S T E M  ---------------

OS: Windows 10.0 , 64 bit Build 10586 (10.0.10586.589)

CPU:total 4 (2 cores per cpu, 2 threads per core) family 6 model 37 stepping 5, cmov, cx8, fxsr, mmx, sse, sse2, sse3, ssse3, sse4.1, sse4.2, popcnt, aes, clmul, ht, tsc, tscinvbit

Memory: 4k page, physical 3980672k(424496k free), swap 4307188k(5368k free)

vm_info: Java HotSpot(TM) 64-Bit Server VM (25.77-b03) for windows-amd64 JRE (1.8.0_77-b03), built on Mar 20 2016 22:01:33 by "java_re" with MS VC++ 10.0 (VS2010)

time: Sun Jan 01 21:09:03 2017
elapsed time: 21 seconds (0d 0h 0m 21s)

