#
# There is insufficient memory for the Java Runtime Environment to continue.
# Native memory allocation (malloc) failed to allocate 651536 bytes for Chunk::new
# Possible reasons:
#   The system is out of physical RAM or swap space
#   In 32 bit mode, the process size limit was hit
# Possible solutions:
#   Reduce memory load on the system
#   Increase physical memory or swap space
#   Check if swap backing store is full
#   Use 64 bit Java on a 64 bit OS
#   Decrease Java heap size (-Xmx/-Xms)
#   Decrease number of Java threads
#   Decrease Java thread stack sizes (-Xss)
#   Set larger code cache with -XX:ReservedCodeCacheSize=
# This output file may be truncated or incomplete.
#
#  Out of Memory Error (allocation.cpp:390), pid=3124, tid=8392
#
# JRE version: Java(TM) SE Runtime Environment (8.0_77-b03) (build 1.8.0_77-b03)
# Java VM: Java HotSpot(TM) 64-Bit Server VM (25.77-b03 mixed mode windows-amd64 compressed oops)
# Failed to write core dump. Minidumps are not enabled by default on client versions of Windows
#

---------------  T H R E A D  ---------------

Current thread (0x00000000154c3800):  JavaThread "C2 CompilerThread0" daemon [_thread_in_native, id=8392, stack(0x0000000016b30000,0x0000000016c30000)]

Stack: [0x0000000016b30000,0x0000000016c30000]
[error occurred during error reporting (printing stack bounds), id 0xc0000005]

Native frames: (J=compiled Java code, j=interpreted, Vv=VM code, C=native code)


Current CompileTask:
C2:   3059 1311       4       com.android.dx.ssa.SCCP::simulateBranch (666 bytes)


---------------  P R O C E S S  ---------------

Java Threads: ( => current thread )
  0x0000000016d88800 JavaThread "Service Thread" daemon [_thread_blocked, id=8852, stack(0x0000000017230000,0x0000000017330000)]
  0x0000000016d84800 JavaThread "C1 CompilerThread2" daemon [_thread_blocked, id=584, stack(0x0000000017130000,0x0000000017230000)]
  0x00000000154c6800 JavaThread "C2 CompilerThread1" daemon [_thread_in_native, id=2892, stack(0x0000000016c30000,0x0000000016d30000)]
=>0x00000000154c3800 JavaThread "C2 CompilerThread0" daemon [_thread_in_native, id=8392, stack(0x0000000016b30000,0x0000000016c30000)]
  0x0000000015511800 JavaThread "Attach Listener" daemon [_thread_blocked, id=1060, stack(0x0000000016a30000,0x0000000016b30000)]
  0x0000000015510800 JavaThread "Signal Dispatcher" daemon [_thread_blocked, id=3900, stack(0x0000000016930000,0x0000000016a30000)]
  0x00000000154aa800 JavaThread "Finalizer" daemon [_thread_blocked, id=3908, stack(0x0000000016730000,0x0000000016830000)]
  0x0000000002ddf000 JavaThread "Reference Handler" daemon [_thread_blocked, id=9188, stack(0x0000000016630000,0x0000000016730000)]
  0x0000000002cf1000 JavaThread "main" [_thread_blocked, id=1092, stack(0x0000000002b70000,0x0000000002c70000)]

Other Threads:
  0x0000000015488000 VMThread [stack: 0x0000000016530000,0x0000000016630000] [id=5976]
  0x0000000016dce000 WatcherThread [stack: 0x0000000017330000,0x0000000017430000] [id=4828]

VM state:not at safepoint (normal execution)

VM Mutex/Monitor currently owned by a thread: None

Heap:
 PSYoungGen      total 18432K, used 4429K [0x00000000eab00000, 0x00000000ec900000, 0x0000000100000000)
  eden space 15872K, 11% used [0x00000000eab00000,0x00000000eacd34f8,0x00000000eba80000)
  from space 2560K, 100% used [0x00000000ec680000,0x00000000ec900000,0x00000000ec900000)
  to   space 2560K, 0% used [0x00000000eba80000,0x00000000eba80000,0x00000000ebd00000)
 ParOldGen       total 29696K, used 6194K [0x00000000c0000000, 0x00000000c1d00000, 0x00000000eab00000)
  object space 29696K, 20% used [0x00000000c0000000,0x00000000c060cbb8,0x00000000c1d00000)
 Metaspace       used 6220K, capacity 7064K, committed 7424K, reserved 1062912K
  class space    used 610K, capacity 656K, committed 768K, reserved 1048576K

Card table byte_map: [0x00000000121b0000,0x00000000123c0000] byte_map_base: 0x0000000011bb0000

Marking Bits: (ParMarkBitMap*) 0x00000000572e0600
 Begin Bits: [0x0000000012920000, 0x0000000013920000)
 End Bits:   [0x0000000013920000, 0x0000000014920000)

Polling page: 0x0000000001420000

CodeCache: size=245760Kb used=5613Kb max_used=5613Kb free=240146Kb
 bounds [0x0000000002df0000, 0x0000000003370000, 0x0000000011df0000]
 total_blobs=1726 nmethods=1459 adapters=181
 compilation: enabled

Compilation events (10 events):
Event: 2.878 Thread 0x0000000016d84800 nmethod 1431 0x000000000334bf10 code [0x000000000334c0a0, 0x000000000334c4b0]
Event: 2.878 Thread 0x0000000016d84800 1432       3       com.android.dx.dex.file.AnnotationSetItem::<init> (83 bytes)
Event: 2.880 Thread 0x0000000016d84800 nmethod 1432 0x000000000334c6d0 code [0x000000000334c980, 0x000000000334dde8]
Event: 2.880 Thread 0x0000000016d84800 1433   !   3       com.android.dx.dex.file.AnnotationSetItem::writeSize (20 bytes)
Event: 2.880 Thread 0x0000000016d84800 nmethod 1433 0x000000000334e9d0 code [0x000000000334eb40, 0x000000000334ee68]
Event: 2.880 Thread 0x0000000016d84800 1434       3       com.android.dx.rop.annotation.Annotations::getAnnotations (11 bytes)
Event: 2.881 Thread 0x0000000016d84800 nmethod 1434 0x000000000334f010 code [0x000000000334f1c0, 0x000000000334f7e8]
Event: 2.881 Thread 0x0000000016d84800 1435       3       java.util.RegularEnumSet::remove (74 bytes)
Event: 2.881 Thread 0x0000000016d84800 nmethod 1435 0x000000000334fb50 code [0x000000000334fce0, 0x0000000003350288]
Event: 2.882 Thread 0x0000000016d84800 1436       3       com.android.dx.ssa.SsaConverter::convertToSsaMethod (41 bytes)

GC Heap History (9 events):
Event: 0.266 GC heap before
{Heap before GC invocations=1 (full 0):
 PSYoungGen      total 18432K, used 952K [0x00000000eab00000, 0x00000000ebf80000, 0x0000000100000000)
  eden space 15872K, 6% used [0x00000000eab00000,0x00000000eabee1b0,0x00000000eba80000)
  from space 2560K, 0% used [0x00000000ebd00000,0x00000000ebd00000,0x00000000ebf80000)
  to   space 2560K, 0% used [0x00000000eba80000,0x00000000eba80000,0x00000000ebd00000)
 ParOldGen       total 42496K, used 0K [0x00000000c0000000, 0x00000000c2980000, 0x00000000eab00000)
  object space 42496K, 0% used [0x00000000c0000000,0x00000000c0000000,0x00000000c2980000)
 Metaspace       used 2828K, capacity 4482K, committed 4608K, reserved 1062912K
  class space    used 304K, capacity 386K, committed 512K, reserved 1048576K
Event: 0.268 GC heap after
Heap after GC invocations=1 (full 0):
 PSYoungGen      total 18432K, used 496K [0x00000000eab00000, 0x00000000ebf80000, 0x0000000100000000)
  eden space 15872K, 0% used [0x00000000eab00000,0x00000000eab00000,0x00000000eba80000)
  from space 2560K, 19% used [0x00000000eba80000,0x00000000ebafc010,0x00000000ebd00000)
  to   space 2560K, 0% used [0x00000000ebd00000,0x00000000ebd00000,0x00000000ebf80000)
 ParOldGen       total 42496K, used 8K [0x00000000c0000000, 0x00000000c2980000, 0x00000000eab00000)
  object space 42496K, 0% used [0x00000000c0000000,0x00000000c0002000,0x00000000c2980000)
 Metaspace       used 2828K, capacity 4482K, committed 4608K, reserved 1062912K
  class space    used 304K, capacity 386K, committed 512K, reserved 1048576K
}
Event: 0.268 GC heap before
{Heap before GC invocations=2 (full 1):
 PSYoungGen      total 18432K, used 496K [0x00000000eab00000, 0x00000000ebf80000, 0x0000000100000000)
  eden space 15872K, 0% used [0x00000000eab00000,0x00000000eab00000,0x00000000eba80000)
  from space 2560K, 19% used [0x00000000eba80000,0x00000000ebafc010,0x00000000ebd00000)
  to   space 2560K, 0% used [0x00000000ebd00000,0x00000000ebd00000,0x00000000ebf80000)
 ParOldGen       total 42496K, used 8K [0x00000000c0000000, 0x00000000c2980000, 0x00000000eab00000)
  object space 42496K, 0% used [0x00000000c0000000,0x00000000c0002000,0x00000000c2980000)
 Metaspace       used 2828K, capacity 4482K, committed 4608K, reserved 1062912K
  class space    used 304K, capacity 386K, committed 512K, reserved 1048576K
Event: 0.277 GC heap after
Heap after GC invocations=2 (full 1):
 PSYoungGen      total 18432K, used 0K [0x00000000eab00000, 0x00000000ebf80000, 0x0000000100000000)
  eden space 15872K, 0% used [0x00000000eab00000,0x00000000eab00000,0x00000000eba80000)
  from space 2560K, 0% used [0x00000000eba80000,0x00000000eba80000,0x00000000ebd00000)
  to   space 2560K, 0% used [0x00000000ebd00000,0x00000000ebd00000,0x00000000ebf80000)
 ParOldGen       total 29696K, used 392K [0x00000000c0000000, 0x00000000c1d00000, 0x00000000eab00000)
  object space 29696K, 1% used [0x00000000c0000000,0x00000000c0062010,0x00000000c1d00000)
 Metaspace       used 2828K, capacity 4482K, committed 4608K, reserved 1058816K
  class space    used 304K, capacity 386K, committed 512K, reserved 1048576K
}
Event: 1.698 GC heap before
{Heap before GC invocations=3 (full 1):
 PSYoungGen      total 18432K, used 15872K [0x00000000eab00000, 0x00000000ebf80000, 0x0000000100000000)
  eden space 15872K, 100% used [0x00000000eab00000,0x00000000eba80000,0x00000000eba80000)
  from space 2560K, 0% used [0x00000000eba80000,0x00000000eba80000,0x00000000ebd00000)
  to   space 2560K, 0% used [0x00000000ebd00000,0x00000000ebd00000,0x00000000ebf80000)
 ParOldGen       total 29696K, used 392K [0x00000000c0000000, 0x00000000c1d00000, 0x00000000eab00000)
  object space 29696K, 1% used [0x00000000c0000000,0x00000000c0062010,0x00000000c1d00000)
 Metaspace       used 5799K, capacity 6708K, committed 6784K, reserved 1060864K
  class space    used 599K, capacity 620K, committed 640K, reserved 1048576K
Event: 1.707 GC heap after
Heap after GC invocations=3 (full 1):
 PSYoungGen      total 18432K, used 2535K [0x00000000eab00000, 0x00000000ec200000, 0x0000000100000000)
  eden space 15872K, 0% used [0x00000000eab00000,0x00000000eab00000,0x00000000eba80000)
  from space 2560K, 99% used [0x00000000ebd00000,0x00000000ebf79c88,0x00000000ebf80000)
  to   space 2560K, 0% used [0x00000000eba80000,0x00000000eba80000,0x00000000ebd00000)
 ParOldGen       total 29696K, used 2054K [0x00000000c0000000, 0x00000000c1d00000, 0x00000000eab00000)
  object space 29696K, 6% used [0x00000000c0000000,0x00000000c0201980,0x00000000c1d00000)
 Metaspace       used 5799K, capacity 6708K, committed 6784K, reserved 1060864K
  class space    used 599K, capacity 620K, committed 640K, reserved 1048576K
}
Event: 2.335 GC heap before
{Heap before GC invocations=4 (full 1):
 PSYoungGen      total 18432K, used 18407K [0x00000000eab00000, 0x00000000ec200000, 0x0000000100000000)
  eden space 15872K, 100% used [0x00000000eab00000,0x00000000eba80000,0x00000000eba80000)
  from space 2560K, 99% used [0x00000000ebd00000,0x00000000ebf79c88,0x00000000ebf80000)
  to   space 2560K, 0% used [0x00000000eba80000,0x00000000eba80000,0x00000000ebd00000)
 ParOldGen       total 29696K, used 2054K [0x00000000c0000000, 0x00000000c1d00000, 0x00000000eab00000)
  object space 29696K, 6% used [0x00000000c0000000,0x00000000c0201980,0x00000000c1d00000)
 Metaspace       used 6039K, capacity 6902K, committed 7040K, reserved 1060864K
  class space    used 603K, capacity 622K, committed 640K, reserved 1048576K
Event: 2.446 GC heap after
Heap after GC invocations=4 (full 1):
 PSYoungGen      total 18432K, used 2528K [0x00000000eab00000, 0x00000000ec900000, 0x0000000100000000)
  eden space 15872K, 0% used [0x00000000eab00000,0x00000000eab00000,0x00000000eba80000)
  from space 2560K, 98% used [0x00000000eba80000,0x00000000ebcf8010,0x00000000ebd00000)
  to   space 2560K, 0% used [0x00000000ec680000,0x00000000ec680000,0x00000000ec900000)
 ParOldGen       total 29696K, used 3967K [0x00000000c0000000, 0x00000000c1d00000, 0x00000000eab00000)
  object space 29696K, 13% used [0x00000000c0000000,0x00000000c03dffe0,0x00000000c1d00000)
 Metaspace       used 6039K, capacity 6902K, committed 7040K, reserved 1060864K
  class space    used 603K, capacity 622K, committed 640K, reserved 1048576K
}
Event: 2.883 GC heap before
{Heap before GC invocations=5 (full 1):
 PSYoungGen      total 18432K, used 18400K [0x00000000eab00000, 0x00000000ec900000, 0x0000000100000000)
  eden space 15872K, 100% used [0x00000000eab00000,0x00000000eba80000,0x00000000eba80000)
  from space 2560K, 98% used [0x00000000eba80000,0x00000000ebcf8010,0x00000000ebd00000)
  to   space 2560K, 0% used [0x00000000ec680000,0x00000000ec680000,0x00000000ec900000)
 ParOldGen       total 29696K, used 3967K [0x00000000c0000000, 0x00000000c1d00000, 0x00000000eab00000)
  object space 29696K, 13% used [0x00000000c0000000,0x00000000c03dffe0,0x00000000c1d00000)
 Metaspace       used 6133K, capacity 6968K, committed 7040K, reserved 1060864K
  class space    used 605K, capacity 624K, committed 640K, reserved 1048576K

Deoptimization events (10 events):
Event: 2.330 Thread 0x0000000002cf1000 Uncommon trap: reason=bimorphic action=maybe_recompile pc=0x000000000300201c method=java.util.HashMap.getNode(ILjava/lang/Object;)Ljava/util/HashMap$Node; @ 126
Event: 2.330 Thread 0x0000000002cf1000 Uncommon trap: reason=class_check action=maybe_recompile pc=0x00000000031a4c88 method=java.util.HashMap.putVal(ILjava/lang/Object;Ljava/lang/Object;ZZ)Ljava/lang/Object; @ 203
Event: 2.543 Thread 0x0000000002cf1000 Uncommon trap: reason=bimorphic action=maybe_recompile pc=0x00000000030316b0 method=java.util.HashMap.getNode(ILjava/lang/Object;)Ljava/util/HashMap$Node; @ 126
Event: 2.573 Thread 0x0000000016fa0800 Uncommon trap: reason=unstable_if action=reinterpret pc=0x00000000031a4c44 method=java.util.HashMap.putVal(ILjava/lang/Object;Ljava/lang/Object;ZZ)Ljava/lang/Object; @ 94
Event: 2.573 Thread 0x0000000016fa0800 Uncommon trap: reason=bimorphic action=maybe_recompile pc=0x00000000030316b0 method=java.util.HashMap.getNode(ILjava/lang/Object;)Ljava/util/HashMap$Node; @ 126
Event: 2.585 Thread 0x0000000016fa0800 Uncommon trap: reason=bimorphic action=maybe_recompile pc=0x000000000300201c method=java.util.HashMap.getNode(ILjava/lang/Object;)Ljava/util/HashMap$Node; @ 126
Event: 2.661 Thread 0x0000000016fac000 Uncommon trap: reason=class_check action=maybe_recompile pc=0x00000000033043c0 method=com.android.dx.ssa.SCCP.setLatticeValueTo(IILcom/android/dx/rop/cst/Constant;)Z @ 43
Event: 2.661 Thread 0x0000000016fac000 Uncommon trap: reason=class_check action=maybe_recompile pc=0x00000000033043c0 method=com.android.dx.ssa.SCCP.setLatticeValueTo(IILcom/android/dx/rop/cst/Constant;)Z @ 43
Event: 2.661 Thread 0x0000000016fac000 Uncommon trap: reason=class_check action=maybe_recompile pc=0x00000000033043c0 method=com.android.dx.ssa.SCCP.setLatticeValueTo(IILcom/android/dx/rop/cst/Constant;)Z @ 43
Event: 2.661 Thread 0x0000000016fac000 Uncommon trap: reason=class_check action=maybe_recompile pc=0x00000000033043c0 method=com.android.dx.ssa.SCCP.setLatticeValueTo(IILcom/android/dx/rop/cst/Constant;)Z @ 43

Internal exceptions (3 events):
Event: 0.069 Thread 0x0000000002cf1000 Exception <a 'java/lang/NoSuchMethodError': Method sun.misc.Unsafe.defineClass(Ljava/lang/String;[BII)Ljava/lang/Class; name or signature does not match> (0x00000000eab07cc0) thrown at [D:\re\workspace\8-2-build-windows-amd64-cygwin\jdk8u77\6540\hotspot\sr£r≤Sñ±?
Event: 0.069 Thread 0x0000000002cf1000 Exception <a 'java/lang/NoSuchMethodError': Method sun.misc.Unsafe.prefetchRead(Ljava/lang/Object;J)V name or signature does not match> (0x00000000eab07fa8) thrown at [D:\re\workspace\8-2-build-windows-amd64-cygwin\jdk8u77\6540\hotspot\src\share\vm\prims\j¥ç‚¥˝À˜?
Event: 1.487 Thread 0x0000000016fa0800 Implicit null exception at 0x0000000003079b62 to 0x0000000003079c52

Events (10 events):
Event: 2.661 Thread 0x0000000016fac000 DEOPT PACKING pc=0x00000000033043c0 sp=0x0000000017d2e950
Event: 2.661 Thread 0x0000000016fac000 DEOPT UNPACKING pc=0x0000000002e3582a sp=0x0000000017d2e8b8 mode 2
Event: 2.661 Thread 0x0000000016fac000 Uncommon trap: trap_request=0xffffffde fr.pc=0x00000000033043c0
Event: 2.661 Thread 0x0000000016fac000 DEOPT PACKING pc=0x00000000033043c0 sp=0x0000000017d2e950
Event: 2.661 Thread 0x0000000016fac000 DEOPT UNPACKING pc=0x0000000002e3582a sp=0x0000000017d2e8b8 mode 2
Event: 2.858 Thread 0x0000000016fa0800 DEOPT PACKING pc=0x00000000030cc551 sp=0x000000001772e600
Event: 2.858 Thread 0x0000000016fa0800 DEOPT UNPACKING pc=0x0000000002e3747f sp=0x000000001772e3c8 mode 0
Event: 2.871 Thread 0x0000000016fa0800 Thread exited: 0x0000000016fa0800
Event: 2.876 Thread 0x0000000016fa6800 Thread exited: 0x0000000016fa6800
Event: 2.882 Executing VM operation: ParallelGCFailedAllocation


Dynamic libraries:
0x00007ff7d6820000 - 0x00007ff7d6857000 	C:\Program Files\Java\jdk1.8.0_74\bin\java.exe
0x00007ffb34760000 - 0x00007ffb34921000 	C:\Windows\SYSTEM32\ntdll.dll
0x00007ffb320f0000 - 0x00007ffb3219d000 	C:\Windows\system32\KERNEL32.DLL
0x00007ffb311d0000 - 0x00007ffb313b8000 	C:\Windows\system32\KERNELBASE.dll
0x00007ffb31e60000 - 0x00007ffb31f07000 	C:\Windows\system32\ADVAPI32.dll
0x00007ffb31fe0000 - 0x00007ffb3207d000 	C:\Windows\system32\msvcrt.dll
0x00007ffb33e20000 - 0x00007ffb33e7b000 	C:\Windows\system32\sechost.dll
0x00007ffb321b0000 - 0x00007ffb322cc000 	C:\Windows\system32\RPCRT4.dll
0x00007ffb34010000 - 0x00007ffb34166000 	C:\Windows\system32\USER32.dll
0x00007ffb33e80000 - 0x00007ffb34006000 	C:\Windows\system32\GDI32.dll
0x00007ffb24020000 - 0x00007ffb24294000 	C:\Windows\WinSxS\amd64_microsoft.windows.common-controls_6595b64144ccf1df_6.0.10586.589_none_a2ddb3caa539acce\COMCTL32.dll
0x00007ffb322f0000 - 0x00007ffb3256d000 	C:\Windows\system32\combase.dll
0x00007ffb30e80000 - 0x00007ffb30eea000 	C:\Windows\system32\bcryptPrimitives.dll
0x00007ffb34650000 - 0x00007ffb3468b000 	C:\Windows\system32\IMM32.DLL
0x0000000056650000 - 0x0000000056722000 	C:\Program Files\Java\jdk1.8.0_74\jre\bin\msvcr100.dll
0x0000000056ad0000 - 0x0000000057360000 	C:\Program Files\Java\jdk1.8.0_74\jre\bin\server\jvm.dll
0x00007ffb31f10000 - 0x00007ffb31f18000 	C:\Windows\system32\PSAPI.DLL
0x00007ffb284e0000 - 0x00007ffb284e9000 	C:\Windows\SYSTEM32\WSOCK32.dll
0x00007ffb32080000 - 0x00007ffb320eb000 	C:\Windows\system32\WS2_32.dll
0x00007ffb2f0c0000 - 0x00007ffb2f0e3000 	C:\Windows\SYSTEM32\WINMM.dll
0x00007ffb287a0000 - 0x00007ffb287aa000 	C:\Windows\SYSTEM32\VERSION.dll
0x00007ffb2f060000 - 0x00007ffb2f08c000 	C:\Windows\SYSTEM32\WINMMBASE.dll
0x00007ffb30e10000 - 0x00007ffb30e53000 	C:\Windows\system32\cfgmgr32.dll
0x0000000056ac0000 - 0x0000000056acf000 	C:\Program Files\Java\jdk1.8.0_74\jre\bin\verify.dll
0x0000000056a90000 - 0x0000000056ab9000 	C:\Program Files\Java\jdk1.8.0_74\jre\bin\java.dll
0x0000000056a70000 - 0x0000000056a86000 	C:\Program Files\Java\jdk1.8.0_74\jre\bin\zip.dll
0x00007ffb32580000 - 0x00007ffb33adc000 	C:\Windows\system32\SHELL32.dll
0x00007ffb31510000 - 0x00007ffb31b55000 	C:\Windows\system32\windows.storage.dll
0x00007ffb31f20000 - 0x00007ffb31f72000 	C:\Windows\system32\shlwapi.dll
0x00007ffb30e00000 - 0x00007ffb30e0f000 	C:\Windows\system32\kernel.appcore.dll
0x00007ffb313c0000 - 0x00007ffb31475000 	C:\Windows\system32\shcore.dll
0x00007ffb30db0000 - 0x00007ffb30dfb000 	C:\Windows\system32\powrprof.dll
0x00007ffb30d80000 - 0x00007ffb30d94000 	C:\Windows\system32\profapi.dll

VM Arguments:
jvm_args: -Djava.awt.headless=true -Xmx1024M -Dfile.encoding=windows-1256 -Duser.country=US -Duser.language=en -Duser.variant 
java_command: com.android.dx.command.Main --dex --force-jumbo --num-threads=4 --output F:\FCI_3rd\AndroidProjects\LocateMe1.0\app\build\intermediates\pre-dexed\debug\com.google.firebase-firebase-storage-9.2.1_4863ef6958fd33021034642df528f3b7a75fbd2c.jar F:\FCI_3rd\AndroidProjects\LocateMe1.0\app\build\intermediates\exploded-aar\com.google.firebase\firebase-storage\9.2.1\jars\classes.jar
java_class_path (initial): E:\3LI\Android\sdk\build-tools\24.0.1\lib\dx.jar
Launcher Type: SUN_STANDARD

Environment Variables:
JAVA_HOME=C:\Program Files\Java\jdk1.8.0_74\jre
PATH=C:\ProgramData\Oracle\Java\javapath;C:\Windows\system32;C:\Windows;C:\Windows\System32\Wbem;C:\Windows\System32\WindowsPowerShell\v1.0\;C:\TDM-GCC-64\bin;E:\3LI\Microchip\bin;C:\Program Files (x86)\GtkSharp\2.12\bin;C:\Program Files\Microsoft SQL Server\110\Tools\Binn\;C:\AppServ\Apache2.2\bin;C:\AppServ\php6;C:\AppServ\MySQL\bin
USERNAME=E610
OS=Windows_NT
PROCESSOR_IDENTIFIER=Intel64 Family 6 Model 37 Stepping 5, GenuineIntel



---------------  S Y S T E M  ---------------

OS: Windows 10.0 , 64 bit Build 10586 (10.0.10586.589)

CPU:total 4 (2 cores per cpu, 2 threads per core) family 6 model 37 stepping 5, cmov, cx8, fxsr, mmx, sse, sse2, sse3, ssse3, sse4.1, sse4.2, popcnt, aes, clmul, ht, tsc, tscinvbit

Memory: 4k page, physical 3980672k(540836k free), swap 4284856k(2656k free)

vm_info: Java HotSpot(TM) 64-Bit Server VM (25.77-b03) for windows-amd64 JRE (1.8.0_77-b03), built on Mar 20 2016 22:01:33 by "java_re" with MS VC++ 10.0 (VS2010)

time: Sun Jan 01 16:30:47 2017
elapsed time: 3 seconds (0d 0h 0m 3s)

