#
# There is insufficient memory for the Java Runtime Environment to continue.
# Native memory allocation (malloc) failed to allocate 32744 bytes for ChunkPool::allocate
# Possible reasons:
#   The system is out of physical RAM or swap space
#   In 32 bit mode, the process size limit was hit
# Possible solutions:
#   Reduce memory load on the system
#   Increase physical memory or swap space
#   Check if swap backing store is full
#   Use 64 bit Java on a 64 bit OS
#   Decrease Java heap size (-Xmx/-Xms)
#   Decrease number of Java threads
#   Decrease Java thread stack sizes (-Xss)
#   Set larger code cache with -XX:ReservedCodeCacheSize=
# This output file may be truncated or incomplete.
#
#  Out of Memory Error (allocation.cpp:273), pid=5292, tid=3472
#
# JRE version: Java(TM) SE Runtime Environment (8.0_77-b03) (build 1.8.0_77-b03)
# Java VM: Java HotSpot(TM) 64-Bit Server VM (25.77-b03 mixed mode windows-amd64 compressed oops)
# Failed to write core dump. Minidumps are not enabled by default on client versions of Windows
#

---------------  T H R E A D  ---------------

Current thread (0x000000001572a800):  JavaThread "C2 CompilerThread1" daemon [_thread_in_vm, id=3472, stack(0x0000000016d60000,0x0000000016e60000)]

Stack: [0x0000000016d60000,0x0000000016e60000]
[error occurred during error reporting (printing stack bounds), id 0xc0000005]

Native frames: (J=compiled Java code, j=interpreted, Vv=VM code, C=native code)


Current CompileTask:
C2:   1599  537       4       java.util.BitSet::nextSetBit (102 bytes)


---------------  P R O C E S S  ---------------

Java Threads: ( => current thread )
  0x0000000017130800 JavaThread "pool-1-thread-4" [_thread_in_vm, id=4560, stack(0x0000000017960000,0x0000000017a60000)]
  0x000000001712d800 JavaThread "pool-1-thread-3" [_thread_in_Java, id=4080, stack(0x0000000017860000,0x0000000017960000)]
  0x0000000017129800 JavaThread "pool-1-thread-2" [_thread_in_vm, id=3748, stack(0x0000000017760000,0x0000000017860000)]
  0x0000000017128800 JavaThread "pool-2-thread-1" [_thread_blocked, id=1764, stack(0x0000000017660000,0x0000000017760000)]
  0x000000001710e800 JavaThread "pool-1-thread-1" [_thread_in_Java, id=4064, stack(0x0000000017560000,0x0000000017660000)]
  0x0000000016ec1000 JavaThread "Service Thread" daemon [_thread_blocked, id=712, stack(0x0000000017360000,0x0000000017460000)]
  0x0000000016e9e800 JavaThread "C1 CompilerThread2" daemon [_thread_in_native, id=3676, stack(0x0000000017260000,0x0000000017360000)]
=>0x000000001572a800 JavaThread "C2 CompilerThread1" daemon [_thread_in_vm, id=3472, stack(0x0000000016d60000,0x0000000016e60000)]
  0x0000000015727800 JavaThread "C2 CompilerThread0" daemon [_thread_blocked, id=3160, stack(0x0000000016c60000,0x0000000016d60000)]
  0x0000000015725800 JavaThread "Attach Listener" daemon [_thread_blocked, id=4072, stack(0x0000000016b60000,0x0000000016c60000)]
  0x0000000015724800 JavaThread "Signal Dispatcher" daemon [_thread_blocked, id=7308, stack(0x0000000016a60000,0x0000000016b60000)]
  0x00000000156ca800 JavaThread "Finalizer" daemon [_thread_blocked, id=176, stack(0x0000000016940000,0x0000000016a40000)]
  0x0000000002fff000 JavaThread "Reference Handler" daemon [_thread_blocked, id=8124, stack(0x0000000016840000,0x0000000016940000)]
  0x0000000002f11000 JavaThread "main" [_thread_in_vm, id=5516, stack(0x0000000002d10000,0x0000000002e10000)]

Other Threads:
  0x00000000156a8000 VMThread [stack: 0x0000000016740000,0x0000000016840000] [id=3928]
  0x0000000016f0c000 WatcherThread [stack: 0x0000000017460000,0x0000000017560000] [id=5748]

VM state:not at safepoint (normal execution)

VM Mutex/Monitor currently owned by a thread: None

Heap:
 PSYoungGen      total 18432K, used 5468K [0x00000000eab00000, 0x00000000ebf80000, 0x0000000100000000)
  eden space 15872K, 18% used [0x00000000eab00000,0x00000000eaddd7b8,0x00000000eba80000)
  from space 2560K, 99% used [0x00000000eba80000,0x00000000ebcf9c30,0x00000000ebd00000)
  to   space 2560K, 0% used [0x00000000ebd00000,0x00000000ebd00000,0x00000000ebf80000)
 ParOldGen       total 42496K, used 257K [0x00000000c0000000, 0x00000000c2980000, 0x00000000eab00000)
  object space 42496K, 0% used [0x00000000c0000000,0x00000000c0040590,0x00000000c2980000)
 Metaspace       used 5569K, capacity 6452K, committed 6528K, reserved 1056768K
  class space    used 601K, capacity 620K, committed 640K, reserved 1048576K

Card table byte_map: [0x00000000123d0000,0x00000000125e0000] byte_map_base: 0x0000000011dd0000

Marking Bits: (ParMarkBitMap*) 0x00000000572e0600
 Begin Bits: [0x0000000012b40000, 0x0000000013b40000)
 End Bits:   [0x0000000013b40000, 0x0000000014b40000)

Polling page: 0x0000000001480000

CodeCache: size=245760Kb used=2143Kb max_used=2155Kb free=243616Kb
 bounds [0x0000000003010000, 0x0000000003280000, 0x0000000012010000]
 total_blobs=779 nmethods=512 adapters=181
 compilation: enabled

Compilation events (10 events):
Event: 1.575 Thread 0x0000000016e9e800  498   !   3       com.android.dx.cf.code.BytecodeArray::parseInstruction (2764 bytes)
Event: 1.578 Thread 0x0000000015727800 nmethod 511 0x000000000322a550 code [0x000000000322a6c0, 0x000000000322ab08]
Event: 1.578 Thread 0x0000000015727800  517       4       com.android.dx.rop.type.Type::getCategory (36 bytes)
Event: 1.579 Thread 0x0000000015727800 nmethod 517 0x00000000032276d0 code [0x0000000003227800, 0x0000000003227878]
Event: 1.581 Thread 0x0000000015727800  524       4       java.util.ArrayList$Itr::next (66 bytes)
Event: 1.583 Thread 0x0000000015727800 nmethod 524 0x0000000003221e10 code [0x0000000003221f60, 0x0000000003222078]
Event: 1.584 Thread 0x000000001572a800  526       4       java.util.ArrayList::ensureExplicitCapacity (26 bytes)
Event: 1.588 Thread 0x0000000015727800  533       4       java.util.ArrayList::add (29 bytes)
Event: 1.589 Thread 0x000000001572a800 nmethod 526 0x0000000003228690 code [0x00000000032287e0, 0x0000000003228a48]
Event: 1.594 Thread 0x000000001572a800  537       4       java.util.BitSet::nextSetBit (102 bytes)

GC Heap History (2 events):
Event: 1.393 GC heap before
{Heap before GC invocations=1 (full 0):
 PSYoungGen      total 18432K, used 15636K [0x00000000eab00000, 0x00000000ebf80000, 0x0000000100000000)
  eden space 15872K, 98% used [0x00000000eab00000,0x00000000eba45070,0x00000000eba80000)
  from space 2560K, 0% used [0x00000000ebd00000,0x00000000ebd00000,0x00000000ebf80000)
  to   space 2560K, 0% used [0x00000000eba80000,0x00000000eba80000,0x00000000ebd00000)
 ParOldGen       total 42496K, used 0K [0x00000000c0000000, 0x00000000c2980000, 0x00000000eab00000)
  object space 42496K, 0% used [0x00000000c0000000,0x00000000c0000000,0x00000000c2980000)
 Metaspace       used 5258K, capacity 6224K, committed 6528K, reserved 1056768K
  class space    used 577K, capacity 584K, committed 640K, reserved 1048576K
Event: 1.414 GC heap after
Heap after GC invocations=1 (full 0):
 PSYoungGen      total 18432K, used 2535K [0x00000000eab00000, 0x00000000ebf80000, 0x0000000100000000)
  eden space 15872K, 0% used [0x00000000eab00000,0x00000000eab00000,0x00000000eba80000)
  from space 2560K, 99% used [0x00000000eba80000,0x00000000ebcf9c30,0x00000000ebd00000)
  to   space 2560K, 0% used [0x00000000ebd00000,0x00000000ebd00000,0x00000000ebf80000)
 ParOldGen       total 42496K, used 257K [0x00000000c0000000, 0x00000000c2980000, 0x00000000eab00000)
  object space 42496K, 0% used [0x00000000c0000000,0x00000000c0040590,0x00000000c2980000)
 Metaspace       used 5258K, capacity 6224K, committed 6528K, reserved 1056768K
  class space    used 577K, capacity 584K, committed 640K, reserved 1048576K
}

Deoptimization events (1 events):
Event: 1.583 Thread 0x000000001712d800 Uncommon trap: reason=unstable_if action=reinterpret pc=0x000000000322aa08 method=java.util.HashMap.getNode(ILjava/lang/Object;)Ljava/util/HashMap$Node; @ 129

Internal exceptions (2 events):
Event: 0.100 Thread 0x0000000002f11000 Exception <a 'java/lang/NoSuchMethodError': Method sun.misc.Unsafe.defineClass(Ljava/lang/String;[BII)Ljava/lang/Class; name or signature does not match> (0x00000000eab07cc0) thrown at [D:\re\workspace\8-2-build-windows-amd64-cygwin\jdk8u77\6540\hotspot\sr
Event: 0.100 Thread 0x0000000002f11000 Exception <a 'java/lang/NoSuchMethodError': Method sun.misc.Unsafe.prefetchRead(Ljava/lang/Object;J)V name or signature does not match> (0x00000000eab07fa8) thrown at [D:\re\workspace\8-2-build-windows-amd64-cygwin\jdk8u77\6540\hotspot\src\share\vm\prims\j

Events (10 events):
Event: 1.578 loading class java/util/HashMap$Values done
Event: 1.578 loading class java/util/HashMap$ValueIterator
Event: 1.578 loading class java/util/HashMap$ValueIterator done
Event: 1.583 loading class com/android/dx/ssa/PhiInsn$Operand
Event: 1.583 loading class com/android/dx/ssa/PhiInsn$Operand done
Event: 1.583 Thread 0x000000001712d800 Uncommon trap: trap_request=0xffffff65 fr.pc=0x000000000322aa08
Event: 1.583 Thread 0x000000001712d800 DEOPT PACKING pc=0x000000000322aa08 sp=0x000000001795e4b0
Event: 1.583 Thread 0x000000001712d800 DEOPT UNPACKING pc=0x000000000305582a sp=0x000000001795e438 mode 2
Event: 1.592 loading class com/android/dx/ssa/back/FirstFitLocalCombiningAllocator$Multiset
Event: 1.592 loading class com/android/dx/ssa/back/FirstFitLocalCombiningAllocator$Multiset done


Dynamic libraries:
0x00007ff7d6820000 - 0x00007ff7d6857000 	C:\Program Files\Java\jdk1.8.0_74\bin\java.exe
0x00007ffb34760000 - 0x00007ffb34921000 	C:\Windows\SYSTEM32\ntdll.dll
0x00007ffb320f0000 - 0x00007ffb3219d000 	C:\Windows\system32\KERNEL32.DLL
0x00007ffb311d0000 - 0x00007ffb313b8000 	C:\Windows\system32\KERNELBASE.dll
0x00007ffb31e60000 - 0x00007ffb31f07000 	C:\Windows\system32\ADVAPI32.dll
0x00007ffb31fe0000 - 0x00007ffb3207d000 	C:\Windows\system32\msvcrt.dll
0x00007ffb33e20000 - 0x00007ffb33e7b000 	C:\Windows\system32\sechost.dll
0x00007ffb321b0000 - 0x00007ffb322cc000 	C:\Windows\system32\RPCRT4.dll
0x00007ffb34010000 - 0x00007ffb34166000 	C:\Windows\system32\USER32.dll
0x00007ffb33e80000 - 0x00007ffb34006000 	C:\Windows\system32\GDI32.dll
0x00007ffb24020000 - 0x00007ffb24294000 	C:\Windows\WinSxS\amd64_microsoft.windows.common-controls_6595b64144ccf1df_6.0.10586.589_none_a2ddb3caa539acce\COMCTL32.dll
0x00007ffb322f0000 - 0x00007ffb3256d000 	C:\Windows\system32\combase.dll
0x00007ffb30e80000 - 0x00007ffb30eea000 	C:\Windows\system32\bcryptPrimitives.dll
0x00007ffb34650000 - 0x00007ffb3468b000 	C:\Windows\system32\IMM32.DLL
0x0000000056650000 - 0x0000000056722000 	C:\Program Files\Java\jdk1.8.0_74\jre\bin\msvcr100.dll
0x0000000056ad0000 - 0x0000000057360000 	C:\Program Files\Java\jdk1.8.0_74\jre\bin\server\jvm.dll
0x00007ffb31f10000 - 0x00007ffb31f18000 	C:\Windows\system32\PSAPI.DLL
0x00007ffb284e0000 - 0x00007ffb284e9000 	C:\Windows\SYSTEM32\WSOCK32.dll
0x00007ffb32080000 - 0x00007ffb320eb000 	C:\Windows\system32\WS2_32.dll
0x00007ffb2f0c0000 - 0x00007ffb2f0e3000 	C:\Windows\SYSTEM32\WINMM.dll
0x00007ffb287a0000 - 0x00007ffb287aa000 	C:\Windows\SYSTEM32\VERSION.dll
0x00007ffb2f060000 - 0x00007ffb2f08c000 	C:\Windows\SYSTEM32\WINMMBASE.dll
0x00007ffb30e10000 - 0x00007ffb30e53000 	C:\Windows\system32\cfgmgr32.dll
0x0000000056ac0000 - 0x0000000056acf000 	C:\Program Files\Java\jdk1.8.0_74\jre\bin\verify.dll
0x0000000056a90000 - 0x0000000056ab9000 	C:\Program Files\Java\jdk1.8.0_74\jre\bin\java.dll
0x0000000056a70000 - 0x0000000056a86000 	C:\Program Files\Java\jdk1.8.0_74\jre\bin\zip.dll
0x00007ffb32580000 - 0x00007ffb33adc000 	C:\Windows\system32\SHELL32.dll
0x00007ffb31510000 - 0x00007ffb31b55000 	C:\Windows\system32\windows.storage.dll
0x00007ffb31f20000 - 0x00007ffb31f72000 	C:\Windows\system32\shlwapi.dll
0x00007ffb30e00000 - 0x00007ffb30e0f000 	C:\Windows\system32\kernel.appcore.dll
0x00007ffb313c0000 - 0x00007ffb31475000 	C:\Windows\system32\shcore.dll
0x00007ffb30db0000 - 0x00007ffb30dfb000 	C:\Windows\system32\powrprof.dll
0x00007ffb30d80000 - 0x00007ffb30d94000 	C:\Windows\system32\profapi.dll

VM Arguments:
jvm_args: -Djava.awt.headless=true -Xmx1024M -Dfile.encoding=windows-1256 -Duser.country=US -Duser.language=en -Duser.variant 
java_command: com.android.dx.command.Main --dex --force-jumbo --num-threads=4 --output F:\FCI_3rd\AndroidProjects\LocateMe1.0\app\build\intermediates\pre-dexed\debug\com.google.android.gms-play-services-basement-9.2.1_1fc46fcf205e3f124747c060e0964affe370212a.jar F:\FCI_3rd\AndroidProjects\LocateMe1.0\app\build\intermediates\exploded-aar\com.google.android.gms\play-services-basement\9.2.1\jars\classes.jar
java_class_path (initial): E:\3LI\Android\sdk\build-tools\24.0.1\lib\dx.jar
Launcher Type: SUN_STANDARD

Environment Variables:
JAVA_HOME=C:\Program Files\Java\jdk1.8.0_74\jre
PATH=C:\ProgramData\Oracle\Java\javapath;C:\Windows\system32;C:\Windows;C:\Windows\System32\Wbem;C:\Windows\System32\WindowsPowerShell\v1.0\;C:\TDM-GCC-64\bin;E:\3LI\Microchip\bin;C:\Program Files (x86)\GtkSharp\2.12\bin;C:\Program Files\Microsoft SQL Server\110\Tools\Binn\;C:\AppServ\Apache2.2\bin;C:\AppServ\php6;C:\AppServ\MySQL\bin
USERNAME=E610
OS=Windows_NT
PROCESSOR_IDENTIFIER=Intel64 Family 6 Model 37 Stepping 5, GenuineIntel



---------------  S Y S T E M  ---------------

OS: Windows 10.0 , 64 bit Build 10586 (10.0.10586.589)

CPU:total 4 (2 cores per cpu, 2 threads per core) family 6 model 37 stepping 5, cmov, cx8, fxsr, mmx, sse, sse2, sse3, ssse3, sse4.1, sse4.2, popcnt, aes, clmul, ht, tsc, tscinvbit

Memory: 4k page, physical 3980672k(532596k free), swap 4284856k(1044k free)

vm_info: Java HotSpot(TM) 64-Bit Server VM (25.77-b03) for windows-amd64 JRE (1.8.0_77-b03), built on Mar 20 2016 22:01:33 by "java_re" with MS VC++ 10.0 (VS2010)

time: Sun Jan 01 16:30:54 2017
elapsed time: 1 seconds (0d 0h 0m 1s)

