#
# There is insufficient memory for the Java Runtime Environment to continue.
# Native memory allocation (malloc) failed to allocate 438416 bytes for Chunk::new
# Possible reasons:
#   The system is out of physical RAM or swap space
#   In 32 bit mode, the process size limit was hit
# Possible solutions:
#   Reduce memory load on the system
#   Increase physical memory or swap space
#   Check if swap backing store is full
#   Use 64 bit Java on a 64 bit OS
#   Decrease Java heap size (-Xmx/-Xms)
#   Decrease number of Java threads
#   Decrease Java thread stack sizes (-Xss)
#   Set larger code cache with -XX:ReservedCodeCacheSize=
# This output file may be truncated or incomplete.
#
#  Out of Memory Error (allocation.cpp:390), pid=1328, tid=3152
#
# JRE version: Java(TM) SE Runtime Environment (8.0_77-b03) (build 1.8.0_77-b03)
# Java VM: Java HotSpot(TM) 64-Bit Server VM (25.77-b03 mixed mode windows-amd64 compressed oops)
# Failed to write core dump. Minidumps are not enabled by default on client versions of Windows
#

---------------  T H R E A D  ---------------

Current thread (0x0000000016462000):  JavaThread "C2 CompilerThread1" daemon [_thread_in_native, id=3152, stack(0x0000000016820000,0x0000000016920000)]

Stack: [0x0000000016820000,0x0000000016920000]
[error occurred during error reporting (printing stack bounds), id 0xc0000005]

Native frames: (J=compiled Java code, j=interpreted, Vv=VM code, C=native code)


Current CompileTask:
C2:   2496 1126       4       com.android.dx.ssa.SCCP::simulateBranch (666 bytes)


---------------  P R O C E S S  ---------------

Java Threads: ( => current thread )
  0x00000000166bc800 JavaThread "pool-1-thread-4" [_thread_in_Java, id=3668, stack(0x0000000017020000,0x0000000017120000)]
  0x00000000166f8800 JavaThread "pool-1-thread-3" [_thread_blocked, id=6684, stack(0x0000000016f20000,0x0000000017020000)]
  0x00000000166f4800 JavaThread "pool-1-thread-2" [_thread_in_vm, id=7436, stack(0x0000000016e20000,0x0000000016f20000)]
  0x000000001667b800 JavaThread "pool-2-thread-1" [_thread_blocked, id=3836, stack(0x0000000016d20000,0x0000000016e20000)]
  0x0000000016678800 JavaThread "pool-1-thread-1" [_thread_in_Java, id=5064, stack(0x0000000016c20000,0x0000000016d20000)]
  0x0000000016472000 JavaThread "Service Thread" daemon [_thread_blocked, id=8332, stack(0x0000000016a20000,0x0000000016b20000)]
  0x0000000016466800 JavaThread "C1 CompilerThread2" daemon [_thread_blocked, id=3760, stack(0x0000000016920000,0x0000000016a20000)]
=>0x0000000016462000 JavaThread "C2 CompilerThread1" daemon [_thread_in_native, id=3152, stack(0x0000000016820000,0x0000000016920000)]
  0x0000000014d27800 JavaThread "C2 CompilerThread0" daemon [_thread_in_native, id=4812, stack(0x0000000016320000,0x0000000016420000)]
  0x0000000014d25800 JavaThread "Attach Listener" daemon [_thread_blocked, id=8720, stack(0x0000000016220000,0x0000000016320000)]
  0x0000000014d24800 JavaThread "Signal Dispatcher" daemon [_thread_blocked, id=4504, stack(0x0000000016120000,0x0000000016220000)]
  0x0000000014cca000 JavaThread "Finalizer" daemon [_thread_blocked, id=6244, stack(0x0000000015f40000,0x0000000016040000)]
  0x00000000025ff000 JavaThread "Reference Handler" daemon [_thread_blocked, id=6916, stack(0x0000000015e40000,0x0000000015f40000)]
  0x0000000002511000 JavaThread "main" [_thread_in_Java, id=5488, stack(0x0000000002350000,0x0000000002450000)]

Other Threads:
  0x0000000014ca7800 VMThread [stack: 0x0000000015d40000,0x0000000015e40000] [id=556]
  0x00000000164d4800 WatcherThread [stack: 0x0000000016b20000,0x0000000016c20000] [id=5624]

VM state:not at safepoint (normal execution)

VM Mutex/Monitor currently owned by a thread: None

Heap:
 PSYoungGen      total 34304K, used 7408K [0x00000000eab00000, 0x00000000ecf00000, 0x0000000100000000)
  eden space 31744K, 15% used [0x00000000eab00000,0x00000000eafbd898,0x00000000eca00000)
  from space 2560K, 99% used [0x00000000ecc80000,0x00000000ecefeab8,0x00000000ecf00000)
  to   space 2560K, 0% used [0x00000000eca00000,0x00000000eca00000,0x00000000ecc80000)
 ParOldGen       total 42496K, used 3878K [0x00000000c0000000, 0x00000000c2980000, 0x00000000eab00000)
  object space 42496K, 9% used [0x00000000c0000000,0x00000000c03c9878,0x00000000c2980000)
 Metaspace       used 6002K, capacity 6900K, committed 7040K, reserved 1056768K
  class space    used 598K, capacity 620K, committed 640K, reserved 1048576K

Card table byte_map: [0x00000000119d0000,0x0000000011be0000] byte_map_base: 0x00000000113d0000

Marking Bits: (ParMarkBitMap*) 0x00000000572e0600
 Begin Bits: [0x0000000012140000, 0x0000000013140000)
 End Bits:   [0x0000000013140000, 0x0000000014140000)

Polling page: 0x0000000002460000

CodeCache: size=245760Kb used=4584Kb max_used=4597Kb free=241175Kb
 bounds [0x0000000002610000, 0x0000000002aa0000, 0x0000000011610000]
 total_blobs=1406 nmethods=1139 adapters=180
 compilation: enabled

Compilation events (10 events):
Event: 2.445 Thread 0x0000000016466800 1143       3       com.android.dx.cf.code.OneLocalsArray::getMaxLocals (6 bytes)
Event: 2.445 Thread 0x0000000016466800 nmethod 1143 0x0000000002a8dd50 code [0x0000000002a8dea0, 0x0000000002a8dff0]
Event: 2.445 Thread 0x0000000016466800 1105       3       com.android.dx.ssa.BasicRegisterMapper::oldToNew (22 bytes)
Event: 2.446 Thread 0x0000000016466800 nmethod 1105 0x0000000002a8e090 code [0x0000000002a8e200, 0x0000000002a8e4e8]
Event: 2.463 Thread 0x0000000014d27800 1145       4       com.android.dx.ssa.SsaMethod::bitSetFromLabelList (47 bytes)
Event: 2.463 Thread 0x0000000016462000 1127       4       java.util.Arrays::hashCode (56 bytes)
Event: 2.469 Thread 0x0000000016462000 

Event: 2.469 Thread 0x0000000016462000 1126       4       com.android.dx.ssa.SCCP::simulateBranch (666 bytes)
Event: 2.473 Thread 0x0000000014d27800 nmethod 1145 0x0000000002a91650 code [0x0000000002a917c0, 0x0000000002a91c48]
Event: 2.473 Thread 0x0000000014d27800 1157       4       com.android.dx.ssa.SsaMethod::computeReachability (131 bytes)

GC Heap History (4 events):
Event: 1.975 GC heap before
{Heap before GC invocations=1 (full 0):
 PSYoungGen      total 18432K, used 15872K [0x00000000eab00000, 0x00000000ebf80000, 0x0000000100000000)
  eden space 15872K, 100% used [0x00000000eab00000,0x00000000eba80000,0x00000000eba80000)
  from space 2560K, 0% used [0x00000000ebd00000,0x00000000ebd00000,0x00000000ebf80000)
  to   space 2560K, 0% used [0x00000000eba80000,0x00000000eba80000,0x00000000ebd00000)
 ParOldGen       total 42496K, used 0K [0x00000000c0000000, 0x00000000c2980000, 0x00000000eab00000)
  object space 42496K, 0% used [0x00000000c0000000,0x00000000c0000000,0x00000000c2980000)
 Metaspace       used 5671K, capacity 6578K, committed 6784K, reserved 1056768K
  class space    used 593K, capacity 618K, committed 640K, reserved 1048576K
Event: 2.000 GC heap after
Heap after GC invocations=1 (full 0):
 PSYoungGen      total 18432K, used 2535K [0x00000000eab00000, 0x00000000ecf00000, 0x0000000100000000)
  eden space 15872K, 0% used [0x00000000eab00000,0x00000000eab00000,0x00000000eba80000)
  from space 2560K, 99% used [0x00000000eba80000,0x00000000ebcf9c88,0x00000000ebd00000)
  to   space 2560K, 0% used [0x00000000ecc80000,0x00000000ecc80000,0x00000000ecf00000)
 ParOldGen       total 42496K, used 1505K [0x00000000c0000000, 0x00000000c2980000, 0x00000000eab00000)
  object space 42496K, 3% used [0x00000000c0000000,0x00000000c01784c0,0x00000000c2980000)
 Metaspace       used 5671K, capacity 6578K, committed 6784K, reserved 1056768K
  class space    used 593K, capacity 618K, committed 640K, reserved 1048576K
}
Event: 2.451 GC heap before
{Heap before GC invocations=2 (full 0):
 PSYoungGen      total 18432K, used 18407K [0x00000000eab00000, 0x00000000ecf00000, 0x0000000100000000)
  eden space 15872K, 100% used [0x00000000eab00000,0x00000000eba80000,0x00000000eba80000)
  from space 2560K, 99% used [0x00000000eba80000,0x00000000ebcf9c88,0x00000000ebd00000)
  to   space 2560K, 0% used [0x00000000ecc80000,0x00000000ecc80000,0x00000000ecf00000)
 ParOldGen       total 42496K, used 1505K [0x00000000c0000000, 0x00000000c2980000, 0x00000000eab00000)
  object space 42496K, 3% used [0x00000000c0000000,0x00000000c01784c0,0x00000000c2980000)
 Metaspace       used 5986K, capacity 6900K, committed 7040K, reserved 1056768K
  class space    used 598K, capacity 620K, committed 640K, reserved 1048576K
Event: 2.462 GC heap after
Heap after GC invocations=2 (full 0):
 PSYoungGen      total 34304K, used 2554K [0x00000000eab00000, 0x00000000ecf00000, 0x0000000100000000)
  eden space 31744K, 0% used [0x00000000eab00000,0x00000000eab00000,0x00000000eca00000)
  from space 2560K, 99% used [0x00000000ecc80000,0x00000000ecefeab8,0x00000000ecf00000)
  to   space 2560K, 0% used [0x00000000eca00000,0x00000000eca00000,0x00000000ecc80000)
 ParOldGen       total 42496K, used 3878K [0x00000000c0000000, 0x00000000c2980000, 0x00000000eab00000)
  object space 42496K, 9% used [0x00000000c0000000,0x00000000c03c9878,0x00000000c2980000)
 Metaspace       used 5986K, capacity 6900K, committed 7040K, reserved 1056768K
  class space    used 598K, capacity 620K, committed 640K, reserved 1048576K
}

Deoptimization events (7 events):
Event: 1.905 Thread 0x0000000002511000 Uncommon trap: reason=unstable_if action=reinterpret pc=0x000000000282e300 method=java.util.HashMap.getNode(ILjava/lang/Object;)Ljava/util/HashMap$Node; @ 129
Event: 2.018 Thread 0x0000000016678800 Uncommon trap: reason=class_check action=maybe_recompile pc=0x0000000002881cf0 method=com.android.dx.ssa.NormalSsaInsn.accept(Lcom/android/dx/ssa/SsaInsn$Visitor;)V @ 9
Event: 2.168 Thread 0x00000000166f4800 Uncommon trap: reason=class_check action=maybe_recompile pc=0x00000000028ab764 method=com.android.dx.ssa.NormalSsaInsn.accept(Lcom/android/dx/ssa/SsaInsn$Visitor;)V @ 9
Event: 2.168 Thread 0x00000000166f4800 Uncommon trap: reason=class_check action=maybe_recompile pc=0x0000000002881cf0 method=com.android.dx.ssa.NormalSsaInsn.accept(Lcom/android/dx/ssa/SsaInsn$Visitor;)V @ 9
Event: 2.168 Thread 0x00000000166f4800 Uncommon trap: reason=class_check action=maybe_recompile pc=0x0000000002881cf0 method=com.android.dx.ssa.NormalSsaInsn.accept(Lcom/android/dx/ssa/SsaInsn$Visitor;)V @ 9
Event: 2.171 Thread 0x00000000166f4800 Uncommon trap: reason=class_check action=maybe_recompile pc=0x00000000028ab764 method=com.android.dx.ssa.NormalSsaInsn.accept(Lcom/android/dx/ssa/SsaInsn$Visitor;)V @ 9
Event: 2.332 Thread 0x00000000166f8800 Uncommon trap: reason=null_check action=make_not_entrant pc=0x00000000028ae920 method=com.android.dx.rop.type.Type.equals(Ljava/lang/Object;)Z @ 8

Internal exceptions (3 events):
Event: 0.196 Thread 0x0000000002511000 Exception <a 'java/lang/NoSuchMethodError': Method sun.misc.Unsafe.defineClass(Ljava/lang/String;[BII)Ljava/lang/Class; name or signature does not match> (0x00000000eab07cc0) thrown at [D:\re\workspace\8-2-build-windows-amd64-cygwin\jdk8u77\6540\hotspot\sr”	ûÏ…?
Event: 0.196 Thread 0x0000000002511000 Exception <a 'java/lang/NoSuchMethodError': Method sun.misc.Unsafe.prefetchRead(Ljava/lang/Object;J)V name or signature does not match> (0x00000000eab07fa8) thrown at [D:\re\workspace\8-2-build-windows-amd64-cygwin\jdk8u77\6540\hotspot\src\share\vm\prims\jπ«wß@
Event: 2.332 Thread 0x00000000166f8800 Implicit null exception at 0x00000000028ae822 to 0x00000000028ae912

Events (10 events):
Event: 2.171 Thread 0x00000000166f4800 DEOPT UNPACKING pc=0x000000000265582a sp=0x0000000016f1ed50 mode 2
Event: 2.228 loading class com/android/dx/cf/attrib/AttEnclosingMethod
Event: 2.228 loading class com/android/dx/cf/attrib/AttEnclosingMethod done
Event: 2.332 Thread 0x00000000166f8800 Uncommon trap: trap_request=0xfffffff4 fr.pc=0x00000000028ae920
Event: 2.332 Thread 0x00000000166f8800 DEOPT PACKING pc=0x00000000028ae920 sp=0x000000001701e6f0
Event: 2.332 Thread 0x00000000166f8800 DEOPT UNPACKING pc=0x000000000265582a sp=0x000000001701e688 mode 2
Event: 2.364 Executing VM operation: ForceSafepoint
Event: 2.365 Executing VM operation: ForceSafepoint done
Event: 2.448 Executing VM operation: ParallelGCFailedAllocation
Event: 2.462 Executing VM operation: ParallelGCFailedAllocation done


Dynamic libraries:
0x00007ff7d6820000 - 0x00007ff7d6857000 	C:\Program Files\Java\jdk1.8.0_74\bin\java.exe
0x00007ffb34760000 - 0x00007ffb34921000 	C:\Windows\SYSTEM32\ntdll.dll
0x00007ffb320f0000 - 0x00007ffb3219d000 	C:\Windows\system32\KERNEL32.DLL
0x00007ffb311d0000 - 0x00007ffb313b8000 	C:\Windows\system32\KERNELBASE.dll
0x00007ffb31e60000 - 0x00007ffb31f07000 	C:\Windows\system32\ADVAPI32.dll
0x00007ffb31fe0000 - 0x00007ffb3207d000 	C:\Windows\system32\msvcrt.dll
0x00007ffb33e20000 - 0x00007ffb33e7b000 	C:\Windows\system32\sechost.dll
0x00007ffb321b0000 - 0x00007ffb322cc000 	C:\Windows\system32\RPCRT4.dll
0x00007ffb34010000 - 0x00007ffb34166000 	C:\Windows\system32\USER32.dll
0x00007ffb33e80000 - 0x00007ffb34006000 	C:\Windows\system32\GDI32.dll
0x00007ffb24020000 - 0x00007ffb24294000 	C:\Windows\WinSxS\amd64_microsoft.windows.common-controls_6595b64144ccf1df_6.0.10586.589_none_a2ddb3caa539acce\COMCTL32.dll
0x00007ffb322f0000 - 0x00007ffb3256d000 	C:\Windows\system32\combase.dll
0x00007ffb30e80000 - 0x00007ffb30eea000 	C:\Windows\system32\bcryptPrimitives.dll
0x00007ffb34650000 - 0x00007ffb3468b000 	C:\Windows\system32\IMM32.DLL
0x0000000056650000 - 0x0000000056722000 	C:\Program Files\Java\jdk1.8.0_74\jre\bin\msvcr100.dll
0x0000000056ad0000 - 0x0000000057360000 	C:\Program Files\Java\jdk1.8.0_74\jre\bin\server\jvm.dll
0x00007ffb31f10000 - 0x00007ffb31f18000 	C:\Windows\system32\PSAPI.DLL
0x00007ffb2f0c0000 - 0x00007ffb2f0e3000 	C:\Windows\SYSTEM32\WINMM.dll
0x00007ffb284e0000 - 0x00007ffb284e9000 	C:\Windows\SYSTEM32\WSOCK32.dll
0x00007ffb32080000 - 0x00007ffb320eb000 	C:\Windows\system32\WS2_32.dll
0x00007ffb2f060000 - 0x00007ffb2f08c000 	C:\Windows\SYSTEM32\WINMMBASE.dll
0x00007ffb30e10000 - 0x00007ffb30e53000 	C:\Windows\system32\cfgmgr32.dll
0x00007ffb287a0000 - 0x00007ffb287aa000 	C:\Windows\SYSTEM32\VERSION.dll
0x0000000056ac0000 - 0x0000000056acf000 	C:\Program Files\Java\jdk1.8.0_74\jre\bin\verify.dll
0x0000000056a90000 - 0x0000000056ab9000 	C:\Program Files\Java\jdk1.8.0_74\jre\bin\java.dll
0x0000000056a70000 - 0x0000000056a86000 	C:\Program Files\Java\jdk1.8.0_74\jre\bin\zip.dll
0x00007ffb32580000 - 0x00007ffb33adc000 	C:\Windows\system32\SHELL32.dll
0x00007ffb31510000 - 0x00007ffb31b55000 	C:\Windows\system32\windows.storage.dll
0x00007ffb31f20000 - 0x00007ffb31f72000 	C:\Windows\system32\shlwapi.dll
0x00007ffb30e00000 - 0x00007ffb30e0f000 	C:\Windows\system32\kernel.appcore.dll
0x00007ffb313c0000 - 0x00007ffb31475000 	C:\Windows\system32\shcore.dll
0x00007ffb30db0000 - 0x00007ffb30dfb000 	C:\Windows\system32\powrprof.dll
0x00007ffb30d80000 - 0x00007ffb30d94000 	C:\Windows\system32\profapi.dll

VM Arguments:
jvm_args: -Djava.awt.headless=true -Xmx1024M -Dfile.encoding=windows-1256 -Duser.country=US -Duser.language=en -Duser.variant 
java_command: com.android.dx.command.Main --dex --force-jumbo --num-threads=4 --output F:\FCI_3rd\AndroidProjects\LocateMe1.0\app\build\intermediates\pre-dexed\debug\com.google.android.gms-play-services-fitness-9.2.1_82fe43bf3fabf9c6d61b7e32bff22a97e350d204.jar F:\FCI_3rd\AndroidProjects\LocateMe1.0\app\build\intermediates\exploded-aar\com.google.android.gms\play-services-fitness\9.2.1\jars\classes.jar
java_class_path (initial): E:\3LI\Android\sdk\build-tools\24.0.1\lib\dx.jar
Launcher Type: SUN_STANDARD

Environment Variables:
JAVA_HOME=C:\Program Files\Java\jdk1.8.0_74\jre
PATH=C:\ProgramData\Oracle\Java\javapath;C:\Windows\system32;C:\Windows;C:\Windows\System32\Wbem;C:\Windows\System32\WindowsPowerShell\v1.0\;C:\TDM-GCC-64\bin;E:\3LI\Microchip\bin;C:\Program Files (x86)\GtkSharp\2.12\bin;C:\Program Files\Microsoft SQL Server\110\Tools\Binn\;C:\AppServ\Apache2.2\bin;C:\AppServ\php6;C:\AppServ\MySQL\bin
USERNAME=E610
OS=Windows_NT
PROCESSOR_IDENTIFIER=Intel64 Family 6 Model 37 Stepping 5, GenuineIntel



---------------  S Y S T E M  ---------------

OS: Windows 10.0 , 64 bit Build 10586 (10.0.10586.589)

CPU:total 4 (2 cores per cpu, 2 threads per core) family 6 model 37 stepping 5, cmov, cx8, fxsr, mmx, sse, sse2, sse3, ssse3, sse4.1, sse4.2, popcnt, aes, clmul, ht, tsc, tscinvbit

Memory: 4k page, physical 3980672k(587680k free), swap 4284856k(4188k free)

vm_info: Java HotSpot(TM) 64-Bit Server VM (25.77-b03) for windows-amd64 JRE (1.8.0_77-b03), built on Mar 20 2016 22:01:33 by "java_re" with MS VC++ 10.0 (VS2010)

time: Sun Jan 01 16:30:57 2017
elapsed time: 2 seconds (0d 0h 0m 2s)

