JvmtiExport can_access_local_variables 0
JvmtiExport can_hotswap_or_post_breakpoint 0
JvmtiExport can_post_on_exceptions 0
# 470 ciObject found
ciMethod java/lang/Object <init> ()V 4097 1 7188038 0 0
ciMethod java/lang/Object getClass ()Ljava/lang/Class; 2049 1 256 0 -1
ciMethod java/lang/System arraycopy (Ljava/lang/Object;ILjava/lang/Object;II)V 5121 1 640 0 -1
ciMethod java/util/Map get (Ljava/lang/Object;)Ljava/lang/Object; 0 0 1 0 -1
ciMethod java/util/Map put (Ljava/lang/Object;Ljava/lang/Object;)Ljava/lang/Object; 0 0 1 0 -1
ciMethod java/lang/NullPointerException <init> (Ljava/lang/String;)V 0 0 1 0 -1
ciMethod java/util/ArrayList ensureCapacityInternal (I)V 641 1 2509007 0 0
ciMethod java/util/ArrayList ensureExplicitCapacity (I)V 641 1 2435886 0 96
ciMethod java/util/ArrayList grow (I)V 89 1 9339 0 544
ciMethod java/util/ArrayList hugeCapacity (I)I 0 0 1 0 -1
ciMethod java/util/ArrayList size ()I 1089 1 136 0 0
ciMethod java/util/ArrayList elementData (I)Ljava/lang/Object; 1977 1 6442029 0 0
ciMethod java/util/ArrayList get (I)Ljava/lang/Object; 1977 1 6364515 0 128
ciMethod java/util/ArrayList set (ILjava/lang/Object;)Ljava/lang/Object; 4097 1 66237 0 0
ciMethod java/util/ArrayList add (Ljava/lang/Object;)Z 641 1 2444085 0 288
ciMethod java/util/ArrayList clear ()V 3609 8193 99041 0 192
ciMethod java/util/ArrayList rangeCheck (I)V 1977 1 6440027 0 64
ciMethod java/util/ArrayList iterator ()Ljava/util/Iterator; 2361 1 776965 0 192
ciMethod java/util/ArrayList access$100 (Ljava/util/ArrayList;)I 1585 1 198 0 0
ciMethod java/lang/Math max (II)I 233 1 672499 0 -1
ciMethod java/util/Arrays copyOf ([Ljava/lang/Object;I)[Ljava/lang/Object; 4097 1 16333 0 0
ciMethod java/util/Arrays copyOf ([Ljava/lang/Object;ILjava/lang/Class;)[Ljava/lang/Object; 4113 1 7759 0 -1
ciMethodData java/lang/Object <init> ()V 2 7188038 orig 264 8 177 141 116 0 0 0 0 128 4 59 27 0 0 0 0 32 1 0 0 0 0 0 0 0 0 0 0 0 0 0 0 0 0 0 0 0 0 0 0 0 0 0 0 0 0 0 0 0 0 0 0 0 0 0 0 0 0 0 0 0 0 0 0 0 0 0 0 0 0 0 0 0 0 0 0 0 0 0 0 77 68 79 32 101 120 116 114 97 32 100 97 116 97 32 108 111 99 107 0 0 0 0 0 0 0 0 0 0 0 0 0 0 0 0 0 0 0 0 0 0 0 0 0 0 0 0 0 0 0 0 0 0 0 0 0 0 0 0 0 0 0 0 0 0 0 0 0 0 0 0 0 0 0 0 0 0 0 0 0 0 0 0 0 0 0 0 0 0 0 0 0 0 0 0 0 0 0 0 0 0 0 0 0 1 0 0 0 0 0 0 0 1 0 0 0 0 0 0 0 1 0 0 0 0 0 0 0 0 0 0 0 0 0 0 0 0 2 0 0 49 98 109 3 1 0 0 0 0 0 0 0 0 0 0 0 2 0 0 0 0 0 3 0 1 0 0 0 0 0 0 0 255 255 255 255 0 0 0 0 0 0 0 0 data 0 oops 0
ciMethod java/util/Iterator hasNext ()Z 0 0 1 0 -1
ciMethod java/util/Iterator next ()Ljava/lang/Object; 0 0 1 0 -1
ciMethodData java/util/ArrayList add (Ljava/lang/Object;)Z 2 2444145 orig 264 8 177 141 116 0 0 0 0 144 217 71 27 0 0 0 0 144 1 0 0 0 0 0 0 0 0 0 0 0 0 0 0 0 0 0 0 0 0 0 0 0 0 0 0 0 0 0 0 0 0 0 0 0 0 0 0 0 0 0 0 0 0 0 0 0 0 0 0 0 0 0 0 0 0 0 0 0 0 0 0 77 68 79 32 101 120 116 114 97 32 100 97 116 97 32 108 111 99 107 0 0 0 0 0 0 0 0 0 0 0 0 0 0 0 0 0 0 0 0 0 0 0 0 0 0 0 0 0 0 0 0 0 0 0 0 0 0 0 0 0 0 0 0 0 0 0 0 0 0 0 0 0 0 0 0 0 0 0 0 0 0 0 0 0 0 0 0 0 0 0 0 0 0 0 0 0 0 0 0 0 0 0 0 0 17 0 0 0 0 0 0 0 0 0 0 0 0 0 0 0 1 0 0 0 0 0 0 0 0 0 0 0 0 0 0 0 80 0 0 0 9 89 42 1 1 0 0 0 0 0 0 0 0 0 0 0 2 0 0 0 0 0 15 0 2 0 0 0 64 0 0 0 255 255 255 255 2 0 7 0 0 0 0 0 data 8 0x70002 0x254c01 0x1a0104 0x0 0x1e9148a0 0x1a29 0x1e914950 0x115acb oops 2 4 java/util/zip/ZipEntry 6 com/android/dx/ssa/SsaBasicBlock
ciMethodData java/util/ArrayList ensureCapacityInternal (I)V 2 2509007 orig 264 8 177 141 116 0 0 0 0 8 207 71 27 0 0 0 0 144 1 0 0 32 0 0 0 0 0 0 0 0 0 0 0 0 0 0 0 0 0 0 0 0 0 0 0 0 0 0 0 0 0 0 0 0 0 0 0 0 0 0 0 0 0 0 0 0 0 0 0 0 0 0 0 0 0 0 0 0 0 0 0 77 68 79 32 101 120 116 114 97 32 100 97 116 97 32 108 111 99 107 0 0 0 0 0 0 0 0 0 0 0 0 0 0 0 0 0 0 0 0 0 0 0 0 0 0 0 0 0 0 0 0 0 0 0 0 0 0 0 0 0 0 0 0 0 0 0 0 0 0 0 0 0 0 0 0 0 0 0 0 0 0 0 0 0 0 0 0 0 0 0 0 0 0 0 0 0 0 0 0 0 0 0 0 0 17 0 0 0 0 0 0 0 0 0 0 0 0 0 0 0 1 0 0 0 0 0 0 0 0 0 0 0 0 0 0 0 80 0 0 0 249 67 50 1 1 0 0 0 0 0 0 0 0 0 0 0 2 0 0 0 0 0 14 0 2 0 0 0 64 0 0 0 255 255 255 255 7 0 7 0 0 0 0 0 data 8 0x70007 0x1d533f 0x30 0x8f825 0xd0002 0x8f8a2 0x130002 0x26482f oops 0
ciMethodData java/util/ArrayList ensureExplicitCapacity (I)V 2 2435886 orig 264 8 177 141 116 0 0 0 0 184 207 71 27 0 0 0 0 88 1 0 0 0 0 0 0 0 0 0 0 0 0 0 0 0 0 0 0 0 0 0 0 0 0 0 0 0 0 0 0 0 0 0 0 0 0 0 0 0 0 0 0 0 0 0 0 0 0 0 0 0 0 0 0 0 0 0 0 0 0 0 0 77 68 79 32 101 120 116 114 97 32 100 97 116 97 32 108 111 99 107 0 0 0 0 0 0 0 0 0 0 0 0 0 0 0 0 0 0 0 0 0 0 0 0 0 0 0 0 0 0 0 0 0 0 0 0 0 0 0 0 0 0 0 0 0 0 0 0 0 0 0 0 0 0 0 0 0 0 0 0 0 0 0 0 0 0 0 0 0 0 0 0 0 0 0 0 0 0 0 0 0 0 0 0 0 17 0 0 0 0 0 0 0 0 0 0 0 0 0 0 0 1 0 0 0 0 0 0 0 0 0 0 0 0 0 0 0 80 0 0 0 241 86 41 1 1 0 0 0 0 0 0 0 0 0 0 0 2 0 0 0 0 0 0 0 0 0 0 0 48 0 0 0 255 255 255 255 7 0 17 0 0 0 0 0 data 6 0x110007 0x1ef851 0x30 0x65bad 0x160002 0x65ba3 oops 0
ciMethodData java/util/ArrayList grow (I)V 2 9339 orig 264 8 177 141 116 0 0 0 0 128 208 71 27 0 0 0 0 176 1 0 0 64 0 0 0 0 0 0 0 0 0 0 0 0 0 0 0 0 0 0 0 0 0 0 0 0 0 0 0 0 0 0 0 0 0 0 0 0 0 0 0 0 0 0 0 0 0 0 0 0 0 0 0 0 0 0 0 0 0 0 0 77 68 79 32 101 120 116 114 97 32 100 97 116 97 32 108 111 99 107 0 0 0 0 0 0 0 0 0 0 0 0 0 0 0 0 0 0 0 0 0 0 0 0 0 0 0 0 0 0 0 0 0 0 0 0 0 0 0 0 0 0 0 0 0 0 0 0 0 0 0 0 0 0 0 0 0 0 0 0 0 0 0 0 0 0 0 0 0 0 0 0 0 0 0 0 0 0 0 0 0 0 0 0 0 17 0 0 0 0 0 0 0 0 0 0 0 0 0 0 0 1 0 0 0 0 0 0 0 0 0 0 0 0 0 0 0 11 0 0 0 129 35 1 0 1 0 0 0 0 0 0 0 0 0 0 0 2 0 0 0 0 0 15 0 2 0 0 0 96 0 0 0 255 255 255 255 7 0 15 0 0 0 0 0 data 12 0xf0007 0x203 0x20 0x2270 0x180007 0x246d 0x30 0x0 0x1c0002 0x0 0x260002 0x246c oops 0
ciMethodData java/util/ArrayList get (I)Ljava/lang/Object; 2 6364523 orig 264 8 177 141 116 0 0 0 0 56 216 71 27 0 0 0 0 144 1 0 0 0 0 0 0 0 0 0 0 0 0 0 0 0 0 0 0 0 0 0 0 0 0 0 0 0 0 0 0 0 0 0 0 0 0 0 0 0 0 0 0 0 0 0 0 0 0 0 0 0 0 0 0 0 0 0 0 0 0 0 0 77 68 79 32 101 120 116 114 97 32 100 97 116 97 32 108 111 99 107 0 0 0 0 0 0 0 0 0 0 0 0 0 0 0 0 0 0 0 0 0 0 0 0 0 0 0 0 0 0 0 0 0 0 0 0 0 0 0 0 0 0 0 0 0 0 0 0 0 0 0 0 0 0 0 0 0 0 0 0 0 0 0 0 0 0 0 0 0 0 0 0 0 0 0 0 0 0 0 0 0 0 0 0 0 0 0 0 0 0 0 0 0 0 0 0 0 0 0 0 0 0 0 0 0 0 0 0 0 0 0 0 0 0 0 0 0 247 0 0 0 161 227 8 3 1 0 0 0 0 0 0 0 0 0 0 0 2 0 0 0 0 0 6 0 2 0 0 0 64 0 0 0 255 255 255 255 2 0 2 0 0 0 0 0 data 8 0x20002 0x6127e6 0x70005 0x0 0x1d6bae80 0x612ee2 0x0 0x0 oops 1 4 java/util/ArrayList
ciMethodData java/util/ArrayList rangeCheck (I)V 2 6440027 orig 264 8 177 141 116 0 0 0 0 24 225 71 27 0 0 0 0 104 1 0 0 0 0 0 0 0 0 0 0 0 0 0 0 0 0 0 0 0 0 0 0 0 0 0 0 0 0 0 0 0 0 0 0 0 0 0 0 0 0 0 0 0 0 0 0 0 0 0 0 0 0 0 0 0 0 0 0 0 0 0 0 77 68 79 32 101 120 116 114 97 32 100 97 116 97 32 108 111 99 107 0 0 0 0 0 0 0 0 0 0 0 0 0 0 0 0 0 0 0 0 0 0 0 0 0 0 0 0 0 0 0 0 0 0 0 0 0 0 0 0 0 0 0 0 0 0 0 0 0 0 0 0 0 0 0 0 0 0 0 0 0 0 0 0 0 0 0 0 0 0 0 0 0 0 0 0 0 0 0 0 0 0 0 0 0 0 0 0 0 0 0 0 0 0 0 0 0 0 0 0 0 0 0 0 0 0 0 0 0 0 0 0 0 0 0 0 0 247 0 0 0 33 27 18 3 1 0 0 0 0 0 0 0 0 0 0 0 2 0 0 0 0 0 0 0 0 0 0 0 64 0 0 0 255 255 255 255 7 0 5 0 0 0 0 0 data 8 0x50007 0x6244f9 0x40 0x0 0xe0002 0x0 0x110002 0x0 oops 0
ciMethodData java/util/ArrayList elementData (I)Ljava/lang/Object; 2 6442029 orig 264 8 177 141 116 0 0 0 0 152 215 71 27 0 0 0 0 40 1 0 0 0 0 0 0 0 0 0 0 0 0 0 0 0 0 0 0 0 0 0 0 0 0 0 0 0 0 0 0 0 0 0 0 0 0 0 0 0 0 0 0 0 0 0 0 0 0 0 0 0 0 0 0 0 0 0 0 0 0 0 0 77 68 79 32 101 120 116 114 97 32 100 97 116 97 32 108 111 99 107 0 0 0 0 0 0 0 0 0 0 0 0 0 0 0 0 0 0 0 0 0 0 0 0 0 0 0 0 0 0 0 0 0 0 0 0 0 0 0 0 0 0 0 0 0 0 0 0 0 0 0 0 0 0 0 0 0 0 0 0 0 0 0 0 0 0 0 0 0 0 0 0 0 0 0 0 0 0 0 0 0 0 0 0 0 0 0 0 0 0 0 0 0 0 0 0 0 0 0 0 0 0 0 0 0 0 0 0 0 0 0 0 0 0 0 0 0 247 0 0 0 177 89 18 3 1 0 0 0 0 0 0 0 0 0 0 0 2 0 0 0 0 0 3 0 1 0 0 0 0 0 0 0 255 255 255 255 0 0 0 0 0 0 0 0 data 0 oops 0
ciMethod java/util/ArrayList$Itr <init> (Ljava/util/ArrayList;)V 2217 1 781591 0 0
ciMethod java/util/ArrayList$Itr hasNext ()Z 2177 1 2886866 0 96
ciMethod java/util/ArrayList$Itr next ()Ljava/lang/Object; 2057 1 6176 0 224
ciMethod java/util/ArrayList$Itr checkForComodification ()V 2097 1 6181 0 0
ciMethod java/util/ArrayList$Itr <init> (Ljava/util/ArrayList;Ljava/util/ArrayList$1;)V 2217 1 781492 0 96
ciMethod java/lang/IndexOutOfBoundsException <init> ()V 0 0 1 0 -1
ciMethodData java/util/ArrayList$Itr hasNext ()Z 2 2886866 orig 264 8 177 141 116 0 0 0 0 208 111 104 27 0 0 0 0 144 1 0 0 0 0 0 0 0 0 0 0 0 0 0 0 0 0 0 0 0 0 0 0 0 0 0 0 0 0 0 0 0 0 0 0 0 0 0 0 0 0 0 0 0 0 0 0 0 0 0 0 0 0 0 0 0 0 0 0 0 0 0 0 77 68 79 32 101 120 116 114 97 32 100 97 116 97 32 108 111 99 107 0 0 0 0 0 0 0 0 0 0 0 0 0 0 0 0 0 0 0 0 0 0 0 0 0 0 0 0 0 0 0 0 0 0 0 0 0 0 0 0 0 0 0 0 0 0 0 0 0 0 0 0 0 0 0 0 0 0 0 0 0 0 0 0 0 0 0 0 0 0 0 0 0 0 0 0 0 0 0 0 0 0 0 0 0 0 0 0 0 0 0 0 0 0 0 0 0 0 0 0 0 0 0 0 0 0 0 0 0 0 0 0 0 0 0 0 0 12 1 0 0 17 94 96 1 1 0 0 0 0 0 0 0 0 0 0 0 2 0 0 0 0 0 6 0 2 0 0 0 72 0 0 0 255 255 255 255 2 0 8 0 0 0 0 0 data 9 0x80002 0x2c0d12 0xb0007 0x3d8a9 0x38 0x28355b 0xf0003 0x28368f 0x18 oops 0
ciMethodData java/util/ArrayList$Itr next ()Ljava/lang/Object; 2 6176 orig 264 8 177 141 116 0 0 0 0 176 112 104 27 0 0 0 0 232 1 0 0 96 0 0 0 0 0 0 0 0 0 0 0 0 0 0 0 0 0 0 0 0 0 0 0 0 0 0 0 0 0 0 0 0 0 0 0 0 0 0 0 0 0 0 0 0 0 0 0 0 0 0 0 0 0 0 0 0 0 0 0 77 68 79 32 101 120 116 114 97 32 100 97 116 97 32 108 111 99 107 0 0 0 0 0 0 0 0 0 0 0 0 0 0 0 0 0 0 0 0 0 0 0 0 0 0 0 0 0 0 0 0 0 0 0 0 0 0 0 0 0 0 0 0 0 0 0 0 0 0 0 0 0 0 0 0 0 0 0 0 0 0 0 0 0 0 0 0 0 0 0 0 0 0 0 0 0 0 0 0 0 0 0 0 0 25 0 0 0 0 0 0 0 0 0 0 0 0 0 0 0 1 0 0 0 0 0 0 0 0 0 0 0 0 0 0 0 1 1 0 0 249 184 0 0 1 0 0 0 0 0 0 0 0 0 0 0 2 0 0 0 0 0 10 0 2 0 0 0 160 0 0 0 255 255 255 255 5 0 1 0 0 0 0 0 data 20 0x10005 0x3d 0x1eb8f220 0x16f1 0x0 0x0 0xe0002 0x172f 0x110007 0x173c 0x30 0x0 0x180002 0x0 0x270007 0x173a 0x30 0x0 0x2e0002 0x0 oops 1 2 java/util/ArrayList$Itr
ciMethodData java/util/ArrayList$Itr checkForComodification ()V 2 6181 orig 264 8 177 141 116 0 0 0 0 64 115 104 27 0 0 0 0 80 1 0 0 0 0 0 0 0 0 0 0 0 0 0 0 0 0 0 0 0 0 0 0 0 0 0 0 0 0 0 0 0 0 0 0 0 0 0 0 0 0 0 0 0 0 0 0 0 0 0 0 0 0 0 0 0 0 0 0 0 0 0 0 77 68 79 32 101 120 116 114 97 32 100 97 116 97 32 108 111 99 107 0 0 0 0 0 0 0 0 0 0 0 0 0 0 0 0 0 0 0 0 0 0 0 0 0 0 0 0 0 0 0 0 0 0 0 0 0 0 0 0 0 0 0 0 0 0 0 0 0 0 0 0 0 0 0 0 0 0 0 0 0 0 0 0 0 0 0 0 0 0 0 0 0 0 0 0 0 0 0 0 0 0 0 0 0 25 0 0 0 0 0 0 0 0 0 0 0 0 0 0 0 1 0 0 0 0 0 0 0 0 0 0 0 0 0 0 0 6 1 0 0 249 184 0 0 1 0 0 0 0 0 0 0 0 0 0 0 2 0 0 0 0 0 5 0 2 0 0 0 48 0 0 0 255 255 255 255 7 0 11 0 0 0 0 0 data 6 0xb0007 0x171e 0x30 0x0 0x120002 0x0 oops 0
ciMethodData java/util/ArrayList$Itr <init> (Ljava/util/ArrayList;Ljava/util/ArrayList$1;)V 2 781492 orig 264 8 177 141 116 0 0 0 0 216 115 104 27 0 0 0 0 64 1 0 0 0 0 0 0 0 0 0 0 0 0 0 0 0 0 0 0 0 0 0 0 0 0 0 0 0 0 0 0 0 0 0 0 0 0 0 0 0 0 0 0 0 0 0 0 0 0 0 0 0 0 0 0 0 0 0 0 0 0 0 0 77 68 79 32 101 120 116 114 97 32 100 97 116 97 32 108 111 99 107 0 0 0 0 0 0 0 0 0 0 0 0 0 0 0 0 0 0 0 0 0 0 0 0 0 0 0 0 0 0 0 0 0 0 0 0 0 0 0 0 0 0 0 0 0 0 0 0 0 0 0 0 0 0 0 0 0 0 0 0 0 0 0 0 0 0 0 0 0 0 0 0 0 0 0 0 0 0 0 0 0 0 0 0 0 1 0 0 0 0 0 0 0 4 0 0 0 0 0 0 0 5 0 0 0 0 0 0 0 0 0 0 0 0 0 0 0 21 1 0 0 249 92 95 0 1 0 0 0 0 0 0 0 0 0 0 0 2 0 0 0 0 0 3 0 2 0 0 0 16 0 0 0 255 255 255 255 2 0 2 0 0 0 0 0 data 2 0x20002 0xbebea oops 0
ciMethodData java/util/ArrayList$Itr <init> (Ljava/util/ArrayList;)V 2 781591 orig 264 8 177 141 116 0 0 0 0 40 111 104 27 0 0 0 0 56 1 0 0 0 0 0 0 0 0 0 0 0 0 0 0 0 0 0 0 0 0 0 0 0 0 0 0 0 0 0 0 0 0 0 0 0 0 0 0 0 0 0 0 0 0 0 0 0 0 0 0 0 0 0 0 0 0 0 0 0 0 0 0 77 68 79 32 101 120 116 114 97 32 100 97 116 97 32 108 111 99 107 0 0 0 0 0 0 0 0 0 0 0 0 0 0 0 0 0 0 0 0 0 0 0 0 0 0 0 0 0 0 0 0 0 0 0 0 0 0 0 0 0 0 0 0 0 0 0 0 0 0 0 0 0 0 0 0 0 0 0 0 0 0 0 0 0 0 0 0 0 0 0 0 0 0 0 0 0 0 0 0 0 0 0 0 0 1 0 0 0 0 0 0 0 0 0 0 0 0 0 0 0 1 0 0 0 0 0 0 0 0 0 0 0 0 0 0 0 21 1 0 0 17 96 95 0 1 0 0 0 0 0 0 0 0 0 0 0 2 0 0 0 0 0 3 0 2 0 0 0 16 0 0 0 255 255 255 255 2 0 6 0 0 0 0 0 data 2 0x60002 0xbec29 oops 0
ciMethodData java/util/ArrayList iterator ()Ljava/util/Iterator; 2 776965 orig 264 8 177 141 116 0 0 0 0 64 233 71 27 0 0 0 0 48 1 0 0 0 0 0 0 0 0 0 0 0 0 0 0 0 0 0 0 0 0 0 0 0 0 0 0 0 0 0 0 0 0 0 0 0 0 0 0 0 0 0 0 0 0 0 0 0 0 0 0 0 0 0 0 0 0 0 0 0 0 0 0 77 68 79 32 101 120 116 114 97 32 100 97 116 97 32 108 111 99 107 0 0 0 0 0 0 0 0 0 0 0 0 0 0 0 0 0 0 0 0 0 0 0 0 0 0 0 0 0 0 0 0 0 0 0 0 0 0 0 0 0 0 0 0 0 0 0 0 0 0 0 0 0 0 0 0 0 0 0 0 0 0 0 0 0 0 0 0 0 0 0 0 0 0 0 0 0 0 0 0 0 0 0 0 0 13 0 0 0 0 0 0 0 0 0 0 0 0 0 0 0 0 0 0 0 0 0 0 0 0 0 0 0 0 0 0 0 39 1 0 0 241 206 94 0 1 0 0 0 0 0 0 0 0 0 0 0 2 0 0 0 0 0 3 0 2 0 0 0 16 0 0 0 255 255 255 255 2 0 6 0 0 0 0 0 data 2 0x60002 0xbd9d6 oops 0
ciMethodData java/util/Arrays copyOf ([Ljava/lang/Object;I)[Ljava/lang/Object; 2 16333 orig 264 8 177 141 116 0 0 0 0 168 103 76 27 0 0 0 0 192 1 0 0 0 0 0 0 0 0 0 0 0 0 0 0 0 0 0 0 0 0 0 0 0 0 0 0 0 0 0 0 0 0 0 0 0 0 0 0 0 0 0 0 0 0 0 0 0 0 0 0 0 0 0 0 0 0 0 0 0 0 0 0 77 68 79 32 101 120 116 114 97 32 100 97 116 97 32 108 111 99 107 0 0 0 0 0 0 0 0 0 0 0 0 0 0 0 0 0 0 0 0 0 0 0 0 0 0 0 0 0 0 0 0 0 0 0 0 0 0 0 0 0 0 0 0 0 0 0 0 0 0 0 0 0 0 0 0 0 0 0 0 0 0 0 0 0 0 0 0 0 0 0 0 0 0 0 0 0 0 0 0 0 0 0 0 0 0 0 0 0 0 0 0 0 0 0 0 0 0 0 0 0 0 0 0 0 0 0 0 0 0 0 0 0 0 0 0 0 0 2 0 0 105 238 1 0 1 0 0 0 0 0 0 0 0 0 0 0 2 0 0 0 0 0 3 0 2 0 0 0 112 0 0 0 255 255 255 255 5 0 3 0 0 0 0 0 data 14 0x30005 0xb4 0x1d78edc0 0x3d1b 0x0 0x0 0x60002 0x3dcf 0x90004 0x0 0x1d78edc0 0xb4 0x0 0x0 oops 2 2 [Ljava/lang/Object; 10 [Ljava/lang/Object;
ciMethodData java/util/ArrayList set (ILjava/lang/Object;)Ljava/lang/Object; 2 66237 orig 264 8 177 141 116 0 0 0 0 224 216 71 27 0 0 0 0 200 1 0 0 0 0 0 0 0 0 0 0 0 0 0 0 0 0 0 0 0 0 0 0 0 0 0 0 0 0 0 0 0 0 0 0 0 0 0 0 0 0 0 0 0 0 0 0 0 0 0 0 0 0 0 0 0 0 0 0 0 0 0 0 77 68 79 32 101 120 116 114 97 32 100 97 116 97 32 108 111 99 107 0 0 0 0 0 0 0 0 0 0 0 0 0 0 0 0 0 0 0 0 0 0 0 0 0 0 0 0 0 0 0 0 0 0 0 0 0 0 0 0 0 0 0 0 0 0 0 0 0 0 0 0 0 0 0 0 0 0 0 0 0 0 0 0 0 0 0 0 0 0 0 0 0 0 0 0 0 0 0 0 0 0 0 0 0 0 0 0 0 0 0 0 0 0 0 0 0 0 0 0 0 0 0 0 0 0 0 0 0 0 0 0 0 0 0 0 0 0 2 0 0 233 5 8 0 1 0 0 0 0 0 0 0 0 0 0 0 2 0 0 0 0 0 6 0 2 0 0 0 112 0 0 0 255 255 255 255 2 0 2 0 0 0 0 0 data 14 0x20002 0x100c1 0x70005 0x0 0x1d6bae80 0x100be 0x0 0x0 0x110004 0x0 0x1e3e5060 0xfbde 0x1e3e5110 0x370 oops 3 4 java/util/ArrayList 10 com/android/dx/rop/code/LocalItem 12 com/android/dx/ssa/NormalSsaInsn
ciMethodData java/util/ArrayList clear ()V 2 238131 orig 264 8 177 141 116 0 0 0 0 192 221 71 27 0 0 0 0 176 1 0 0 0 0 0 0 0 0 0 0 0 0 0 0 0 0 0 0 0 0 0 0 0 0 0 0 0 0 0 0 0 0 0 0 0 0 0 0 0 0 0 0 0 0 0 0 0 0 0 0 0 0 0 0 0 0 0 0 0 0 0 0 77 68 79 32 101 120 116 114 97 32 100 97 116 97 32 108 111 99 107 0 0 0 0 0 0 0 0 0 0 0 0 0 0 0 0 0 0 0 0 0 0 0 0 0 0 0 0 0 0 0 0 0 0 0 0 0 0 0 0 0 0 0 0 0 0 0 0 0 0 0 0 0 0 0 0 0 0 0 0 0 0 0 0 0 0 0 0 0 0 0 0 0 0 0 0 0 0 0 0 0 0 0 0 0 0 0 0 0 0 0 0 0 0 0 0 0 0 0 0 0 0 0 0 0 0 0 0 0 0 0 0 0 0 0 0 0 0 4 0 0 241 8 12 0 153 241 28 0 0 0 0 0 0 0 0 0 2 0 0 0 1 0 6 0 2 0 0 0 104 0 0 0 255 255 255 255 7 0 17 0 0 0 0 0 data 13 0x110007 0x18155 0x68 0x39d76 0x1a0104 0x0 0x0 0x0 0x0 0x0 0x1e0003 0x39dc2 0xffffffffffffffb0 oops 0
ciMethod com/android/dex/util/ExceptionWithContext addContext (Ljava/lang/String;)V 0 0 1 0 -1
ciMethod com/android/dx/rop/cst/CstType getClassType ()Lcom/android/dx/rop/type/Type; 2009 1 251 0 0
ciMethod com/android/dx/rop/type/TypeBearer getType ()Lcom/android/dx/rop/type/Type; 0 0 1 0 -1
ciMethod com/android/dx/rop/type/TypeBearer getFrameType ()Lcom/android/dx/rop/type/TypeBearer; 0 0 1 0 -1
ciMethod com/android/dx/rop/cst/TypedConstant getFrameType ()Lcom/android/dx/rop/type/TypeBearer; 3089 1 1415 0 0
ciMethod com/android/dx/rop/cst/ConstantPool get (I)Lcom/android/dx/rop/cst/Constant; 0 0 1 0 -1
ciMethod com/android/dx/rop/type/TypeList size ()I 0 0 1 0 -1
ciMethod com/android/dx/rop/type/TypeList withAddedType (Lcom/android/dx/rop/type/Type;)Lcom/android/dx/rop/type/TypeList; 0 0 1 0 -1
ciMethod com/android/dx/util/ByteArray getByte (I)I 11001 1 1633 0 -1
ciMethod com/android/dx/util/ByteArray getShort (I)I 4937 1 2304 0 -1
ciMethod com/android/dx/util/ByteArray getInt (I)I 465 1 60273 0 -1
ciMethod com/android/dx/util/ByteArray getUnsignedByte (I)I 3025 1 239685 0 -1
ciMethod com/android/dx/util/ByteArray getUnsignedShort (I)I 2105 1 302103 0 -1
ciMethod com/android/dx/cf/code/BytecodeArray$Visitor visitInvalid (III)V 0 0 1 0 -1
ciMethod com/android/dx/cf/code/BytecodeArray$Visitor visitNoArgs (IIILcom/android/dx/rop/type/Type;)V 0 0 1 0 -1
ciMethod com/android/dx/cf/code/BytecodeArray$Visitor visitLocal (IIIILcom/android/dx/rop/type/Type;I)V 0 0 1 0 -1
ciMethod com/android/dx/cf/code/BytecodeArray$Visitor visitConstant (IIILcom/android/dx/rop/cst/Constant;I)V 0 0 1 0 -1
ciMethod com/android/dx/cf/code/BytecodeArray$Visitor visitBranch (IIII)V 0 0 1 0 -1
ciMethod com/android/dx/rop/cst/CstInteger make (I)Lcom/android/dx/rop/cst/CstInteger; 81 1 32662 0 -1
ciMethod com/android/dx/rop/cst/CstInteger getValue ()I 3257 1 63709 0 -1
ciMethod com/android/dx/util/MutabilityControl <init> (Z)V 3113 1 338449 0 32
ciMethod com/android/dx/util/MutabilityControl setImmutable ()V 4097 1 1349108 0 0
ciMethod com/android/dx/util/MutabilityControl throwIfImmutable ()V 3137 1 1801382 0 64
ciMethod com/android/dx/util/MutabilityControl throwIfMutable ()V 3177 1 399877 0 64
ciMethod com/android/dx/rop/type/Type getCategory ()I 2721 1 1378 0 64
ciMethod com/android/dx/cf/iface/Member getAccessFlags ()I 0 0 1 0 -1
ciMethod com/android/dx/util/FixedSizeList <init> (I)V 3441 1 6595 0 256
ciMethod com/android/dx/util/FixedSizeList size ()I 4097 1 3337915 0 0
ciMethod com/android/dx/util/FixedSizeList get0 (I)Ljava/lang/Object; 4097 1 5673 0 128
ciMethod com/android/dx/util/FixedSizeList set0 (ILjava/lang/Object;)V 4097 1 1207288 0 224
ciMethod com/android/dx/util/FixedSizeList throwIndex (I)Ljava/lang/Object; 0 0 1 0 -1
ciMethod com/android/dx/cf/iface/StdMember getAccessFlags ()I 1321 1 165 0 0
ciMethod com/android/dx/rop/type/StdTypeList <init> (I)V 2457 1 91977 0 0
ciMethod com/android/dx/rop/type/StdTypeList set (ILcom/android/dx/rop/type/Type;)V 3177 1 40440 0 0
ciMethodData com/android/dx/util/MutabilityControl throwIfImmutable ()V 2 1801382 orig 264 8 177 141 116 0 0 0 0 136 116 127 27 0 0 0 0 80 1 0 0 0 0 0 0 0 0 0 0 0 0 0 0 0 0 0 0 0 0 0 0 0 0 0 0 0 0 0 0 0 0 0 0 0 0 0 0 0 0 0 0 0 0 0 0 0 0 0 0 0 0 0 0 0 0 0 0 0 0 0 0 77 68 79 32 101 120 116 114 97 32 100 97 116 97 32 108 111 99 107 0 0 0 0 0 0 0 0 0 0 0 0 0 0 0 0 0 0 0 0 0 0 0 0 0 0 0 0 0 0 0 0 0 0 0 0 0 0 0 0 0 0 0 0 0 0 0 0 0 0 0 0 0 0 0 0 0 0 0 0 0 0 0 0 0 0 0 0 0 0 0 0 0 0 0 0 0 0 0 0 0 0 0 0 0 25 0 0 0 0 0 0 0 0 0 0 0 0 0 0 0 1 0 0 0 0 0 0 0 0 0 0 0 0 0 0 0 136 1 0 0 241 216 219 0 1 0 0 0 0 0 0 0 0 0 0 0 2 0 0 0 0 0 5 0 2 0 0 0 48 0 0 0 255 255 255 255 7 0 4 0 0 0 0 0 data 6 0x40007 0x1b7b71 0x30 0x0 0xd0002 0x0 oops 0
ciMethodData com/android/dx/util/FixedSizeList get0 (I)Ljava/lang/Object; 2 5673 orig 264 8 177 141 116 0 0 0 0 248 32 128 27 0 0 0 0 48 2 0 0 192 0 0 0 0 0 0 0 0 0 0 0 0 0 0 0 0 0 0 0 0 0 0 0 0 0 0 0 0 0 0 0 0 0 0 0 0 0 0 0 0 0 0 0 0 0 0 0 0 0 0 0 0 0 0 0 0 0 0 0 77 68 79 32 101 120 116 114 97 32 100 97 116 97 32 108 111 99 107 0 0 0 0 0 0 0 0 0 0 0 0 0 0 0 0 0 0 0 0 0 0 0 0 0 0 0 0 0 0 0 0 0 0 0 0 0 0 0 0 0 0 0 0 0 0 0 0 0 0 0 0 0 0 0 0 0 0 0 0 0 0 0 0 0 0 0 0 0 0 0 0 0 0 0 0 0 0 0 0 0 0 0 0 0 25 0 0 0 0 0 0 0 0 0 0 0 0 0 0 0 1 0 0 0 0 0 0 0 0 0 0 0 0 0 0 0 0 2 0 0 73 161 0 0 1 0 0 0 0 0 0 0 0 0 0 0 2 0 0 0 0 0 9 0 2 0 0 0 224 0 0 0 255 255 255 255 7 0 8 0 0 0 0 0 data 28 0x80007 0x1469 0xd0 0x0 0x130002 0x0 0x180005 0x0 0x0 0x0 0x0 0x0 0x1c0005 0x0 0x0 0x0 0x0 0x0 0x1f0005 0x0 0x0 0x0 0x0 0x0 0x220002 0x0 0x2b0002 0x0 oops 0
ciMethodData com/android/dx/util/FixedSizeList size ()I 2 3337978 orig 264 8 177 141 116 0 0 0 0 48 30 128 27 0 0 0 0 32 1 0 0 0 0 0 0 0 0 0 0 0 0 0 0 0 0 0 0 0 0 0 0 0 0 0 0 0 0 0 0 0 0 0 0 0 0 0 0 0 0 0 0 0 0 0 0 0 0 0 0 0 0 0 0 0 0 0 0 0 0 0 0 77 68 79 32 101 120 116 114 97 32 100 97 116 97 32 108 111 99 107 0 0 0 0 0 0 0 0 0 0 0 0 0 0 0 0 0 0 0 0 0 0 0 0 0 0 0 0 0 0 0 0 0 0 0 0 0 0 0 0 0 0 0 0 0 0 0 0 0 0 0 0 0 0 0 0 0 0 0 0 0 0 0 0 0 0 0 0 0 0 0 0 0 0 0 0 0 0 0 0 0 0 0 0 0 1 0 0 0 0 0 0 0 0 0 0 0 0 0 0 0 1 0 0 0 0 0 0 0 0 0 0 0 0 0 0 0 0 2 0 0 209 103 151 1 1 0 0 0 0 0 0 0 0 0 0 0 2 0 0 0 0 0 3 0 1 0 0 0 0 0 0 0 255 255 255 255 0 0 0 0 0 0 0 0 data 0 oops 0
ciMethod com/android/dx/cf/code/BytecodeArray parseInstruction (ILcom/android/dx/cf/code/BytecodeArray$Visitor;)I 2435017 1 332075 0 -1
ciMethod com/android/dx/cf/code/BytecodeArray parseTableswitch (ILcom/android/dx/cf/code/BytecodeArray$Visitor;)I 9 17 161 0 -1
ciMethod com/android/dx/cf/code/BytecodeArray parseLookupswitch (ILcom/android/dx/cf/code/BytecodeArray$Visitor;)I 1 1 196 0 -1
ciMethod com/android/dx/cf/code/BytecodeArray parseNewarray (ILcom/android/dx/cf/code/BytecodeArray$Visitor;)I 369 689 308 0 -1
ciMethod com/android/dx/cf/code/BytecodeArray parseWide (ILcom/android/dx/cf/code/BytecodeArray$Visitor;)I 0 0 2 0 -1
ciMethod com/android/dx/cf/code/ByteCatchList get (I)Lcom/android/dx/cf/code/ByteCatchList$Item; 1 1 87611 0 0
ciMethod com/android/dx/cf/code/ByteCatchList toRopCatchList ()Lcom/android/dx/rop/type/TypeList; 4097 1 99078 0 672
ciMethod com/android/dx/cf/attrib/AttCode getCatches ()Lcom/android/dx/cf/code/ByteCatchList; 1209 1 151 0 0
ciMethodData com/android/dx/util/FixedSizeList set0 (ILjava/lang/Object;)V 2 1207288 orig 264 8 177 141 116 0 0 0 0 176 34 128 27 0 0 0 0 224 1 0 0 0 0 0 0 0 0 0 0 0 0 0 0 0 0 0 0 0 0 0 0 0 0 0 0 0 0 0 0 0 0 0 0 0 0 0 0 0 0 0 0 0 0 0 0 0 0 0 0 0 0 0 0 0 0 0 0 0 0 0 0 77 68 79 32 101 120 116 114 97 32 100 97 116 97 32 108 111 99 107 0 0 0 0 0 0 0 0 0 0 0 0 0 0 0 0 0 0 0 0 0 0 0 0 0 0 0 0 0 0 0 0 0 0 0 0 0 0 0 0 0 0 0 0 0 0 0 0 0 0 0 0 0 0 0 0 0 0 0 0 0 0 0 0 0 0 0 0 0 0 0 0 0 0 0 0 0 0 0 0 0 0 0 0 0 17 0 0 0 0 0 0 0 0 0 0 0 0 0 0 0 0 0 0 0 0 0 0 0 0 0 0 0 0 0 0 0 0 2 0 0 193 79 147 0 1 0 0 0 0 0 0 0 0 0 0 0 2 0 0 0 0 0 11 0 2 0 0 0 136 0 0 0 255 255 255 255 5 0 1 0 0 0 0 0 data 17 0x10005 0x116785 0x1d6f8b90 0x6d75 0x1d6f8c40 0x95d9 0xa0104 0x0 0x1d6f8cf0 0x6daa 0x1d6f8da0 0x1871 0xb0003 0x1269ff 0x28 0x110002 0x0 oops 4 2 com/android/dx/cf/code/LineNumberList 4 com/android/dx/cf/iface/StdAttributeList 8 com/android/dx/cf/code/LineNumberList$Item 10 com/android/dx/cf/attrib/AttLineNumberTable
ciMethodData com/android/dx/util/MutabilityControl <init> (Z)V 2 338449 orig 264 8 177 141 116 0 0 0 0 208 113 127 27 0 0 0 0 56 1 0 0 0 0 0 0 0 0 0 0 0 0 0 0 0 0 0 0 0 0 0 0 0 0 0 0 0 0 0 0 0 0 0 0 0 0 0 0 0 0 0 0 0 0 0 0 0 0 0 0 0 0 0 0 0 0 0 0 0 0 0 0 77 68 79 32 101 120 116 114 97 32 100 97 116 97 32 108 111 99 107 0 0 0 0 0 0 0 0 0 0 0 0 0 0 0 0 0 0 0 0 0 0 0 0 0 0 0 0 0 0 0 0 0 0 0 0 0 0 0 0 0 0 0 0 0 0 0 0 0 0 0 0 0 0 0 0 0 0 0 0 0 0 0 0 0 0 0 0 0 0 0 0 0 0 0 0 0 0 0 0 0 0 0 0 0 0 0 0 0 0 0 0 0 0 0 0 0 0 0 0 0 0 0 0 0 0 0 0 0 0 0 0 0 0 0 0 0 133 1 0 0 97 68 41 0 1 0 0 0 0 0 0 0 0 0 0 0 2 0 0 0 0 0 3 0 2 0 0 0 16 0 0 0 255 255 255 255 2 0 1 0 0 0 0 0 data 2 0x10002 0x528c2 oops 0
ciMethodData com/android/dx/util/MutabilityControl setImmutable ()V 2 1349126 orig 264 8 177 141 116 0 0 0 0 120 114 127 27 0 0 0 0 32 1 0 0 0 0 0 0 0 0 0 0 0 0 0 0 0 0 0 0 0 0 0 0 0 0 0 0 0 0 0 0 0 0 0 0 0 0 0 0 0 0 0 0 0 0 0 0 0 0 0 0 0 0 0 0 0 0 0 0 0 0 0 0 77 68 79 32 101 120 116 114 97 32 100 97 116 97 32 108 111 99 107 0 0 0 0 0 0 0 0 0 0 0 0 0 0 0 0 0 0 0 0 0 0 0 0 0 0 0 0 0 0 0 0 0 0 0 0 0 0 0 0 0 0 0 0 0 0 0 0 0 0 0 0 0 0 0 0 0 0 0 0 0 0 0 0 0 0 0 0 0 0 0 0 0 0 0 0 0 0 0 0 0 0 0 0 0 0 0 0 0 0 0 0 0 0 0 0 0 0 0 0 0 0 0 0 0 0 0 0 0 0 0 0 0 0 0 0 0 0 2 0 0 49 160 164 0 1 0 0 0 0 0 0 0 0 0 0 0 2 0 0 0 0 0 3 0 1 0 0 0 0 0 0 0 255 255 255 255 0 0 0 0 0 0 0 0 data 0 oops 0
ciMethodData com/android/dx/util/FixedSizeList <init> (I)V 2 6595 orig 264 8 177 141 116 0 0 0 0 128 24 128 27 0 0 0 0 152 1 0 0 56 0 0 0 0 0 0 0 0 0 0 0 0 0 0 0 0 0 0 0 0 0 0 0 0 0 0 0 0 0 0 0 0 0 0 0 0 0 0 0 0 0 0 0 0 0 0 0 0 0 0 0 0 0 0 0 0 0 0 0 77 68 79 32 101 120 116 114 97 32 100 97 116 97 32 108 111 99 107 0 0 0 0 0 0 0 0 0 0 0 0 0 0 0 0 0 0 0 0 0 0 0 0 0 0 0 0 0 0 0 0 0 0 0 0 0 0 0 0 0 0 0 0 0 0 0 0 0 0 0 0 0 0 0 0 0 0 0 0 0 0 0 0 0 0 0 0 0 0 0 0 0 0 0 0 0 0 0 0 0 0 0 0 0 0 0 0 0 0 0 0 0 0 0 0 0 0 0 0 0 0 0 0 0 0 0 0 0 0 0 0 0 0 0 0 0 174 1 0 0 169 192 0 0 1 0 0 0 0 0 0 0 0 0 0 0 2 0 0 0 0 0 10 0 2 0 0 0 112 0 0 0 255 255 255 255 7 0 2 0 0 0 0 0 data 14 0x20007 0x651 0x38 0x11c6 0x60003 0x11c8 0x18 0xa0002 0x1815 0x150003 0x1819 0x28 0x1f0002 0x0 oops 0
ciMethod com/android/dx/cf/code/ConcreteMethod getAccessFlags ()I 4097 1 123030 0 0
ciMethod com/android/dx/cf/code/ConcreteMethod getCatches ()Lcom/android/dx/cf/code/ByteCatchList; 4097 1 118040 0 0
ciMethod com/android/dx/cf/code/Ropper getSpecialLabel (I)I 2385 1 30471 0 0
ciMethod com/android/dx/cf/code/Ropper getMinimumUnreservedLabel ()I 3089 1 1434 0 0
ciMethod com/android/dx/cf/code/Ropper getAvailableLabel ()I 1617 40961 1155 0 992
ciMethod com/android/dx/cf/code/Ropper isSynchronized ()Z 4097 1 122964 0 0
ciMethod com/android/dx/cf/code/Ropper labelToResultIndex (I)I 2521 32769 1669 0 -1
ciMethod com/android/dx/cf/code/Ropper addBlock (Lcom/android/dx/rop/code/BasicBlock;Lcom/android/dx/util/IntList;)V 4097 1 83409 0 0
ciMethod com/android/dx/cf/code/Ropper addOrReplaceBlock (Lcom/android/dx/rop/code/BasicBlock;Lcom/android/dx/util/IntList;)Z 4097 1 117272 0 0
ciMethod com/android/dx/cf/code/Ropper removeBlockAndSpecialSuccessors (I)V 1337 1489 446 0 -1
ciMethod com/android/dx/cf/code/Ropper processBlock (Lcom/android/dx/cf/code/ByteBlock;Lcom/android/dx/cf/code/Frame;[I)V 4097 13953 117161 0 -1
ciMethod com/android/dx/cf/code/Ropper mergeAndWorkAsNecessary (IILcom/android/dx/cf/code/Ropper$Subroutine;Lcom/android/dx/cf/code/Frame;[I)V 4097 1 125680 0 0
ciMethod com/android/dx/cf/code/Ropper access$000 (Lcom/android/dx/cf/code/Ropper;)Lcom/android/dx/cf/code/Ropper$ExceptionSetupLabelAllocator; 257 1 32 0 0
ciMethod com/android/dx/rop/code/Insn <init> (Lcom/android/dx/rop/code/Rop;Lcom/android/dx/rop/code/SourcePosition;Lcom/android/dx/rop/code/RegisterSpec;Lcom/android/dx/rop/code/RegisterSpecList;)V 4097 1 9861 0 224
ciMethod com/android/dx/rop/code/Insn getOpcode ()Lcom/android/dx/rop/code/Rop; 1201 1 150 0 0
ciMethod com/android/dx/rop/code/Insn getPosition ()Lcom/android/dx/rop/code/SourcePosition; 1121 1 140 0 0
ciMethod com/android/dx/rop/code/Insn getSources ()Lcom/android/dx/rop/code/RegisterSpecList; 1081 1 135 0 -1
ciMethod com/android/dx/rop/code/Insn canThrow ()Z 681 1 25410 0 0
ciMethod com/android/dx/rop/code/Insn withAddedCatch (Lcom/android/dx/rop/type/Type;)Lcom/android/dx/rop/code/Insn; 0 0 1 0 -1
ciMethod com/android/dx/rop/code/PlainInsn <init> (Lcom/android/dx/rop/code/Rop;Lcom/android/dx/rop/code/SourcePosition;Lcom/android/dx/rop/code/RegisterSpec;Lcom/android/dx/rop/code/RegisterSpecList;)V 4097 1 10877 0 288
ciMethod com/android/dx/rop/code/ThrowingInsn <init> (Lcom/android/dx/rop/code/Rop;Lcom/android/dx/rop/code/SourcePosition;Lcom/android/dx/rop/code/RegisterSpecList;Lcom/android/dx/rop/type/TypeList;)V 186089 1 23646 0 -1
ciMethod com/android/dx/rop/code/ThrowingInsn withAddedCatch (Lcom/android/dx/rop/type/Type;)Lcom/android/dx/rop/code/Insn; 17 1 2 0 0
ciMethod com/android/dx/rop/code/CstInsn getConstant ()Lcom/android/dx/rop/cst/Constant; 1257 1 157 0 -1
ciMethod com/android/dx/rop/code/ThrowingCstInsn <init> (Lcom/android/dx/rop/code/Rop;Lcom/android/dx/rop/code/SourcePosition;Lcom/android/dx/rop/code/RegisterSpecList;Lcom/android/dx/rop/type/TypeList;Lcom/android/dx/rop/cst/Constant;)V 4097 1 41943 0 -1
ciMethod com/android/dx/rop/code/ThrowingCstInsn withAddedCatch (Lcom/android/dx/rop/type/Type;)Lcom/android/dx/rop/code/Insn; 1657 1 207 0 0
ciMethod com/android/dx/util/Bits set ([II)V 4097 1 944404 0 128
ciMethodData com/android/dx/rop/type/StdTypeList set (ILcom/android/dx/rop/type/Type;)V 2 40440 orig 264 8 177 141 116 0 0 0 0 144 22 130 27 0 0 0 0 136 1 0 0 0 0 0 0 0 0 0 0 0 0 0 0 0 0 0 0 0 0 0 0 0 0 0 0 0 0 0 0 0 0 0 0 0 0 0 0 0 0 0 0 0 0 0 0 0 0 0 0 0 0 0 0 0 0 0 0 0 0 0 0 77 68 79 32 101 120 116 114 97 32 100 97 116 97 32 108 111 99 107 0 0 0 0 0 0 0 0 0 0 0 0 0 0 0 0 0 0 0 0 0 0 0 0 0 0 0 0 0 0 0 0 0 0 0 0 0 0 0 0 0 0 0 0 0 0 0 0 0 0 0 0 0 0 0 0 0 0 0 0 0 0 0 0 0 0 0 0 0 0 0 0 0 0 0 0 0 0 0 0 0 0 0 0 0 0 0 0 0 0 0 0 0 0 0 0 0 0 0 0 0 0 0 0 0 0 0 0 0 0 0 0 0 0 0 0 0 141 1 0 0 89 227 4 0 1 0 0 0 0 0 0 0 0 0 0 0 2 0 0 0 0 0 12 0 2 0 0 0 48 0 0 0 255 255 255 255 5 0 3 0 0 0 0 0 data 6 0x30005 0x0 0x1d78c280 0x9c6c 0x0 0x0 oops 1 2 com/android/dx/rop/type/StdTypeList
ciMethod com/android/dx/util/IntList makeImmutable (I)Lcom/android/dx/util/IntList; 4097 1 154455 0 0
ciMethod com/android/dx/util/IntList <init> ()V 4097 1 268209 0 -1
ciMethod com/android/dx/util/IntList <init> (I)V 4097 1 7201 0 256
ciMethod com/android/dx/util/IntList equals (Ljava/lang/Object;)Z 163569 1 20446 0 -1
ciMethod com/android/dx/util/IntList size ()I 1473 1 184 0 0
ciMethod com/android/dx/util/IntList get (I)I 2073 1 8394 0 128
ciMethod com/android/dx/util/IntList set (II)V 4097 1 11920 0 192
ciMethod com/android/dx/util/IntList add (I)V 2177 1 8471 0 800
ciMethod com/android/dx/util/IntList growIfNeeded ()V 2177 1 6696 0 544
ciMethod com/android/dx/util/IntList mutableCopy ()Lcom/android/dx/util/IntList; 3577 23953 11743 0 1472
ciMethod com/android/dx/util/IntList indexOf (I)I 4097 1 365338 0 0
ciMethod com/android/dx/util/IntList binarysearch (I)I 147577 153569 86819 0 384
ciMethod com/android/dx/util/IntList contains (I)Z 4097 1 247835 0 0
ciMethod com/android/dx/cf/code/ByteOps opInfo (I)I 4729 1 24324 0 -1
ciMethodData com/android/dx/rop/type/StdTypeList <init> (I)V 2 91978 orig 264 8 177 141 116 0 0 0 0 72 18 130 27 0 0 0 0 56 1 0 0 0 0 0 0 0 0 0 0 0 0 0 0 0 0 0 0 0 0 0 0 0 0 0 0 0 0 0 0 0 0 0 0 0 0 0 0 0 0 0 0 0 0 0 0 0 0 0 0 0 0 0 0 0 0 0 0 0 0 0 0 77 68 79 32 101 120 116 114 97 32 100 97 116 97 32 108 111 99 107 0 0 0 0 0 0 0 0 0 0 0 0 0 0 0 0 0 0 0 0 0 0 0 0 0 0 0 0 0 0 0 0 0 0 0 0 0 0 0 0 0 0 0 0 0 0 0 0 0 0 0 0 0 0 0 0 0 0 0 0 0 0 0 0 0 0 0 0 0 0 0 0 0 0 0 0 0 0 0 0 0 0 0 0 0 0 0 0 0 0 0 0 0 0 0 0 0 0 0 0 0 0 0 0 0 0 0 0 0 0 0 0 0 0 0 0 0 51 1 0 0 185 48 11 0 1 0 0 0 0 0 0 0 0 0 0 0 2 0 0 0 0 0 3 0 2 0 0 0 16 0 0 0 255 255 255 255 2 0 2 0 0 0 0 0 data 2 0x20002 0x16619 oops 0
ciMethod com/android/dx/cf/code/ByteCatchList$Item getHandlerPc ()I 905 1 113 0 0
ciMethod com/android/dx/cf/code/ByteCatchList$Item getExceptionClass ()Lcom/android/dx/rop/cst/CstType; 1 1 23011 0 0
ciMethod com/android/dx/cf/code/ByteBlock getLabel ()I 1345 1 168 0 0
ciMethod com/android/dx/cf/code/ByteBlock getStart ()I 1385 1 173 0 0
ciMethod com/android/dx/cf/code/ByteBlock getEnd ()I 1385 1 173 0 0
ciMethod com/android/dx/cf/code/ByteBlock getSuccessors ()Lcom/android/dx/util/IntList; 1169 1 146 0 0
ciMethod com/android/dx/cf/code/ByteBlock getCatches ()Lcom/android/dx/cf/code/ByteCatchList; 1393 1 174 0 0
ciMethod com/android/dx/cf/code/RopperMachine getInsns ()Ljava/util/ArrayList; 1233 1 154 0 0
ciMethod com/android/dx/cf/code/RopperMachine startBlock (Lcom/android/dx/rop/type/TypeList;)V 4097 1 116949 0 0
ciMethod com/android/dx/cf/code/RopperMachine wereCatchesUsed ()Z 1177 1 147 0 0
ciMethod com/android/dx/cf/code/RopperMachine returns ()Z 865 1 107 0 0
ciMethod com/android/dx/cf/code/RopperMachine getPrimarySuccessorIndex ()I 1169 1 146 0 0
ciMethod com/android/dx/cf/code/RopperMachine getExtraBlockCount ()I 1177 1 147 0 0
ciMethod com/android/dx/cf/code/RopperMachine canThrow ()Z 0 0 1 0 0
ciMethod com/android/dx/cf/code/RopperMachine hasJsr ()Z 1193 1 149 0 0
ciMethod com/android/dx/cf/code/RopperMachine hasRet ()Z 4097 1 117277 0 0
ciMethod com/android/dx/cf/code/RopperMachine getReturnAddress ()Lcom/android/dx/cf/code/ReturnAddress; 0 0 1 0 -1
ciMethod com/android/dx/cf/code/Simulator simulate (Lcom/android/dx/cf/code/ByteBlock;Lcom/android/dx/cf/code/Frame;)V 4097 7817 99034 0 352
ciMethod com/android/dx/cf/code/Simulator$SimVisitor setFrame (Lcom/android/dx/cf/code/Frame;)V 4097 1 98950 0 0
ciMethod com/android/dx/cf/code/Simulator$SimVisitor setPreviousOffset (I)V 4097 1 185161 0 0
ciMethod com/android/dx/cf/code/Frame <init> (Lcom/android/dx/cf/code/LocalsArray;Lcom/android/dx/cf/code/ExecutionStack;Lcom/android/dx/util/IntList;)V 4097 1 142251 0 0
ciMethod com/android/dx/cf/code/Frame copy ()Lcom/android/dx/cf/code/Frame; 4097 1 117157 0 0
ciMethod com/android/dx/cf/code/Frame setImmutable ()V 4097 1 129045 0 0
ciMethod com/android/dx/cf/code/Frame getLocals ()Lcom/android/dx/cf/code/LocalsArray; 1337 1 167 0 0
ciMethod com/android/dx/cf/code/Frame getStack ()Lcom/android/dx/cf/code/ExecutionStack; 1337 1 167 0 0
ciMethod com/android/dx/cf/code/Frame getSubroutines ()Lcom/android/dx/util/IntList; 1417 1 177 0 0
ciMethod com/android/dx/cf/code/Frame mergeWith (Lcom/android/dx/cf/code/Frame;)Lcom/android/dx/cf/code/Frame; 160321 1 20428 0 0
ciMethod com/android/dx/cf/code/Frame mergeSubroutineLists (Lcom/android/dx/util/IntList;)Lcom/android/dx/util/IntList; 163545 1 20443 0 0
ciMethod com/android/dx/cf/code/Frame adjustLocalsForSubroutines (Lcom/android/dx/cf/code/LocalsArray;Lcom/android/dx/util/IntList;)Lcom/android/dx/cf/code/LocalsArray; 4233 1 529 0 0
ciMethod com/android/dx/cf/code/Frame mergeWithSubroutineCaller (Lcom/android/dx/cf/code/Frame;II)Lcom/android/dx/cf/code/Frame; 0 0 1 0 -1
ciMethod com/android/dx/cf/code/Frame makeNewSubroutineStartFrame (II)Lcom/android/dx/cf/code/Frame; 0 0 1 0 -1
ciMethod com/android/dx/cf/code/Frame makeExceptionHandlerStartFrame (Lcom/android/dx/rop/cst/CstType;)Lcom/android/dx/cf/code/Frame; 0 0 12148 0 0
ciMethod com/android/dx/cf/code/Frame annotate (Lcom/android/dex/util/ExceptionWithContext;)V 0 0 1 0 0
ciMethod com/android/dx/cf/code/Ropper$Subroutine <init> (Lcom/android/dx/cf/code/Ropper;I)V 0 0 1 0 -1
ciMethod com/android/dx/cf/code/Ropper$Subroutine getStartBlock ()I 0 0 1 0 -1
ciMethod com/android/dx/cf/code/Ropper$Subroutine addCallerBlock (I)V 0 0 1 0 -1
ciMethod com/android/dx/cf/code/Ropper$CatchInfo <init> (Lcom/android/dx/cf/code/Ropper;)V 2057 1 257 0 -1
ciMethod com/android/dx/cf/code/Ropper$CatchInfo getSetup (Lcom/android/dx/rop/type/Type;)Lcom/android/dx/cf/code/Ropper$ExceptionHandlerSetup; 97193 1 12149 0 0
ciMethod com/android/dx/cf/code/Ropper$CatchInfo <init> (Lcom/android/dx/cf/code/Ropper;Lcom/android/dx/cf/code/Ropper$1;)V 10977 1 1373 0 -1
ciMethod com/android/dx/cf/code/LocalsArray <init> (Z)V 4097 1 118507 0 0
ciMethod com/android/dx/cf/code/LocalsArray copy ()Lcom/android/dx/cf/code/LocalsArray; 0 0 1 0 -1
ciMethod com/android/dx/cf/code/LocalsArray annotate (Lcom/android/dex/util/ExceptionWithContext;)V 0 0 1 0 -1
ciMethod com/android/dx/cf/code/LocalsArray merge (Lcom/android/dx/cf/code/LocalsArray;)Lcom/android/dx/cf/code/LocalsArray; 0 0 1 0 -1
ciMethod com/android/dx/cf/code/OneLocalsArray <init> (I)V 4097 1 118458 0 0
ciMethod com/android/dx/cf/code/OneLocalsArray copy ()Lcom/android/dx/cf/code/OneLocalsArray; 4097 1 117675 0 0
ciMethod com/android/dx/cf/code/OneLocalsArray copy ()Lcom/android/dx/cf/code/LocalsArray; 4097 1 117149 0 0
ciMethod com/android/dx/cf/code/LocalsArraySet getPrimary ()Lcom/android/dx/cf/code/OneLocalsArray; 0 0 1 0 -1
ciMethod com/android/dx/cf/code/ExecutionStack <init> (I)V 4097 1 141601 0 0
ciMethod com/android/dx/cf/code/ExecutionStack copy ()Lcom/android/dx/cf/code/ExecutionStack; 4097 1 129918 0 0
ciMethod com/android/dx/cf/code/ExecutionStack annotate (Lcom/android/dex/util/ExceptionWithContext;)V 0 0 1 0 -1
ciMethod com/android/dx/cf/code/ExecutionStack size ()I 1209 1 151 0 -1
ciMethod com/android/dx/cf/code/ExecutionStack clear ()V 95121 125721 12147 0 0
ciMethod com/android/dx/cf/code/ExecutionStack push (Lcom/android/dx/rop/type/TypeBearer;)V 4097 1 42764 0 0
ciMethod com/android/dx/cf/code/ExecutionStack peek (I)Lcom/android/dx/rop/type/TypeBearer; 4097 1 176717 0 -1
ciMethod com/android/dx/cf/code/ExecutionStack change (ILcom/android/dx/rop/type/TypeBearer;)V 4025 1 760 0 -1
ciMethod com/android/dx/cf/code/ExecutionStack merge (Lcom/android/dx/cf/code/ExecutionStack;)Lcom/android/dx/cf/code/ExecutionStack; 4225 1 529 0 0
ciMethod com/android/dx/cf/code/ExecutionStack throwSimException (Ljava/lang/String;)Lcom/android/dx/rop/type/TypeBearer; 0 0 1 0 -1
ciMethod com/android/dx/cf/code/Ropper$ExceptionSetupLabelAllocator getNextLabel ()I 249 1 32 0 0
ciMethod com/android/dx/rop/code/InsnList <init> (I)V 4097 1 243087 0 0
ciMethod com/android/dx/rop/code/InsnList get (I)Lcom/android/dx/rop/code/Insn; 3169 1 1772947 0 192
ciMethod com/android/dx/rop/code/InsnList set (ILcom/android/dx/rop/code/Insn;)V 4097 1 470483 0 224
ciMethod com/android/dx/rop/code/Rop getBranchingness ()I 1089 1 136 0 0
ciMethod com/android/dx/rop/code/Rop canThrow ()Z 4097 1 116851 0 0
ciMethod com/android/dx/rop/code/BasicBlock <init> (ILcom/android/dx/rop/code/InsnList;Lcom/android/dx/util/IntList;I)V 4097 3681 27696 0 1632
ciMethod com/android/dx/rop/code/BasicBlock getLabel ()I 1073 1 134 0 0
ciMethod com/android/dx/cf/code/Merger mergeStack (Lcom/android/dx/cf/code/ExecutionStack;Lcom/android/dx/cf/code/ExecutionStack;)Lcom/android/dx/cf/code/ExecutionStack; 163601 105425 20451 0 0
ciMethod com/android/dx/cf/code/Merger mergeType (Lcom/android/dx/rop/type/TypeBearer;Lcom/android/dx/rop/type/TypeBearer;)Lcom/android/dx/rop/type/TypeBearer; 4097 1 183435 0 -1
ciMethodData com/android/dx/util/IntList get (I)I 2 8394 orig 264 8 177 141 116 0 0 0 0 72 252 135 27 0 0 0 0 104 1 0 0 32 0 0 0 0 0 0 0 0 0 0 0 0 0 0 0 0 0 0 0 0 0 0 0 0 0 0 0 0 0 0 0 0 0 0 0 0 0 0 0 0 0 0 0 0 0 0 0 0 0 0 0 0 0 0 0 0 0 0 0 77 68 79 32 101 120 116 114 97 32 100 97 116 97 32 108 111 99 107 0 0 0 0 0 0 0 0 0 0 0 0 0 0 0 0 0 0 0 0 0 0 0 0 0 0 0 0 0 0 0 0 0 0 0 0 0 0 0 0 0 0 0 0 0 0 0 0 0 0 0 0 0 0 0 0 0 0 0 0 0 0 0 0 0 0 0 0 0 0 0 0 0 0 0 0 0 0 0 0 0 0 0 0 0 25 0 0 0 0 0 0 0 0 0 0 0 0 0 0 0 1 0 0 0 0 0 0 0 0 0 0 0 0 0 0 0 3 1 0 0 57 254 0 0 1 0 0 0 0 0 0 0 0 0 0 0 2 0 0 0 0 0 7 0 2 0 0 0 64 0 0 0 255 255 255 255 7 0 5 0 0 0 0 0 data 8 0x50007 0x1fd5 0x30 0x0 0xe0002 0x0 0x200002 0x0 oops 0
ciMethodData com/android/dx/rop/type/Type getCategory ()I 2 1378 orig 264 8 177 141 116 0 0 0 0 248 177 127 27 0 0 0 0 96 1 0 0 0 0 0 0 0 0 0 0 0 0 0 0 0 0 0 0 0 0 0 0 0 0 0 0 0 0 0 0 0 0 0 0 0 0 0 0 0 0 0 0 0 0 0 0 0 0 0 0 0 0 0 0 0 0 0 0 0 0 0 0 77 68 79 32 101 120 116 114 97 32 100 97 116 97 32 108 111 99 107 0 0 0 0 0 0 0 0 0 0 0 0 0 0 0 0 0 0 0 0 0 0 0 0 0 0 0 0 0 0 0 0 0 0 0 0 0 0 0 0 0 0 0 0 0 0 0 0 0 0 0 0 0 0 0 0 0 0 0 0 0 0 0 0 0 0 0 0 0 0 0 0 0 0 0 0 0 0 0 0 0 0 0 0 0 0 0 0 0 0 0 0 0 0 0 0 0 0 0 0 0 0 0 0 0 0 0 0 0 0 0 0 0 0 0 0 0 84 1 0 0 113 32 0 0 1 0 0 0 0 0 0 0 0 0 0 0 2 0 0 0 0 0 6 0 1 0 0 0 64 0 0 0 255 255 255 255 8 0 4 0 0 0 0 0 data 8 0x40008 0x6 0xcb 0x40 0x0 0x40 0x0 0x40 oops 0
ciMethodData com/android/dx/util/IntList add (I)V 2 8471 orig 264 8 177 141 116 0 0 0 0 120 254 135 27 0 0 0 0 8 2 0 0 0 0 0 0 0 0 0 0 0 0 0 0 0 0 0 0 0 0 0 0 0 0 0 0 0 0 0 0 0 0 0 0 0 0 0 0 0 0 0 0 0 0 0 0 0 0 0 0 0 0 0 0 0 0 0 0 0 0 0 0 77 68 79 32 101 120 116 114 97 32 100 97 116 97 32 108 111 99 107 0 0 0 0 0 0 0 0 0 0 0 0 0 0 0 0 0 0 0 0 0 0 0 0 0 0 0 0 0 0 0 0 0 0 0 0 0 0 0 0 0 0 0 0 0 0 0 0 0 0 0 0 0 0 0 0 0 0 0 0 0 0 0 0 0 0 0 0 0 0 0 0 0 0 0 0 0 0 0 0 0 0 0 0 0 17 0 0 0 0 0 0 0 0 0 0 0 0 0 0 0 1 0 0 0 0 0 0 0 0 0 0 0 0 0 0 0 16 1 0 0 57 0 1 0 1 0 0 0 0 0 0 0 0 0 0 0 2 0 0 0 0 0 14 0 2 0 0 0 184 0 0 0 255 255 255 255 5 0 1 0 0 0 0 0 data 23 0x10005 0x1b 0x1d6baf30 0x1fef 0x0 0x0 0x50002 0x200b 0x1d0007 0xd8c 0x78 0x127f 0x250007 0xa7f 0x58 0x801 0x350007 0x26 0x38 0x7db 0x390003 0x7db 0x18 oops 1 2 com/android/dx/util/IntList
ciMethodData com/android/dx/util/IntList growIfNeeded ()V 2 6696 orig 264 8 177 141 116 0 0 0 0 200 1 136 27 0 0 0 0 120 1 0 0 0 0 0 0 0 0 0 0 0 0 0 0 0 0 0 0 0 0 0 0 0 0 0 0 0 0 0 0 0 0 0 0 0 0 0 0 0 0 0 0 0 0 0 0 0 0 0 0 0 0 0 0 0 0 0 0 0 0 0 0 77 68 79 32 101 120 116 114 97 32 100 97 116 97 32 108 111 99 107 0 0 0 0 0 0 0 0 0 0 0 0 0 0 0 0 0 0 0 0 0 0 0 0 0 0 0 0 0 0 0 0 0 0 0 0 0 0 0 0 0 0 0 0 0 0 0 0 0 0 0 0 0 0 0 0 0 0 0 0 0 0 0 0 0 0 0 0 0 0 0 0 0 0 0 0 0 0 0 0 0 0 0 0 0 25 0 0 0 0 0 0 0 0 0 0 0 0 0 0 0 1 0 0 0 0 0 0 0 0 0 0 0 0 0 0 0 16 1 0 0 193 200 0 0 1 0 0 0 0 0 0 0 0 0 0 0 2 0 0 0 0 0 6 0 2 0 0 0 48 0 0 0 255 255 255 255 7 0 9 0 0 0 0 0 data 6 0x90007 0x185e 0x30 0xbe 0x250002 0xbe oops 0
ciMethodData com/android/dx/rop/code/InsnList get (I)Lcom/android/dx/rop/code/Insn; 2 1772947 orig 264 8 177 141 116 0 0 0 0 96 79 138 27 0 0 0 0 176 1 0 0 0 0 0 0 0 0 0 0 0 0 0 0 0 0 0 0 0 0 0 0 0 0 0 0 0 0 0 0 0 0 0 0 0 0 0 0 0 0 0 0 0 0 0 0 0 0 0 0 0 0 0 0 0 0 0 0 0 0 0 0 77 68 79 32 101 120 116 114 97 32 100 97 116 97 32 108 111 99 107 0 0 0 0 0 0 0 0 0 0 0 0 0 0 0 0 0 0 0 0 0 0 0 0 0 0 0 0 0 0 0 0 0 0 0 0 0 0 0 0 0 0 0 0 0 0 0 0 0 0 0 0 0 0 0 0 0 0 0 0 0 0 0 0 0 0 0 0 0 0 0 0 0 0 0 0 0 0 0 0 0 0 0 0 0 0 0 0 0 0 0 0 0 0 0 0 0 0 0 0 0 0 0 0 0 0 0 0 0 0 0 0 0 0 0 0 0 140 1 0 0 57 96 216 0 1 0 0 0 0 0 0 0 0 0 0 0 2 0 0 0 0 0 3 0 2 0 0 0 96 0 0 0 255 255 255 255 5 0 2 0 0 0 0 0 data 12 0x20005 0x0 0x1d6bb610 0x1b0d24 0x0 0x0 0x50004 0x0 0x1d6bb6c0 0x22f4c 0x1d6bb350 0x100234 oops 3 2 com/android/dx/rop/code/InsnList 8 com/android/dx/rop/code/PlainCstInsn 10 com/android/dx/rop/code/PlainInsn
ciMethodData com/android/dx/util/MutabilityControl throwIfMutable ()V 2 399877 orig 264 8 177 141 116 0 0 0 0 80 117 127 27 0 0 0 0 80 1 0 0 0 0 0 0 0 0 0 0 0 0 0 0 0 0 0 0 0 0 0 0 0 0 0 0 0 0 0 0 0 0 0 0 0 0 0 0 0 0 0 0 0 0 0 0 0 0 0 0 0 0 0 0 0 0 0 0 0 0 0 0 77 68 79 32 101 120 116 114 97 32 100 97 116 97 32 108 111 99 107 0 0 0 0 0 0 0 0 0 0 0 0 0 0 0 0 0 0 0 0 0 0 0 0 0 0 0 0 0 0 0 0 0 0 0 0 0 0 0 0 0 0 0 0 0 0 0 0 0 0 0 0 0 0 0 0 0 0 0 0 0 0 0 0 0 0 0 0 0 0 0 0 0 0 0 0 0 0 0 0 0 0 0 0 0 25 0 0 0 0 0 0 0 0 0 0 0 0 0 0 0 1 0 0 0 0 0 0 0 0 0 0 0 0 0 0 0 141 1 0 0 193 195 48 0 1 0 0 0 0 0 0 0 0 0 0 0 2 0 0 0 0 0 5 0 2 0 0 0 48 0 0 0 255 255 255 255 7 0 4 0 0 0 0 0 data 6 0x40007 0x61849 0x30 0x0 0xd0002 0x0 oops 0
ciMethodData com/android/dx/util/IntList <init> (I)V 2 7201 orig 264 8 177 141 116 0 0 0 0 80 247 135 27 0 0 0 0 96 1 0 0 0 0 0 0 0 0 0 0 0 0 0 0 0 0 0 0 0 0 0 0 0 0 0 0 0 0 0 0 0 0 0 0 0 0 0 0 0 0 0 0 0 0 0 0 0 0 0 0 0 0 0 0 0 0 0 0 0 0 0 0 77 68 79 32 101 120 116 114 97 32 100 97 116 97 32 108 111 99 107 0 0 0 0 0 0 0 0 0 0 0 0 0 0 0 0 0 0 0 0 0 0 0 0 0 0 0 0 0 0 0 0 0 0 0 0 0 0 0 0 0 0 0 0 0 0 0 0 0 0 0 0 0 0 0 0 0 0 0 0 0 0 0 0 0 0 0 0 0 0 0 0 0 0 0 0 0 0 0 0 0 0 0 0 0 0 0 0 0 0 0 0 0 0 0 0 0 0 0 0 0 0 0 0 0 0 0 0 0 0 0 0 0 0 0 0 0 0 2 0 0 9 209 0 0 1 0 0 0 0 0 0 0 0 0 0 0 2 0 0 0 0 0 7 0 2 0 0 0 56 0 0 0 255 255 255 255 2 0 2 0 0 0 0 0 data 7 0x20002 0x1a21 0xc0003 0x1a21 0x28 0x160002 0x0 oops 0
ciMethodData com/android/dx/util/Bits set ([II)V 2 944404 orig 264 8 177 141 116 0 0 0 0 32 226 135 27 0 0 0 0 40 1 0 0 0 0 0 0 0 0 0 0 0 0 0 0 0 0 0 0 0 0 0 0 0 0 0 0 0 0 0 0 0 0 0 0 0 0 0 0 0 0 0 0 0 0 0 0 0 0 0 0 0 0 0 0 0 0 0 0 0 0 0 0 77 68 79 32 101 120 116 114 97 32 100 97 116 97 32 108 111 99 107 0 0 0 0 0 0 0 0 0 0 0 0 0 0 0 0 0 0 0 0 0 0 0 0 0 0 0 0 0 0 0 0 0 0 0 0 0 0 0 0 0 0 0 0 0 0 0 0 0 0 0 0 0 0 0 0 0 0 0 0 0 0 0 0 0 0 0 0 0 0 0 0 0 0 0 0 0 0 0 0 0 0 0 0 0 0 0 0 0 0 0 0 0 0 0 0 0 0 0 0 0 0 0 0 0 0 0 0 0 0 0 0 0 0 0 0 0 0 2 0 0 161 56 115 0 1 0 0 0 0 0 0 0 0 0 0 0 2 0 0 0 0 0 3 0 1 0 0 0 0 0 0 0 255 255 255 255 0 0 0 0 0 0 0 0 data 0 oops 0
ciMethodData com/android/dx/rop/code/Insn <init> (Lcom/android/dx/rop/code/Rop;Lcom/android/dx/rop/code/SourcePosition;Lcom/android/dx/rop/code/RegisterSpec;Lcom/android/dx/rop/code/RegisterSpecList;)V 2 9861 orig 264 8 177 141 116 0 0 0 0 176 77 135 27 0 0 0 0 224 1 0 0 96 0 0 0 0 0 0 0 0 0 0 0 0 0 0 0 0 0 0 0 0 0 0 0 0 0 0 0 0 0 0 0 0 0 0 0 0 0 0 0 0 0 0 0 0 0 0 0 0 0 0 0 0 0 0 0 0 0 0 0 77 68 79 32 101 120 116 114 97 32 100 97 116 97 32 108 111 99 107 0 0 0 0 0 0 0 0 0 0 0 0 0 0 0 0 0 0 0 0 0 0 0 0 0 0 0 0 0 0 0 0 0 0 0 0 0 0 0 0 0 0 0 0 0 0 0 0 0 0 0 0 0 0 0 0 0 0 0 0 0 0 0 0 0 0 0 0 0 0 0 0 0 0 0 0 0 0 0 0 0 0 0 0 0 0 0 0 0 0 0 0 0 0 0 0 0 0 0 0 0 0 0 0 0 0 0 0 0 0 0 0 0 0 0 0 0 0 2 0 0 41 36 1 0 1 0 0 0 0 0 0 0 0 0 0 0 2 0 0 0 0 0 9 0 2 0 0 0 160 0 0 0 255 255 255 255 2 0 1 0 0 0 0 0 data 20 0x10002 0x24b3 0x50007 0x24b5 0x30 0x0 0xe0002 0x0 0x130007 0x24b5 0x30 0x0 0x1c0002 0x0 0x220007 0x24b4 0x30 0x0 0x2b0002 0x0 oops 0
ciMethodData com/android/dx/util/IntList set (II)V 2 11920 orig 264 8 177 141 116 0 0 0 0 112 253 135 27 0 0 0 0 0 2 0 0 80 0 0 0 0 0 0 0 0 0 0 0 0 0 0 0 0 0 0 0 0 0 0 0 0 0 0 0 0 0 0 0 0 0 0 0 0 0 0 0 0 0 0 0 0 0 0 0 0 0 0 0 0 0 0 0 0 0 0 0 77 68 79 32 101 120 116 114 97 32 100 97 116 97 32 108 111 99 107 0 0 0 0 0 0 0 0 0 0 0 0 0 0 0 0 0 0 0 0 0 0 0 0 0 0 0 0 0 0 0 0 0 0 0 0 0 0 0 0 0 0 0 0 0 0 0 0 0 0 0 0 0 0 0 0 0 0 0 0 0 0 0 0 0 0 0 0 0 0 0 0 0 0 0 0 0 0 0 0 0 0 0 0 0 25 0 0 0 0 0 0 0 0 0 0 0 0 0 0 0 0 0 0 0 0 0 0 0 0 0 0 0 0 0 0 0 0 2 0 0 129 100 1 0 1 0 0 0 0 0 0 0 0 0 0 0 2 0 0 0 0 0 13 0 2 0 0 0 168 0 0 0 255 255 255 255 5 0 1 0 0 0 0 0 data 21 0x10005 0x155 0x1d6baf30 0x2b3a 0x0 0x0 0x90007 0x2c8f 0x30 0x0 0x120002 0x0 0x220003 0x2c90 0x48 0x270007 0x0 0x30 0x0 0x300002 0x0 oops 1 2 com/android/dx/util/IntList
ciMethodData com/android/dx/rop/code/InsnList set (ILcom/android/dx/rop/code/Insn;)V 2 470486 orig 264 8 177 141 116 0 0 0 0 32 80 138 27 0 0 0 0 136 1 0 0 0 0 0 0 0 0 0 0 0 0 0 0 0 0 0 0 0 0 0 0 0 0 0 0 0 0 0 0 0 0 0 0 0 0 0 0 0 0 0 0 0 0 0 0 0 0 0 0 0 0 0 0 0 0 0 0 0 0 0 0 77 68 79 32 101 120 116 114 97 32 100 97 116 97 32 108 111 99 107 0 0 0 0 0 0 0 0 0 0 0 0 0 0 0 0 0 0 0 0 0 0 0 0 0 0 0 0 0 0 0 0 0 0 0 0 0 0 0 0 0 0 0 0 0 0 0 0 0 0 0 0 0 0 0 0 0 0 0 0 0 0 0 0 0 0 0 0 0 0 0 0 0 0 0 0 0 0 0 0 0 0 0 0 0 0 0 0 0 0 0 0 0 0 0 0 0 0 0 0 0 0 0 0 0 0 0 0 0 0 0 0 0 0 0 0 0 0 2 0 0 177 94 57 0 1 0 0 0 0 0 0 0 0 0 0 0 2 0 0 0 0 0 12 0 2 0 0 0 48 0 0 0 255 255 255 255 5 0 3 0 0 0 0 0 data 6 0x30005 0x116 0x1d6bb610 0x72b60 0x0 0x0 oops 1 2 com/android/dx/rop/code/InsnList
ciMethodData com/android/dx/rop/code/PlainInsn <init> (Lcom/android/dx/rop/code/Rop;Lcom/android/dx/rop/code/SourcePosition;Lcom/android/dx/rop/code/RegisterSpec;Lcom/android/dx/rop/code/RegisterSpecList;)V 2 10877 orig 264 8 177 141 116 0 0 0 0 112 102 135 27 0 0 0 0 120 2 0 0 128 0 0 0 0 0 0 0 0 0 0 0 0 0 0 0 0 0 0 0 0 0 0 0 0 0 0 0 0 0 0 0 0 0 0 0 0 0 0 0 0 0 0 0 0 0 0 0 0 0 0 0 0 0 0 0 0 0 0 0 77 68 79 32 101 120 116 114 97 32 100 97 116 97 32 108 111 99 107 0 0 0 0 0 0 0 0 0 0 0 0 0 0 0 0 0 0 0 0 0 0 0 0 0 0 0 0 0 0 0 0 0 0 0 0 0 0 0 0 0 0 0 0 0 0 0 0 0 0 0 0 0 0 0 0 0 0 0 0 0 0 0 0 0 0 0 0 0 0 0 0 0 0 0 0 0 0 0 0 0 0 0 0 0 0 0 0 0 0 0 0 0 0 0 0 0 0 0 0 0 0 0 0 0 0 0 0 0 0 0 0 0 0 0 0 0 0 2 0 0 233 67 1 0 1 0 0 0 0 0 0 0 0 0 0 0 2 0 0 0 0 0 11 0 2 0 0 0 16 1 0 0 255 255 255 255 2 0 6 0 0 0 0 0 data 34 0x60002 0x287e 0xa0005 0x20a 0x1d6bb560 0x2672 0x0 0x0 0xd0008 0x6 0x209 0x50 0x0 0x40 0x0 0x40 0x2e0002 0x0 0x330007 0x1455 0x80 0x1429 0x370005 0x11c 0x1d6bb560 0x130d 0x0 0x0 0x3b0007 0x1429 0x30 0x0 0x440002 0x0 oops 2 4 com/android/dx/rop/code/Rop 24 com/android/dx/rop/code/Rop
ciMethodData com/android/dx/util/IntList binarysearch (I)I 2 90656 orig 264 8 177 141 116 0 0 0 0 64 9 136 27 0 0 0 0 112 2 0 0 8 1 0 0 0 0 0 0 0 0 0 0 0 0 0 0 0 0 0 0 0 0 0 0 0 0 0 0 0 0 0 0 0 0 0 0 0 0 0 0 0 0 0 0 0 0 0 0 0 0 0 0 0 0 0 0 0 0 0 0 77 68 79 32 101 120 116 114 97 32 100 97 116 97 32 108 111 99 107 0 0 0 0 0 0 0 0 0 0 0 0 0 0 0 0 0 0 0 0 0 0 0 0 0 0 0 0 0 0 0 0 0 0 0 0 0 0 0 0 0 0 0 0 0 1 0 0 0 0 0 0 0 0 0 0 0 0 0 0 0 0 0 0 0 0 0 0 0 0 0 0 0 0 0 0 0 0 0 0 1 0 0 0 0 0 0 0 0 0 0 0 0 0 0 0 0 0 0 0 0 0 0 0 0 0 0 0 0 0 0 0 0 0 0 0 0 0 2 0 0 161 88 8 0 33 185 8 0 215 36 0 0 42 35 0 0 2 0 0 0 2 0 21 0 2 0 0 0 64 1 0 0 255 255 255 255 7 0 9 0 0 0 0 0 data 40 0x90007 0x1025c 0x78 0x8b7 0x100007 0x28a 0x58 0xf14 0x1a0007 0x8e7 0x20 0x62d 0x220003 0x8e7 0xffffffffffffffc0 0x320007 0x1026f 0x70 0x10e2f 0x4b0007 0xa0d9 0x38 0x6d68 0x520003 0x6d69 0x18 0x580003 0x10e40 0xffffffffffffffa8 0x5e0007 0x950d 0x58 0x6d6d 0x69e007 0x1 0x38 0x6d75 0x6e0003 0x6d6e 0x18 oops 0
ciMethodData com/android/dx/util/IntList indexOf (I)I 2 365342 orig 264 8 177 141 116 0 0 0 0 160 7 136 27 0 0 0 0 184 1 0 0 0 0 0 0 0 0 0 0 0 0 0 0 0 0 0 0 0 0 0 0 0 0 0 0 0 0 0 0 0 0 0 0 0 0 0 0 0 0 0 0 0 0 0 0 0 0 0 0 0 0 0 0 0 0 0 0 0 0 0 0 77 68 79 32 101 120 116 114 97 32 100 97 116 97 32 108 111 99 107 0 0 0 0 0 0 0 0 0 0 0 0 0 0 0 0 0 0 0 0 0 0 0 0 0 0 0 0 0 0 0 0 0 0 0 0 0 0 0 0 0 0 0 0 0 0 0 0 0 0 0 0 0 0 0 0 0 0 0 0 0 0 0 0 0 0 0 0 0 0 0 0 0 0 0 0 0 0 0 0 0 0 0 0 0 0 0 0 0 0 0 0 0 0 0 0 0 0 0 0 0 0 0 0 0 0 0 0 0 0 0 0 0 0 0 0 0 0 2 0 0 241 136 44 0 1 0 0 0 0 0 0 0 0 0 0 0 2 0 0 0 0 0 6 0 2 0 0 0 104 0 0 0 255 255 255 255 5 0 2 0 0 0 0 0 data 13 0x20005 0x274 0x1d6baf30 0x58ebd 0x0 0x0 0x70007 0x333ab 0x38 0x25dcb 0xb0003 0x25de5 0x18 oops 1 2 com/android/dx/util/IntList
ciMethodData com/android/dx/cf/code/BytecodeArray parseInstruction (ILcom/android/dx/cf/code/BytecodeArray$Visitor;)I 2 332075 orig 264 8 177 141 116 0 0 0 0 240 51 133 27 0 0 0 0 0 40 0 0 240 27 0 0 0 0 0 0 0 0 0 0 0 0 0 0 0 0 0 0 0 0 0 0 0 0 0 0 0 0 0 0 0 0 0 0 0 0 0 0 0 0 0 0 0 0 0 0 0 0 0 0 0 0 0 0 0 0 0 0 77 68 79 32 101 120 116 114 97 32 100 97 116 97 32 108 111 99 107 0 0 0 0 0 0 0 0 0 0 0 0 0 0 0 0 0 0 0 0 0 0 0 0 0 0 0 0 0 0 0 0 0 0 0 0 0 0 0 0 0 0 0 0 0 7 0 0 0 0 0 0 0 0 0 0 0 0 0 0 0 0 0 0 0 4 0 0 15 0 0 0 0 0 0 0 0 0 0 0 0 0 0 0 0 0 0 0 0 0 0 0 0 0 0 0 0 0 0 0 0 0 0 0 0 0 0 0 0 0 0 0 0 0 0 0 0 2 2 0 0 145 97 3 0 1 0 0 0 0 0 0 0 0 0 0 0 2 0 0 0 0 0 140 0 2 0 0 0 40 38 0 0 255 255 255 255 7 0 1 0 0 0 0 0 data 1221 0x10007 0x6c37 0x20 0x0 0xd0005 0x1ab4 0x1e464b20 0x5186 0x0 0x0 0x120002 0x6c48 0x1f0008 0x196 0x0 0x23c8 0x0 0xcc0 0x15 0xcf0 0xe 0xd20 0x79 0xd50 0x56 0xd80 0x28 0xdb0 0xb 0xde0 0x6 0xe10 0x6 0xe40 0x8 0xe70 0x2 0xea0 0xf 0xed0 0x6 0xf00 0x0 0xf30 0x9 0xf60 0x6 0xf90 0x2e 0xfc0 0xd 0x1030 0xcc 0x10a0 0x4 0x11f8 0xc5 0x1350 0xe9 0x13e0 0x20 0x1440 0x34 0x14a0 0x16b 0x1500 0xf7 0x1560 0x14 0x15c0 0x44 0x15c0 0x51 0x15c0 0x30 0x15c0 0xc 0x15f0 0x2 0x15f0 0x10 0x15f0 0x8 0x15f0 0x10 0x1620 0x14 0x1620 0x20 0x1620 0xe 0x1620 0x17 0x1650 0x8 0x1650 0x18 0x1650 0x4 0x1650 0x1d9 0x1680 0xce 0x1680 0x72 0x1680 0x45 0x1680 0x8 0x16b0 0x0 0x16e0 0xc 0x1710 0x28 0x1740 0x15 0x1770 0x4 0x17a0 0x0 0x17d0 0x0 0x1800 0x9b 0x1830 0x16 0x1890 0x10 0x18f0 0x8f 0x1950 0x3b 0x19b0 0x0 0x1a10 0x5 0x1a10 0x12 0x1a10 0x12 0x1a10 0x0 0x1a40 0x0 0x1a40 0xc 0x1a40 0x8 0x1a40 0x2 0x1a70 0x2 0x1a70 0x0 0x1a70 0x2 0x1a70 0x1 0x1aa0 0x0 0x1aa0 0x1 0x1aa0 0x0 0x1aa0 0x4 0x1ad0 0x17 0x1ad0 0xe 0x1ad0 0x12 0x1ad0 0xd 0x1b00 0x0 0x1b30 0x6 0x1b60 0x12 0x1b90 0x1 0x1bc0 0xa 0x1bf0 0x0 0x1c20 0x0 0x1c50 0x3b 0x1c80 0x0 0x1c80 0x69 0x1c80 0x2 0x1c80 0x0 0x1c80 0x2 0x1c80 0x0 0x1c80 0x0 0x1c80 0x0 0x1c80 0x26 0x1cb0 0x10 0x1ce0 0x14 0x1d10 0x44 0x1d40 0x2a 0x1cb0 0x4 0x1ce0 0x8 0x1d10 0x41 0x1d40 0xa 0x1cb0 0xc 0x1ce0 0x22 0x1d10 0xa5 0x1d40 0x4 0x1cb0 0x0 0x1ce0 0x2 0x1d10 0x31 0x1d40 0x2 0x1cb0 0x1e 0x1ce0 0x2 0x1d10 0x0 0x1d40 0x0 0x1cb0 0x0 0x1ce0 0x4 0x1d10 0x8 0x1d40 0x0 0x1cb0 0x0 0x1ce0 0xa 0x1cb0 0x0 0x1ce0 0x0 0x1cb0 0x0 0x1ce0 0xc 0x1cb0 0x0 0x1ce0 0x2 0x1cb0 0x0 0x1ce0 0x8 0x1cb0 0x0 0x1ce0 0x2c 0x1d70 0x8 0x1e00 0x12 0x1e30 0x6 0x1e60 0x6 0x1e90 0x2 0x1e30 0x0 0x1e60 0xa 0x1e90 0x2 0x1e00 0x26 0x1e60 0x2 0x1e90 0x0 0x1e00 0xe 0x1e30 0x6 0x1e90 0x0 0x1e90 0x0 0x1e90 0xa 0x1e90 0x10 0x1e90 0x2 0x1e90 0x14 0x1e90 0x8 0x1e90 0x37 0x1ec0 0x27 0x1ec0 0x7 0x1ec0 0xf 0x1ec0 0x2 0x1ec0 0x28 0x1ec0 0x10 0x1ec0 0x29 0x1ec0 0x11 0x1ec0 0x28 0x1ec0 0x8 0x1ec0 0x8 0x1ec0 0x2 0x1ec0 0x2 0x1ec0 0xba 0x1ec0 0x0 0x1ec0 0x0 0x1f20 0x1 0x1f80 0x2 0x1f90 0x24 0x1fa0 0xc 0x1fd0 0x4 0x2000 0x4 0x2030 0x2f 0x2060 0x60 0x2090 0x1f 0x20c0 0xd 0x20c0 0x128 0x20c0 0x4f 0x20c0 0x1ae 0x20c0 0x7a 0x20c0 0x114 0x20c0 0x12 0x2150 0x0 0x2240 0x53 0x20c0 0xa 0x2250 0x1 0x20c0 0x29 0x1e90 0x15 0x2090 0x16 0x20c0 0x0 0x20c0 0x6 0x2090 0xf 0x2090 0x0 0x2260 0x0 0x2270 0x20 0x1ec0 0xa 0x1ec0 0x0 0x2330 0x0 0x2330 0x35b0005 0x0 0x0 0x0 0x0 0x0 0x36b0005 0x0 0x1f20e3a0 0x6a 0x1e53da10 0x67 0x37b0005 0x0 0x1f20e3a0 0x27 0x1e53da10 0x28 0x38b0005 0x6 0x1f20e3a0 0xf1 0x1e53da10 0xf9 0x39b0005 0x4 0x1f20e3a0 0xb6 0x1e53da10 0xb7 0x3ab0005 0x4 0x1f20e3a0 0x1b 0x1e53da10 0x1b 0x3bb0005 0x4 0x1f20e3a0 0x7 0x1e53da10 0x8 0x3cbf005 0x2 0x1f20e3a0 0xa 0x1e53da10 0xa 0x3db7005 0x2 0x1e53da10 0x8 0x1f20e3a0 0x7 0x3eb0005 0x0 0x1f20e3a0 0x4 0x1e53da10 0x4 0x3fb0005 0x0 0x1f20e3a0 0x1 0x1e53da10 0x1 0x40b0005 0x0 0x1e53da10 0xc 0x1f20e3a0 0x11 0x41b0005 0x0 0x1f20e3a0 0xf 0x1e53da10 0x5 0x42b0005 0x0 0x1f20e3a0 0x2 0x1e53da10 0x2 0x43b0005 0x0 0x1f20e3a0 0x4 0x1e53da10 0x5 0x44b0005 0x0 0x1f20e3a0 0x3 0x1e53da10 0x3 0x4590005 0x2e 0x1e464b20 0x6e 0x0 0x0 0x4650002 0x9c 0x46a7005 0x4 0x1f20e3a0 0x4d 0x1e53da10 0x4d 0x4780005 0xd 0x1e464b20 0x8 0x0 0x0 0x4840002 0x15 0x489f005 0x2 0x1e53da10 0xb 0x1f20e3a0 0xa 0x4970005 0xcc 0x1e464b20 0x2cf 0x0 0x0 0x4a20005 0x0 0x1f20e450 0x39b 0x0 0x0 0x4ab0004 0xfffffffffffffcdb 0x1f20e500 0x83 0x1de69b70 0xd 0x4ae0007 0x325 0x98 0x76 0x4b30004 0x0 0x1de672a0 0x76 0x0 0x0 0x4b60005 0x3c 0x1de672a0 0x3a 0x0 0x0 0x4b90003 0x76 0x18 0x4c80005 0xc 0x1f20e3a0 0x1c3 0x1e53da10 0x1cc 0x4d60005 0x4 0x1e464b20 0x4 0x0 0x0 0x4e10005 0x0 0x1f20e450 0x8 0x0 0x0 0x4ea0004 0xfffffffffffffff8 0x1f20e500 0x4 0x0 0x0 0x4ed0007 0x8 0x98 0x0 0x4f20004 0x0 0x0 0x0 0x0 0x0 0x4f50005 0x0 0x0 0x0 0x0 0x0 0x4f80003 0x0 0x18 0x5070005 0x0 0x1f20e3a0 0x2 0x1e53da10 0x6 0x5150005 0xc5 0x1e464b20 0x6 0x0 0x0 0x5200005 0x0 0x1f20e450 0xcb 0x0 0x0 0x52f0005 0x0 0x1f20e3a0 0x63 0x1e53da10 0x68 0x53d0005 0xe9 0x1e464b20 0x172 0x0 0x0 0x54df005 0x2 0x1e53da10 0x135 0x1f20e3a0 0x126 0x55b0005 0x20 0x0 0x0 0x0 0x0 0x56b0005 0x0 0x1f20e3a0 0x10 0x1e53da10 0x10 0x5790005 0x34 0x1e464b20 0x2 0x0 0x0 0x5890005 0x0 0x1f20e3a0 0x1b 0x1e53da10 0x1b 0x5970005 0x16b 0x0 0x0 0x0 0x0 0x5a70005 0x0 0x1f20e3a0 0xb5 0x1e53da10 0xb6 0x5b50005 0xf7 0x1e464b20 0x319 0x0 0x0 0x5c50005 0x0 0x1e53da10 0x219 0x1f20e3a0 0x1f7 0x5ddf005 0x4 0x1e53da10 0x18b 0x1f20e3a0 0x182 0x5f50005 0x0 0x1f20e3a0 0x13 0x1e53da10 0x13 0x60d0005 0x0 0x1f20e3a0 0x36 0x1e53da10 0x36 0x6250005 0x0 0x1f20e3a0 0x1c 0x1e53da10 0x1f 0x63d0005 0x0 0x1f20e3a0 0xc12 0x1e53da10 0xc36 0x64c0005 0x0 0x1f20e3a0 0xe 0x1e53da10 0x10 0x65b0005 0x0 0x0 0x0 0x0 0x0 0x66a0005 0x0 0x1f20e3a0 0x6 0x1e53da10 0x6 0x6790005 0x0 0x1f20e3a0 0x14 0x1e53da10 0x14 0x6880005 0x0 0x1f20e3a0 0x10 0x1e53da10 0x11 0x6970005 0x0 0x1f20e3a0 0x2 0x1e53da10 0x2 0x6a60005 0x0 0x0 0x0 0x0 0x0 0x6b50005 0x0 0x0 0x0 0x0 0x0 0x6c30005 0x9b 0x1e464b20 0x79 0x0 0x0 0x6d30005 0x0 0x1f20e3a0 0x89 0x1e53da10 0x8b 0x6e10005 0x16 0x0 0x0 0x0 0x0 0x6f10005 0x0 0x1f20e3a0 0xb 0x1e53da10 0xb 0x6ff0005 0x10 0x0 0x0 0x0 0x0 0x70f0005 0x0 0x1f20e3a0 0x8 0x1e53da10 0x8 0x71d0005 0x8f 0x0 0x0 0x0 0x0 0x72d0005 0x0 0x1f20e3a0 0x47 0x1e53da10 0x48 0x73b0005 0x3b 0x1e464b20 0x106 0x0 0x0 0x74b0005 0x0 0x1f20e3a0 0x9d 0x1e53da10 0xa4 0x7630005 0x0 0x1f20e3a0 0x39 0x1e53da10 0x3c 0x77b0005 0x0 0x1f20e3a0 0xa 0x1e53da10 0xa 0x7930005 0x0 0x1f20e3a0 0x6 0x1e53da10 0x6 0x7ab0005 0x0 0x1e53da10 0x2 0x0 0x0 0x7c30005 0x0 0x1e53da10 0x7d 0x1f20e3a0 0x78 0x7d20005 0x0 0x1f20e3a0 0xc 0x1e53da10 0xe 0x7e10005 0x0 0x0 0x0 0x0 0x0 0x7f00005 0x0 0x1f20e3a0 0x3 0x1e53da10 0x3 0x7ffc005 0x0 0x1e53da10 0xa 0x1f20e3a0 0xc 0x80e0005 0x0 0x1f20e3a0 0x7 0x1e53da10 0x8 0x81d0005 0x0 0x1f20e3a0 0x5 0x1e53da10 0x5 0x82c0005 0x0 0x0 0x0 0x0 0x0 0x83b0005 0x0 0x0 0x0 0x0 0x0 0x8490005 0x0 0x1f20e3a0 0x1c3 0x1e53da10 0x1d7 0x8570005 0x6c 0x1f20e3a0 0x6c 0x1f20e5b0 0x4 0x8670005 0x0 0x1f20e3a0 0x1f 0x1e53da10 0x1f 0x8770005 0x0 0x1f20e3a0 0x26 0x1e53da10 0x26 0x8870005 0x0 0x1f20e3a0 0xaf 0x1e53da10 0xb4 0x8950005 0x2c 0x1e464b20 0x68 0x0 0x0 0x8a10005 0x2c 0x1e464b20 0x68 0x0 0x0 0x8b10005 0x0 0x1f20e3a0 0x48 0x1e53da10 0x4c 0x8bf0005 0x0 0x1f20e3a0 0x5 0x1e53da10 0x5 0x8cd0005 0x0 0x1f20e3a0 0x11 0x1e53da10 0x11 0x8db0005 0x0 0x1f20e3a0 0x16 0x1e53da10 0x16 0x8e9f005 0x4 0x1f20e3a0 0x43 0x1e53da10 0x46 0x8f80005 0x208 0x1e464b20 0x623 0x0 0x0 0x9040005 0x0 0x1f20e3a0 0x40b 0x1e53da10 0x41f 0x9120005 0x0 0x0 0x0 0x0 0x0 0x9210005 0x0 0x0 0x0 0x0 0x0 0x92b0002 0xb 0x9320002 0xc 0x93f0005 0x0 0x1f20e3a0 0x70 0x1e53da10 0x71 0x94f0005 0x0 0x1f20e3a0 0x6 0x1e53da10 0x6 0x95f0005 0x0 0x1f20e3a0 0x2 0x1e53da10 0x2 0x96f0005 0x0 0x1f20e3a0 0x2 0x1e53da10 0x2 0x97f0005 0x0 0x1f20e3a0 0xbb 0x1e53da10 0xb2 0x98d0005 0x0 0x1f20e3a0 0x1a9 0x1e53da10 0x1b7 0x99b0005 0x549 0x1e464b20 0x1cca 0x0 0x0 0x9a60005 0x0 0x1f20e450 0x2218 0x0 0x0 0x9b40005 0x2 0x1f20e3a0 0x10df 0x1e53da10 0x1137 0x9c20005 0x12 0x1e464b20 0x28 0x0 0x0 0x9ce0005 0x12 0x1e464b20 0x28 0x0 0x0 0x9da0005 0x12 0x1e464b20 0x28 0x0 0x0 0x9e50005 0x0 0x1f20e450 0x3a 0x0 0x0 0x9faf005 0x2 0x1f20e3a0 0x18 0x1e53da10 0x22 0xa070002 0x0 0xa0e0002 0x10 0xa150002 0x0 0xa200005 0x0 0x0 0x0 0x0 0x0 0xa2c0005 0x0 0x0 0x0 0x0 0x0 0xa370005 0x0 0x0 0x0 0x0 0x0 0xa460005 0x0 0x0 0x0 0x0 0x0 0xa550005 0x0 0x0 0x0 0x0 0x0 0xa5f0007 0x0 0x38 0x0 0xa650003 0x0 0x18 0xa740005 0x0 0x0 0x0 0x0 0x0 0xa7f0005 0x0 0x0 0x0 0x0 0x0 0xa8c0002 0x0 0xa910005 0x0 0x0 0x0 0x0 0x0 0xa950002 0x0 0xa980005 0x0 0x0 0x0 0x0 0x0 0xa9b0005 0x0 0x0 0x0 0x0 0x0 0xa9e0005 0x0 0x0 0x0 0x0 0x0 0xaa90002 0x0 0xab40002 0x0 0xab90005 0x0 0x0 0x0 0x0 0x0 0xabd0002 0x0 0xac00005 0x0 0x0 0x0 0x0 0x0 0xac30005 0x0 0x0 0x0 0x0 0x0 0xac60005 0x0 0x0 0x0 0x0 0x0 oops 165 6 com/android/dx/util/ByteArray 428 com/android/dx/cf/code/BasicBlocker 430 com/android/dx/cf/code/Simulator$SimVisitor 434 com/android/dx/cf/code/BasicBlocker 436 com/android/dx/cf/code/Simulator$SimVisitor 440 com/android/dx/cf/code/BasicBlocker 442 com/android/dx/cf/code/Simulator$SimVisitor 446 com/android/dx/cf/code/BasicBlocker 448 com/android/dx/cf/code/Simulator$SimVisitor 452 com/android/dx/cf/code/BasicBlocker 454 com/android/dx/cf/code/Simulator$SimVisitor 458 com/android/dx/cf/code/BasicBlocker 460 com/android/dx/cf/code/Simulator$SimVisitor 464 com/android/dx/cf/code/BasicBlocker 466 com/android/dx/cf/code/Simulator$SimVisitor 470 com/android/dx/cf/code/Simulator$SimVisitor 472 com/android/dx/cf/code/BasicBlocker 476 com/android/dx/cf/code/BasicBlocker 478 com/android/dx/cf/code/Simulator$SimVisitor 482 com/android/dx/cf/code/BasicBlocker 484 com/android/dx/cf/code/Simulator$SimVisitor 488 com/android/dx/cf/code/Simulator$SimVisitor 490 com/android/dx/cf/code/BasicBlocker 494 com/android/dx/cf/code/BasicBlocker 496 com/android/dx/cf/code/Simulator$SimVisitor 500 com/android/dx/cf/code/BasicBlocker 502 com/android/dx/cf/code/Simulator$SimVisitor 506 com/android/dx/cf/code/BasicBlocker 508 com/android/dx/cf/code/Simulator$SimVisitor 512 com/android/dx/cf/code/BasicBlocker 514 com/android/dx/cf/code/Simulator$SimVisitor 518 com/android/dx/util/ByteArray 526 com/android/dx/cf/code/BasicBlocker 528 com/android/dx/cf/code/Simulator$SimVisitor 532 com/android/dx/util/ByteArray 540 com/android/dx/cf/code/Simulator$SimVisitor 542 com/android/dx/cf/code/BasicBlocker 546 com/android/dx/util/ByteArray 552 com/android/dx/rop/cst/StdConstantPool 558 com/android/dx/rop/cst/CstString 560 com/android/dx/rop/cst/CstFloat 568 com/android/dx/rop/cst/CstInteger 574 com/android/dx/rop/cst/CstInteger 583 com/android/dx/cf/code/BasicBlocker 585 com/android/dx/cf/code/Simulator$SimVisitor 589 com/android/dx/util/ByteArray 595 com/android/dx/rop/cst/StdConstantPool 601 com/android/dx/rop/cst/CstString 626 com/android/dx/cf/code/BasicBlocker 628 com/android/dx/cf/code/Simulator$SimVisitor 632 com/android/dx/util/ByteArray 638 com/android/dx/rop/cst/StdConstantPool 644 com/android/dx/cf/code/BasicBlocker 646 com/android/dx/cf/code/Simulator$SimVisitor 650 com/android/dx/util/ByteArray 656 com/android/dx/cf/code/Simulator$SimVisitor 658 com/android/dx/cf/code/BasicBlocker 668 com/android/dx/cf/code/BasicBlocker 670 com/android/dx/cf/code/Simulator$SimVisitor 674 com/android/dx/util/ByteArray 680 com/android/dx/cf/code/BasicBlocker 682 com/android/dx/cf/code/Simulator$SimVisitor 692 com/android/dx/cf/code/BasicBlocker 694 com/android/dx/cf/code/Simulator$SimVisitor 698 com/android/dx/util/ByteArray 704 com/android/dx/cf/code/Simulator$SimVisitor 706 com/android/dx/cf/code/BasicBlocker 710 com/android/dx/cf/code/Simulator$SimVisitor 712 com/android/dx/cf/code/BasicBlocker 716 com/android/dx/cf/code/BasicBlocker 718 com/android/dx/cf/code/Simulator$SimVisitor 722 com/android/dx/cf/code/BasicBlocker 724 com/android/dx/cf/code/Simulator$SimVisitor 728 com/android/dx/cf/code/BasicBlocker 730 com/android/dx/cf/code/Simulator$SimVisitor 734 com/android/dx/cf/code/BasicBlocker 736 com/android/dx/cf/code/Simulator$SimVisitor 740 com/android/dx/cf/code/BasicBlocker 742 com/android/dx/cf/code/Simulator$SimVisitor 752 com/android/dx/cf/code/BasicBlocker 754 com/android/dx/cf/code/Simulator$SimVisitor 758 com/android/dx/cf/code/BasicBlocker 760 com/android/dx/cf/code/Simulator$SimVisitor 764 com/android/dx/cf/code/BasicBlocker 766 com/android/dx/cf/code/Simulator$SimVisitor 770 com/android/dx/cf/code/BasicBlocker 772 com/android/dx/cf/code/Simulator$SimVisitor 788 com/android/dx/util/ByteArray 794 com/android/dx/cf/code/BasicBlocker 796 com/android/dx/cf/code/Simulator$SimVisitor 806 com/android/dx/cf/code/BasicBlocker 808 com/android/dx/cf/code/Simulator$SimVisitor 818 com/android/dx/cf/code/BasicBlocker 820 com/android/dx/cf/code/Simulator$SimVisitor 830 com/android/dx/cf/code/BasicBlocker 832 com/android/dx/cf/code/Simulator$SimVisitor 836 com/android/dx/util/ByteArray 842 com/android/dx/cf/code/BasicBlocker 844 com/android/dx/cf/code/Simulator$SimVisitor 848 com/android/dx/cf/code/BasicBlocker 850 com/android/dx/cf/code/Simulator$SimVisitor 854 com/android/dx/cf/code/BasicBlocker 856 com/android/dx/cf/code/Simulator$SimVisitor 860 com/android/dx/cf/code/BasicBlocker 862 com/android/dx/cf/code/Simulator$SimVisitor 866 com/android/dx/cf/code/Simulator$SimVisitor 872 com/android/dx/cf/code/Simulator$SimVisitor 874 com/android/dx/cf/code/BasicBlocker 878 com/android/dx/cf/code/BasicBlocker 880 com/android/dx/cf/code/Simulator$SimVisitor 890 com/android/dx/cf/code/BasicBlocker 892 com/android/dx/cf/code/Simulator$SimVisitor 896 com/android/dx/cf/code/Simulator$SimVisitor 898 com/android/dx/cf/code/BasicBlocker 902 com/android/dx/cf/code/BasicBlocker 904 com/android/dx/cf/code/Simulator$SimVisitor 908 com/android/dx/cf/code/BasicBlocker 910 com/android/dx/cf/code/Simulator$SimVisitor 926 com/android/dx/cf/code/BasicBlocker 928 com/android/dx/cf/code/Simulator$SimVisitor 932 com/android/dx/cf/code/BasicBlocker 934 com/android/dx/cf/code/BytecodeArray$ConstantParserVisitor 938 com/android/dx/cf/code/BasicBlocker 940 com/android/dx/cf/code/Simulator$SimVisitor 944 com/android/dx/cf/code/BasicBlocker 946 com/android/dx/cf/code/Simulator$SimVisitor 950 com/android/dx/cf/code/BasicBlocker 952 com/android/dx/cf/code/Simulator$SimVisitor 956 com/android/dx/util/ByteArray 962 com/android/dx/util/ByteArray 968 com/android/dx/cf/code/BasicBlocker 970 com/android/dx/cf/code/Simulator$SimVisitor 974 com/android/dx/cf/code/BasicBlocker 976 com/android/dx/cf/code/Simulator$SimVisitor 980 com/android/dx/cf/code/BasicBlocker 982 com/android/dx/cf/code/Simulator$SimVisitor 986 com/android/dx/cf/code/BasicBlocker 988 com/android/dx/cf/code/Simulator$SimVisitor 992 com/android/dx/cf/code/BasicBlocker 994 com/android/dx/cf/code/Simulator$SimVisitor 998 com/android/dx/util/ByteArray 1004 com/android/dx/cf/code/BasicBlocker 1006 com/android/dx/cf/code/Simulator$SimVisitor 1026 com/android/dx/cf/code/BasicBlocker 1028 com/android/dx/cf/code/Simulator$SimVisitor 1032 com/android/dx/cf/code/BasicBlocker 1034 com/android/dx/cf/code/Simulator$SimVisitor 1038 com/android/dx/cf/code/BasicBlocker 1040 com/android/dx/cf/code/Simulator$SimVisitor 1044 com/android/dx/cf/code/BasicBlocker 1046 com/android/dx/cf/code/Simulator$SimVisitor 1050 com/android/dx/cf/code/BasicBlocker 1052 com/android/dx/cf/code/Simulator$SimVisitor 1056 com/android/dx/cf/code/BasicBlocker 1058 com/android/dx/cf/code/Simulator$SimVisitor 1062 com/android/dx/util/ByteArray 1068 com/android/dx/rop/cst/StdConstantPool 1074 com/android/dx/cf/code/BasicBlocker 1076 com/android/dx/cf/code/Simulator$SimVisitor 1080 com/android/dx/util/ByteArray 1086 com/android/dx/util/ByteArray 1092 com/android/dx/util/ByteArray 1098 com/android/dx/rop/cst/StdConstantPool 1104 com/android/dx/cf/code/BasicBlocker 1106 com/android/dx/cf/code/Simulator$SimVisitor
ciMethodData com/android/dx/util/IntList contains (I)Z 2 247835 orig 264 8 177 141 116 0 0 0 0 32 10 136 27 0 0 0 0 184 1 0 0 0 0 0 0 0 0 0 0 0 0 0 0 0 0 0 0 0 0 0 0 0 0 0 0 0 0 0 0 0 0 0 0 0 0 0 0 0 0 0 0 0 0 0 0 0 0 0 0 0 0 0 0 0 0 0 0 0 0 0 0 77 68 79 32 101 120 116 114 97 32 100 97 116 97 32 108 111 99 107 0 0 0 0 0 0 0 0 0 0 0 0 0 0 0 0 0 0 0 0 0 0 0 0 0 0 0 0 0 0 0 0 0 0 0 0 0 0 0 0 0 0 0 0 0 0 0 0 0 0 0 0 0 0 0 0 0 0 0 0 0 0 0 0 0 0 0 0 0 0 0 0 0 0 0 0 0 0 0 0 0 0 0 0 0 0 0 0 0 0 0 0 0 0 0 0 0 0 0 0 0 0 0 0 0 0 0 0 0 0 0 0 0 0 0 0 0 0 2 0 0 217 48 30 0 1 0 0 0 0 0 0 0 0 0 0 0 2 0 0 0 0 0 10 0 2 0 0 0 104 0 0 0 255 255 255 255 5 0 2 0 0 0 0 0 data 13 0x20005 0x195 0x1d6baf30 0x3c48d 0x0 0x0 0x50007 0x32f04 0x38 0x9741 0x90003 0x9742 0x18 oops 1 2 com/android/dx/util/IntList
ciMethodData com/android/dx/rop/code/Rop canThrow ()Z 2 116851 orig 264 8 177 141 116 0 0 0 0 192 125 139 27 0 0 0 0 176 1 0 0 0 0 0 0 0 0 0 0 0 0 0 0 0 0 0 0 0 0 0 0 0 0 0 0 0 0 0 0 0 0 0 0 0 0 0 0 0 0 0 0 0 0 0 0 0 0 0 0 0 0 0 0 0 0 0 0 0 0 0 0 77 68 79 32 101 120 116 114 97 32 100 97 116 97 32 108 111 99 107 0 0 0 0 0 0 0 0 0 0 0 0 0 0 0 0 0 0 0 0 0 0 0 0 0 0 0 0 0 0 0 0 0 0 0 0 0 0 0 0 0 0 0 0 0 0 0 0 0 0 0 0 0 0 0 0 0 0 0 0 0 0 0 0 0 0 0 0 0 0 0 0 0 0 0 0 0 0 0 0 0 0 0 0 0 0 0 0 0 0 0 0 0 0 0 0 0 0 0 0 0 0 0 0 0 0 0 0 0 0 0 0 0 0 0 0 0 0 2 0 0 153 51 14 0 1 0 0 0 0 0 0 0 0 0 0 0 2 0 0 0 0 0 6 0 2 0 0 0 104 0 0 0 255 255 255 255 5 0 4 0 0 0 0 0 data 13 0x40005 0x0 0x1d78c280 0x1c688 0x0 0x0 0x90007 0x12933 0x38 0x9d4e 0xd0003 0x9d4d 0x18 oops 1 2 com/android/dx/rop/type/StdTypeList
ciMethodData com/android/dx/rop/code/BasicBlock <init> (ILcom/android/dx/rop/code/InsnList;Lcom/android/dx/util/IntList;I)V 2 27696 orig 264 8 177 141 116 0 0 0 0 32 190 139 27 0 0 0 0 32 7 0 0 40 4 0 0 0 0 0 0 0 0 0 0 0 0 0 0 0 0 0 0 0 0 0 0 0 0 0 0 0 0 0 0 0 0 0 0 0 0 0 0 0 0 0 0 0 0 0 0 0 0 0 0 0 0 0 0 0 0 0 0 77 68 79 32 101 120 116 114 97 32 100 97 116 97 32 108 111 99 107 0 0 0 0 0 0 0 0 0 0 0 0 0 0 0 0 0 0 0 0 0 0 0 0 0 0 0 0 0 0 0 0 0 0 0 0 0 0 0 0 0 0 0 0 0 0 0 0 0 0 0 0 0 0 0 0 0 0 0 0 0 0 0 0 0 0 0 0 0 0 0 0 0 0 0 0 0 0 0 0 0 0 0 0 0 0 0 0 0 0 0 0 0 0 0 0 0 0 0 0 0 0 0 0 0 0 0 0 0 0 0 0 0 0 0 0 0 0 2 0 0 129 81 3 0 97 132 2 0 0 0 0 0 0 0 0 0 2 0 0 0 1 0 44 0 2 0 0 0 184 5 0 0 255 255 255 255 2 0 1 0 0 0 0 0 data 183 0x10002 0x6a34 0x50007 0x6a38 0x30 0x0 0xe0002 0x0 0x130005 0x1ac 0x1d6bb610 0x6889 0x0 0x0 0x160003 0x6a2f 0x28 0x210002 0x0 0x260005 0x1ac 0x1d6bb610 0x6885 0x0 0x0 0x2d0007 0x6a33 0x30 0x0 0x360002 0x0 0x420007 0x6a35 0x1f8 0x508f 0x480005 0x15f 0x1d6bb610 0x4f29 0x0 0x0 0x4b0005 0x161 0x1d6bb350 0x3d76 0x1d6bb6c0 0x11bd 0x520005 0x15f 0x1d6bb560 0x4f37 0x0 0x0 0x560007 0x508a 0x130 0x0 0x610002 0x0 0x660005 0x0 0x0 0x0 0x0 0x0 0x6b0005 0x0 0x0 0x0 0x0 0x0 0x700005 0x0 0x0 0x0 0x0 0x0 0x750005 0x0 0x0 0x0 0x0 0x0 0x780005 0x0 0x0 0x0 0x0 0x0 0x7b0002 0x0 0x820003 0x5089 0xfffffffffffffe20 0x8a0005 0x1ac 0x1d6bb610 0x6882 0x0 0x0 0x910005 0x2fc 0x1d6bb350 0x39a9 0x1d6bb2a0 0x2d8f 0x940005 0x1ac 0x1d6bb560 0x6889 0x0 0x0 0x980007 0x6a39 0x30 0x0 0xa10002 0x0 0xa60005 0x1ac 0x1d6baf30 0x688f 0x0 0x0 0xa90003 0x6a38 0x28 0xb40002 0x0 0xbb0007 0x6a37 0x30 0x0 0xc40002 0x0 0xca0007 0x605 0x180 0x642d 0xd00005 0x198 0x1d6baf30 0x6294 0x0 0x0 0xd30007 0x6436 0x130 0x0 0xde0002 0x0 0xe30005 0x0 0x0 0x0 0x0 0x0 0xe80005 0x0 0x0 0x0 0x0 0x0 0xed0005 0x0 0x0 0x0 0x0 0x0 0xf10005 0x0 0x0 0x0 0x0 0x0 0xf40005 0x0 0x0 0x0 0x0 0x0 0xf70002 0x0 oops 12 10 com/android/dx/rop/code/InsnList 21 com/android/dx/rop/code/InsnList 37 com/android/dx/rop/code/InsnList 43 com/android/dx/rop/code/PlainInsn 45 com/android/dx/rop/code/PlainCstInsn 49 com/android/dx/rop/code/Rop 96 com/android/dx/rop/code/InsnList 102 com/android/dx/rop/code/PlainInsn 104 com/android/dx/rop/code/ThrowingCstInsn 108 com/android/dx/rop/code/Rop 120 com/android/dx/util/IntList 141 com/android/dx/util/IntList
ciMethodData com/android/dx/rop/code/InsnList <init> (I)V 2 243094 orig 264 8 177 141 116 0 0 0 0 176 78 138 27 0 0 0 0 56 1 0 0 0 0 0 0 0 0 0 0 0 0 0 0 0 0 0 0 0 0 0 0 0 0 0 0 0 0 0 0 0 0 0 0 0 0 0 0 0 0 0 0 0 0 0 0 0 0 0 0 0 0 0 0 0 0 0 0 0 0 0 0 77 68 79 32 101 120 116 114 97 32 100 97 116 97 32 108 111 99 107 0 0 0 0 0 0 0 0 0 0 0 0 0 0 0 0 0 0 0 0 0 0 0 0 0 0 0 0 0 0 0 0 0 0 0 0 0 0 0 0 0 0 0 0 0 0 0 0 0 0 0 0 0 0 0 0 0 0 0 0 0 0 0 0 0 0 0 0 0 0 0 0 0 0 0 0 0 0 0 0 0 0 0 0 0 0 0 0 0 0 0 0 0 0 0 0 0 0 0 0 0 0 0 0 0 0 0 0 0 0 0 0 0 0 0 0 0 0 2 0 0 177 156 29 0 1 0 0 0 0 0 0 0 0 0 0 0 2 0 0 0 0 0 3 0 2 0 0 0 16 0 0 0 255 255 255 255 2 0 2 0 0 0 0 0 data 2 0x20002 0x3b3ba oops 0
ciMethodData com/android/dx/cf/code/ConcreteMethod getCatches ()Lcom/android/dx/cf/code/ByteCatchList; 2 118040 orig 264 8 177 141 116 0 0 0 0 72 7 134 27 0 0 0 0 120 1 0 0 0 0 0 0 0 0 0 0 0 0 0 0 0 0 0 0 0 0 0 0 0 0 0 0 0 0 0 0 0 0 0 0 0 0 0 0 0 0 0 0 0 0 0 0 0 0 0 0 0 0 0 0 0 0 0 0 0 0 0 0 77 68 79 32 101 120 116 114 97 32 100 97 116 97 32 108 111 99 107 0 0 0 0 0 0 0 0 0 0 0 0 0 0 0 0 0 0 0 0 0 0 0 0 0 0 0 0 0 0 0 0 0 0 0 0 0 0 0 0 0 0 0 0 0 0 0 0 0 0 0 0 0 0 0 0 0 0 0 0 0 0 0 0 0 0 0 0 0 0 0 0 0 0 0 0 0 0 0 0 0 0 0 0 0 0 0 0 0 0 0 0 0 0 0 0 0 0 0 0 0 0 0 0 0 0 0 0 0 0 0 0 0 0 0 0 0 0 2 0 0 193 88 14 0 1 0 0 0 0 0 0 0 0 0 0 0 2 0 0 0 0 0 3 0 2 0 0 0 48 0 0 0 255 255 255 255 5 0 4 0 0 0 0 0 data 6 0x40005 0x1f0 0x1e44afd0 0x1c937 0x0 0x0 oops 1 2 com/android/dx/cf/attrib/AttCode
ciMethodData com/android/dx/util/IntList makeImmutable (I)Lcom/android/dx/util/IntList; 2 154462 orig 264 8 177 141 116 0 0 0 0 232 244 135 27 0 0 0 0 184 1 0 0 0 0 0 0 0 0 0 0 0 0 0 0 0 0 0 0 0 0 0 0 0 0 0 0 0 0 0 0 0 0 0 0 0 0 0 0 0 0 0 0 0 0 0 0 0 0 0 0 0 0 0 0 0 0 0 0 0 0 0 0 77 68 79 32 101 120 116 114 97 32 100 97 116 97 32 108 111 99 107 0 0 0 0 0 0 0 0 0 0 0 0 0 0 0 0 0 0 0 0 0 0 0 0 0 0 0 0 0 0 0 0 0 0 0 0 0 0 0 0 0 0 0 0 0 0 0 0 0 0 0 0 0 0 0 0 0 0 0 0 0 0 0 0 0 0 0 0 0 0 0 0 0 0 0 0 0 0 0 0 0 0 0 0 0 0 0 0 0 0 0 0 0 0 0 0 0 0 0 0 0 0 0 0 0 0 0 0 0 0 0 0 0 0 0 0 0 0 2 0 0 241 202 18 0 1 0 0 0 0 0 0 0 0 0 0 0 2 0 0 0 0 0 3 0 2 0 0 0 112 0 0 0 255 255 255 255 2 0 5 0 0 0 0 0 data 14 0x50002 0x2595f 0xb0005 0x291 0x1d6baf30 0x2570a 0x0 0x0 0xf0005 0x0 0x1d6baf30 0x25939 0x0 0x0 oops 2 4 com/android/dx/util/IntList 10 com/android/dx/util/IntList
ciMethodData com/android/dx/cf/code/Simulator$SimVisitor setPreviousOffset (I)V 2 185161 orig 264 8 177 141 116 0 0 0 0 48 131 137 27 0 0 0 0 40 1 0 0 0 0 0 0 0 0 0 0 0 0 0 0 0 0 0 0 0 0 0 0 0 0 0 0 0 0 0 0 0 0 0 0 0 0 0 0 0 0 0 0 0 0 0 0 0 0 0 0 0 0 0 0 0 0 0 0 0 0 0 0 77 68 79 32 101 120 116 114 97 32 100 97 116 97 32 108 111 99 107 0 0 0 0 0 0 0 0 0 0 0 0 0 0 0 0 0 0 0 0 0 0 0 0 0 0 0 0 0 0 0 0 0 0 0 0 0 0 0 0 0 0 0 0 0 0 0 0 0 0 0 0 0 0 0 0 0 0 0 0 0 0 0 0 0 0 0 0 0 0 0 0 0 0 0 0 0 0 0 0 0 0 0 0 0 0 0 0 0 0 0 0 0 0 0 0 0 0 0 0 0 0 0 0 0 0 0 0 0 0 0 0 0 0 0 0 0 0 2 0 0 73 138 22 0 1 0 0 0 0 0 0 0 0 0 0 0 2 0 0 0 0 0 3 0 1 0 0 0 0 0 0 0 255 255 255 255 0 0 0 0 0 0 0 0 data 0 oops 0
ciMethodData com/android/dx/cf/code/Ropper labelToResultIndex (I)I 2 65097 orig 264 8 177 141 116 0 0 0 0 208 146 134 27 0 0 0 0 104 2 0 0 0 0 0 0 0 0 0 0 0 0 0 0 0 0 0 0 0 0 0 0 0 0 0 0 0 0 0 0 0 0 0 0 0 0 0 0 0 0 0 0 0 0 0 0 0 0 0 0 0 0 0 0 0 0 0 0 0 0 0 0 77 68 79 32 101 120 116 114 97 32 100 97 116 97 32 108 111 99 107 0 0 0 0 0 0 0 0 0 0 0 0 0 0 0 0 0 0 0 0 0 0 0 0 0 0 0 0 0 0 0 0 0 0 0 0 0 0 0 0 0 0 0 0 0 0 0 0 0 0 0 0 0 0 0 0 0 0 0 0 0 0 0 0 0 0 0 0 0 0 0 0 0 0 0 0 0 0 0 0 0 0 0 0 0 17 0 0 0 0 0 0 0 0 0 0 0 0 0 0 0 1 0 0 0 0 0 0 0 0 0 0 0 0 0 0 0 0 16 0 0 81 42 0 0 73 114 7 0 0 0 0 0 0 0 0 0 2 0 0 0 1 0 12 0 2 0 0 0 24 1 0 0 255 255 255 255 5 0 4 0 0 0 0 0 data 35 0x40005 0x0 0x1d6bae80 0x54a 0x0 0x0 0xc0007 0x546 0xe8 0xee23 0x140005 0x0 0x1d6bae80 0xee23 0x0 0x0 0x170004 0x0 0x1e8a8440 0xee23 0x0 0x0 0x1e0005 0xfdf 0x1e8a8440 0xde44 0x0 0x0 0x220007 0xee1f 0x20 0x4 0x2a0003 0xee1f 0xffffffffffffff30 oops 4 2 java/util/ArrayList 12 java/util/ArrayList 18 com/android/dx/rop/code/BasicBlock 24 com/android/dx/rop/code/BasicBlock
ciMethodData com/android/dx/cf/code/ExecutionStack push (Lcom/android/dx/rop/type/TypeBearer;)V 2 42764 orig 264 8 177 141 116 0 0 0 0 144 33 138 27 0 0 0 0 232 2 0 0 56 1 0 0 0 0 0 0 0 0 0 0 0 0 0 0 0 0 0 0 0 0 0 0 0 0 0 0 0 0 0 0 0 0 0 0 0 0 0 0 0 0 0 0 0 0 0 0 0 0 0 0 0 0 0 0 0 0 0 0 77 68 79 32 101 120 116 114 97 32 100 97 116 97 32 108 111 99 107 0 0 0 0 0 0 0 0 0 0 0 0 0 0 0 0 0 0 0 0 0 0 0 0 0 0 0 0 0 0 0 0 0 0 0 0 0 0 0 0 0 0 0 0 0 0 0 0 0 0 0 0 0 0 0 0 0 0 0 0 0 0 0 0 0 0 0 0 0 0 0 0 0 0 0 0 0 0 0 0 0 0 0 0 0 0 0 0 0 0 0 0 0 0 0 0 0 0 0 0 0 0 0 0 0 0 0 0 0 0 0 0 0 0 0 0 0 0 2 0 0 97 40 5 0 1 0 0 0 0 0 0 0 0 0 0 0 2 0 0 0 0 0 14 0 2 0 0 0 152 1 0 0 255 255 255 255 5 0 1 0 0 0 0 0 data 51 0x10005 0x219 0x1e0cbec0 0xa2f8 0x0 0x0 0x50005 0x3571 0x1e8ad280 0x6762 0x1de672a0 0x851 0xc0005 0x3571 0x1e8ad280 0x674d 0x1de672a0 0x851 0x110005 0x219 0x1e8ad280 0xa300 0x0 0x0 0x150003 0xa51f 0x28 0x1f0002 0x0 0x2e0007 0xa50e 0x30 0x0 0x330002 0x0 0x3a0007 0xa44e 0x50 0xcf 0x460104 0x0 0x0 0x0 0x0 0x0 0x5a0004 0x0 0x1e8ad280 0x6758 0x1de672a0 0x851 oops 8 2 com/android/dx/cf/code/ExecutionStack 8 com/android/dx/rop/type/Type 10 com/android/dx/rop/cst/CstInteger 14 com/android/dx/rop/type/Type 16 com/android/dx/rop/cst/CstInteger 20 com/android/dx/rop/type/Type 47 com/android/dx/rop/type/Type 49 com/android/dx/rop/cst/CstInteger
ciMethodData com/android/dx/cf/code/Ropper isSynchronized ()Z 2 122969 orig 264 8 177 141 116 0 0 0 0 88 143 134 27 0 0 0 0 176 1 0 0 0 0 0 0 0 0 0 0 0 0 0 0 0 0 0 0 0 0 0 0 0 0 0 0 0 0 0 0 0 0 0 0 0 0 0 0 0 0 0 0 0 0 0 0 0 0 0 0 0 0 0 0 0 0 0 0 0 0 0 0 77 68 79 32 101 120 116 114 97 32 100 97 116 97 32 108 111 99 107 0 0 0 0 0 0 0 0 0 0 0 0 0 0 0 0 0 0 0 0 0 0 0 0 0 0 0 0 0 0 0 0 0 0 0 0 0 0 0 0 0 0 0 0 0 0 0 0 0 0 0 0 0 0 0 0 0 0 0 0 0 0 0 0 0 0 0 0 0 0 0 0 0 0 0 0 0 0 0 0 0 0 0 0 0 0 0 0 0 0 0 0 0 0 0 0 0 0 0 0 0 0 0 0 0 0 0 0 0 0 0 0 0 0 0 0 0 0 2 0 0 201 242 14 0 1 0 0 0 0 0 0 0 0 0 0 0 2 0 0 0 0 0 6 0 2 0 0 0 104 0 0 0 255 255 255 255 5 0 4 0 0 0 0 0 data 13 0x40005 0x320 0x1e44a040 0x1db44 0x0 0x0 0xc0007 0x1dd5e 0x38 0x112 0x100003 0x112 0x18 oops 1 2 com/android/dx/cf/code/ConcreteMethod
ciMethodData com/android/dx/cf/code/ConcreteMethod getAccessFlags ()I 2 123030 orig 264 8 177 141 116 0 0 0 0 16 2 134 27 0 0 0 0 120 1 0 0 0 0 0 0 0 0 0 0 0 0 0 0 0 0 0 0 0 0 0 0 0 0 0 0 0 0 0 0 0 0 0 0 0 0 0 0 0 0 0 0 0 0 0 0 0 0 0 0 0 0 0 0 0 0 0 0 0 0 0 0 77 68 79 32 101 120 116 114 97 32 100 97 116 97 32 108 111 99 107 0 0 0 0 0 0 0 0 0 0 0 0 0 0 0 0 0 0 0 0 0 0 0 0 0 0 0 0 0 0 0 0 0 0 0 0 0 0 0 0 0 0 0 0 0 0 0 0 0 0 0 0 0 0 0 0 0 0 0 0 0 0 0 0 0 0 0 0 0 0 0 0 0 0 0 0 0 0 0 0 0 0 0 0 0 0 0 0 0 0 0 0 0 0 0 0 0 0 0 0 0 0 0 0 0 0 0 0 0 0 0 0 0 0 0 0 0 0 2 0 0 177 244 14 0 1 0 0 0 0 0 0 0 0 0 0 0 2 0 0 0 0 0 0 0 0 0 0 0 48 0 0 0 255 255 255 255 5 0 4 0 0 0 0 0 data 6 0x40005 0x0 0x1e098ec0 0x1debd 0x0 0x0 oops 1 2 com/android/dx/cf/iface/StdMethod
ciMethodData com/android/dx/cf/code/ExecutionStack <init> (I)V 2 141601 orig 264 8 177 141 116 0 0 0 0 56 26 138 27 0 0 0 0 112 1 0 0 56 0 0 0 0 0 0 0 0 0 0 0 0 0 0 0 0 0 0 0 0 0 0 0 0 0 0 0 0 0 0 0 0 0 0 0 0 0 0 0 0 0 0 0 0 0 0 0 0 0 0 0 0 0 0 0 0 0 0 0 77 68 79 32 101 120 116 114 97 32 100 97 116 97 32 108 111 99 107 0 0 0 0 0 0 0 0 0 0 0 0 0 0 0 0 0 0 0 0 0 0 0 0 0 0 0 0 0 0 0 0 0 0 0 0 0 0 0 0 0 0 0 0 0 0 0 0 0 0 0 0 0 0 0 0 0 0 0 0 0 0 0 0 0 0 0 0 0 0 0 0 0 0 0 0 0 0 0 0 0 0 0 0 0 0 0 0 0 0 0 0 0 0 0 0 0 0 0 0 0 0 0 0 0 0 0 0 0 0 0 0 0 0 0 0 0 0 2 0 0 9 57 17 0 1 0 0 0 0 0 0 0 0 0 0 0 2 0 0 0 0 0 6 0 2 0 0 0 72 0 0 0 255 255 255 255 7 0 2 0 0 0 0 0 data 9 0x20007 0x1d2 0x38 0x2257e 0x60003 0x22595 0x18 0xa0002 0x227dc oops 0
ciMethodData com/android/dx/cf/code/Frame <init> (Lcom/android/dx/cf/code/LocalsArray;Lcom/android/dx/cf/code/ExecutionStack;Lcom/android/dx/util/IntList;)V 2 142251 orig 264 8 177 141 116 0 0 0 0 176 151 137 27 0 0 0 0 0 2 0 0 96 0 0 0 0 0 0 0 0 0 0 0 0 0 0 0 0 0 0 0 0 0 0 0 0 0 0 0 0 0 0 0 0 0 0 0 0 0 0 0 0 0 0 0 0 0 0 0 0 0 0 0 0 0 0 0 0 0 0 0 77 68 79 32 101 120 116 114 97 32 100 97 116 97 32 108 111 99 107 0 0 0 0 0 0 0 0 0 0 0 0 0 0 0 0 0 0 0 0 0 0 0 0 0 0 0 0 0 0 0 0 0 0 0 0 0 0 0 0 0 0 0 0 0 0 0 0 0 0 0 0 0 0 0 0 0 0 0 0 0 0 0 0 0 0 0 0 0 0 0 0 0 0 0 0 0 0 0 0 0 0 0 0 0 0 0 0 0 0 0 0 0 0 0 0 0 0 0 0 0 0 0 0 0 0 0 0 0 0 0 0 0 0 0 0 0 0 2 0 0 89 77 17 0 1 0 0 0 0 0 0 0 0 0 0 0 2 0 0 0 0 0 10 0 2 0 0 0 160 0 0 0 255 255 255 255 2 0 1 0 0 0 0 0 data 20 0x10002 0x22a0d 0x50007 0x22a89 0x30 0x0 0xe0002 0x0 0x130007 0x22a43 0x30 0x0 0x1c0002 0x0 0x210005 0x198 0x1d6baf30 0x228e2 0x0 0x0 oops 1 16 com/android/dx/util/IntList
ciMethodData com/android/dx/cf/code/OneLocalsArray <init> (I)V 2 118458 orig 264 8 177 141 116 0 0 0 0 104 208 137 27 0 0 0 0 112 1 0 0 56 0 0 0 0 0 0 0 0 0 0 0 0 0 0 0 0 0 0 0 0 0 0 0 0 0 0 0 0 0 0 0 0 0 0 0 0 0 0 0 0 0 0 0 0 0 0 0 0 0 0 0 0 0 0 0 0 0 0 0 77 68 79 32 101 120 116 114 97 32 100 97 116 97 32 108 111 99 107 0 0 0 0 0 0 0 0 0 0 0 0 0 0 0 0 0 0 0 0 0 0 0 0 0 0 0 0 0 0 0 0 0 0 0 0 0 0 0 0 0 0 0 0 0 0 0 0 0 0 0 0 0 0 0 0 0 0 0 0 0 0 0 0 0 0 0 0 0 0 0 0 0 0 0 0 0 0 0 0 0 0 0 0 0 0 0 0 0 0 0 0 0 0 0 0 0 0 0 0 0 0 0 0 0 0 0 0 0 0 0 0 0 0 0 0 0 0 2 0 0 209 101 14 0 1 0 0 0 0 0 0 0 0 0 0 0 2 0 0 0 0 0 6 0 2 0 0 0 72 0 0 0 255 255 255 255 7 0 2 0 0 0 0 0 data 9 0x20007 0x10cb 0x38 0x1bb47 0x60003 0x1bc34 0x18 0xa0002 0x1cd3a oops 0
ciMethodData com/android/dx/cf/code/LocalsArray <init> (Z)V 2 118507 orig 264 8 177 141 116 0 0 0 0 136 191 137 27 0 0 0 0 56 1 0 0 0 0 0 0 0 0 0 0 0 0 0 0 0 0 0 0 0 0 0 0 0 0 0 0 0 0 0 0 0 0 0 0 0 0 0 0 0 0 0 0 0 0 0 0 0 0 0 0 0 0 0 0 0 0 0 0 0 0 0 0 77 68 79 32 101 120 116 114 97 32 100 97 116 97 32 108 111 99 107 0 0 0 0 0 0 0 0 0 0 0 0 0 0 0 0 0 0 0 0 0 0 0 0 0 0 0 0 0 0 0 0 0 0 0 0 0 0 0 0 0 0 0 0 0 0 0 0 0 0 0 0 0 0 0 0 0 0 0 0 0 0 0 0 0 0 0 0 0 0 0 0 0 0 0 0 0 0 0 0 0 0 0 0 0 0 0 0 0 0 0 0 0 0 0 0 0 0 0 0 0 0 0 0 0 0 0 0 0 0 0 0 0 0 0 0 0 0 2 0 0 89 103 14 0 1 0 0 0 0 0 0 0 0 0 0 0 2 0 0 0 0 0 3 0 2 0 0 0 16 0 0 0 255 255 255 255 2 0 2 0 0 0 0 0 data 2 0x20002 0x1ccdb oops 0
ciMethodData com/android/dx/cf/code/Frame setImmutable ()V 2 129050 orig 264 8 177 141 116 0 0 0 0 0 154 137 27 0 0 0 0 168 1 0 0 0 0 0 0 0 0 0 0 0 0 0 0 0 0 0 0 0 0 0 0 0 0 0 0 0 0 0 0 0 0 0 0 0 0 0 0 0 0 0 0 0 0 0 0 0 0 0 0 0 0 0 0 0 0 0 0 0 0 0 0 77 68 79 32 101 120 116 114 97 32 100 97 116 97 32 108 111 99 107 0 0 0 0 0 0 0 0 0 0 0 0 0 0 0 0 0 0 0 0 0 0 0 0 0 0 0 0 0 0 0 0 0 0 0 0 0 0 0 0 0 0 0 0 0 0 0 0 0 0 0 0 0 0 0 0 0 0 0 0 0 0 0 0 0 0 0 0 0 0 0 0 0 0 0 0 0 0 0 0 0 0 0 0 0 0 0 0 0 0 0 0 0 0 0 0 0 0 0 0 0 0 0 0 0 0 0 0 0 0 0 0 0 0 0 0 0 0 2 0 0 209 176 15 0 1 0 0 0 0 0 0 0 0 0 0 0 2 0 0 0 0 0 0 0 0 0 0 0 96 0 0 0 255 255 255 255 5 0 4 0 0 0 0 0 data 12 0x40005 0x0 0x1e0cc690 0x1f61c 0x0 0x0 0xb0005 0x0 0x1e0cbec0 0x1f616 0x0 0x0 oops 2 2 com/android/dx/cf/code/OneLocalsArray 8 com/android/dx/cf/code/ExecutionStack
ciMethodData com/android/dx/cf/code/Ropper getAvailableLabel ()I 2 51111 orig 264 8 177 141 116 0 0 0 0 128 142 134 27 0 0 0 0 160 2 0 0 16 0 0 0 0 0 0 0 0 0 0 0 0 0 0 0 0 0 0 0 0 0 0 0 0 0 0 0 0 0 0 0 0 0 0 0 0 0 0 0 0 0 0 0 0 0 0 0 0 0 0 0 0 0 0 0 0 0 0 0 77 68 79 32 101 120 116 114 97 32 100 97 116 97 32 108 111 99 107 0 0 0 0 0 0 0 0 0 0 0 0 0 0 0 0 0 0 0 0 0 0 0 0 0 0 0 0 0 0 0 0 0 0 0 0 0 0 0 0 0 0 0 0 0 0 0 0 0 0 0 0 0 0 0 0 0 0 0 0 0 0 0 0 0 0 0 0 0 0 0 0 0 0 0 0 0 0 0 0 0 0 0 0 0 0 0 0 0 0 0 0 0 0 0 0 0 0 0 0 0 0 0 0 0 0 0 0 0 0 0 0 0 0 0 0 0 0 20 0 0 201 29 0 0 57 157 5 0 0 0 0 0 0 0 0 0 2 0 0 0 1 0 13 0 2 0 0 0 88 1 0 0 255 255 255 255 2 0 1 0 0 0 0 0 data 43 0x10002 0x3b9 0x90005 0x0 0x1d6bae80 0x3b9 0x0 0x0 0xe0005 0x0 0x1eb8f220 0xb754 0x0 0x0 0x130007 0x3b9 0xe8 0xb39b 0x170005 0x0 0x1eb8f220 0xb39b 0x0 0x0 0x1c0004 0x0 0x1e8a8440 0xb39b 0x0 0x0 0x210005 0x50c9 0x1e8a8440 0x62d2 0x0 0x0 0x290007 0x732f 0x20 0x406c 0x310003 0xb39b 0xffffffffffffff00 oops 5 4 java/util/ArrayList 10 java/util/ArrayList$Itr 20 java/util/ArrayList$Itr 26 com/android/dx/rop/code/BasicBlock 32 com/android/dx/rop/code/BasicBlock
ciMethodData com/android/dx/cf/code/ExecutionStack copy ()Lcom/android/dx/cf/code/ExecutionStack; 2 129918 orig 264 8 177 141 116 0 0 0 0 56 27 138 27 0 0 0 0 120 1 0 0 0 0 0 0 0 0 0 0 0 0 0 0 0 0 0 0 0 0 0 0 0 0 0 0 0 0 0 0 0 0 0 0 0 0 0 0 0 0 0 0 0 0 0 0 0 0 0 0 0 0 0 0 0 0 0 0 0 0 0 0 77 68 79 32 101 120 116 114 97 32 100 97 116 97 32 108 111 99 107 0 0 0 0 0 0 0 0 0 0 0 0 0 0 0 0 0 0 0 0 0 0 0 0 0 0 0 0 0 0 0 0 0 0 0 0 0 0 0 0 0 0 0 0 0 0 0 0 0 0 0 0 0 0 0 0 0 0 0 0 0 0 0 0 0 0 0 0 0 0 0 0 0 0 0 0 0 0 0 0 0 0 0 0 0 0 0 0 0 0 0 0 0 0 0 0 0 0 0 0 0 0 0 0 0 0 0 0 0 0 0 0 0 0 0 0 0 0 2 0 0 241 203 15 0 1 0 0 0 0 0 0 0 0 0 0 0 2 0 0 0 0 0 7 0 2 0 0 0 48 0 0 0 255 255 255 255 2 0 9 0 0 0 0 0 data 6 0x90002 0x1f96d 0x1c0002 0x1fa89 0x2e0002 0x1fa21 oops 0
ciMethodData com/android/dx/cf/code/Ropper processBlock (Lcom/android/dx/cf/code/ByteBlock;Lcom/android/dx/cf/code/Frame;[I)V 2 425493 orig 264 8 177 141 116 0 0 0 0 168 164 134 27 0 0 0 0 120 24 0 0 16 13 0 0 0 0 0 0 0 0 0 0 0 0 0 0 0 0 0 0 0 0 0 0 0 0 0 0 0 0 0 0 0 0 0 0 0 0 0 0 0 0 0 0 0 0 0 0 0 0 0 0 0 0 0 0 0 0 0 0 77 68 79 32 101 120 116 114 97 32 100 97 116 97 32 108 111 99 107 0 0 0 0 0 0 0 0 0 0 0 0 0 0 0 0 0 0 0 0 0 0 0 0 0 0 0 0 0 0 0 0 0 0 0 0 0 0 0 0 0 0 0 0 0 1 0 0 0 0 0 0 0 0 0 0 0 0 0 0 0 0 0 0 0 0 0 0 0 0 0 0 0 0 0 0 0 0 0 0 0 0 0 0 0 0 0 0 0 0 0 0 0 0 0 0 0 0 0 0 0 0 0 0 0 0 0 0 0 0 0 0 0 0 0 0 0 208 6 0 0 73 61 14 0 41 186 51 0 0 0 0 0 0 0 0 0 2 0 0 0 5 0 181 0 2 0 0 0 0 23 0 0 255 255 255 255 5 0 1 0 0 0 0 0 data 736 0x10005 0x1b0 0x1d6b9200 0x1c623 0x0 0x0 0xc0005 0x1b0 0x1d6bac70 0x1c68f 0x0 0x0 0xf0005 0x1b0 0x1d6bad20 0x1c60c 0x0 0x0 0x130005 0x1b0 0x1d6b92d0 0x1c639 0x0 0x0 0x1d0005 0x0 0x1d6badd0 0x1c82d 0x0 0x0 0x210005 0x1b0 0x1d6b92d0 0x1c6ba 0x0 0x0 0x280005 0x1b0 0x1d6bad20 0x1c6a4 0x0 0x0 0x310005 0x1b0 0x1d6bad20 0x1c6a2 0x0 0x0 0x380005 0x0 0x1d6bae80 0x1c848 0x0 0x0 0x3f0005 0x1b0 0x1d6bac70 0x1c6b3 0x0 0x0 0x450005 0x1b0 0x1d6b9200 0x1c6ab 0x0 0x0 0x510005 0x1b0 0x1d6bad20 0x1c6a3 0x0 0x0 0x540007 0x1c852 0x128 0x0 0x5d0005 0x0 0x0 0x0 0x0 0x0 0x690007 0x0 0x60 0x0 0x790002 0x0 0x7c0004 0x0 0x0 0x0 0x0 0x0 0x850005 0x0 0x0 0x0 0x0 0x0 0x880005 0x0 0x0 0x0 0x0 0x0 0x940003 0x0 0x2e0 0x9b0005 0x1b0 0x1d6bad20 0x1c66e 0x0 0x0 0x9e0007 0x1c822 0x230 0x0 0xa50005 0x0 0x0 0x0 0x0 0x0 0xac0005 0x0 0x0 0x0 0x0 0x0 0xb80007 0x0 0xa8 0x0 0xc90005 0x0 0x0 0x0 0x0 0x0 0xcc0002 0x0 0xcf0004 0x0 0x0 0x0 0x0 0x0 0xd00003 0x0 0x78 0xdb0005 0x0 0x0 0x0 0x0 0x0 0xde0005 0x0 0x0 0x0 0x0 0x0 0xe80005 0x0 0x0 0x0 0x0 0x0 0xf60005 0x0 0x0 0x0 0x0 0x0 0xfb0005 0x0 0x0 0x0 0x0 0x0 0x1000003 0x0 0x80 0x1070005 0x1b0 0x1d6bad20 0x1c64a 0x0 0x0 0x10a0007 0x7e9b 0x38 0x14989 0x1110003 0x1498d 0x18 0x1190005 0x1b0 0x1d6baf30 0x1c6a7 0x0 0x0 0x1260007 0x1c844 0x1a0 0x1b9a0 0x12d0005 0x1c2 0x1d6baf30 0x1b7f4 0x0 0x0 0x1360005 0x1c2 0x1d6b9200 0x1b81b 0x0 0x0 0x13d0002 0x1b9ab 0x1400003 0x1b9ca 0xf8 0x14b0002 0x0 0x1500005 0x0 0x0 0x0 0x0 0x0 0x1550002 0x0 0x1580005 0x0 0x0 0x0 0x0 0x0 0x15b0005 0x0 0x0 0x0 0x0 0x0 0x15e0005 0x0 0x0 0x0 0x0 0x0 0x1670003 0x1b9ba 0xfffffffffffffe78 0x16c0007 0x18dab 0x90 0x3aa6 0x1730005 0x21 0x1d6bad20 0x3a88 0x0 0x0 0x1760007 0x458 0x40 0x364c 0x17c0002 0x364e 0x17f0002 0x364e 0x1890007 0x1c3ba 0x38 0x458 0x18f0003 0x458 0x98 0x1960005 0x1ad 0x1d6bad20 0x1c226 0x0 0x0 0x19d0007 0x39 0x50 0x1c3a5 0x1a40005 0x1ad 0x1d6baf30 0x1c209 0x0 0x0 0x1aa0002 0x1c832 0x1ad0007 0x1c6ff 0x88 0x103 0x1b40005 0x0 0x1d6bad20 0x103 0x0 0x0 0x1b70007 0x32 0x38 0xd1 0x1bb0003 0xd1 0x18 0x1c30007 0xd1 0x40 0x1c6cb 0x1c80007 0x19f15 0x600 0x2839 0x1d40002 0x290b 0x1e00007 0x290c 0x388 0x2f76 0x1e70005 0x8 0x1d6bac70 0x2f6d 0x0 0x0 0x1ee0005 0x0 0x1d6bafe0 0x2f76 0x0 0x0 0x1f50005 0x0 0x1d6bafe0 0x2f76 0x0 0x0 0x2010007 0x1a30 0x38 0x1546 0x2050003 0x1546 0x18 0x20f0005 0x8 0x1d6b92d0 0x2f6e 0x0 0x0 0x2180005 0x8 0x1d6b9200 0x2f6e 0x0 0x0 0x21f0002 0x2f76 0x2220003 0x2f75 0xf8 0x22d0002 0x0 0x2320005 0x0 0x0 0x0 0x0 0x0 0x2370002 0x0 0x23a0005 0x0 0x0 0x0 0x0 0x0 0x23d0005 0x0 0x0 0x0 0x0 0x0 0x2400005 0x0 0x0 0x0 0x0 0x0 0x2510007 0x2a1a 0x60 0x55c 0x25a0002 0x55c 0x2670004 0x0 0x1d6bb090 0x55c 0x0 0x0 0x26c0005 0x8 0x1d6bb140 0x2f6d 0x0 0x0 0x26f0005 0x0 0x1d6bb090 0x2f76 0x0 0x0 0x2780005 0x0 0x1d6bb1f0 0x2f76 0x0 0x0 0x27b0005 0x9 0x1d6baf30 0x2f6e 0x0 0x0 0x2810003 0x2f74 0xfffffffffffffc90 0x2860007 0x283c 0x1c8 0xd1 0x28b0007 0x0 0x1a8 0xd1 0x2930002 0xd1 0x2960005 0x0 0x1d6baf30 0xd1 0x0 0x0 0x2ab0007 0xd1 0x148 0x180 0x2b20005 0x0 0x1d6bae80 0x17f 0x0 0x0 0x2b50004 0x0 0x1d6bb2a0 0xce 0x1d6bb350 0xaf 0x2bc0005 0x2 0x1d6bb2a0 0xce 0x1d6bb350 0xaf 0x2bf0007 0xaf 0x80 0xd0 0x2c70005 0x0 0x1d6bb2a0 0xce 0x1d6bb400 0x2 0x2d20005 0x0 0x1d6bae80 0xd0 0x0 0x0 0x2d90003 0x180 0xfffffffffffffed0 0x2de0007 0x3a 0x50 0x28d1 0x2e50005 0x9 0x1d6baf30 0x28ca 0x0 0x0 0x2ea0005 0x0 0x1d6baf30 0x290d 0x0 0x0 0x2f50005 0x1b0 0x1d6baf30 0x1c61f 0x0 0x0 0x2fc0007 0x1c840 0x368 0xe3e5 0x3060005 0x0 0x1d6bae80 0xe3ca 0x0 0x0 0x3090004 0x0 0x1d6bb350 0xe3a4 0x1d6bb4b0 0x3e 0x3100005 0xd7 0x1d6bb350 0xe2f1 0x1d6bb4b0 0x3e 0x3130005 0xd7 0x1d6bb560 0xe315 0x0 0x0 0x3170007 0x0 0x38 0xe3ce 0x31b0003 0xe3df 0x18 0x3270007 0x0 0x38 0xe3bc 0x32b0003 0xe3d5 0x18 0x32f0002 0xe3ee 0x33d0005 0xd7 0x1d6bb610 0xe31b 0x0 0x0 0x3420007 0x0 0xa0 0xe3da 0x3510005 0xd7 0x1d6bb350 0xe2cd 0x1d6bb4b0 0x3e 0x3580002 0xe3dd 0x35b0005 0xd7 0x1d6bb610 0xe31a 0x0 0x0 0x3600002 0xe3d5 0x3670005 0x0 0x1d6bb610 0xe3e3 0x0 0x0 0x36b0002 0xe3ca 0x37c0002 0xe3ef 0x3850005 0xd7 0x1d6b92d0 0xe31c 0x0 0x0 0x3880002 0xe3c5 0x38d0005 0xd7 0x1d6baf30 0xe329 0x0 0x0 0x3980005 0xd7 0x1d6baf30 0xe2dc 0x0 0x0 0x39d0005 0x0 0x1d6baf30 0xe3c3 0x0 0x0 0x3a70003 0xe3ec 0xfffffffffffffcb0 0x3ac0007 0x1c4fc 0x38 0x311 0x3b00003 0x311 0x78 0x3b90005 0x0 0x1d6bae80 0x1c4ef 0x0 0x0 0x3bc0004 0x0 0x1d6bb2a0 0x138b8 0x1d6bb350 0x77bd 0x3c30007 0x311 0xa0 0x1c52d 0x3c80005 0x164e 0x1d6bb2a0 0x13782 0x1d6bb350 0x775b 0x3cb0005 0x1ad 0x1d6bb560 0x1c390 0x0 0x0 0x3cf0007 0x1bb37 0xc8 0x9fe 0x3d40007 0x9fe 0x38 0x311 0x3da0003 0x311 0x48 0x3df0005 0x8 0x1d6bb350 0x6d2 0x1d6bb6c0 0x324 0x3f30002 0xd0f 0x3f60005 0x0 0x1d6bae80 0xd0f 0x0 0x0 0x4030002 0x1c7e1 0x40f0007 0x1c86b 0xc8 0x3a89c 0x41a0005 0x0 0x1d6bae80 0x3a8da 0x0 0x0 0x41d0004 0x0 0x1d6bb6c0 0x3ae1 0x1d6bb2a0 0x138e5 0x4200005 0x346 0x1d6bb610 0x3a586 0x0 0x0 0x4260003 0x3a8ef 0xffffffffffffff50 0x42b0005 0x0 0x1d6bb610 0x1c859 0x0 0x0 0x4330005 0x1b1 0x1d6b9200 0x1c698 0x0 0x0 0x43c0002 0x1c85c 0x4450005 0x1b1 0x1d6b92d0 0x1c68f 0x0 0x0 0x4480002 0x1c863 oops 74 2 com/android/dx/cf/code/ByteBlock 8 com/android/dx/cf/code/ByteCatchList 14 com/android/dx/cf/code/RopperMachine 20 com/android/dx/cf/code/Frame 26 com/android/dx/cf/code/Simulator 32 com/android/dx/cf/code/Frame 38 com/android/dx/cf/code/RopperMachine 44 com/android/dx/cf/code/RopperMachine 50 java/util/ArrayList 56 com/android/dx/cf/code/ByteCatchList 62 com/android/dx/cf/code/ByteBlock 68 com/android/dx/cf/code/RopperMachine 111 com/android/dx/cf/code/RopperMachine 187 com/android/dx/cf/code/RopperMachine 200 com/android/dx/util/IntList 210 com/android/dx/util/IntList 216 com/android/dx/cf/code/ByteBlock 262 com/android/dx/cf/code/RopperMachine 283 com/android/dx/cf/code/RopperMachine 293 com/android/dx/util/IntList 305 com/android/dx/cf/code/RopperMachine 332 com/android/dx/cf/code/ByteCatchList 338 com/android/dx/cf/code/ByteCatchList$Item 344 com/android/dx/cf/code/ByteCatchList$Item 357 com/android/dx/cf/code/Frame 363 com/android/dx/cf/code/ByteBlock 408 com/android/dx/cf/code/Ropper$CatchInfo 414 com/android/dx/rop/cst/CstType 420 com/android/dx/cf/code/Ropper$CatchInfo 426 com/android/dx/cf/code/Ropper$ExceptionHandlerSetup 432 com/android/dx/util/IntList 451 com/android/dx/util/IntList 461 java/util/ArrayList 467 com/android/dx/rop/code/ThrowingCstInsn 469 com/android/dx/rop/code/PlainInsn 473 com/android/dx/rop/code/ThrowingCstInsn 475 com/android/dx/rop/code/PlainInsn 483 com/android/dx/rop/code/ThrowingCstInsn 485 com/android/dx/rop/code/ThrowingInsn 489 java/util/ArrayList 502 com/android/dx/util/IntList 508 com/android/dx/util/IntList 514 com/android/dx/util/IntList 524 java/util/ArrayList 530 com/android/dx/rop/code/PlainInsn 532 com/android/dx/rop/code/FillArrayDataInsn 536 com/android/dx/rop/code/PlainInsn 538 com/android/dx/rop/code/FillArrayDataInsn 542 com/android/dx/rop/code/Rop 564 com/android/dx/rop/code/InsnList 574 com/android/dx/rop/code/PlainInsn 576 com/android/dx/rop/code/FillArrayDataInsn 582 com/android/dx/rop/code/InsnList 590 com/android/dx/rop/code/InsnList 600 com/android/dx/cf/code/Frame 608 com/android/dx/util/IntList 614 com/android/dx/util/IntList 620 com/android/dx/util/IntList 636 java/util/ArrayList 642 com/android/dx/rop/code/ThrowingCstInsn 644 com/android/dx/rop/code/PlainInsn 652 com/android/dx/rop/code/ThrowingCstInsn 654 com/android/dx/rop/code/PlainInsn 658 com/android/dx/rop/code/Rop 675 com/android/dx/rop/code/PlainInsn 677 com/android/dx/rop/code/PlainCstInsn 683 java/util/ArrayList 695 java/util/ArrayList 701 com/android/dx/rop/code/PlainCstInsn 703 com/android/dx/rop/code/ThrowingCstInsn 707 com/android/dx/rop/code/InsnList 716 com/android/dx/rop/code/InsnList 722 com/android/dx/cf/code/ByteBlock 730 com/android/dx/cf/code/Frame
ciMethodData com/android/dx/cf/code/OneLocalsArray copy ()Lcom/android/dx/cf/code/OneLocalsArray; 2 117675 orig 264 8 177 141 116 0 0 0 0 80 209 137 27 0 0 0 0 104 1 0 0 0 0 0 0 0 0 0 0 0 0 0 0 0 0 0 0 0 0 0 0 0 0 0 0 0 0 0 0 0 0 0 0 0 0 0 0 0 0 0 0 0 0 0 0 0 0 0 0 0 0 0 0 0 0 0 0 0 0 0 0 77 68 79 32 101 120 116 114 97 32 100 97 116 97 32 108 111 99 107 0 0 0 0 0 0 0 0 0 0 0 0 0 0 0 0 0 0 0 0 0 0 0 0 0 0 0 0 0 0 0 0 0 0 0 0 0 0 0 0 0 0 0 0 0 0 0 0 0 0 0 0 0 0 0 0 0 0 0 0 0 0 0 0 0 0 0 0 0 0 0 0 0 0 0 0 0 0 0 0 0 0 0 0 0 0 0 0 0 0 0 0 0 0 0 0 0 0 0 0 0 0 0 0 0 0 0 0 0 0 0 0 0 0 0 0 0 0 2 0 0 89 77 14 0 1 0 0 0 0 0 0 0 0 0 0 0 2 0 0 0 0 0 7 0 2 0 0 0 32 0 0 0 255 255 255 255 2 0 9 0 0 0 0 0 data 4 0x90002 0x1c9ab 0x1c0002 0x1ca1b oops 0
ciMethodData com/android/dx/cf/code/Simulator simulate (Lcom/android/dx/cf/code/ByteBlock;Lcom/android/dx/cf/code/Frame;)V 2 185744 orig 264 8 177 141 116 0 0 0 0 144 82 137 27 0 0 0 0 200 2 0 0 96 0 0 0 0 0 0 0 0 0 0 0 0 0 0 0 0 0 0 0 0 0 0 0 0 0 0 0 0 0 0 0 0 0 0 0 0 0 0 0 0 0 0 0 0 0 0 0 0 0 0 0 0 0 0 0 0 0 0 0 77 68 79 32 101 120 116 114 97 32 100 97 116 97 32 108 111 99 107 0 0 0 0 0 0 0 0 0 0 0 0 0 0 0 0 0 0 0 0 0 0 0 0 0 0 0 0 0 0 0 0 0 0 0 0 0 0 0 0 0 0 0 0 0 0 0 0 0 0 0 0 0 0 0 0 0 0 0 0 0 0 0 0 0 0 0 0 0 0 0 0 0 0 0 0 0 0 0 0 0 0 0 0 0 0 0 0 0 0 0 0 0 0 0 0 0 0 0 0 0 0 0 0 0 0 0 0 0 0 0 0 0 0 0 0 0 209 3 0 0 209 6 12 0 249 141 22 0 0 0 0 0 0 0 0 0 2 0 0 0 1 0 11 0 2 0 0 0 112 1 0 0 255 255 255 255 5 0 1 0 0 0 0 0 data 46 0x10005 0x285 0x1d6b9200 0x17e34 0x0 0x0 0xa0005 0x0 0x1e53da10 0x180af 0x0 0x0 0xe0005 0x285 0x1d6b9200 0x17e18 0x0 0x0 0x160007 0x1816c 0x98 0x2d100 0x230005 0x472 0x1e53fc20 0x2ccf2 0x0 0x0 0x2e0005 0x0 0x1e53da10 0x2d1d5 0x0 0x0 0x380003 0x2d1f3 0xffffffffffffff80 0x3b0003 0x1816d 0x48 0x430005 0x0 0x0 0x0 0x0 0x0 oops 5 2 com/android/dx/cf/code/ByteBlock 8 com/android/dx/cf/code/Simulator$SimVisitor 14 com/android/dx/cf/code/ByteBlock 24 com/android/dx/cf/code/BytecodeArray 30 com/android/dx/cf/code/Simulator$SimVisitor
ciMethodData com/android/dx/cf/code/RopperMachine hasRet ()Z 2 117281 orig 264 8 177 141 116 0 0 0 0 24 191 136 27 0 0 0 0 88 1 0 0 0 0 0 0 0 0 0 0 0 0 0 0 0 0 0 0 0 0 0 0 0 0 0 0 0 0 0 0 0 0 0 0 0 0 0 0 0 0 0 0 0 0 0 0 0 0 0 0 0 0 0 0 0 0 0 0 0 0 0 0 77 68 79 32 101 120 116 114 97 32 100 97 116 97 32 108 111 99 107 0 0 0 0 0 0 0 0 0 0 0 0 0 0 0 0 0 0 0 0 0 0 0 0 0 0 0 0 0 0 0 0 0 0 0 0 0 0 0 0 0 0 0 0 0 0 0 0 0 0 0 0 0 0 0 0 0 0 0 0 0 0 0 0 0 0 0 0 0 0 0 0 0 0 0 0 0 0 0 0 0 0 0 0 0 0 0 0 0 0 0 0 0 0 0 0 0 0 0 0 0 0 0 0 0 0 0 0 0 0 0 0 0 0 0 0 0 0 2 0 0 9 65 14 0 1 0 0 0 0 0 0 0 0 0 0 0 2 0 0 0 0 0 0 0 0 0 0 0 56 0 0 0 255 255 255 255 7 0 4 0 0 0 0 0 data 7 0x40007 0x1c821 0x38 0x0 0x80003 0x0 0x18 oops 0
ciMethodData com/android/dx/cf/code/Ropper addOrReplaceBlock (Lcom/android/dx/rop/code/BasicBlock;Lcom/android/dx/util/IntList;)Z 2 117276 orig 264 8 177 141 116 0 0 0 0 16 150 134 27 0 0 0 0 160 2 0 0 168 0 0 0 0 0 0 0 0 0 0 0 0 0 0 0 0 0 0 0 0 0 0 0 0 0 0 0 0 0 0 0 0 0 0 0 0 0 0 0 0 0 0 0 0 0 0 0 0 0 0 0 0 0 0 0 0 0 0 0 77 68 79 32 101 120 116 114 97 32 100 97 116 97 32 108 111 99 107 0 0 0 0 0 0 0 0 0 0 0 0 0 0 0 0 0 0 0 0 0 0 0 0 0 0 0 0 0 0 0 0 0 0 0 0 0 0 0 0 0 0 0 0 0 0 0 0 0 0 0 0 0 0 0 0 0 0 0 0 0 0 0 0 0 0 0 0 0 0 0 0 0 0 0 0 0 0 0 0 0 0 0 0 0 0 0 0 0 0 0 0 0 0 0 0 0 0 0 0 0 0 0 0 0 0 0 0 0 0 0 0 0 0 0 0 0 0 2 0 0 225 64 14 0 1 0 0 0 0 0 0 0 0 0 0 0 2 0 0 0 0 0 37 0 2 0 0 0 72 1 0 0 255 255 255 255 7 0 1 0 0 0 0 0 data 41 0x10007 0x1c81c 0x30 0x0 0xa0002 0x0 0x100005 0x2a6 0x1e8a8440 0x1c589 0x0 0x0 0x130002 0x1c823 0x180007 0x115 0x38 0x1c724 0x1e0003 0x1c714 0x28 0x230002 0x115 0x2e0005 0x0 0x1d6bae80 0x1c859 0x0 0x0 0x330005 0x2a6 0x1d6baf30 0x1c55e 0x0 0x0 0x3b0005 0x0 0x1d6bae80 0x1c83c 0x0 0x0 oops 4 8 com/android/dx/rop/code/BasicBlock 25 java/util/ArrayList 31 com/android/dx/util/IntList 37 java/util/ArrayList
ciMethodData com/android/dx/cf/code/ByteCatchList toRopCatchList ()Lcom/android/dx/rop/type/TypeList; 2 99078 orig 264 8 177 141 116 0 0 0 0 224 106 133 27 0 0 0 0 208 2 0 0 80 0 0 0 0 0 0 0 0 0 0 0 0 0 0 0 0 0 0 0 0 0 0 0 0 0 0 0 0 0 0 0 0 0 0 0 0 0 0 0 0 0 0 0 0 0 0 0 0 0 0 0 0 0 0 0 0 0 0 0 77 68 79 32 101 120 116 114 97 32 100 97 116 97 32 108 111 99 107 0 0 0 0 0 0 0 0 0 0 0 0 0 0 0 0 0 0 0 0 0 0 0 0 0 0 0 0 0 0 0 0 0 0 0 0 0 0 0 0 0 0 0 0 0 0 0 0 0 0 0 0 0 0 0 0 0 0 0 0 0 0 0 0 0 0 0 0 0 0 0 0 0 0 0 0 0 0 0 0 0 0 0 0 0 0 0 0 0 0 0 0 0 0 0 0 0 0 0 0 0 0 0 0 0 0 0 0 0 0 0 0 0 0 0 0 0 0 2 0 0 49 8 12 0 169 72 1 0 0 0 0 0 0 0 0 0 2 0 0 0 1 0 22 0 2 0 0 0 136 1 0 0 255 255 255 255 5 0 1 0 0 0 0 0 data 49 0x10005 0x28c 0x1d6bac70 0x17e85 0x0 0x0 0x60007 0x2303 0x20 0x15e0c 0x120002 0x2302 0x1a0007 0x2303 0xf8 0x2915 0x210005 0x27 0x1d6bac70 0x28ee 0x0 0x0 0x240005 0x0 0x1d6bafe0 0x2915 0x0 0x0 0x270005 0x27 0x1d6bb140 0x28ee 0x0 0x0 0x2a0005 0x27 0x1d78c280 0x28ee 0x0 0x0 0x300003 0x2915 0xffffffffffffff20 0x340005 0x0 0x1d78c280 0x2303 0x0 0x0 oops 6 2 com/android/dx/cf/code/ByteCatchList 18 com/android/dx/cf/code/ByteCatchList 24 com/android/dx/cf/code/ByteCatchList$Item 30 com/android/dx/rop/cst/CstType 36 com/android/dx/rop/type/StdTypeList 45 com/android/dx/rop/type/StdTypeList
ciMethodData com/android/dx/cf/code/RopperMachine startBlock (Lcom/android/dx/rop/type/TypeList;)V 2 116952 orig 264 8 177 141 116 0 0 0 0 176 186 136 27 0 0 0 0 128 1 0 0 0 0 0 0 0 0 0 0 0 0 0 0 0 0 0 0 0 0 0 0 0 0 0 0 0 0 0 0 0 0 0 0 0 0 0 0 0 0 0 0 0 0 0 0 0 0 0 0 0 0 0 0 0 0 0 0 0 0 0 0 77 68 79 32 101 120 116 114 97 32 100 97 116 97 32 108 111 99 107 0 0 0 0 0 0 0 0 0 0 0 0 0 0 0 0 0 0 0 0 0 0 0 0 0 0 0 0 0 0 0 0 0 0 0 0 0 0 0 0 0 0 0 0 0 0 0 0 0 0 0 0 0 0 0 0 0 0 0 0 0 0 0 0 0 0 0 0 0 0 0 0 0 0 0 0 0 0 0 0 0 0 0 0 0 0 0 0 0 0 0 0 0 0 0 0 0 0 0 0 0 0 0 0 0 0 0 0 0 0 0 0 0 0 0 0 0 0 2 0 0 193 54 14 0 1 0 0 0 0 0 0 0 0 0 0 0 2 0 0 0 0 0 3 0 2 0 0 0 48 0 0 0 255 255 255 255 5 0 9 0 0 0 0 0 data 6 0x90005 0x0 0x1d6bae80 0x1c7ec 0x0 0x0 oops 1 2 java/util/ArrayList
ciMethodData com/android/dx/cf/code/Frame copy ()Lcom/android/dx/cf/code/Frame; 2 117161 orig 264 8 177 141 116 0 0 0 0 80 153 137 27 0 0 0 0 184 1 0 0 0 0 0 0 0 0 0 0 0 0 0 0 0 0 0 0 0 0 0 0 0 0 0 0 0 0 0 0 0 0 0 0 0 0 0 0 0 0 0 0 0 0 0 0 0 0 0 0 0 0 0 0 0 0 0 0 0 0 0 0 77 68 79 32 101 120 116 114 97 32 100 97 116 97 32 108 111 99 107 0 0 0 0 0 0 0 0 0 0 0 0 0 0 0 0 0 0 0 0 0 0 0 0 0 0 0 0 0 0 0 0 0 0 0 0 0 0 0 0 0 0 0 0 0 0 0 0 0 0 0 0 0 0 0 0 0 0 0 0 0 0 0 0 0 0 0 0 0 0 0 0 0 0 0 0 0 0 0 0 0 0 0 0 0 0 0 0 0 0 0 0 0 0 0 0 0 0 0 0 0 0 0 0 0 0 0 0 0 0 0 0 0 0 0 0 0 0 2 0 0 73 61 14 0 1 0 0 0 0 0 0 0 0 0 0 0 2 0 0 0 0 0 0 0 0 0 0 0 112 0 0 0 255 255 255 255 5 0 8 0 0 0 0 0 data 14 0x80005 0x0 0x1e0cc690 0x1c7c0 0x0 0x0 0xf0005 0x1b3 0x1e0cbec0 0x1c62c 0x0 0x0 0x160002 0x1c7e9 oops 2 2 com/android/dx/cf/code/OneLocalsArray 8 com/android/dx/cf/code/ExecutionStack
ciMethodData com/android/dx/cf/code/OneLocalsArray copy ()Lcom/android/dx/cf/code/LocalsArray; 2 117149 orig 264 8 177 141 116 0 0 0 0 216 224 137 27 0 0 0 0 120 1 0 0 0 0 0 0 0 0 0 0 0 0 0 0 0 0 0 0 0 0 0 0 0 0 0 0 0 0 0 0 0 0 0 0 0 0 0 0 0 0 0 0 0 0 0 0 0 0 0 0 0 0 0 0 0 0 0 0 0 0 0 0 77 68 79 32 101 120 116 114 97 32 100 97 116 97 32 108 111 99 107 0 0 0 0 0 0 0 0 0 0 0 0 0 0 0 0 0 0 0 0 0 0 0 0 0 0 0 0 0 0 0 0 0 0 0 0 0 0 0 0 0 0 0 0 0 0 0 0 0 0 0 0 0 0 0 0 0 0 0 0 0 0 0 0 0 0 0 0 0 0 0 0 0 0 0 0 0 0 0 0 0 0 0 0 0 0 0 0 0 0 0 0 0 0 0 0 0 0 0 0 0 0 0 0 0 0 0 0 0 0 0 0 0 0 0 0 0 0 2 0 0 233 60 14 0 1 0 0 0 0 0 0 0 0 0 0 0 2 0 0 0 0 0 8 0 2 0 0 0 48 0 0 0 255 255 255 255 5 0 1 0 0 0 0 0 data 6 0x10005 0x0 0x1e0cc690 0x1c79c 0x0 0x0 oops 1 2 com/android/dx/cf/code/OneLocalsArray
ciMethodData com/android/dx/cf/code/Simulator$SimVisitor setFrame (Lcom/android/dx/cf/code/Frame;)V 2 98950 orig 264 8 177 141 116 0 0 0 0 0 107 137 27 0 0 0 0 88 1 0 0 0 0 0 0 0 0 0 0 0 0 0 0 0 0 0 0 0 0 0 0 0 0 0 0 0 0 0 0 0 0 0 0 0 0 0 0 0 0 0 0 0 0 0 0 0 0 0 0 0 0 0 0 0 0 0 0 0 0 0 0 77 68 79 32 101 120 116 114 97 32 100 97 116 97 32 108 111 99 107 0 0 0 0 0 0 0 0 0 0 0 0 0 0 0 0 0 0 0 0 0 0 0 0 0 0 0 0 0 0 0 0 0 0 0 0 0 0 0 0 0 0 0 0 0 0 0 0 0 0 0 0 0 0 0 0 0 0 0 0 0 0 0 0 0 0 0 0 0 0 0 0 0 0 0 0 0 0 0 0 0 0 0 0 0 0 0 0 0 0 0 0 0 0 0 0 0 0 0 0 0 0 0 0 0 0 0 0 0 0 0 0 0 0 0 0 0 0 2 0 0 49 4 12 0 1 0 0 0 0 0 0 0 0 0 0 0 2 0 0 0 0 0 5 0 2 0 0 0 48 0 0 0 255 255 255 255 7 0 1 0 0 0 0 0 data 6 0x10007 0x1805a 0x30 0x0 0xa0002 0x0 oops 0
ciMethodData com/android/dx/cf/code/Ropper mergeAndWorkAsNecessary (IILcom/android/dx/cf/code/Ropper$Subroutine;Lcom/android/dx/cf/code/Frame;[I)V 2 125683 orig 264 8 177 141 116 0 0 0 0 128 168 134 27 0 0